ERROR - 2024-05-14 14:06:37 --> Failed login attempt for non-existent user: Marlon Manalo
CRITICAL - 2024-05-14 14:19:22 --> ErrorException: Undefined variable $tri
in APPPATH\Views\landing_page_inc\trivias.php on line 18.
 1 APPPATH\Views\landing_page_inc\trivias.php(18): CodeIgniter\Debug\Exceptions->errorHandler(2, 'Undefined variable $tri', 'C:\\laragon\\www\\final_agrismart\\app\\Views\\landing_page_inc\\trivias.php', 18)
 2 SYSTEMPATH\View\View.php(228): include('C:\\laragon\\www\\final_agrismart\\app\\Views\\landing_page_inc\\trivias.php')
 3 SYSTEMPATH\View\View.php(231): CodeIgniter\View\View->CodeIgniter\View\{closure}()
 4 SYSTEMPATH\View\View.php(469): CodeIgniter\View\View->render('/landing_page_inc/trivias', null, true)
 5 APPPATH\Views\trivias_sec.php(74): CodeIgniter\View\View->include('/landing_page_inc/trivias')
 6 SYSTEMPATH\View\View.php(228): include('C:\\laragon\\www\\final_agrismart\\app\\Views\\trivias_sec.php')
 7 SYSTEMPATH\View\View.php(231): CodeIgniter\View\View->CodeIgniter\View\{closure}()
 8 SYSTEMPATH\Common.php(1178): CodeIgniter\View\View->render('trivias_sec', [], true)
 9 APPPATH\Controllers\LoginController.php(548): view('trivias_sec')
10 SYSTEMPATH\CodeIgniter.php(941): App\Controllers\LoginController->trivias()
11 SYSTEMPATH\CodeIgniter.php(502): CodeIgniter\CodeIgniter->runController(Object(App\Controllers\LoginController))
12 SYSTEMPATH\CodeIgniter.php(361): CodeIgniter\CodeIgniter->handleRequest(null, Object(Config\Cache), false)
13 FCPATH\index.php(79): CodeIgniter\CodeIgniter->run()
14 SYSTEMPATH\Commands\Server\rewrite.php(47): require_once('C:\\laragon\\www\\final_agrismart\\public\\index.php')
CRITICAL - 2024-05-14 14:20:14 --> ErrorException: Undefined variable $tri
in APPPATH\Views\landing_page_inc\trivias.php on line 21.
 1 APPPATH\Views\landing_page_inc\trivias.php(21): CodeIgniter\Debug\Exceptions->errorHandler(2, 'Undefined variable $tri', 'C:\\laragon\\www\\final_agrismart\\app\\Views\\landing_page_inc\\trivias.php', 21)
 2 SYSTEMPATH\View\View.php(228): include('C:\\laragon\\www\\final_agrismart\\app\\Views\\landing_page_inc\\trivias.php')
 3 SYSTEMPATH\View\View.php(231): CodeIgniter\View\View->CodeIgniter\View\{closure}()
 4 SYSTEMPATH\View\View.php(469): CodeIgniter\View\View->render('/landing_page_inc/trivias', null, true)
 5 APPPATH\Views\trivias_sec.php(74): CodeIgniter\View\View->include('/landing_page_inc/trivias')
 6 SYSTEMPATH\View\View.php(228): include('C:\\laragon\\www\\final_agrismart\\app\\Views\\trivias_sec.php')
 7 SYSTEMPATH\View\View.php(231): CodeIgniter\View\View->CodeIgniter\View\{closure}()
 8 SYSTEMPATH\Common.php(1178): CodeIgniter\View\View->render('trivias_sec', [], true)
 9 APPPATH\Controllers\LoginController.php(548): view('trivias_sec')
10 SYSTEMPATH\CodeIgniter.php(941): App\Controllers\LoginController->trivias()
11 SYSTEMPATH\CodeIgniter.php(502): CodeIgniter\CodeIgniter->runController(Object(App\Controllers\LoginController))
12 SYSTEMPATH\CodeIgniter.php(361): CodeIgniter\CodeIgniter->handleRequest(null, Object(Config\Cache), false)
13 FCPATH\index.php(79): CodeIgniter\CodeIgniter->run()
14 SYSTEMPATH\Commands\Server\rewrite.php(47): require_once('C:\\laragon\\www\\final_agrismart\\public\\index.php')
CRITICAL - 2024-05-14 14:21:45 --> ErrorException: Undefined variable $tri
in APPPATH\Views\landing_page_inc\trivias.php on line 21.
 1 APPPATH\Views\landing_page_inc\trivias.php(21): CodeIgniter\Debug\Exceptions->errorHandler(2, 'Undefined variable $tri', 'C:\\laragon\\www\\final_agrismart\\app\\Views\\landing_page_inc\\trivias.php', 21)
 2 SYSTEMPATH\View\View.php(228): include('C:\\laragon\\www\\final_agrismart\\app\\Views\\landing_page_inc\\trivias.php')
 3 SYSTEMPATH\View\View.php(231): CodeIgniter\View\View->CodeIgniter\View\{closure}()
 4 SYSTEMPATH\View\View.php(469): CodeIgniter\View\View->render('/landing_page_inc/trivias', null, true)
 5 APPPATH\Views\trivias_sec.php(74): CodeIgniter\View\View->include('/landing_page_inc/trivias')
 6 SYSTEMPATH\View\View.php(228): include('C:\\laragon\\www\\final_agrismart\\app\\Views\\trivias_sec.php')
 7 SYSTEMPATH\View\View.php(231): CodeIgniter\View\View->CodeIgniter\View\{closure}()
 8 SYSTEMPATH\Common.php(1178): CodeIgniter\View\View->render('trivias_sec', [], true)
 9 APPPATH\Controllers\LoginController.php(553): view('trivias_sec', [...])
10 SYSTEMPATH\CodeIgniter.php(941): App\Controllers\LoginController->trivias()
11 SYSTEMPATH\CodeIgniter.php(502): CodeIgniter\CodeIgniter->runController(Object(App\Controllers\LoginController))
12 SYSTEMPATH\CodeIgniter.php(361): CodeIgniter\CodeIgniter->handleRequest(null, Object(Config\Cache), false)
13 FCPATH\index.php(79): CodeIgniter\CodeIgniter->run()
14 SYSTEMPATH\Commands\Server\rewrite.php(47): require_once('C:\\laragon\\www\\final_agrismart\\public\\index.php')
CRITICAL - 2024-05-14 14:22:10 --> ErrorException: Undefined array key "image"
in APPPATH\Views\landing_page_inc\trivias.php on line 21.
 1 APPPATH\Views\landing_page_inc\trivias.php(21): CodeIgniter\Debug\Exceptions->errorHandler(2, 'Undefined array key "image"', 'C:\\laragon\\www\\final_agrismart\\app\\Views\\landing_page_inc\\trivias.php', 21)
 2 SYSTEMPATH\View\View.php(228): include('C:\\laragon\\www\\final_agrismart\\app\\Views\\landing_page_inc\\trivias.php')
 3 SYSTEMPATH\View\View.php(231): CodeIgniter\View\View->CodeIgniter\View\{closure}()
 4 SYSTEMPATH\View\View.php(469): CodeIgniter\View\View->render('/landing_page_inc/trivias', null, true)
 5 APPPATH\Views\trivias_sec.php(74): CodeIgniter\View\View->include('/landing_page_inc/trivias')
 6 SYSTEMPATH\View\View.php(228): include('C:\\laragon\\www\\final_agrismart\\app\\Views\\trivias_sec.php')
 7 SYSTEMPATH\View\View.php(231): CodeIgniter\View\View->CodeIgniter\View\{closure}()
 8 SYSTEMPATH\Common.php(1178): CodeIgniter\View\View->render('trivias_sec', [], true)
 9 APPPATH\Controllers\LoginController.php(553): view('trivias_sec', [...])
10 SYSTEMPATH\CodeIgniter.php(941): App\Controllers\LoginController->trivias()
11 SYSTEMPATH\CodeIgniter.php(502): CodeIgniter\CodeIgniter->runController(Object(App\Controllers\LoginController))
12 SYSTEMPATH\CodeIgniter.php(361): CodeIgniter\CodeIgniter->handleRequest(null, Object(Config\Cache), false)
13 FCPATH\index.php(79): CodeIgniter\CodeIgniter->run()
14 SYSTEMPATH\Commands\Server\rewrite.php(47): require_once('C:\\laragon\\www\\final_agrismart\\public\\index.php')
CRITICAL - 2024-05-14 14:22:11 --> ErrorException: Undefined array key "image"
in APPPATH\Views\landing_page_inc\trivias.php on line 21.
 1 APPPATH\Views\landing_page_inc\trivias.php(21): CodeIgniter\Debug\Exceptions->errorHandler(2, 'Undefined array key "image"', 'C:\\laragon\\www\\final_agrismart\\app\\Views\\landing_page_inc\\trivias.php', 21)
 2 SYSTEMPATH\View\View.php(228): include('C:\\laragon\\www\\final_agrismart\\app\\Views\\landing_page_inc\\trivias.php')
 3 SYSTEMPATH\View\View.php(231): CodeIgniter\View\View->CodeIgniter\View\{closure}()
 4 SYSTEMPATH\View\View.php(469): CodeIgniter\View\View->render('/landing_page_inc/trivias', null, true)
 5 APPPATH\Views\trivias_sec.php(74): CodeIgniter\View\View->include('/landing_page_inc/trivias')
 6 SYSTEMPATH\View\View.php(228): include('C:\\laragon\\www\\final_agrismart\\app\\Views\\trivias_sec.php')
 7 SYSTEMPATH\View\View.php(231): CodeIgniter\View\View->CodeIgniter\View\{closure}()
 8 SYSTEMPATH\Common.php(1178): CodeIgniter\View\View->render('trivias_sec', [], true)
 9 APPPATH\Controllers\LoginController.php(553): view('trivias_sec', [...])
10 SYSTEMPATH\CodeIgniter.php(941): App\Controllers\LoginController->trivias()
11 SYSTEMPATH\CodeIgniter.php(502): CodeIgniter\CodeIgniter->runController(Object(App\Controllers\LoginController))
12 SYSTEMPATH\CodeIgniter.php(361): CodeIgniter\CodeIgniter->handleRequest(null, Object(Config\Cache), false)
13 FCPATH\index.php(79): CodeIgniter\CodeIgniter->run()
14 SYSTEMPATH\Commands\Server\rewrite.php(47): require_once('C:\\laragon\\www\\final_agrismart\\public\\index.php')
CRITICAL - 2024-05-14 14:22:12 --> ErrorException: Undefined array key "image"
in APPPATH\Views\landing_page_inc\trivias.php on line 21.
 1 APPPATH\Views\landing_page_inc\trivias.php(21): CodeIgniter\Debug\Exceptions->errorHandler(2, 'Undefined array key "image"', 'C:\\laragon\\www\\final_agrismart\\app\\Views\\landing_page_inc\\trivias.php', 21)
 2 SYSTEMPATH\View\View.php(228): include('C:\\laragon\\www\\final_agrismart\\app\\Views\\landing_page_inc\\trivias.php')
 3 SYSTEMPATH\View\View.php(231): CodeIgniter\View\View->CodeIgniter\View\{closure}()
 4 SYSTEMPATH\View\View.php(469): CodeIgniter\View\View->render('/landing_page_inc/trivias', null, true)
 5 APPPATH\Views\trivias_sec.php(74): CodeIgniter\View\View->include('/landing_page_inc/trivias')
 6 SYSTEMPATH\View\View.php(228): include('C:\\laragon\\www\\final_agrismart\\app\\Views\\trivias_sec.php')
 7 SYSTEMPATH\View\View.php(231): CodeIgniter\View\View->CodeIgniter\View\{closure}()
 8 SYSTEMPATH\Common.php(1178): CodeIgniter\View\View->render('trivias_sec', [], true)
 9 APPPATH\Controllers\LoginController.php(553): view('trivias_sec', [...])
10 SYSTEMPATH\CodeIgniter.php(941): App\Controllers\LoginController->trivias()
11 SYSTEMPATH\CodeIgniter.php(502): CodeIgniter\CodeIgniter->runController(Object(App\Controllers\LoginController))
12 SYSTEMPATH\CodeIgniter.php(361): CodeIgniter\CodeIgniter->handleRequest(null, Object(Config\Cache), false)
13 FCPATH\index.php(79): CodeIgniter\CodeIgniter->run()
14 SYSTEMPATH\Commands\Server\rewrite.php(47): require_once('C:\\laragon\\www\\final_agrismart\\public\\index.php')
CRITICAL - 2024-05-14 14:22:45 --> ErrorException: Undefined array key "image"
in APPPATH\Views\landing_page_inc\trivias.php on line 19.
 1 APPPATH\Views\landing_page_inc\trivias.php(19): CodeIgniter\Debug\Exceptions->errorHandler(2, 'Undefined array key "image"', 'C:\\laragon\\www\\final_agrismart\\app\\Views\\landing_page_inc\\trivias.php', 19)
 2 SYSTEMPATH\View\View.php(228): include('C:\\laragon\\www\\final_agrismart\\app\\Views\\landing_page_inc\\trivias.php')
 3 SYSTEMPATH\View\View.php(231): CodeIgniter\View\View->CodeIgniter\View\{closure}()
 4 SYSTEMPATH\View\View.php(469): CodeIgniter\View\View->render('/landing_page_inc/trivias', null, true)
 5 APPPATH\Views\trivias_sec.php(74): CodeIgniter\View\View->include('/landing_page_inc/trivias')
 6 SYSTEMPATH\View\View.php(228): include('C:\\laragon\\www\\final_agrismart\\app\\Views\\trivias_sec.php')
 7 SYSTEMPATH\View\View.php(231): CodeIgniter\View\View->CodeIgniter\View\{closure}()
 8 SYSTEMPATH\Common.php(1178): CodeIgniter\View\View->render('trivias_sec', [], true)
 9 APPPATH\Controllers\LoginController.php(553): view('trivias_sec', [...])
10 SYSTEMPATH\CodeIgniter.php(941): App\Controllers\LoginController->trivias()
11 SYSTEMPATH\CodeIgniter.php(502): CodeIgniter\CodeIgniter->runController(Object(App\Controllers\LoginController))
12 SYSTEMPATH\CodeIgniter.php(361): CodeIgniter\CodeIgniter->handleRequest(null, Object(Config\Cache), false)
13 FCPATH\index.php(79): CodeIgniter\CodeIgniter->run()
14 SYSTEMPATH\Commands\Server\rewrite.php(47): require_once('C:\\laragon\\www\\final_agrismart\\public\\index.php')
CRITICAL - 2024-05-14 14:23:49 --> ErrorException: Undefined array key "image"
in APPPATH\Views\landing_page_inc\trivias.php on line 19.
 1 APPPATH\Views\landing_page_inc\trivias.php(19): CodeIgniter\Debug\Exceptions->errorHandler(2, 'Undefined array key "image"', 'C:\\laragon\\www\\final_agrismart\\app\\Views\\landing_page_inc\\trivias.php', 19)
 2 SYSTEMPATH\View\View.php(228): include('C:\\laragon\\www\\final_agrismart\\app\\Views\\landing_page_inc\\trivias.php')
 3 SYSTEMPATH\View\View.php(231): CodeIgniter\View\View->CodeIgniter\View\{closure}()
 4 SYSTEMPATH\View\View.php(469): CodeIgniter\View\View->render('/landing_page_inc/trivias', null, true)
 5 APPPATH\Views\trivias_sec.php(74): CodeIgniter\View\View->include('/landing_page_inc/trivias')
 6 SYSTEMPATH\View\View.php(228): include('C:\\laragon\\www\\final_agrismart\\app\\Views\\trivias_sec.php')
 7 SYSTEMPATH\View\View.php(231): CodeIgniter\View\View->CodeIgniter\View\{closure}()
 8 SYSTEMPATH\Common.php(1178): CodeIgniter\View\View->render('trivias_sec', [], true)
 9 APPPATH\Controllers\LoginController.php(553): view('trivias_sec', [...])
10 SYSTEMPATH\CodeIgniter.php(941): App\Controllers\LoginController->trivias()
11 SYSTEMPATH\CodeIgniter.php(502): CodeIgniter\CodeIgniter->runController(Object(App\Controllers\LoginController))
12 SYSTEMPATH\CodeIgniter.php(361): CodeIgniter\CodeIgniter->handleRequest(null, Object(Config\Cache), false)
13 FCPATH\index.php(79): CodeIgniter\CodeIgniter->run()
14 SYSTEMPATH\Commands\Server\rewrite.php(47): require_once('C:\\laragon\\www\\final_agrismart\\public\\index.php')
CRITICAL - 2024-05-14 14:23:57 --> ErrorException: Undefined array key "trivia"
in APPPATH\Views\landing_page_inc\trivias.php on line 22.
 1 APPPATH\Views\landing_page_inc\trivias.php(22): CodeIgniter\Debug\Exceptions->errorHandler(2, 'Undefined array key "trivia"', 'C:\\laragon\\www\\final_agrismart\\app\\Views\\landing_page_inc\\trivias.php', 22)
 2 SYSTEMPATH\View\View.php(228): include('C:\\laragon\\www\\final_agrismart\\app\\Views\\landing_page_inc\\trivias.php')
 3 SYSTEMPATH\View\View.php(231): CodeIgniter\View\View->CodeIgniter\View\{closure}()
 4 SYSTEMPATH\View\View.php(469): CodeIgniter\View\View->render('/landing_page_inc/trivias', null, true)
 5 APPPATH\Views\trivias_sec.php(74): CodeIgniter\View\View->include('/landing_page_inc/trivias')
 6 SYSTEMPATH\View\View.php(228): include('C:\\laragon\\www\\final_agrismart\\app\\Views\\trivias_sec.php')
 7 SYSTEMPATH\View\View.php(231): CodeIgniter\View\View->CodeIgniter\View\{closure}()
 8 SYSTEMPATH\Common.php(1178): CodeIgniter\View\View->render('trivias_sec', [], true)
 9 APPPATH\Controllers\LoginController.php(553): view('trivias_sec', [...])
10 SYSTEMPATH\CodeIgniter.php(941): App\Controllers\LoginController->trivias()
11 SYSTEMPATH\CodeIgniter.php(502): CodeIgniter\CodeIgniter->runController(Object(App\Controllers\LoginController))
12 SYSTEMPATH\CodeIgniter.php(361): CodeIgniter\CodeIgniter->handleRequest(null, Object(Config\Cache), false)
13 FCPATH\index.php(79): CodeIgniter\CodeIgniter->run()
14 SYSTEMPATH\Commands\Server\rewrite.php(47): require_once('C:\\laragon\\www\\final_agrismart\\public\\index.php')
CRITICAL - 2024-05-14 14:23:58 --> ErrorException: Undefined array key "trivia"
in APPPATH\Views\landing_page_inc\trivias.php on line 22.
 1 APPPATH\Views\landing_page_inc\trivias.php(22): CodeIgniter\Debug\Exceptions->errorHandler(2, 'Undefined array key "trivia"', 'C:\\laragon\\www\\final_agrismart\\app\\Views\\landing_page_inc\\trivias.php', 22)
 2 SYSTEMPATH\View\View.php(228): include('C:\\laragon\\www\\final_agrismart\\app\\Views\\landing_page_inc\\trivias.php')
 3 SYSTEMPATH\View\View.php(231): CodeIgniter\View\View->CodeIgniter\View\{closure}()
 4 SYSTEMPATH\View\View.php(469): CodeIgniter\View\View->render('/landing_page_inc/trivias', null, true)
 5 APPPATH\Views\trivias_sec.php(74): CodeIgniter\View\View->include('/landing_page_inc/trivias')
 6 SYSTEMPATH\View\View.php(228): include('C:\\laragon\\www\\final_agrismart\\app\\Views\\trivias_sec.php')
 7 SYSTEMPATH\View\View.php(231): CodeIgniter\View\View->CodeIgniter\View\{closure}()
 8 SYSTEMPATH\Common.php(1178): CodeIgniter\View\View->render('trivias_sec', [], true)
 9 APPPATH\Controllers\LoginController.php(553): view('trivias_sec', [...])
10 SYSTEMPATH\CodeIgniter.php(941): App\Controllers\LoginController->trivias()
11 SYSTEMPATH\CodeIgniter.php(502): CodeIgniter\CodeIgniter->runController(Object(App\Controllers\LoginController))
12 SYSTEMPATH\CodeIgniter.php(361): CodeIgniter\CodeIgniter->handleRequest(null, Object(Config\Cache), false)
13 FCPATH\index.php(79): CodeIgniter\CodeIgniter->run()
14 SYSTEMPATH\Commands\Server\rewrite.php(47): require_once('C:\\laragon\\www\\final_agrismart\\public\\index.php')
CRITICAL - 2024-05-14 14:23:59 --> ErrorException: Undefined array key "trivia"
in APPPATH\Views\landing_page_inc\trivias.php on line 22.
 1 APPPATH\Views\landing_page_inc\trivias.php(22): CodeIgniter\Debug\Exceptions->errorHandler(2, 'Undefined array key "trivia"', 'C:\\laragon\\www\\final_agrismart\\app\\Views\\landing_page_inc\\trivias.php', 22)
 2 SYSTEMPATH\View\View.php(228): include('C:\\laragon\\www\\final_agrismart\\app\\Views\\landing_page_inc\\trivias.php')
 3 SYSTEMPATH\View\View.php(231): CodeIgniter\View\View->CodeIgniter\View\{closure}()
 4 SYSTEMPATH\View\View.php(469): CodeIgniter\View\View->render('/landing_page_inc/trivias', null, true)
 5 APPPATH\Views\trivias_sec.php(74): CodeIgniter\View\View->include('/landing_page_inc/trivias')
 6 SYSTEMPATH\View\View.php(228): include('C:\\laragon\\www\\final_agrismart\\app\\Views\\trivias_sec.php')
 7 SYSTEMPATH\View\View.php(231): CodeIgniter\View\View->CodeIgniter\View\{closure}()
 8 SYSTEMPATH\Common.php(1178): CodeIgniter\View\View->render('trivias_sec', [], true)
 9 APPPATH\Controllers\LoginController.php(553): view('trivias_sec', [...])
10 SYSTEMPATH\CodeIgniter.php(941): App\Controllers\LoginController->trivias()
11 SYSTEMPATH\CodeIgniter.php(502): CodeIgniter\CodeIgniter->runController(Object(App\Controllers\LoginController))
12 SYSTEMPATH\CodeIgniter.php(361): CodeIgniter\CodeIgniter->handleRequest(null, Object(Config\Cache), false)
13 FCPATH\index.php(79): CodeIgniter\CodeIgniter->run()
14 SYSTEMPATH\Commands\Server\rewrite.php(47): require_once('C:\\laragon\\www\\final_agrismart\\public\\index.php')
CRITICAL - 2024-05-14 14:23:59 --> ErrorException: Undefined array key "trivia"
in APPPATH\Views\landing_page_inc\trivias.php on line 22.
 1 APPPATH\Views\landing_page_inc\trivias.php(22): CodeIgniter\Debug\Exceptions->errorHandler(2, 'Undefined array key "trivia"', 'C:\\laragon\\www\\final_agrismart\\app\\Views\\landing_page_inc\\trivias.php', 22)
 2 SYSTEMPATH\View\View.php(228): include('C:\\laragon\\www\\final_agrismart\\app\\Views\\landing_page_inc\\trivias.php')
 3 SYSTEMPATH\View\View.php(231): CodeIgniter\View\View->CodeIgniter\View\{closure}()
 4 SYSTEMPATH\View\View.php(469): CodeIgniter\View\View->render('/landing_page_inc/trivias', null, true)
 5 APPPATH\Views\trivias_sec.php(74): CodeIgniter\View\View->include('/landing_page_inc/trivias')
 6 SYSTEMPATH\View\View.php(228): include('C:\\laragon\\www\\final_agrismart\\app\\Views\\trivias_sec.php')
 7 SYSTEMPATH\View\View.php(231): CodeIgniter\View\View->CodeIgniter\View\{closure}()
 8 SYSTEMPATH\Common.php(1178): CodeIgniter\View\View->render('trivias_sec', [], true)
 9 APPPATH\Controllers\LoginController.php(553): view('trivias_sec', [...])
10 SYSTEMPATH\CodeIgniter.php(941): App\Controllers\LoginController->trivias()
11 SYSTEMPATH\CodeIgniter.php(502): CodeIgniter\CodeIgniter->runController(Object(App\Controllers\LoginController))
12 SYSTEMPATH\CodeIgniter.php(361): CodeIgniter\CodeIgniter->handleRequest(null, Object(Config\Cache), false)
13 FCPATH\index.php(79): CodeIgniter\CodeIgniter->run()
14 SYSTEMPATH\Commands\Server\rewrite.php(47): require_once('C:\\laragon\\www\\final_agrismart\\public\\index.php')
CRITICAL - 2024-05-14 15:20:51 --> CodeIgniter\View\Exceptions\ViewException: Invalid file: "adminfolder/readmoretrivia.php"
in SYSTEMPATH\Exceptions\FrameworkException.php on line 39.
 1 SYSTEMPATH\View\View.php(216): CodeIgniter\Exceptions\FrameworkException::forInvalidFile('adminfolder/readmoretrivia.php')
 2 SYSTEMPATH\Common.php(1178): CodeIgniter\View\View->render('adminfolder/readmoretrivia', [], true)
 3 APPPATH\Controllers\DashboardController.php(1870): view('adminfolder/readmoretrivia', [...])
 4 SYSTEMPATH\CodeIgniter.php(941): App\Controllers\DashboardController->triviareadmore()
 5 SYSTEMPATH\CodeIgniter.php(502): CodeIgniter\CodeIgniter->runController(Object(App\Controllers\DashboardController))
 6 SYSTEMPATH\CodeIgniter.php(361): CodeIgniter\CodeIgniter->handleRequest(null, Object(Config\Cache), false)
 7 FCPATH\index.php(79): CodeIgniter\CodeIgniter->run()
 8 SYSTEMPATH\Commands\Server\rewrite.php(47): require_once('C:\\laragon\\www\\final_agrismart\\public\\index.php')
CRITICAL - 2024-05-14 15:26:21 --> ErrorException: Undefined variable $tri
in APPPATH\Views\landing_page_inc\main-triviareadmore.php on line 14.
 1 APPPATH\Views\landing_page_inc\main-triviareadmore.php(14): CodeIgniter\Debug\Exceptions->errorHandler(2, 'Undefined variable $tri', 'C:\\laragon\\www\\final_agrismart\\app\\Views\\landing_page_inc\\main-triviareadmore.php', 14)
 2 SYSTEMPATH\View\View.php(228): include('C:\\laragon\\www\\final_agrismart\\app\\Views\\landing_page_inc\\main-triviareadmore.php')
 3 SYSTEMPATH\View\View.php(231): CodeIgniter\View\View->CodeIgniter\View\{closure}()
 4 SYSTEMPATH\View\View.php(469): CodeIgniter\View\View->render('/landing_page_inc/main-triviareadmore', null, true)
 5 APPPATH\Views\readmoretrivia.php(5): CodeIgniter\View\View->include('/landing_page_inc/main-triviareadmore')
 6 SYSTEMPATH\View\View.php(228): include('C:\\laragon\\www\\final_agrismart\\app\\Views\\readmoretrivia.php')
 7 SYSTEMPATH\View\View.php(231): CodeIgniter\View\View->CodeIgniter\View\{closure}()
 8 SYSTEMPATH\Common.php(1178): CodeIgniter\View\View->render('readmoretrivia', [], true)
 9 APPPATH\Controllers\DashboardController.php(1870): view('readmoretrivia', [...])
10 SYSTEMPATH\CodeIgniter.php(941): App\Controllers\DashboardController->triviareadmore()
11 SYSTEMPATH\CodeIgniter.php(502): CodeIgniter\CodeIgniter->runController(Object(App\Controllers\DashboardController))
12 SYSTEMPATH\CodeIgniter.php(361): CodeIgniter\CodeIgniter->handleRequest(null, Object(Config\Cache), false)
13 FCPATH\index.php(79): CodeIgniter\CodeIgniter->run()
14 SYSTEMPATH\Commands\Server\rewrite.php(47): require_once('C:\\laragon\\www\\final_agrismart\\public\\index.php')
CRITICAL - 2024-05-14 15:27:12 --> ErrorException: Undefined variable $tri
in APPPATH\Views\landing_page_inc\main-triviareadmore.php on line 14.
 1 APPPATH\Views\landing_page_inc\main-triviareadmore.php(14): CodeIgniter\Debug\Exceptions->errorHandler(2, 'Undefined variable $tri', 'C:\\laragon\\www\\final_agrismart\\app\\Views\\landing_page_inc\\main-triviareadmore.php', 14)
 2 SYSTEMPATH\View\View.php(228): include('C:\\laragon\\www\\final_agrismart\\app\\Views\\landing_page_inc\\main-triviareadmore.php')
 3 SYSTEMPATH\View\View.php(231): CodeIgniter\View\View->CodeIgniter\View\{closure}()
 4 SYSTEMPATH\View\View.php(469): CodeIgniter\View\View->render('/landing_page_inc/main-triviareadmore', null, true)
 5 APPPATH\Views\readmoretrivia.php(5): CodeIgniter\View\View->include('/landing_page_inc/main-triviareadmore')
 6 SYSTEMPATH\View\View.php(228): include('C:\\laragon\\www\\final_agrismart\\app\\Views\\readmoretrivia.php')
 7 SYSTEMPATH\View\View.php(231): CodeIgniter\View\View->CodeIgniter\View\{closure}()
 8 SYSTEMPATH\Common.php(1178): CodeIgniter\View\View->render('readmoretrivia', [], true)
 9 APPPATH\Controllers\LoginController.php(571): view('readmoretrivia', [...])
10 SYSTEMPATH\CodeIgniter.php(941): App\Controllers\LoginController->triviareadmore()
11 SYSTEMPATH\CodeIgniter.php(502): CodeIgniter\CodeIgniter->runController(Object(App\Controllers\LoginController))
12 SYSTEMPATH\CodeIgniter.php(361): CodeIgniter\CodeIgniter->handleRequest(null, Object(Config\Cache), false)
13 FCPATH\index.php(79): CodeIgniter\CodeIgniter->run()
14 SYSTEMPATH\Commands\Server\rewrite.php(47): require_once('C:\\laragon\\www\\final_agrismart\\public\\index.php')
CRITICAL - 2024-05-14 15:28:28 --> ErrorException: Undefined array key "trivia_d"
in APPPATH\Views\landing_page_inc\trivias.php on line 23.
 1 APPPATH\Views\landing_page_inc\trivias.php(23): CodeIgniter\Debug\Exceptions->errorHandler(2, 'Undefined array key "trivia_d"', 'C:\\laragon\\www\\final_agrismart\\app\\Views\\landing_page_inc\\trivias.php', 23)
 2 SYSTEMPATH\View\View.php(228): include('C:\\laragon\\www\\final_agrismart\\app\\Views\\landing_page_inc\\trivias.php')
 3 SYSTEMPATH\View\View.php(231): CodeIgniter\View\View->CodeIgniter\View\{closure}()
 4 SYSTEMPATH\View\View.php(469): CodeIgniter\View\View->render('/landing_page_inc/trivias', null, true)
 5 APPPATH\Views\trivias_sec.php(74): CodeIgniter\View\View->include('/landing_page_inc/trivias')
 6 SYSTEMPATH\View\View.php(228): include('C:\\laragon\\www\\final_agrismart\\app\\Views\\trivias_sec.php')
 7 SYSTEMPATH\View\View.php(231): CodeIgniter\View\View->CodeIgniter\View\{closure}()
 8 SYSTEMPATH\Common.php(1178): CodeIgniter\View\View->render('trivias_sec', [], true)
 9 APPPATH\Controllers\LoginController.php(553): view('trivias_sec', [...])
10 SYSTEMPATH\CodeIgniter.php(941): App\Controllers\LoginController->trivias()
11 SYSTEMPATH\CodeIgniter.php(502): CodeIgniter\CodeIgniter->runController(Object(App\Controllers\LoginController))
12 SYSTEMPATH\CodeIgniter.php(361): CodeIgniter\CodeIgniter->handleRequest(null, Object(Config\Cache), false)
13 FCPATH\index.php(79): CodeIgniter\CodeIgniter->run()
14 SYSTEMPATH\Commands\Server\rewrite.php(47): require_once('C:\\laragon\\www\\final_agrismart\\public\\index.php')
CRITICAL - 2024-05-14 15:38:03 --> TypeError: Cannot access offset of type string on string
in APPPATH\Views\landing_page_inc\main-triviareadmore.php on line 9.
 1 SYSTEMPATH\View\View.php(228): include()
 2 SYSTEMPATH\View\View.php(231): CodeIgniter\View\View->CodeIgniter\View\{closure}()
 3 SYSTEMPATH\View\View.php(469): CodeIgniter\View\View->render('/landing_page_inc/main-triviareadmore', null, true)
 4 APPPATH\Views\readmoretrivia.php(5): CodeIgniter\View\View->include('/landing_page_inc/main-triviareadmore')
 5 SYSTEMPATH\View\View.php(228): include('C:\\laragon\\www\\final_agrismart\\app\\Views\\readmoretrivia.php')
 6 SYSTEMPATH\View\View.php(231): CodeIgniter\View\View->CodeIgniter\View\{closure}()
 7 SYSTEMPATH\Common.php(1178): CodeIgniter\View\View->render('readmoretrivia', [], true)
 8 APPPATH\Controllers\LoginController.php(577): view('readmoretrivia', [...])
 9 SYSTEMPATH\CodeIgniter.php(941): App\Controllers\LoginController->triviareadmore('6')
10 SYSTEMPATH\CodeIgniter.php(502): CodeIgniter\CodeIgniter->runController(Object(App\Controllers\LoginController))
11 SYSTEMPATH\CodeIgniter.php(361): CodeIgniter\CodeIgniter->handleRequest(null, Object(Config\Cache), false)
12 FCPATH\index.php(79): CodeIgniter\CodeIgniter->run()
13 SYSTEMPATH\Commands\Server\rewrite.php(47): require_once('C:\\laragon\\www\\final_agrismart\\public\\index.php')
CRITICAL - 2024-05-14 15:39:03 --> TypeError: Cannot access offset of type string on string
in APPPATH\Views\landing_page_inc\main-triviareadmore.php on line 11.
 1 SYSTEMPATH\View\View.php(228): include()
 2 SYSTEMPATH\View\View.php(231): CodeIgniter\View\View->CodeIgniter\View\{closure}()
 3 SYSTEMPATH\View\View.php(469): CodeIgniter\View\View->render('/landing_page_inc/main-triviareadmore', null, true)
 4 APPPATH\Views\readmoretrivia.php(5): CodeIgniter\View\View->include('/landing_page_inc/main-triviareadmore')
 5 SYSTEMPATH\View\View.php(228): include('C:\\laragon\\www\\final_agrismart\\app\\Views\\readmoretrivia.php')
 6 SYSTEMPATH\View\View.php(231): CodeIgniter\View\View->CodeIgniter\View\{closure}()
 7 SYSTEMPATH\Common.php(1178): CodeIgniter\View\View->render('readmoretrivia', [], true)
 8 APPPATH\Controllers\LoginController.php(577): view('readmoretrivia', [...])
 9 SYSTEMPATH\CodeIgniter.php(941): App\Controllers\LoginController->triviareadmore('6')
10 SYSTEMPATH\CodeIgniter.php(502): CodeIgniter\CodeIgniter->runController(Object(App\Controllers\LoginController))
11 SYSTEMPATH\CodeIgniter.php(361): CodeIgniter\CodeIgniter->handleRequest(null, Object(Config\Cache), false)
12 FCPATH\index.php(79): CodeIgniter\CodeIgniter->run()
13 SYSTEMPATH\Commands\Server\rewrite.php(47): require_once('C:\\laragon\\www\\final_agrismart\\public\\index.php')
CRITICAL - 2024-05-14 15:39:05 --> TypeError: Cannot access offset of type string on string
in APPPATH\Views\landing_page_inc\main-triviareadmore.php on line 11.
 1 SYSTEMPATH\View\View.php(228): include()
 2 SYSTEMPATH\View\View.php(231): CodeIgniter\View\View->CodeIgniter\View\{closure}()
 3 SYSTEMPATH\View\View.php(469): CodeIgniter\View\View->render('/landing_page_inc/main-triviareadmore', null, true)
 4 APPPATH\Views\readmoretrivia.php(5): CodeIgniter\View\View->include('/landing_page_inc/main-triviareadmore')
 5 SYSTEMPATH\View\View.php(228): include('C:\\laragon\\www\\final_agrismart\\app\\Views\\readmoretrivia.php')
 6 SYSTEMPATH\View\View.php(231): CodeIgniter\View\View->CodeIgniter\View\{closure}()
 7 SYSTEMPATH\Common.php(1178): CodeIgniter\View\View->render('readmoretrivia', [], true)
 8 APPPATH\Controllers\LoginController.php(577): view('readmoretrivia', [...])
 9 SYSTEMPATH\CodeIgniter.php(941): App\Controllers\LoginController->triviareadmore('6')
10 SYSTEMPATH\CodeIgniter.php(502): CodeIgniter\CodeIgniter->runController(Object(App\Controllers\LoginController))
11 SYSTEMPATH\CodeIgniter.php(361): CodeIgniter\CodeIgniter->handleRequest(null, Object(Config\Cache), false)
12 FCPATH\index.php(79): CodeIgniter\CodeIgniter->run()
13 SYSTEMPATH\Commands\Server\rewrite.php(47): require_once('C:\\laragon\\www\\final_agrismart\\public\\index.php')
CRITICAL - 2024-05-14 15:39:06 --> TypeError: Cannot access offset of type string on string
in APPPATH\Views\landing_page_inc\main-triviareadmore.php on line 11.
 1 SYSTEMPATH\View\View.php(228): include()
 2 SYSTEMPATH\View\View.php(231): CodeIgniter\View\View->CodeIgniter\View\{closure}()
 3 SYSTEMPATH\View\View.php(469): CodeIgniter\View\View->render('/landing_page_inc/main-triviareadmore', null, true)
 4 APPPATH\Views\readmoretrivia.php(5): CodeIgniter\View\View->include('/landing_page_inc/main-triviareadmore')
 5 SYSTEMPATH\View\View.php(228): include('C:\\laragon\\www\\final_agrismart\\app\\Views\\readmoretrivia.php')
 6 SYSTEMPATH\View\View.php(231): CodeIgniter\View\View->CodeIgniter\View\{closure}()
 7 SYSTEMPATH\Common.php(1178): CodeIgniter\View\View->render('readmoretrivia', [], true)
 8 APPPATH\Controllers\LoginController.php(577): view('readmoretrivia', [...])
 9 SYSTEMPATH\CodeIgniter.php(941): App\Controllers\LoginController->triviareadmore('6')
10 SYSTEMPATH\CodeIgniter.php(502): CodeIgniter\CodeIgniter->runController(Object(App\Controllers\LoginController))
11 SYSTEMPATH\CodeIgniter.php(361): CodeIgniter\CodeIgniter->handleRequest(null, Object(Config\Cache), false)
12 FCPATH\index.php(79): CodeIgniter\CodeIgniter->run()
13 SYSTEMPATH\Commands\Server\rewrite.php(47): require_once('C:\\laragon\\www\\final_agrismart\\public\\index.php')
CRITICAL - 2024-05-14 15:39:07 --> TypeError: Cannot access offset of type string on string
in APPPATH\Views\landing_page_inc\main-triviareadmore.php on line 11.
 1 SYSTEMPATH\View\View.php(228): include()
 2 SYSTEMPATH\View\View.php(231): CodeIgniter\View\View->CodeIgniter\View\{closure}()
 3 SYSTEMPATH\View\View.php(469): CodeIgniter\View\View->render('/landing_page_inc/main-triviareadmore', null, true)
 4 APPPATH\Views\readmoretrivia.php(5): CodeIgniter\View\View->include('/landing_page_inc/main-triviareadmore')
 5 SYSTEMPATH\View\View.php(228): include('C:\\laragon\\www\\final_agrismart\\app\\Views\\readmoretrivia.php')
 6 SYSTEMPATH\View\View.php(231): CodeIgniter\View\View->CodeIgniter\View\{closure}()
 7 SYSTEMPATH\Common.php(1178): CodeIgniter\View\View->render('readmoretrivia', [], true)
 8 APPPATH\Controllers\LoginController.php(577): view('readmoretrivia', [...])
 9 SYSTEMPATH\CodeIgniter.php(941): App\Controllers\LoginController->triviareadmore('6')
10 SYSTEMPATH\CodeIgniter.php(502): CodeIgniter\CodeIgniter->runController(Object(App\Controllers\LoginController))
11 SYSTEMPATH\CodeIgniter.php(361): CodeIgniter\CodeIgniter->handleRequest(null, Object(Config\Cache), false)
12 FCPATH\index.php(79): CodeIgniter\CodeIgniter->run()
13 SYSTEMPATH\Commands\Server\rewrite.php(47): require_once('C:\\laragon\\www\\final_agrismart\\public\\index.php')
CRITICAL - 2024-05-14 15:39:07 --> TypeError: Cannot access offset of type string on string
in APPPATH\Views\landing_page_inc\main-triviareadmore.php on line 11.
 1 SYSTEMPATH\View\View.php(228): include()
 2 SYSTEMPATH\View\View.php(231): CodeIgniter\View\View->CodeIgniter\View\{closure}()
 3 SYSTEMPATH\View\View.php(469): CodeIgniter\View\View->render('/landing_page_inc/main-triviareadmore', null, true)
 4 APPPATH\Views\readmoretrivia.php(5): CodeIgniter\View\View->include('/landing_page_inc/main-triviareadmore')
 5 SYSTEMPATH\View\View.php(228): include('C:\\laragon\\www\\final_agrismart\\app\\Views\\readmoretrivia.php')
 6 SYSTEMPATH\View\View.php(231): CodeIgniter\View\View->CodeIgniter\View\{closure}()
 7 SYSTEMPATH\Common.php(1178): CodeIgniter\View\View->render('readmoretrivia', [], true)
 8 APPPATH\Controllers\LoginController.php(577): view('readmoretrivia', [...])
 9 SYSTEMPATH\CodeIgniter.php(941): App\Controllers\LoginController->triviareadmore('6')
10 SYSTEMPATH\CodeIgniter.php(502): CodeIgniter\CodeIgniter->runController(Object(App\Controllers\LoginController))
11 SYSTEMPATH\CodeIgniter.php(361): CodeIgniter\CodeIgniter->handleRequest(null, Object(Config\Cache), false)
12 FCPATH\index.php(79): CodeIgniter\CodeIgniter->run()
13 SYSTEMPATH\Commands\Server\rewrite.php(47): require_once('C:\\laragon\\www\\final_agrismart\\public\\index.php')
CRITICAL - 2024-05-14 15:39:12 --> TypeError: Cannot access offset of type string on string
in APPPATH\Views\landing_page_inc\main-triviareadmore.php on line 16.
 1 SYSTEMPATH\View\View.php(228): include()
 2 SYSTEMPATH\View\View.php(231): CodeIgniter\View\View->CodeIgniter\View\{closure}()
 3 SYSTEMPATH\View\View.php(469): CodeIgniter\View\View->render('/landing_page_inc/main-triviareadmore', null, true)
 4 APPPATH\Views\readmoretrivia.php(5): CodeIgniter\View\View->include('/landing_page_inc/main-triviareadmore')
 5 SYSTEMPATH\View\View.php(228): include('C:\\laragon\\www\\final_agrismart\\app\\Views\\readmoretrivia.php')
 6 SYSTEMPATH\View\View.php(231): CodeIgniter\View\View->CodeIgniter\View\{closure}()
 7 SYSTEMPATH\Common.php(1178): CodeIgniter\View\View->render('readmoretrivia', [], true)
 8 APPPATH\Controllers\LoginController.php(577): view('readmoretrivia', [...])
 9 SYSTEMPATH\CodeIgniter.php(941): App\Controllers\LoginController->triviareadmore('6')
10 SYSTEMPATH\CodeIgniter.php(502): CodeIgniter\CodeIgniter->runController(Object(App\Controllers\LoginController))
11 SYSTEMPATH\CodeIgniter.php(361): CodeIgniter\CodeIgniter->handleRequest(null, Object(Config\Cache), false)
12 FCPATH\index.php(79): CodeIgniter\CodeIgniter->run()
13 SYSTEMPATH\Commands\Server\rewrite.php(47): require_once('C:\\laragon\\www\\final_agrismart\\public\\index.php')
CRITICAL - 2024-05-14 15:39:14 --> TypeError: Cannot access offset of type string on string
in APPPATH\Views\landing_page_inc\main-triviareadmore.php on line 16.
 1 SYSTEMPATH\View\View.php(228): include()
 2 SYSTEMPATH\View\View.php(231): CodeIgniter\View\View->CodeIgniter\View\{closure}()
 3 SYSTEMPATH\View\View.php(469): CodeIgniter\View\View->render('/landing_page_inc/main-triviareadmore', null, true)
 4 APPPATH\Views\readmoretrivia.php(5): CodeIgniter\View\View->include('/landing_page_inc/main-triviareadmore')
 5 SYSTEMPATH\View\View.php(228): include('C:\\laragon\\www\\final_agrismart\\app\\Views\\readmoretrivia.php')
 6 SYSTEMPATH\View\View.php(231): CodeIgniter\View\View->CodeIgniter\View\{closure}()
 7 SYSTEMPATH\Common.php(1178): CodeIgniter\View\View->render('readmoretrivia', [], true)
 8 APPPATH\Controllers\LoginController.php(577): view('readmoretrivia', [...])
 9 SYSTEMPATH\CodeIgniter.php(941): App\Controllers\LoginController->triviareadmore('6')
10 SYSTEMPATH\CodeIgniter.php(502): CodeIgniter\CodeIgniter->runController(Object(App\Controllers\LoginController))
11 SYSTEMPATH\CodeIgniter.php(361): CodeIgniter\CodeIgniter->handleRequest(null, Object(Config\Cache), false)
12 FCPATH\index.php(79): CodeIgniter\CodeIgniter->run()
13 SYSTEMPATH\Commands\Server\rewrite.php(47): require_once('C:\\laragon\\www\\final_agrismart\\public\\index.php')
CRITICAL - 2024-05-14 15:39:15 --> TypeError: Cannot access offset of type string on string
in APPPATH\Views\landing_page_inc\main-triviareadmore.php on line 16.
 1 SYSTEMPATH\View\View.php(228): include()
 2 SYSTEMPATH\View\View.php(231): CodeIgniter\View\View->CodeIgniter\View\{closure}()
 3 SYSTEMPATH\View\View.php(469): CodeIgniter\View\View->render('/landing_page_inc/main-triviareadmore', null, true)
 4 APPPATH\Views\readmoretrivia.php(5): CodeIgniter\View\View->include('/landing_page_inc/main-triviareadmore')
 5 SYSTEMPATH\View\View.php(228): include('C:\\laragon\\www\\final_agrismart\\app\\Views\\readmoretrivia.php')
 6 SYSTEMPATH\View\View.php(231): CodeIgniter\View\View->CodeIgniter\View\{closure}()
 7 SYSTEMPATH\Common.php(1178): CodeIgniter\View\View->render('readmoretrivia', [], true)
 8 APPPATH\Controllers\LoginController.php(577): view('readmoretrivia', [...])
 9 SYSTEMPATH\CodeIgniter.php(941): App\Controllers\LoginController->triviareadmore('6')
10 SYSTEMPATH\CodeIgniter.php(502): CodeIgniter\CodeIgniter->runController(Object(App\Controllers\LoginController))
11 SYSTEMPATH\CodeIgniter.php(361): CodeIgniter\CodeIgniter->handleRequest(null, Object(Config\Cache), false)
12 FCPATH\index.php(79): CodeIgniter\CodeIgniter->run()
13 SYSTEMPATH\Commands\Server\rewrite.php(47): require_once('C:\\laragon\\www\\final_agrismart\\public\\index.php')
CRITICAL - 2024-05-14 15:39:16 --> TypeError: Cannot access offset of type string on string
in APPPATH\Views\landing_page_inc\main-triviareadmore.php on line 16.
 1 SYSTEMPATH\View\View.php(228): include()
 2 SYSTEMPATH\View\View.php(231): CodeIgniter\View\View->CodeIgniter\View\{closure}()
 3 SYSTEMPATH\View\View.php(469): CodeIgniter\View\View->render('/landing_page_inc/main-triviareadmore', null, true)
 4 APPPATH\Views\readmoretrivia.php(5): CodeIgniter\View\View->include('/landing_page_inc/main-triviareadmore')
 5 SYSTEMPATH\View\View.php(228): include('C:\\laragon\\www\\final_agrismart\\app\\Views\\readmoretrivia.php')
 6 SYSTEMPATH\View\View.php(231): CodeIgniter\View\View->CodeIgniter\View\{closure}()
 7 SYSTEMPATH\Common.php(1178): CodeIgniter\View\View->render('readmoretrivia', [], true)
 8 APPPATH\Controllers\LoginController.php(577): view('readmoretrivia', [...])
 9 SYSTEMPATH\CodeIgniter.php(941): App\Controllers\LoginController->triviareadmore('6')
10 SYSTEMPATH\CodeIgniter.php(502): CodeIgniter\CodeIgniter->runController(Object(App\Controllers\LoginController))
11 SYSTEMPATH\CodeIgniter.php(361): CodeIgniter\CodeIgniter->handleRequest(null, Object(Config\Cache), false)
12 FCPATH\index.php(79): CodeIgniter\CodeIgniter->run()
13 SYSTEMPATH\Commands\Server\rewrite.php(47): require_once('C:\\laragon\\www\\final_agrismart\\public\\index.php')
CRITICAL - 2024-05-14 15:40:45 --> TypeError: Cannot access offset of type string on string
in APPPATH\Views\landing_page_inc\main-triviareadmore.php on line 16.
 1 SYSTEMPATH\View\View.php(228): include()
 2 SYSTEMPATH\View\View.php(231): CodeIgniter\View\View->CodeIgniter\View\{closure}()
 3 SYSTEMPATH\View\View.php(469): CodeIgniter\View\View->render('/landing_page_inc/main-triviareadmore', null, true)
 4 APPPATH\Views\readmoretrivia.php(5): CodeIgniter\View\View->include('/landing_page_inc/main-triviareadmore')
 5 SYSTEMPATH\View\View.php(228): include('C:\\laragon\\www\\final_agrismart\\app\\Views\\readmoretrivia.php')
 6 SYSTEMPATH\View\View.php(231): CodeIgniter\View\View->CodeIgniter\View\{closure}()
 7 SYSTEMPATH\Common.php(1178): CodeIgniter\View\View->render('readmoretrivia', [], true)
 8 APPPATH\Controllers\LoginController.php(577): view('readmoretrivia', [...])
 9 SYSTEMPATH\CodeIgniter.php(941): App\Controllers\LoginController->triviareadmore('6')
10 SYSTEMPATH\CodeIgniter.php(502): CodeIgniter\CodeIgniter->runController(Object(App\Controllers\LoginController))
11 SYSTEMPATH\CodeIgniter.php(361): CodeIgniter\CodeIgniter->handleRequest(null, Object(Config\Cache), false)
12 FCPATH\index.php(79): CodeIgniter\CodeIgniter->run()
13 SYSTEMPATH\Commands\Server\rewrite.php(47): require_once('C:\\laragon\\www\\final_agrismart\\public\\index.php')
CRITICAL - 2024-05-14 15:40:47 --> TypeError: Cannot access offset of type string on string
in APPPATH\Views\landing_page_inc\main-triviareadmore.php on line 16.
 1 SYSTEMPATH\View\View.php(228): include()
 2 SYSTEMPATH\View\View.php(231): CodeIgniter\View\View->CodeIgniter\View\{closure}()
 3 SYSTEMPATH\View\View.php(469): CodeIgniter\View\View->render('/landing_page_inc/main-triviareadmore', null, true)
 4 APPPATH\Views\readmoretrivia.php(5): CodeIgniter\View\View->include('/landing_page_inc/main-triviareadmore')
 5 SYSTEMPATH\View\View.php(228): include('C:\\laragon\\www\\final_agrismart\\app\\Views\\readmoretrivia.php')
 6 SYSTEMPATH\View\View.php(231): CodeIgniter\View\View->CodeIgniter\View\{closure}()
 7 SYSTEMPATH\Common.php(1178): CodeIgniter\View\View->render('readmoretrivia', [], true)
 8 APPPATH\Controllers\LoginController.php(577): view('readmoretrivia', [...])
 9 SYSTEMPATH\CodeIgniter.php(941): App\Controllers\LoginController->triviareadmore('6')
10 SYSTEMPATH\CodeIgniter.php(502): CodeIgniter\CodeIgniter->runController(Object(App\Controllers\LoginController))
11 SYSTEMPATH\CodeIgniter.php(361): CodeIgniter\CodeIgniter->handleRequest(null, Object(Config\Cache), false)
12 FCPATH\index.php(79): CodeIgniter\CodeIgniter->run()
13 SYSTEMPATH\Commands\Server\rewrite.php(47): require_once('C:\\laragon\\www\\final_agrismart\\public\\index.php')
CRITICAL - 2024-05-14 15:41:34 --> TypeError: Cannot access offset of type string on string
in APPPATH\Views\landing_page_inc\main-triviareadmore.php on line 16.
 1 SYSTEMPATH\View\View.php(228): include()
 2 SYSTEMPATH\View\View.php(231): CodeIgniter\View\View->CodeIgniter\View\{closure}()
 3 SYSTEMPATH\View\View.php(469): CodeIgniter\View\View->render('/landing_page_inc/main-triviareadmore', null, true)
 4 APPPATH\Views\readmoretrivia.php(5): CodeIgniter\View\View->include('/landing_page_inc/main-triviareadmore')
 5 SYSTEMPATH\View\View.php(228): include('C:\\laragon\\www\\final_agrismart\\app\\Views\\readmoretrivia.php')
 6 SYSTEMPATH\View\View.php(231): CodeIgniter\View\View->CodeIgniter\View\{closure}()
 7 SYSTEMPATH\Common.php(1178): CodeIgniter\View\View->render('readmoretrivia', [], true)
 8 APPPATH\Controllers\LoginController.php(577): view('readmoretrivia', [...])
 9 SYSTEMPATH\CodeIgniter.php(941): App\Controllers\LoginController->triviareadmore('6')
10 SYSTEMPATH\CodeIgniter.php(502): CodeIgniter\CodeIgniter->runController(Object(App\Controllers\LoginController))
11 SYSTEMPATH\CodeIgniter.php(361): CodeIgniter\CodeIgniter->handleRequest(null, Object(Config\Cache), false)
12 FCPATH\index.php(79): CodeIgniter\CodeIgniter->run()
13 SYSTEMPATH\Commands\Server\rewrite.php(47): require_once('C:\\laragon\\www\\final_agrismart\\public\\index.php')
CRITICAL - 2024-05-14 16:00:35 --> ErrorException: Undefined variable $trivia
in APPPATH\Views\landing_page_inc\trivias.php on line 12.
 1 APPPATH\Views\landing_page_inc\trivias.php(12): CodeIgniter\Debug\Exceptions->errorHandler(2, 'Undefined variable $trivia', 'C:\\laragon\\www\\final_agrismart\\app\\Views\\landing_page_inc\\trivias.php', 12)
 2 SYSTEMPATH\View\View.php(228): include('C:\\laragon\\www\\final_agrismart\\app\\Views\\landing_page_inc\\trivias.php')
 3 SYSTEMPATH\View\View.php(231): CodeIgniter\View\View->CodeIgniter\View\{closure}()
 4 SYSTEMPATH\View\View.php(469): CodeIgniter\View\View->render('/landing_page_inc/trivias', null, true)
 5 APPPATH\Views\index.php(8): CodeIgniter\View\View->include('/landing_page_inc/trivias')
 6 SYSTEMPATH\View\View.php(228): include('C:\\laragon\\www\\final_agrismart\\app\\Views\\index.php')
 7 SYSTEMPATH\View\View.php(231): CodeIgniter\View\View->CodeIgniter\View\{closure}()
 8 SYSTEMPATH\Common.php(1178): CodeIgniter\View\View->render('index', [], true)
 9 APPPATH\Controllers\LoginController.php(40): view('index')
10 SYSTEMPATH\CodeIgniter.php(941): App\Controllers\LoginController->index()
11 SYSTEMPATH\CodeIgniter.php(502): CodeIgniter\CodeIgniter->runController(Object(App\Controllers\LoginController))
12 SYSTEMPATH\CodeIgniter.php(361): CodeIgniter\CodeIgniter->handleRequest(null, Object(Config\Cache), false)
13 FCPATH\index.php(79): CodeIgniter\CodeIgniter->run()
14 SYSTEMPATH\Commands\Server\rewrite.php(47): require_once('C:\\laragon\\www\\final_agrismart\\public\\index.php')
CRITICAL - 2024-05-14 16:00:41 --> ErrorException: Undefined variable $trivia
in APPPATH\Views\landing_page_inc\trivias.php on line 12.
 1 APPPATH\Views\landing_page_inc\trivias.php(12): CodeIgniter\Debug\Exceptions->errorHandler(2, 'Undefined variable $trivia', 'C:\\laragon\\www\\final_agrismart\\app\\Views\\landing_page_inc\\trivias.php', 12)
 2 SYSTEMPATH\View\View.php(228): include('C:\\laragon\\www\\final_agrismart\\app\\Views\\landing_page_inc\\trivias.php')
 3 SYSTEMPATH\View\View.php(231): CodeIgniter\View\View->CodeIgniter\View\{closure}()
 4 SYSTEMPATH\View\View.php(469): CodeIgniter\View\View->render('/landing_page_inc/trivias', null, true)
 5 APPPATH\Views\index.php(8): CodeIgniter\View\View->include('/landing_page_inc/trivias')
 6 SYSTEMPATH\View\View.php(228): include('C:\\laragon\\www\\final_agrismart\\app\\Views\\index.php')
 7 SYSTEMPATH\View\View.php(231): CodeIgniter\View\View->CodeIgniter\View\{closure}()
 8 SYSTEMPATH\Common.php(1178): CodeIgniter\View\View->render('index', [], true)
 9 APPPATH\Controllers\LoginController.php(40): view('index')
10 SYSTEMPATH\CodeIgniter.php(941): App\Controllers\LoginController->index()
11 SYSTEMPATH\CodeIgniter.php(502): CodeIgniter\CodeIgniter->runController(Object(App\Controllers\LoginController))
12 SYSTEMPATH\CodeIgniter.php(361): CodeIgniter\CodeIgniter->handleRequest(null, Object(Config\Cache), false)
13 FCPATH\index.php(79): CodeIgniter\CodeIgniter->run()
14 SYSTEMPATH\Commands\Server\rewrite.php(47): require_once('C:\\laragon\\www\\final_agrismart\\public\\index.php')
CRITICAL - 2024-05-14 16:01:39 --> ErrorException: Undefined variable $trivia
in APPPATH\Views\landing_page_inc\trivias.php on line 12.
 1 APPPATH\Views\landing_page_inc\trivias.php(12): CodeIgniter\Debug\Exceptions->errorHandler(2, 'Undefined variable $trivia', 'C:\\laragon\\www\\final_agrismart\\app\\Views\\landing_page_inc\\trivias.php', 12)
 2 SYSTEMPATH\View\View.php(228): include('C:\\laragon\\www\\final_agrismart\\app\\Views\\landing_page_inc\\trivias.php')
 3 SYSTEMPATH\View\View.php(231): CodeIgniter\View\View->CodeIgniter\View\{closure}()
 4 SYSTEMPATH\View\View.php(469): CodeIgniter\View\View->render('/landing_page_inc/trivias', null, true)
 5 APPPATH\Views\index.php(8): CodeIgniter\View\View->include('/landing_page_inc/trivias')
 6 SYSTEMPATH\View\View.php(228): include('C:\\laragon\\www\\final_agrismart\\app\\Views\\index.php')
 7 SYSTEMPATH\View\View.php(231): CodeIgniter\View\View->CodeIgniter\View\{closure}()
 8 SYSTEMPATH\Common.php(1178): CodeIgniter\View\View->render('index', [], true)
 9 APPPATH\Controllers\LoginController.php(40): view('index')
10 SYSTEMPATH\CodeIgniter.php(941): App\Controllers\LoginController->index()
11 SYSTEMPATH\CodeIgniter.php(502): CodeIgniter\CodeIgniter->runController(Object(App\Controllers\LoginController))
12 SYSTEMPATH\CodeIgniter.php(361): CodeIgniter\CodeIgniter->handleRequest(null, Object(Config\Cache), false)
13 FCPATH\index.php(79): CodeIgniter\CodeIgniter->run()
14 SYSTEMPATH\Commands\Server\rewrite.php(47): require_once('C:\\laragon\\www\\final_agrismart\\public\\index.php')
CRITICAL - 2024-05-14 16:02:13 --> ErrorException: Undefined variable $trivia
in APPPATH\Views\landing_page_inc\trivias.php on line 12.
 1 APPPATH\Views\landing_page_inc\trivias.php(12): CodeIgniter\Debug\Exceptions->errorHandler(2, 'Undefined variable $trivia', 'C:\\laragon\\www\\final_agrismart\\app\\Views\\landing_page_inc\\trivias.php', 12)
 2 SYSTEMPATH\View\View.php(228): include('C:\\laragon\\www\\final_agrismart\\app\\Views\\landing_page_inc\\trivias.php')
 3 SYSTEMPATH\View\View.php(231): CodeIgniter\View\View->CodeIgniter\View\{closure}()
 4 SYSTEMPATH\View\View.php(469): CodeIgniter\View\View->render('/landing_page_inc/trivias', null, true)
 5 APPPATH\Views\index.php(8): CodeIgniter\View\View->include('/landing_page_inc/trivias')
 6 SYSTEMPATH\View\View.php(228): include('C:\\laragon\\www\\final_agrismart\\app\\Views\\index.php')
 7 SYSTEMPATH\View\View.php(231): CodeIgniter\View\View->CodeIgniter\View\{closure}()
 8 SYSTEMPATH\Common.php(1178): CodeIgniter\View\View->render('index', [], true)
 9 APPPATH\Controllers\LoginController.php(40): view('index')
10 SYSTEMPATH\CodeIgniter.php(941): App\Controllers\LoginController->index()
11 SYSTEMPATH\CodeIgniter.php(502): CodeIgniter\CodeIgniter->runController(Object(App\Controllers\LoginController))
12 SYSTEMPATH\CodeIgniter.php(361): CodeIgniter\CodeIgniter->handleRequest(null, Object(Config\Cache), false)
13 FCPATH\index.php(79): CodeIgniter\CodeIgniter->run()
14 SYSTEMPATH\Commands\Server\rewrite.php(47): require_once('C:\\laragon\\www\\final_agrismart\\public\\index.php')
CRITICAL - 2024-05-14 16:02:14 --> ErrorException: Undefined variable $trivia
in APPPATH\Views\landing_page_inc\trivias.php on line 12.
 1 APPPATH\Views\landing_page_inc\trivias.php(12): CodeIgniter\Debug\Exceptions->errorHandler(2, 'Undefined variable $trivia', 'C:\\laragon\\www\\final_agrismart\\app\\Views\\landing_page_inc\\trivias.php', 12)
 2 SYSTEMPATH\View\View.php(228): include('C:\\laragon\\www\\final_agrismart\\app\\Views\\landing_page_inc\\trivias.php')
 3 SYSTEMPATH\View\View.php(231): CodeIgniter\View\View->CodeIgniter\View\{closure}()
 4 SYSTEMPATH\View\View.php(469): CodeIgniter\View\View->render('/landing_page_inc/trivias', null, true)
 5 APPPATH\Views\index.php(8): CodeIgniter\View\View->include('/landing_page_inc/trivias')
 6 SYSTEMPATH\View\View.php(228): include('C:\\laragon\\www\\final_agrismart\\app\\Views\\index.php')
 7 SYSTEMPATH\View\View.php(231): CodeIgniter\View\View->CodeIgniter\View\{closure}()
 8 SYSTEMPATH\Common.php(1178): CodeIgniter\View\View->render('index', [], true)
 9 APPPATH\Controllers\LoginController.php(40): view('index')
10 SYSTEMPATH\CodeIgniter.php(941): App\Controllers\LoginController->index()
11 SYSTEMPATH\CodeIgniter.php(502): CodeIgniter\CodeIgniter->runController(Object(App\Controllers\LoginController))
12 SYSTEMPATH\CodeIgniter.php(361): CodeIgniter\CodeIgniter->handleRequest(null, Object(Config\Cache), false)
13 FCPATH\index.php(79): CodeIgniter\CodeIgniter->run()
14 SYSTEMPATH\Commands\Server\rewrite.php(47): require_once('C:\\laragon\\www\\final_agrismart\\public\\index.php')
CRITICAL - 2024-05-14 16:02:44 --> ErrorException: Undefined variable $trivia
in APPPATH\Views\landing_page_inc\trivias.php on line 12.
 1 APPPATH\Views\landing_page_inc\trivias.php(12): CodeIgniter\Debug\Exceptions->errorHandler(2, 'Undefined variable $trivia', 'C:\\laragon\\www\\final_agrismart\\app\\Views\\landing_page_inc\\trivias.php', 12)
 2 SYSTEMPATH\View\View.php(228): include('C:\\laragon\\www\\final_agrismart\\app\\Views\\landing_page_inc\\trivias.php')
 3 SYSTEMPATH\View\View.php(231): CodeIgniter\View\View->CodeIgniter\View\{closure}()
 4 SYSTEMPATH\View\View.php(469): CodeIgniter\View\View->render('/landing_page_inc/trivias', null, true)
 5 APPPATH\Views\index.php(8): CodeIgniter\View\View->include('/landing_page_inc/trivias')
 6 SYSTEMPATH\View\View.php(228): include('C:\\laragon\\www\\final_agrismart\\app\\Views\\index.php')
 7 SYSTEMPATH\View\View.php(231): CodeIgniter\View\View->CodeIgniter\View\{closure}()
 8 SYSTEMPATH\Common.php(1178): CodeIgniter\View\View->render('index', [], true)
 9 APPPATH\Controllers\LoginController.php(40): view('index')
10 SYSTEMPATH\CodeIgniter.php(941): App\Controllers\LoginController->index()
11 SYSTEMPATH\CodeIgniter.php(502): CodeIgniter\CodeIgniter->runController(Object(App\Controllers\LoginController))
12 SYSTEMPATH\CodeIgniter.php(361): CodeIgniter\CodeIgniter->handleRequest(null, Object(Config\Cache), false)
13 FCPATH\index.php(79): CodeIgniter\CodeIgniter->run()
14 SYSTEMPATH\Commands\Server\rewrite.php(47): require_once('C:\\laragon\\www\\final_agrismart\\public\\index.php')
CRITICAL - 2024-05-14 16:02:46 --> ErrorException: Undefined variable $trivia
in APPPATH\Views\landing_page_inc\trivias.php on line 12.
 1 APPPATH\Views\landing_page_inc\trivias.php(12): CodeIgniter\Debug\Exceptions->errorHandler(2, 'Undefined variable $trivia', 'C:\\laragon\\www\\final_agrismart\\app\\Views\\landing_page_inc\\trivias.php', 12)
 2 SYSTEMPATH\View\View.php(228): include('C:\\laragon\\www\\final_agrismart\\app\\Views\\landing_page_inc\\trivias.php')
 3 SYSTEMPATH\View\View.php(231): CodeIgniter\View\View->CodeIgniter\View\{closure}()
 4 SYSTEMPATH\View\View.php(469): CodeIgniter\View\View->render('/landing_page_inc/trivias', null, true)
 5 APPPATH\Views\index.php(8): CodeIgniter\View\View->include('/landing_page_inc/trivias')
 6 SYSTEMPATH\View\View.php(228): include('C:\\laragon\\www\\final_agrismart\\app\\Views\\index.php')
 7 SYSTEMPATH\View\View.php(231): CodeIgniter\View\View->CodeIgniter\View\{closure}()
 8 SYSTEMPATH\Common.php(1178): CodeIgniter\View\View->render('index', [], true)
 9 APPPATH\Controllers\LoginController.php(40): view('index')
10 SYSTEMPATH\CodeIgniter.php(941): App\Controllers\LoginController->index()
11 SYSTEMPATH\CodeIgniter.php(502): CodeIgniter\CodeIgniter->runController(Object(App\Controllers\LoginController))
12 SYSTEMPATH\CodeIgniter.php(361): CodeIgniter\CodeIgniter->handleRequest(null, Object(Config\Cache), false)
13 FCPATH\index.php(79): CodeIgniter\CodeIgniter->run()
14 SYSTEMPATH\Commands\Server\rewrite.php(47): require_once('C:\\laragon\\www\\final_agrismart\\public\\index.php')
CRITICAL - 2024-05-14 16:03:15 --> ErrorException: Undefined variable $trivia
in APPPATH\Views\landing_page_inc\trivias.php on line 12.
 1 APPPATH\Views\landing_page_inc\trivias.php(12): CodeIgniter\Debug\Exceptions->errorHandler(2, 'Undefined variable $trivia', 'C:\\laragon\\www\\final_agrismart\\app\\Views\\landing_page_inc\\trivias.php', 12)
 2 SYSTEMPATH\View\View.php(228): include('C:\\laragon\\www\\final_agrismart\\app\\Views\\landing_page_inc\\trivias.php')
 3 SYSTEMPATH\View\View.php(231): CodeIgniter\View\View->CodeIgniter\View\{closure}()
 4 SYSTEMPATH\View\View.php(469): CodeIgniter\View\View->render('/landing_page_inc/trivias', null, true)
 5 APPPATH\Views\index.php(8): CodeIgniter\View\View->include('/landing_page_inc/trivias')
 6 SYSTEMPATH\View\View.php(228): include('C:\\laragon\\www\\final_agrismart\\app\\Views\\index.php')
 7 SYSTEMPATH\View\View.php(231): CodeIgniter\View\View->CodeIgniter\View\{closure}()
 8 SYSTEMPATH\Common.php(1178): CodeIgniter\View\View->render('index', [], true)
 9 APPPATH\Controllers\LoginController.php(40): view('index')
10 SYSTEMPATH\CodeIgniter.php(941): App\Controllers\LoginController->index()
11 SYSTEMPATH\CodeIgniter.php(502): CodeIgniter\CodeIgniter->runController(Object(App\Controllers\LoginController))
12 SYSTEMPATH\CodeIgniter.php(361): CodeIgniter\CodeIgniter->handleRequest(null, Object(Config\Cache), false)
13 FCPATH\index.php(79): CodeIgniter\CodeIgniter->run()
14 SYSTEMPATH\Commands\Server\rewrite.php(47): require_once('C:\\laragon\\www\\final_agrismart\\public\\index.php')
CRITICAL - 2024-05-14 16:03:16 --> ErrorException: Undefined variable $trivia
in APPPATH\Views\landing_page_inc\trivias.php on line 12.
 1 APPPATH\Views\landing_page_inc\trivias.php(12): CodeIgniter\Debug\Exceptions->errorHandler(2, 'Undefined variable $trivia', 'C:\\laragon\\www\\final_agrismart\\app\\Views\\landing_page_inc\\trivias.php', 12)
 2 SYSTEMPATH\View\View.php(228): include('C:\\laragon\\www\\final_agrismart\\app\\Views\\landing_page_inc\\trivias.php')
 3 SYSTEMPATH\View\View.php(231): CodeIgniter\View\View->CodeIgniter\View\{closure}()
 4 SYSTEMPATH\View\View.php(469): CodeIgniter\View\View->render('/landing_page_inc/trivias', null, true)
 5 APPPATH\Views\index.php(8): CodeIgniter\View\View->include('/landing_page_inc/trivias')
 6 SYSTEMPATH\View\View.php(228): include('C:\\laragon\\www\\final_agrismart\\app\\Views\\index.php')
 7 SYSTEMPATH\View\View.php(231): CodeIgniter\View\View->CodeIgniter\View\{closure}()
 8 SYSTEMPATH\Common.php(1178): CodeIgniter\View\View->render('index', [], true)
 9 APPPATH\Controllers\LoginController.php(40): view('index')
10 SYSTEMPATH\CodeIgniter.php(941): App\Controllers\LoginController->index()
11 SYSTEMPATH\CodeIgniter.php(502): CodeIgniter\CodeIgniter->runController(Object(App\Controllers\LoginController))
12 SYSTEMPATH\CodeIgniter.php(361): CodeIgniter\CodeIgniter->handleRequest(null, Object(Config\Cache), false)
13 FCPATH\index.php(79): CodeIgniter\CodeIgniter->run()
14 SYSTEMPATH\Commands\Server\rewrite.php(47): require_once('C:\\laragon\\www\\final_agrismart\\public\\index.php')
CRITICAL - 2024-05-14 16:03:16 --> ErrorException: Undefined variable $trivia
in APPPATH\Views\landing_page_inc\trivias.php on line 12.
 1 APPPATH\Views\landing_page_inc\trivias.php(12): CodeIgniter\Debug\Exceptions->errorHandler(2, 'Undefined variable $trivia', 'C:\\laragon\\www\\final_agrismart\\app\\Views\\landing_page_inc\\trivias.php', 12)
 2 SYSTEMPATH\View\View.php(228): include('C:\\laragon\\www\\final_agrismart\\app\\Views\\landing_page_inc\\trivias.php')
 3 SYSTEMPATH\View\View.php(231): CodeIgniter\View\View->CodeIgniter\View\{closure}()
 4 SYSTEMPATH\View\View.php(469): CodeIgniter\View\View->render('/landing_page_inc/trivias', null, true)
 5 APPPATH\Views\index.php(8): CodeIgniter\View\View->include('/landing_page_inc/trivias')
 6 SYSTEMPATH\View\View.php(228): include('C:\\laragon\\www\\final_agrismart\\app\\Views\\index.php')
 7 SYSTEMPATH\View\View.php(231): CodeIgniter\View\View->CodeIgniter\View\{closure}()
 8 SYSTEMPATH\Common.php(1178): CodeIgniter\View\View->render('index', [], true)
 9 APPPATH\Controllers\LoginController.php(40): view('index')
10 SYSTEMPATH\CodeIgniter.php(941): App\Controllers\LoginController->index()
11 SYSTEMPATH\CodeIgniter.php(502): CodeIgniter\CodeIgniter->runController(Object(App\Controllers\LoginController))
12 SYSTEMPATH\CodeIgniter.php(361): CodeIgniter\CodeIgniter->handleRequest(null, Object(Config\Cache), false)
13 FCPATH\index.php(79): CodeIgniter\CodeIgniter->run()
14 SYSTEMPATH\Commands\Server\rewrite.php(47): require_once('C:\\laragon\\www\\final_agrismart\\public\\index.php')
CRITICAL - 2024-05-14 16:04:02 --> ErrorException: Undefined variable $trivia
in APPPATH\Views\landing_page_inc\trivias.php on line 12.
 1 APPPATH\Views\landing_page_inc\trivias.php(12): CodeIgniter\Debug\Exceptions->errorHandler(2, 'Undefined variable $trivia', 'C:\\laragon\\www\\final_agrismart\\app\\Views\\landing_page_inc\\trivias.php', 12)
 2 SYSTEMPATH\View\View.php(228): include('C:\\laragon\\www\\final_agrismart\\app\\Views\\landing_page_inc\\trivias.php')
 3 SYSTEMPATH\View\View.php(231): CodeIgniter\View\View->CodeIgniter\View\{closure}()
 4 SYSTEMPATH\View\View.php(469): CodeIgniter\View\View->render('/landing_page_inc/trivias', null, true)
 5 APPPATH\Views\index.php(8): CodeIgniter\View\View->include('/landing_page_inc/trivias')
 6 SYSTEMPATH\View\View.php(228): include('C:\\laragon\\www\\final_agrismart\\app\\Views\\index.php')
 7 SYSTEMPATH\View\View.php(231): CodeIgniter\View\View->CodeIgniter\View\{closure}()
 8 SYSTEMPATH\Common.php(1178): CodeIgniter\View\View->render('index', [], true)
 9 APPPATH\Controllers\LoginController.php(40): view('index')
10 SYSTEMPATH\CodeIgniter.php(941): App\Controllers\LoginController->index()
11 SYSTEMPATH\CodeIgniter.php(502): CodeIgniter\CodeIgniter->runController(Object(App\Controllers\LoginController))
12 SYSTEMPATH\CodeIgniter.php(361): CodeIgniter\CodeIgniter->handleRequest(null, Object(Config\Cache), false)
13 FCPATH\index.php(79): CodeIgniter\CodeIgniter->run()
14 SYSTEMPATH\Commands\Server\rewrite.php(47): require_once('C:\\laragon\\www\\final_agrismart\\public\\index.php')
CRITICAL - 2024-05-14 16:04:55 --> ErrorException: Undefined variable $trivia
in APPPATH\Views\landing_page_inc\trivias.php on line 12.
 1 APPPATH\Views\landing_page_inc\trivias.php(12): CodeIgniter\Debug\Exceptions->errorHandler(2, 'Undefined variable $trivia', 'C:\\laragon\\www\\final_agrismart\\app\\Views\\landing_page_inc\\trivias.php', 12)
 2 SYSTEMPATH\View\View.php(228): include('C:\\laragon\\www\\final_agrismart\\app\\Views\\landing_page_inc\\trivias.php')
 3 SYSTEMPATH\View\View.php(231): CodeIgniter\View\View->CodeIgniter\View\{closure}()
 4 SYSTEMPATH\View\View.php(469): CodeIgniter\View\View->render('/landing_page_inc/trivias', null, true)
 5 APPPATH\Views\index.php(8): CodeIgniter\View\View->include('/landing_page_inc/trivias')
 6 SYSTEMPATH\View\View.php(228): include('C:\\laragon\\www\\final_agrismart\\app\\Views\\index.php')
 7 SYSTEMPATH\View\View.php(231): CodeIgniter\View\View->CodeIgniter\View\{closure}()
 8 SYSTEMPATH\Common.php(1178): CodeIgniter\View\View->render('index', [], true)
 9 APPPATH\Controllers\LoginController.php(40): view('index')
10 SYSTEMPATH\CodeIgniter.php(941): App\Controllers\LoginController->index()
11 SYSTEMPATH\CodeIgniter.php(502): CodeIgniter\CodeIgniter->runController(Object(App\Controllers\LoginController))
12 SYSTEMPATH\CodeIgniter.php(361): CodeIgniter\CodeIgniter->handleRequest(null, Object(Config\Cache), false)
13 FCPATH\index.php(79): CodeIgniter\CodeIgniter->run()
14 SYSTEMPATH\Commands\Server\rewrite.php(47): require_once('C:\\laragon\\www\\final_agrismart\\public\\index.php')
CRITICAL - 2024-05-14 16:07:16 --> ErrorException: Undefined variable $trivia
in APPPATH\Views\landing_page_inc\trivias.php on line 12.
 1 APPPATH\Views\landing_page_inc\trivias.php(12): CodeIgniter\Debug\Exceptions->errorHandler(2, 'Undefined variable $trivia', 'C:\\laragon\\www\\final_agrismart\\app\\Views\\landing_page_inc\\trivias.php', 12)
 2 SYSTEMPATH\View\View.php(228): include('C:\\laragon\\www\\final_agrismart\\app\\Views\\landing_page_inc\\trivias.php')
 3 SYSTEMPATH\View\View.php(231): CodeIgniter\View\View->CodeIgniter\View\{closure}()
 4 SYSTEMPATH\View\View.php(469): CodeIgniter\View\View->render('/landing_page_inc/trivias', null, true)
 5 APPPATH\Views\index.php(8): CodeIgniter\View\View->include('/landing_page_inc/trivias')
 6 SYSTEMPATH\View\View.php(228): include('C:\\laragon\\www\\final_agrismart\\app\\Views\\index.php')
 7 SYSTEMPATH\View\View.php(231): CodeIgniter\View\View->CodeIgniter\View\{closure}()
 8 SYSTEMPATH\Common.php(1178): CodeIgniter\View\View->render('index', [], true)
 9 APPPATH\Controllers\LoginController.php(40): view('index')
10 SYSTEMPATH\CodeIgniter.php(941): App\Controllers\LoginController->index()
11 SYSTEMPATH\CodeIgniter.php(502): CodeIgniter\CodeIgniter->runController(Object(App\Controllers\LoginController))
12 SYSTEMPATH\CodeIgniter.php(361): CodeIgniter\CodeIgniter->handleRequest(null, Object(Config\Cache), false)
13 FCPATH\index.php(79): CodeIgniter\CodeIgniter->run()
14 SYSTEMPATH\Commands\Server\rewrite.php(47): require_once('C:\\laragon\\www\\final_agrismart\\public\\index.php')
CRITICAL - 2024-05-14 16:08:30 --> ErrorException: Undefined variable $trivia
in APPPATH\Views\landing_page_inc\trivias.php on line 12.
 1 APPPATH\Views\landing_page_inc\trivias.php(12): CodeIgniter\Debug\Exceptions->errorHandler(2, 'Undefined variable $trivia', 'C:\\laragon\\www\\final_agrismart\\app\\Views\\landing_page_inc\\trivias.php', 12)
 2 SYSTEMPATH\View\View.php(228): include('C:\\laragon\\www\\final_agrismart\\app\\Views\\landing_page_inc\\trivias.php')
 3 SYSTEMPATH\View\View.php(231): CodeIgniter\View\View->CodeIgniter\View\{closure}()
 4 SYSTEMPATH\View\View.php(469): CodeIgniter\View\View->render('/landing_page_inc/trivias', null, true)
 5 APPPATH\Views\index.php(8): CodeIgniter\View\View->include('/landing_page_inc/trivias')
 6 SYSTEMPATH\View\View.php(228): include('C:\\laragon\\www\\final_agrismart\\app\\Views\\index.php')
 7 SYSTEMPATH\View\View.php(231): CodeIgniter\View\View->CodeIgniter\View\{closure}()
 8 SYSTEMPATH\Common.php(1178): CodeIgniter\View\View->render('index', [], true)
 9 APPPATH\Controllers\LoginController.php(40): view('index')
10 SYSTEMPATH\CodeIgniter.php(941): App\Controllers\LoginController->index()
11 SYSTEMPATH\CodeIgniter.php(502): CodeIgniter\CodeIgniter->runController(Object(App\Controllers\LoginController))
12 SYSTEMPATH\CodeIgniter.php(361): CodeIgniter\CodeIgniter->handleRequest(null, Object(Config\Cache), false)
13 FCPATH\index.php(79): CodeIgniter\CodeIgniter->run()
14 SYSTEMPATH\Commands\Server\rewrite.php(47): require_once('C:\\laragon\\www\\final_agrismart\\public\\index.php')
CRITICAL - 2024-05-14 16:11:17 --> ErrorException: Undefined variable $trivia
in APPPATH\Views\landing_page_inc\trivias.php on line 12.
 1 APPPATH\Views\landing_page_inc\trivias.php(12): CodeIgniter\Debug\Exceptions->errorHandler(2, 'Undefined variable $trivia', 'C:\\laragon\\www\\final_agrismart\\app\\Views\\landing_page_inc\\trivias.php', 12)
 2 SYSTEMPATH\View\View.php(228): include('C:\\laragon\\www\\final_agrismart\\app\\Views\\landing_page_inc\\trivias.php')
 3 SYSTEMPATH\View\View.php(231): CodeIgniter\View\View->CodeIgniter\View\{closure}()
 4 SYSTEMPATH\View\View.php(469): CodeIgniter\View\View->render('/landing_page_inc/trivias', null, true)
 5 APPPATH\Views\index.php(8): CodeIgniter\View\View->include('/landing_page_inc/trivias')
 6 SYSTEMPATH\View\View.php(228): include('C:\\laragon\\www\\final_agrismart\\app\\Views\\index.php')
 7 SYSTEMPATH\View\View.php(231): CodeIgniter\View\View->CodeIgniter\View\{closure}()
 8 SYSTEMPATH\Common.php(1178): CodeIgniter\View\View->render('index', [], true)
 9 APPPATH\Controllers\LoginController.php(40): view('index')
10 SYSTEMPATH\CodeIgniter.php(941): App\Controllers\LoginController->index()
11 SYSTEMPATH\CodeIgniter.php(502): CodeIgniter\CodeIgniter->runController(Object(App\Controllers\LoginController))
12 SYSTEMPATH\CodeIgniter.php(361): CodeIgniter\CodeIgniter->handleRequest(null, Object(Config\Cache), false)
13 FCPATH\index.php(79): CodeIgniter\CodeIgniter->run()
14 SYSTEMPATH\Commands\Server\rewrite.php(47): require_once('C:\\laragon\\www\\final_agrismart\\public\\index.php')
CRITICAL - 2024-05-14 16:11:59 --> ErrorException: Undefined variable $trivia
in APPPATH\Views\landing_page_inc\trivias.php on line 12.
 1 APPPATH\Views\landing_page_inc\trivias.php(12): CodeIgniter\Debug\Exceptions->errorHandler(2, 'Undefined variable $trivia', 'C:\\laragon\\www\\final_agrismart\\app\\Views\\landing_page_inc\\trivias.php', 12)
 2 SYSTEMPATH\View\View.php(228): include('C:\\laragon\\www\\final_agrismart\\app\\Views\\landing_page_inc\\trivias.php')
 3 SYSTEMPATH\View\View.php(231): CodeIgniter\View\View->CodeIgniter\View\{closure}()
 4 SYSTEMPATH\View\View.php(469): CodeIgniter\View\View->render('/landing_page_inc/trivias', null, true)
 5 APPPATH\Views\index.php(8): CodeIgniter\View\View->include('/landing_page_inc/trivias')
 6 SYSTEMPATH\View\View.php(228): include('C:\\laragon\\www\\final_agrismart\\app\\Views\\index.php')
 7 SYSTEMPATH\View\View.php(231): CodeIgniter\View\View->CodeIgniter\View\{closure}()
 8 SYSTEMPATH\Common.php(1178): CodeIgniter\View\View->render('index', [], true)
 9 APPPATH\Controllers\LoginController.php(40): view('index')
10 SYSTEMPATH\CodeIgniter.php(941): App\Controllers\LoginController->index()
11 SYSTEMPATH\CodeIgniter.php(502): CodeIgniter\CodeIgniter->runController(Object(App\Controllers\LoginController))
12 SYSTEMPATH\CodeIgniter.php(361): CodeIgniter\CodeIgniter->handleRequest(null, Object(Config\Cache), false)
13 FCPATH\index.php(79): CodeIgniter\CodeIgniter->run()
14 SYSTEMPATH\Commands\Server\rewrite.php(47): require_once('C:\\laragon\\www\\final_agrismart\\public\\index.php')
