ERROR - 2024-04-15 08:00:38 --> mysqli_sql_exception: Unknown column 'barangay_name' in 'where clause' in C:\laragon\www\final_agrismart\system\Database\MySQLi\Connection.php:306
Stack trace:
#0 C:\laragon\www\final_agrismart\system\Database\MySQLi\Connection.php(306): mysqli->query('SELECT SUM(`fie...', 0)
#1 C:\laragon\www\final_agrismart\system\Database\BaseConnection.php(693): CodeIgniter\Database\MySQLi\Connection->execute('SELECT SUM(`fie...')
#2 C:\laragon\www\final_agrismart\system\Database\BaseConnection.php(607): CodeIgniter\Database\BaseConnection->simpleQuery('SELECT SUM(`fie...')
#3 C:\laragon\www\final_agrismart\system\Database\BaseBuilder.php(1616): CodeIgniter\Database\BaseConnection->query('SELECT SUM(`fie...', Array, false)
#4 C:\laragon\www\final_agrismart\system\Model.php(872): CodeIgniter\Database\BaseBuilder->get()
#5 C:\laragon\www\final_agrismart\app\Controllers\DashboardController.php(737): CodeIgniter\Model->__call('get', Array)
#6 C:\laragon\www\final_agrismart\system\CodeIgniter.php(941): App\Controllers\DashboardController->farmermap()
#7 C:\laragon\www\final_agrismart\system\CodeIgniter.php(502): CodeIgniter\CodeIgniter->runController(Object(App\Controllers\DashboardController))
#8 C:\laragon\www\final_agrismart\system\CodeIgniter.php(361): CodeIgniter\CodeIgniter->handleRequest(NULL, Object(Config\Cache), false)
#9 C:\laragon\www\final_agrismart\public\index.php(79): CodeIgniter\CodeIgniter->run()
#10 C:\laragon\www\final_agrismart\system\Commands\Server\rewrite.php(47): require_once('C:\\laragon\\www\\...')
#11 {main}
CRITICAL - 2024-04-15 08:00:38 --> CodeIgniter\Database\Exceptions\DatabaseException: Unknown column 'barangay_name' in 'where clause'
in SYSTEMPATH\Database\BaseConnection.php on line 647.
 1 SYSTEMPATH\Database\BaseBuilder.php(1616): CodeIgniter\Database\BaseConnection->query('SELECT SUM(`field_total_area`) AS `field_total_area`
FROM `fields`
WHERE `barangay_name` = :barangay_name:', [...], false)
 2 SYSTEMPATH\Model.php(872): CodeIgniter\Database\BaseBuilder->get()
 3 APPPATH\Controllers\DashboardController.php(737): CodeIgniter\Model->__call('get', [])
 4 SYSTEMPATH\CodeIgniter.php(941): App\Controllers\DashboardController->farmermap()
 5 SYSTEMPATH\CodeIgniter.php(502): CodeIgniter\CodeIgniter->runController(Object(App\Controllers\DashboardController))
 6 SYSTEMPATH\CodeIgniter.php(361): CodeIgniter\CodeIgniter->handleRequest(null, Object(Config\Cache), false)
 7 FCPATH\index.php(79): CodeIgniter\CodeIgniter->run()
 8 SYSTEMPATH\Commands\Server\rewrite.php(47): require_once('C:\\laragon\\www\\final_agrismart\\public\\index.php')
CRITICAL - 2024-04-15 08:00:38 --> [Caused by] CodeIgniter\Database\Exceptions\DatabaseException: Unknown column 'barangay_name' in 'where clause'
in SYSTEMPATH\Database\MySQLi\Connection.php on line 311.
 1 SYSTEMPATH\Database\BaseConnection.php(693): CodeIgniter\Database\MySQLi\Connection->execute('SELECT SUM(`field_total_area`) AS `field_total_area`
FROM `fields`
WHERE `barangay_name` = \'Santiago\'')
 2 SYSTEMPATH\Database\BaseConnection.php(607): CodeIgniter\Database\BaseConnection->simpleQuery('SELECT SUM(`field_total_area`) AS `field_total_area`
FROM `fields`
WHERE `barangay_name` = \'Santiago\'')
 3 SYSTEMPATH\Database\BaseBuilder.php(1616): CodeIgniter\Database\BaseConnection->query('SELECT SUM(`field_total_area`) AS `field_total_area`
FROM `fields`
WHERE `barangay_name` = :barangay_name:', [...], false)
 4 SYSTEMPATH\Model.php(872): CodeIgniter\Database\BaseBuilder->get()
 5 APPPATH\Controllers\DashboardController.php(737): CodeIgniter\Model->__call('get', [])
 6 SYSTEMPATH\CodeIgniter.php(941): App\Controllers\DashboardController->farmermap()
 7 SYSTEMPATH\CodeIgniter.php(502): CodeIgniter\CodeIgniter->runController(Object(App\Controllers\DashboardController))
 8 SYSTEMPATH\CodeIgniter.php(361): CodeIgniter\CodeIgniter->handleRequest(null, Object(Config\Cache), false)
 9 FCPATH\index.php(79): CodeIgniter\CodeIgniter->run()
10 SYSTEMPATH\Commands\Server\rewrite.php(47): require_once('C:\\laragon\\www\\final_agrismart\\public\\index.php')
CRITICAL - 2024-04-15 08:00:38 --> [Caused by] mysqli_sql_exception: Unknown column 'barangay_name' in 'where clause'
in SYSTEMPATH\Database\MySQLi\Connection.php on line 306.
 1 SYSTEMPATH\Database\MySQLi\Connection.php(306): mysqli->query('SELECT SUM(`field_total_area`) AS `field_total_area`
FROM `fields`
WHERE `barangay_name` = \'Santiago\'', 0)
 2 SYSTEMPATH\Database\BaseConnection.php(693): CodeIgniter\Database\MySQLi\Connection->execute('SELECT SUM(`field_total_area`) AS `field_total_area`
FROM `fields`
WHERE `barangay_name` = \'Santiago\'')
 3 SYSTEMPATH\Database\BaseConnection.php(607): CodeIgniter\Database\BaseConnection->simpleQuery('SELECT SUM(`field_total_area`) AS `field_total_area`
FROM `fields`
WHERE `barangay_name` = \'Santiago\'')
 4 SYSTEMPATH\Database\BaseBuilder.php(1616): CodeIgniter\Database\BaseConnection->query('SELECT SUM(`field_total_area`) AS `field_total_area`
FROM `fields`
WHERE `barangay_name` = :barangay_name:', [...], false)
 5 SYSTEMPATH\Model.php(872): CodeIgniter\Database\BaseBuilder->get()
 6 APPPATH\Controllers\DashboardController.php(737): CodeIgniter\Model->__call('get', [])
 7 SYSTEMPATH\CodeIgniter.php(941): App\Controllers\DashboardController->farmermap()
 8 SYSTEMPATH\CodeIgniter.php(502): CodeIgniter\CodeIgniter->runController(Object(App\Controllers\DashboardController))
 9 SYSTEMPATH\CodeIgniter.php(361): CodeIgniter\CodeIgniter->handleRequest(null, Object(Config\Cache), false)
10 FCPATH\index.php(79): CodeIgniter\CodeIgniter->run()
11 SYSTEMPATH\Commands\Server\rewrite.php(47): require_once('C:\\laragon\\www\\final_agrismart\\public\\index.php')
ERROR - 2024-04-15 08:00:54 --> mysqli_sql_exception: Unknown column 'address' in 'where clause' in C:\laragon\www\final_agrismart\system\Database\MySQLi\Connection.php:306
Stack trace:
#0 C:\laragon\www\final_agrismart\system\Database\MySQLi\Connection.php(306): mysqli->query('SELECT SUM(`fie...', 0)
#1 C:\laragon\www\final_agrismart\system\Database\BaseConnection.php(693): CodeIgniter\Database\MySQLi\Connection->execute('SELECT SUM(`fie...')
#2 C:\laragon\www\final_agrismart\system\Database\BaseConnection.php(607): CodeIgniter\Database\BaseConnection->simpleQuery('SELECT SUM(`fie...')
#3 C:\laragon\www\final_agrismart\system\Database\BaseBuilder.php(1616): CodeIgniter\Database\BaseConnection->query('SELECT SUM(`fie...', Array, false)
#4 C:\laragon\www\final_agrismart\system\Model.php(872): CodeIgniter\Database\BaseBuilder->get()
#5 C:\laragon\www\final_agrismart\app\Controllers\DashboardController.php(737): CodeIgniter\Model->__call('get', Array)
#6 C:\laragon\www\final_agrismart\system\CodeIgniter.php(941): App\Controllers\DashboardController->farmermap()
#7 C:\laragon\www\final_agrismart\system\CodeIgniter.php(502): CodeIgniter\CodeIgniter->runController(Object(App\Controllers\DashboardController))
#8 C:\laragon\www\final_agrismart\system\CodeIgniter.php(361): CodeIgniter\CodeIgniter->handleRequest(NULL, Object(Config\Cache), false)
#9 C:\laragon\www\final_agrismart\public\index.php(79): CodeIgniter\CodeIgniter->run()
#10 C:\laragon\www\final_agrismart\system\Commands\Server\rewrite.php(47): require_once('C:\\laragon\\www\\...')
#11 {main}
CRITICAL - 2024-04-15 08:00:54 --> CodeIgniter\Database\Exceptions\DatabaseException: Unknown column 'address' in 'where clause'
in SYSTEMPATH\Database\BaseConnection.php on line 647.
 1 SYSTEMPATH\Database\BaseBuilder.php(1616): CodeIgniter\Database\BaseConnection->query('SELECT SUM(`field_total_area`) AS `field_total_area`
FROM `fields`
WHERE `address` = :address:', [...], false)
 2 SYSTEMPATH\Model.php(872): CodeIgniter\Database\BaseBuilder->get()
 3 APPPATH\Controllers\DashboardController.php(737): CodeIgniter\Model->__call('get', [])
 4 SYSTEMPATH\CodeIgniter.php(941): App\Controllers\DashboardController->farmermap()
 5 SYSTEMPATH\CodeIgniter.php(502): CodeIgniter\CodeIgniter->runController(Object(App\Controllers\DashboardController))
 6 SYSTEMPATH\CodeIgniter.php(361): CodeIgniter\CodeIgniter->handleRequest(null, Object(Config\Cache), false)
 7 FCPATH\index.php(79): CodeIgniter\CodeIgniter->run()
 8 SYSTEMPATH\Commands\Server\rewrite.php(47): require_once('C:\\laragon\\www\\final_agrismart\\public\\index.php')
CRITICAL - 2024-04-15 08:00:54 --> [Caused by] CodeIgniter\Database\Exceptions\DatabaseException: Unknown column 'address' in 'where clause'
in SYSTEMPATH\Database\MySQLi\Connection.php on line 311.
 1 SYSTEMPATH\Database\BaseConnection.php(693): CodeIgniter\Database\MySQLi\Connection->execute('SELECT SUM(`field_total_area`) AS `field_total_area`
FROM `fields`
WHERE `address` = \'Santiago\'')
 2 SYSTEMPATH\Database\BaseConnection.php(607): CodeIgniter\Database\BaseConnection->simpleQuery('SELECT SUM(`field_total_area`) AS `field_total_area`
FROM `fields`
WHERE `address` = \'Santiago\'')
 3 SYSTEMPATH\Database\BaseBuilder.php(1616): CodeIgniter\Database\BaseConnection->query('SELECT SUM(`field_total_area`) AS `field_total_area`
FROM `fields`
WHERE `address` = :address:', [...], false)
 4 SYSTEMPATH\Model.php(872): CodeIgniter\Database\BaseBuilder->get()
 5 APPPATH\Controllers\DashboardController.php(737): CodeIgniter\Model->__call('get', [])
 6 SYSTEMPATH\CodeIgniter.php(941): App\Controllers\DashboardController->farmermap()
 7 SYSTEMPATH\CodeIgniter.php(502): CodeIgniter\CodeIgniter->runController(Object(App\Controllers\DashboardController))
 8 SYSTEMPATH\CodeIgniter.php(361): CodeIgniter\CodeIgniter->handleRequest(null, Object(Config\Cache), false)
 9 FCPATH\index.php(79): CodeIgniter\CodeIgniter->run()
10 SYSTEMPATH\Commands\Server\rewrite.php(47): require_once('C:\\laragon\\www\\final_agrismart\\public\\index.php')
CRITICAL - 2024-04-15 08:00:54 --> [Caused by] mysqli_sql_exception: Unknown column 'address' in 'where clause'
in SYSTEMPATH\Database\MySQLi\Connection.php on line 306.
 1 SYSTEMPATH\Database\MySQLi\Connection.php(306): mysqli->query('SELECT SUM(`field_total_area`) AS `field_total_area`
FROM `fields`
WHERE `address` = \'Santiago\'', 0)
 2 SYSTEMPATH\Database\BaseConnection.php(693): CodeIgniter\Database\MySQLi\Connection->execute('SELECT SUM(`field_total_area`) AS `field_total_area`
FROM `fields`
WHERE `address` = \'Santiago\'')
 3 SYSTEMPATH\Database\BaseConnection.php(607): CodeIgniter\Database\BaseConnection->simpleQuery('SELECT SUM(`field_total_area`) AS `field_total_area`
FROM `fields`
WHERE `address` = \'Santiago\'')
 4 SYSTEMPATH\Database\BaseBuilder.php(1616): CodeIgniter\Database\BaseConnection->query('SELECT SUM(`field_total_area`) AS `field_total_area`
FROM `fields`
WHERE `address` = :address:', [...], false)
 5 SYSTEMPATH\Model.php(872): CodeIgniter\Database\BaseBuilder->get()
 6 APPPATH\Controllers\DashboardController.php(737): CodeIgniter\Model->__call('get', [])
 7 SYSTEMPATH\CodeIgniter.php(941): App\Controllers\DashboardController->farmermap()
 8 SYSTEMPATH\CodeIgniter.php(502): CodeIgniter\CodeIgniter->runController(Object(App\Controllers\DashboardController))
 9 SYSTEMPATH\CodeIgniter.php(361): CodeIgniter\CodeIgniter->handleRequest(null, Object(Config\Cache), false)
10 FCPATH\index.php(79): CodeIgniter\CodeIgniter->run()
11 SYSTEMPATH\Commands\Server\rewrite.php(47): require_once('C:\\laragon\\www\\final_agrismart\\public\\index.php')
CRITICAL - 2024-04-15 08:01:25 --> ErrorException: Undefined variable $varietyData
in APPPATH\Views\dashboard\main-map.php on line 392.
 1 APPPATH\Views\dashboard\main-map.php(392): CodeIgniter\Debug\Exceptions->errorHandler(2, 'Undefined variable $varietyData', 'C:\\laragon\\www\\final_agrismart\\app\\Views\\dashboard\\main-map.php', 392)
 2 SYSTEMPATH\View\View.php(228): include('C:\\laragon\\www\\final_agrismart\\app\\Views\\dashboard\\main-map.php')
 3 SYSTEMPATH\View\View.php(231): CodeIgniter\View\View->CodeIgniter\View\{closure}()
 4 SYSTEMPATH\View\View.php(469): CodeIgniter\View\View->render('/dashboard/main-map', null, true)
 5 APPPATH\Views\userfolder\map.php(52): CodeIgniter\View\View->include('/dashboard/main-map')
 6 SYSTEMPATH\View\View.php(228): include('C:\\laragon\\www\\final_agrismart\\app\\Views\\userfolder\\map.php')
 7 SYSTEMPATH\View\View.php(231): CodeIgniter\View\View->CodeIgniter\View\{closure}()
 8 SYSTEMPATH\Common.php(1178): CodeIgniter\View\View->render('userfolder/map', [], true)
 9 APPPATH\Controllers\DashboardController.php(759): view('userfolder/map', [...])
10 SYSTEMPATH\CodeIgniter.php(941): App\Controllers\DashboardController->farmermap()
11 SYSTEMPATH\CodeIgniter.php(502): CodeIgniter\CodeIgniter->runController(Object(App\Controllers\DashboardController))
12 SYSTEMPATH\CodeIgniter.php(361): CodeIgniter\CodeIgniter->handleRequest(null, Object(Config\Cache), false)
13 FCPATH\index.php(79): CodeIgniter\CodeIgniter->run()
14 SYSTEMPATH\Commands\Server\rewrite.php(47): require_once('C:\\laragon\\www\\final_agrismart\\public\\index.php')
CRITICAL - 2024-04-15 08:09:36 --> ErrorException: Attempt to read property "field_total_area" on null
in APPPATH\Controllers\DashboardController.php on line 738.
 1 APPPATH\Controllers\DashboardController.php(738): CodeIgniter\Debug\Exceptions->errorHandler(2, 'Attempt to read property "field_total_area" on null', 'C:\\laragon\\www\\final_agrismart\\app\\Controllers\\DashboardController.php', 738)
 2 SYSTEMPATH\CodeIgniter.php(941): App\Controllers\DashboardController->farmermap()
 3 SYSTEMPATH\CodeIgniter.php(502): CodeIgniter\CodeIgniter->runController(Object(App\Controllers\DashboardController))
 4 SYSTEMPATH\CodeIgniter.php(361): CodeIgniter\CodeIgniter->handleRequest(null, Object(Config\Cache), false)
 5 FCPATH\index.php(79): CodeIgniter\CodeIgniter->run()
 6 SYSTEMPATH\Commands\Server\rewrite.php(47): require_once('C:\\laragon\\www\\final_agrismart\\public\\index.php')
CRITICAL - 2024-04-15 08:13:36 --> ParseError: syntax error, unexpected token "public", expecting ";" or "{"
in APPPATH\Controllers\DashboardController.php on line 724.
 1 SYSTEMPATH\Autoloader\Autoloader.php(290): CodeIgniter\Autoloader\Autoloader->includeFile('C:\\laragon\\www\\final_agrismart\\app\\Controllers\\DashboardController.php')
 2 SYSTEMPATH\Autoloader\Autoloader.php(266): CodeIgniter\Autoloader\Autoloader->loadInNamespace('App\\Controllers\\DashboardController')
 3 [internal function]: CodeIgniter\Autoloader\Autoloader->loadClass('App\\Controllers\\DashboardController')
 4 SYSTEMPATH\CodeIgniter.php(899): class_exists('\\App\\Controllers\\DashboardController', true)
 5 SYSTEMPATH\CodeIgniter.php(489): CodeIgniter\CodeIgniter->startController()
 6 SYSTEMPATH\CodeIgniter.php(361): CodeIgniter\CodeIgniter->handleRequest(null, Object(Config\Cache), false)
 7 FCPATH\index.php(79): CodeIgniter\CodeIgniter->run()
 8 SYSTEMPATH\Commands\Server\rewrite.php(47): require_once('C:\\laragon\\www\\final_agrismart\\public\\index.php')
ERROR - 2024-04-15 10:27:35 --> Failed login attempt for non-existent user: Rico Malimata
CRITICAL - 2024-04-15 11:36:41 --> ErrorException: Undefined variable $expense
in APPPATH\Views\dashboard\main-jobs.php on line 39.
 1 APPPATH\Views\dashboard\main-jobs.php(39): CodeIgniter\Debug\Exceptions->errorHandler(2, 'Undefined variable $expense', 'C:\\laragon\\www\\final_agrismart\\app\\Views\\dashboard\\main-jobs.php', 39)
 2 SYSTEMPATH\View\View.php(228): include('C:\\laragon\\www\\final_agrismart\\app\\Views\\dashboard\\main-jobs.php')
 3 SYSTEMPATH\View\View.php(231): CodeIgniter\View\View->CodeIgniter\View\{closure}()
 4 SYSTEMPATH\View\View.php(469): CodeIgniter\View\View->render('/dashboard/main-jobs', null, true)
 5 APPPATH\Views\userfolder\jobs.php(5): CodeIgniter\View\View->include('/dashboard/main-jobs')
 6 SYSTEMPATH\View\View.php(228): include('C:\\laragon\\www\\final_agrismart\\app\\Views\\userfolder\\jobs.php')
 7 SYSTEMPATH\View\View.php(231): CodeIgniter\View\View->CodeIgniter\View\{closure}()
 8 SYSTEMPATH\Common.php(1178): CodeIgniter\View\View->render('userfolder/jobs', [], true)
 9 APPPATH\Controllers\DashboardController.php(335): view('userfolder/jobs', [...])
10 SYSTEMPATH\CodeIgniter.php(941): App\Controllers\DashboardController->addnewjob()
11 SYSTEMPATH\CodeIgniter.php(502): CodeIgniter\CodeIgniter->runController(Object(App\Controllers\DashboardController))
12 SYSTEMPATH\CodeIgniter.php(361): CodeIgniter\CodeIgniter->handleRequest(null, Object(Config\Cache), false)
13 FCPATH\index.php(79): CodeIgniter\CodeIgniter->run()
14 SYSTEMPATH\Commands\Server\rewrite.php(47): require_once('C:\\laragon\\www\\final_agrismart\\public\\index.php')
