ERROR - 2024-07-29 01:43:42 --> mysqli_sql_exception: Unknown column 'dis_name' in 'where clause' in C:\laragon\www\final_agrismart\system\Database\MySQLi\Connection.php:306
Stack trace:
#0 C:\laragon\www\final_agrismart\system\Database\MySQLi\Connection.php(306): mysqli->query('SELECT *\nFROM `...', 0)
#1 C:\laragon\www\final_agrismart\system\Database\BaseConnection.php(693): CodeIgniter\Database\MySQLi\Connection->execute('SELECT *\nFROM `...')
#2 C:\laragon\www\final_agrismart\system\Database\BaseConnection.php(607): CodeIgniter\Database\BaseConnection->simpleQuery('SELECT *\nFROM `...')
#3 C:\laragon\www\final_agrismart\system\Database\BaseBuilder.php(1616): CodeIgniter\Database\BaseConnection->query('SELECT *\nFROM `...', Array, false)
#4 C:\laragon\www\final_agrismart\system\Model.php(242): CodeIgniter\Database\BaseBuilder->get()
#5 C:\laragon\www\final_agrismart\system\BaseModel.php(638): CodeIgniter\Model->doFindAll(0, 0)
#6 C:\laragon\www\final_agrismart\app\Controllers\DashboardController.php(1263): CodeIgniter\BaseModel->findAll()
#7 C:\laragon\www\final_agrismart\system\CodeIgniter.php(941): App\Controllers\DashboardController->searchUserDisease()
#8 C:\laragon\www\final_agrismart\system\CodeIgniter.php(502): CodeIgniter\CodeIgniter->runController(Object(App\Controllers\DashboardController))
#9 C:\laragon\www\final_agrismart\system\CodeIgniter.php(361): CodeIgniter\CodeIgniter->handleRequest(NULL, Object(Config\Cache), false)
#10 C:\laragon\www\final_agrismart\public\index.php(79): CodeIgniter\CodeIgniter->run()
#11 C:\laragon\www\final_agrismart\system\Commands\Server\rewrite.php(47): require_once('C:\\laragon\\www\\...')
#12 {main}
CRITICAL - 2024-07-29 01:43:42 --> CodeIgniter\Database\Exceptions\DatabaseException: Unknown column 'dis_name' in 'where clause'
in SYSTEMPATH\Database\BaseConnection.php on line 647.
 1 SYSTEMPATH\Database\BaseBuilder.php(1616): CodeIgniter\Database\BaseConnection->query('SELECT *
FROM `pest`
WHERE `dis_name` LIKE :dis_name: ESCAPE \'!\'', [...], false)
 2 SYSTEMPATH\Model.php(242): CodeIgniter\Database\BaseBuilder->get()
 3 SYSTEMPATH\BaseModel.php(638): CodeIgniter\Model->doFindAll(0, 0)
 4 APPPATH\Controllers\DashboardController.php(1263): CodeIgniter\BaseModel->findAll()
 5 SYSTEMPATH\CodeIgniter.php(941): App\Controllers\DashboardController->searchUserDisease()
 6 SYSTEMPATH\CodeIgniter.php(502): CodeIgniter\CodeIgniter->runController(Object(App\Controllers\DashboardController))
 7 SYSTEMPATH\CodeIgniter.php(361): CodeIgniter\CodeIgniter->handleRequest(null, Object(Config\Cache), false)
 8 FCPATH\index.php(79): CodeIgniter\CodeIgniter->run()
 9 SYSTEMPATH\Commands\Server\rewrite.php(47): require_once('C:\\laragon\\www\\final_agrismart\\public\\index.php')
CRITICAL - 2024-07-29 01:43:42 --> [Caused by] CodeIgniter\Database\Exceptions\DatabaseException: Unknown column 'dis_name' in 'where clause'
in SYSTEMPATH\Database\MySQLi\Connection.php on line 311.
 1 SYSTEMPATH\Database\BaseConnection.php(693): CodeIgniter\Database\MySQLi\Connection->execute('SELECT *
FROM `pest`
WHERE `dis_name` LIKE \'%Abella%\' ESCAPE \'!\'')
 2 SYSTEMPATH\Database\BaseConnection.php(607): CodeIgniter\Database\BaseConnection->simpleQuery('SELECT *
FROM `pest`
WHERE `dis_name` LIKE \'%Abella%\' ESCAPE \'!\'')
 3 SYSTEMPATH\Database\BaseBuilder.php(1616): CodeIgniter\Database\BaseConnection->query('SELECT *
FROM `pest`
WHERE `dis_name` LIKE :dis_name: ESCAPE \'!\'', [...], false)
 4 SYSTEMPATH\Model.php(242): CodeIgniter\Database\BaseBuilder->get()
 5 SYSTEMPATH\BaseModel.php(638): CodeIgniter\Model->doFindAll(0, 0)
 6 APPPATH\Controllers\DashboardController.php(1263): CodeIgniter\BaseModel->findAll()
 7 SYSTEMPATH\CodeIgniter.php(941): App\Controllers\DashboardController->searchUserDisease()
 8 SYSTEMPATH\CodeIgniter.php(502): CodeIgniter\CodeIgniter->runController(Object(App\Controllers\DashboardController))
 9 SYSTEMPATH\CodeIgniter.php(361): CodeIgniter\CodeIgniter->handleRequest(null, Object(Config\Cache), false)
10 FCPATH\index.php(79): CodeIgniter\CodeIgniter->run()
11 SYSTEMPATH\Commands\Server\rewrite.php(47): require_once('C:\\laragon\\www\\final_agrismart\\public\\index.php')
CRITICAL - 2024-07-29 01:43:42 --> [Caused by] mysqli_sql_exception: Unknown column 'dis_name' in 'where clause'
in SYSTEMPATH\Database\MySQLi\Connection.php on line 306.
 1 SYSTEMPATH\Database\MySQLi\Connection.php(306): mysqli->query('SELECT *
FROM `pest`
WHERE `dis_name` LIKE \'%Abella%\' ESCAPE \'!\'', 0)
 2 SYSTEMPATH\Database\BaseConnection.php(693): CodeIgniter\Database\MySQLi\Connection->execute('SELECT *
FROM `pest`
WHERE `dis_name` LIKE \'%Abella%\' ESCAPE \'!\'')
 3 SYSTEMPATH\Database\BaseConnection.php(607): CodeIgniter\Database\BaseConnection->simpleQuery('SELECT *
FROM `pest`
WHERE `dis_name` LIKE \'%Abella%\' ESCAPE \'!\'')
 4 SYSTEMPATH\Database\BaseBuilder.php(1616): CodeIgniter\Database\BaseConnection->query('SELECT *
FROM `pest`
WHERE `dis_name` LIKE :dis_name: ESCAPE \'!\'', [...], false)
 5 SYSTEMPATH\Model.php(242): CodeIgniter\Database\BaseBuilder->get()
 6 SYSTEMPATH\BaseModel.php(638): CodeIgniter\Model->doFindAll(0, 0)
 7 APPPATH\Controllers\DashboardController.php(1263): CodeIgniter\BaseModel->findAll()
 8 SYSTEMPATH\CodeIgniter.php(941): App\Controllers\DashboardController->searchUserDisease()
 9 SYSTEMPATH\CodeIgniter.php(502): CodeIgniter\CodeIgniter->runController(Object(App\Controllers\DashboardController))
10 SYSTEMPATH\CodeIgniter.php(361): CodeIgniter\CodeIgniter->handleRequest(null, Object(Config\Cache), false)
11 FCPATH\index.php(79): CodeIgniter\CodeIgniter->run()
12 SYSTEMPATH\Commands\Server\rewrite.php(47): require_once('C:\\laragon\\www\\final_agrismart\\public\\index.php')
ERROR - 2024-07-29 01:46:46 --> mysqli_sql_exception: Unknown column 'dis_name' in 'where clause' in C:\laragon\www\final_agrismart\system\Database\MySQLi\Connection.php:306
Stack trace:
#0 C:\laragon\www\final_agrismart\system\Database\MySQLi\Connection.php(306): mysqli->query('SELECT *\nFROM `...', 0)
#1 C:\laragon\www\final_agrismart\system\Database\BaseConnection.php(693): CodeIgniter\Database\MySQLi\Connection->execute('SELECT *\nFROM `...')
#2 C:\laragon\www\final_agrismart\system\Database\BaseConnection.php(607): CodeIgniter\Database\BaseConnection->simpleQuery('SELECT *\nFROM `...')
#3 C:\laragon\www\final_agrismart\system\Database\BaseBuilder.php(1616): CodeIgniter\Database\BaseConnection->query('SELECT *\nFROM `...', Array, false)
#4 C:\laragon\www\final_agrismart\system\Model.php(242): CodeIgniter\Database\BaseBuilder->get()
#5 C:\laragon\www\final_agrismart\system\BaseModel.php(638): CodeIgniter\Model->doFindAll(0, 0)
#6 C:\laragon\www\final_agrismart\app\Controllers\DashboardController.php(1265): CodeIgniter\BaseModel->findAll()
#7 C:\laragon\www\final_agrismart\system\CodeIgniter.php(941): App\Controllers\DashboardController->searchUserDisease()
#8 C:\laragon\www\final_agrismart\system\CodeIgniter.php(502): CodeIgniter\CodeIgniter->runController(Object(App\Controllers\DashboardController))
#9 C:\laragon\www\final_agrismart\system\CodeIgniter.php(361): CodeIgniter\CodeIgniter->handleRequest(NULL, Object(Config\Cache), false)
#10 C:\laragon\www\final_agrismart\public\index.php(79): CodeIgniter\CodeIgniter->run()
#11 C:\laragon\www\final_agrismart\system\Commands\Server\rewrite.php(47): require_once('C:\\laragon\\www\\...')
#12 {main}
CRITICAL - 2024-07-29 01:46:46 --> CodeIgniter\Database\Exceptions\DatabaseException: Unknown column 'dis_name' in 'where clause'
in SYSTEMPATH\Database\BaseConnection.php on line 647.
 1 SYSTEMPATH\Database\BaseBuilder.php(1616): CodeIgniter\Database\BaseConnection->query('SELECT *
FROM `pest`
WHERE `dis_name` LIKE :dis_name: ESCAPE \'!\'
AND `user_id` = :user_id:', [...], false)
 2 SYSTEMPATH\Model.php(242): CodeIgniter\Database\BaseBuilder->get()
 3 SYSTEMPATH\BaseModel.php(638): CodeIgniter\Model->doFindAll(0, 0)
 4 APPPATH\Controllers\DashboardController.php(1265): CodeIgniter\BaseModel->findAll()
 5 SYSTEMPATH\CodeIgniter.php(941): App\Controllers\DashboardController->searchUserDisease()
 6 SYSTEMPATH\CodeIgniter.php(502): CodeIgniter\CodeIgniter->runController(Object(App\Controllers\DashboardController))
 7 SYSTEMPATH\CodeIgniter.php(361): CodeIgniter\CodeIgniter->handleRequest(null, Object(Config\Cache), false)
 8 FCPATH\index.php(79): CodeIgniter\CodeIgniter->run()
 9 SYSTEMPATH\Commands\Server\rewrite.php(47): require_once('C:\\laragon\\www\\final_agrismart\\public\\index.php')
CRITICAL - 2024-07-29 01:46:46 --> [Caused by] CodeIgniter\Database\Exceptions\DatabaseException: Unknown column 'dis_name' in 'where clause'
in SYSTEMPATH\Database\MySQLi\Connection.php on line 311.
 1 SYSTEMPATH\Database\BaseConnection.php(693): CodeIgniter\Database\MySQLi\Connection->execute('SELECT *
FROM `pest`
WHERE `dis_name` LIKE \'%df%\' ESCAPE \'!\'
AND `user_id` = \'3\'')
 2 SYSTEMPATH\Database\BaseConnection.php(607): CodeIgniter\Database\BaseConnection->simpleQuery('SELECT *
FROM `pest`
WHERE `dis_name` LIKE \'%df%\' ESCAPE \'!\'
AND `user_id` = \'3\'')
 3 SYSTEMPATH\Database\BaseBuilder.php(1616): CodeIgniter\Database\BaseConnection->query('SELECT *
FROM `pest`
WHERE `dis_name` LIKE :dis_name: ESCAPE \'!\'
AND `user_id` = :user_id:', [...], false)
 4 SYSTEMPATH\Model.php(242): CodeIgniter\Database\BaseBuilder->get()
 5 SYSTEMPATH\BaseModel.php(638): CodeIgniter\Model->doFindAll(0, 0)
 6 APPPATH\Controllers\DashboardController.php(1265): CodeIgniter\BaseModel->findAll()
 7 SYSTEMPATH\CodeIgniter.php(941): App\Controllers\DashboardController->searchUserDisease()
 8 SYSTEMPATH\CodeIgniter.php(502): CodeIgniter\CodeIgniter->runController(Object(App\Controllers\DashboardController))
 9 SYSTEMPATH\CodeIgniter.php(361): CodeIgniter\CodeIgniter->handleRequest(null, Object(Config\Cache), false)
10 FCPATH\index.php(79): CodeIgniter\CodeIgniter->run()
11 SYSTEMPATH\Commands\Server\rewrite.php(47): require_once('C:\\laragon\\www\\final_agrismart\\public\\index.php')
CRITICAL - 2024-07-29 01:46:46 --> [Caused by] mysqli_sql_exception: Unknown column 'dis_name' in 'where clause'
in SYSTEMPATH\Database\MySQLi\Connection.php on line 306.
 1 SYSTEMPATH\Database\MySQLi\Connection.php(306): mysqli->query('SELECT *
FROM `pest`
WHERE `dis_name` LIKE \'%df%\' ESCAPE \'!\'
AND `user_id` = \'3\'', 0)
 2 SYSTEMPATH\Database\BaseConnection.php(693): CodeIgniter\Database\MySQLi\Connection->execute('SELECT *
FROM `pest`
WHERE `dis_name` LIKE \'%df%\' ESCAPE \'!\'
AND `user_id` = \'3\'')
 3 SYSTEMPATH\Database\BaseConnection.php(607): CodeIgniter\Database\BaseConnection->simpleQuery('SELECT *
FROM `pest`
WHERE `dis_name` LIKE \'%df%\' ESCAPE \'!\'
AND `user_id` = \'3\'')
 4 SYSTEMPATH\Database\BaseBuilder.php(1616): CodeIgniter\Database\BaseConnection->query('SELECT *
FROM `pest`
WHERE `dis_name` LIKE :dis_name: ESCAPE \'!\'
AND `user_id` = :user_id:', [...], false)
 5 SYSTEMPATH\Model.php(242): CodeIgniter\Database\BaseBuilder->get()
 6 SYSTEMPATH\BaseModel.php(638): CodeIgniter\Model->doFindAll(0, 0)
 7 APPPATH\Controllers\DashboardController.php(1265): CodeIgniter\BaseModel->findAll()
 8 SYSTEMPATH\CodeIgniter.php(941): App\Controllers\DashboardController->searchUserDisease()
 9 SYSTEMPATH\CodeIgniter.php(502): CodeIgniter\CodeIgniter->runController(Object(App\Controllers\DashboardController))
10 SYSTEMPATH\CodeIgniter.php(361): CodeIgniter\CodeIgniter->handleRequest(null, Object(Config\Cache), false)
11 FCPATH\index.php(79): CodeIgniter\CodeIgniter->run()
12 SYSTEMPATH\Commands\Server\rewrite.php(47): require_once('C:\\laragon\\www\\final_agrismart\\public\\index.php')
ERROR - 2024-07-29 01:47:36 --> mysqli_sql_exception: Unknown column 'dis_name' in 'where clause' in C:\laragon\www\final_agrismart\system\Database\MySQLi\Connection.php:306
Stack trace:
#0 C:\laragon\www\final_agrismart\system\Database\MySQLi\Connection.php(306): mysqli->query('SELECT *\nFROM `...', 0)
#1 C:\laragon\www\final_agrismart\system\Database\BaseConnection.php(693): CodeIgniter\Database\MySQLi\Connection->execute('SELECT *\nFROM `...')
#2 C:\laragon\www\final_agrismart\system\Database\BaseConnection.php(607): CodeIgniter\Database\BaseConnection->simpleQuery('SELECT *\nFROM `...')
#3 C:\laragon\www\final_agrismart\system\Database\BaseBuilder.php(1616): CodeIgniter\Database\BaseConnection->query('SELECT *\nFROM `...', Array, false)
#4 C:\laragon\www\final_agrismart\system\Model.php(242): CodeIgniter\Database\BaseBuilder->get()
#5 C:\laragon\www\final_agrismart\system\BaseModel.php(638): CodeIgniter\Model->doFindAll(0, 0)
#6 C:\laragon\www\final_agrismart\app\Controllers\DashboardController.php(1265): CodeIgniter\BaseModel->findAll()
#7 C:\laragon\www\final_agrismart\system\CodeIgniter.php(941): App\Controllers\DashboardController->searchUserDisease()
#8 C:\laragon\www\final_agrismart\system\CodeIgniter.php(502): CodeIgniter\CodeIgniter->runController(Object(App\Controllers\DashboardController))
#9 C:\laragon\www\final_agrismart\system\CodeIgniter.php(361): CodeIgniter\CodeIgniter->handleRequest(NULL, Object(Config\Cache), false)
#10 C:\laragon\www\final_agrismart\public\index.php(79): CodeIgniter\CodeIgniter->run()
#11 C:\laragon\www\final_agrismart\system\Commands\Server\rewrite.php(47): require_once('C:\\laragon\\www\\...')
#12 {main}
CRITICAL - 2024-07-29 01:47:36 --> CodeIgniter\Database\Exceptions\DatabaseException: Unknown column 'dis_name' in 'where clause'
in SYSTEMPATH\Database\BaseConnection.php on line 647.
 1 SYSTEMPATH\Database\BaseBuilder.php(1616): CodeIgniter\Database\BaseConnection->query('SELECT *
FROM `pest`
WHERE `dis_name` LIKE :dis_name: ESCAPE \'!\'
AND `user_id` = :user_id:', [...], false)
 2 SYSTEMPATH\Model.php(242): CodeIgniter\Database\BaseBuilder->get()
 3 SYSTEMPATH\BaseModel.php(638): CodeIgniter\Model->doFindAll(0, 0)
 4 APPPATH\Controllers\DashboardController.php(1265): CodeIgniter\BaseModel->findAll()
 5 SYSTEMPATH\CodeIgniter.php(941): App\Controllers\DashboardController->searchUserDisease()
 6 SYSTEMPATH\CodeIgniter.php(502): CodeIgniter\CodeIgniter->runController(Object(App\Controllers\DashboardController))
 7 SYSTEMPATH\CodeIgniter.php(361): CodeIgniter\CodeIgniter->handleRequest(null, Object(Config\Cache), false)
 8 FCPATH\index.php(79): CodeIgniter\CodeIgniter->run()
 9 SYSTEMPATH\Commands\Server\rewrite.php(47): require_once('C:\\laragon\\www\\final_agrismart\\public\\index.php')
CRITICAL - 2024-07-29 01:47:36 --> [Caused by] CodeIgniter\Database\Exceptions\DatabaseException: Unknown column 'dis_name' in 'where clause'
in SYSTEMPATH\Database\MySQLi\Connection.php on line 311.
 1 SYSTEMPATH\Database\BaseConnection.php(693): CodeIgniter\Database\MySQLi\Connection->execute('SELECT *
FROM `pest`
WHERE `dis_name` LIKE \'%df%\' ESCAPE \'!\'
AND `user_id` = \'3\'')
 2 SYSTEMPATH\Database\BaseConnection.php(607): CodeIgniter\Database\BaseConnection->simpleQuery('SELECT *
FROM `pest`
WHERE `dis_name` LIKE \'%df%\' ESCAPE \'!\'
AND `user_id` = \'3\'')
 3 SYSTEMPATH\Database\BaseBuilder.php(1616): CodeIgniter\Database\BaseConnection->query('SELECT *
FROM `pest`
WHERE `dis_name` LIKE :dis_name: ESCAPE \'!\'
AND `user_id` = :user_id:', [...], false)
 4 SYSTEMPATH\Model.php(242): CodeIgniter\Database\BaseBuilder->get()
 5 SYSTEMPATH\BaseModel.php(638): CodeIgniter\Model->doFindAll(0, 0)
 6 APPPATH\Controllers\DashboardController.php(1265): CodeIgniter\BaseModel->findAll()
 7 SYSTEMPATH\CodeIgniter.php(941): App\Controllers\DashboardController->searchUserDisease()
 8 SYSTEMPATH\CodeIgniter.php(502): CodeIgniter\CodeIgniter->runController(Object(App\Controllers\DashboardController))
 9 SYSTEMPATH\CodeIgniter.php(361): CodeIgniter\CodeIgniter->handleRequest(null, Object(Config\Cache), false)
10 FCPATH\index.php(79): CodeIgniter\CodeIgniter->run()
11 SYSTEMPATH\Commands\Server\rewrite.php(47): require_once('C:\\laragon\\www\\final_agrismart\\public\\index.php')
CRITICAL - 2024-07-29 01:47:36 --> [Caused by] mysqli_sql_exception: Unknown column 'dis_name' in 'where clause'
in SYSTEMPATH\Database\MySQLi\Connection.php on line 306.
 1 SYSTEMPATH\Database\MySQLi\Connection.php(306): mysqli->query('SELECT *
FROM `pest`
WHERE `dis_name` LIKE \'%df%\' ESCAPE \'!\'
AND `user_id` = \'3\'', 0)
 2 SYSTEMPATH\Database\BaseConnection.php(693): CodeIgniter\Database\MySQLi\Connection->execute('SELECT *
FROM `pest`
WHERE `dis_name` LIKE \'%df%\' ESCAPE \'!\'
AND `user_id` = \'3\'')
 3 SYSTEMPATH\Database\BaseConnection.php(607): CodeIgniter\Database\BaseConnection->simpleQuery('SELECT *
FROM `pest`
WHERE `dis_name` LIKE \'%df%\' ESCAPE \'!\'
AND `user_id` = \'3\'')
 4 SYSTEMPATH\Database\BaseBuilder.php(1616): CodeIgniter\Database\BaseConnection->query('SELECT *
FROM `pest`
WHERE `dis_name` LIKE :dis_name: ESCAPE \'!\'
AND `user_id` = :user_id:', [...], false)
 5 SYSTEMPATH\Model.php(242): CodeIgniter\Database\BaseBuilder->get()
 6 SYSTEMPATH\BaseModel.php(638): CodeIgniter\Model->doFindAll(0, 0)
 7 APPPATH\Controllers\DashboardController.php(1265): CodeIgniter\BaseModel->findAll()
 8 SYSTEMPATH\CodeIgniter.php(941): App\Controllers\DashboardController->searchUserDisease()
 9 SYSTEMPATH\CodeIgniter.php(502): CodeIgniter\CodeIgniter->runController(Object(App\Controllers\DashboardController))
10 SYSTEMPATH\CodeIgniter.php(361): CodeIgniter\CodeIgniter->handleRequest(null, Object(Config\Cache), false)
11 FCPATH\index.php(79): CodeIgniter\CodeIgniter->run()
12 SYSTEMPATH\Commands\Server\rewrite.php(47): require_once('C:\\laragon\\www\\final_agrismart\\public\\index.php')
ERROR - 2024-07-29 01:48:08 --> mysqli_sql_exception: Unknown column 'dis_name' in 'where clause' in C:\laragon\www\final_agrismart\system\Database\MySQLi\Connection.php:306
Stack trace:
#0 C:\laragon\www\final_agrismart\system\Database\MySQLi\Connection.php(306): mysqli->query('SELECT *\nFROM `...', 0)
#1 C:\laragon\www\final_agrismart\system\Database\BaseConnection.php(693): CodeIgniter\Database\MySQLi\Connection->execute('SELECT *\nFROM `...')
#2 C:\laragon\www\final_agrismart\system\Database\BaseConnection.php(607): CodeIgniter\Database\BaseConnection->simpleQuery('SELECT *\nFROM `...')
#3 C:\laragon\www\final_agrismart\system\Database\BaseBuilder.php(1616): CodeIgniter\Database\BaseConnection->query('SELECT *\nFROM `...', Array, false)
#4 C:\laragon\www\final_agrismart\system\Model.php(242): CodeIgniter\Database\BaseBuilder->get()
#5 C:\laragon\www\final_agrismart\system\BaseModel.php(638): CodeIgniter\Model->doFindAll(0, 0)
#6 C:\laragon\www\final_agrismart\app\Controllers\DashboardController.php(1265): CodeIgniter\BaseModel->findAll()
#7 C:\laragon\www\final_agrismart\system\CodeIgniter.php(941): App\Controllers\DashboardController->searchUserDisease()
#8 C:\laragon\www\final_agrismart\system\CodeIgniter.php(502): CodeIgniter\CodeIgniter->runController(Object(App\Controllers\DashboardController))
#9 C:\laragon\www\final_agrismart\system\CodeIgniter.php(361): CodeIgniter\CodeIgniter->handleRequest(NULL, Object(Config\Cache), false)
#10 C:\laragon\www\final_agrismart\public\index.php(79): CodeIgniter\CodeIgniter->run()
#11 C:\laragon\www\final_agrismart\system\Commands\Server\rewrite.php(47): require_once('C:\\laragon\\www\\...')
#12 {main}
CRITICAL - 2024-07-29 01:48:08 --> CodeIgniter\Database\Exceptions\DatabaseException: Unknown column 'dis_name' in 'where clause'
in SYSTEMPATH\Database\BaseConnection.php on line 647.
 1 SYSTEMPATH\Database\BaseBuilder.php(1616): CodeIgniter\Database\BaseConnection->query('SELECT *
FROM `pest`
WHERE `dis_name` LIKE :dis_name: ESCAPE \'!\'
AND `user_id` = :user_id:', [...], false)
 2 SYSTEMPATH\Model.php(242): CodeIgniter\Database\BaseBuilder->get()
 3 SYSTEMPATH\BaseModel.php(638): CodeIgniter\Model->doFindAll(0, 0)
 4 APPPATH\Controllers\DashboardController.php(1265): CodeIgniter\BaseModel->findAll()
 5 SYSTEMPATH\CodeIgniter.php(941): App\Controllers\DashboardController->searchUserDisease()
 6 SYSTEMPATH\CodeIgniter.php(502): CodeIgniter\CodeIgniter->runController(Object(App\Controllers\DashboardController))
 7 SYSTEMPATH\CodeIgniter.php(361): CodeIgniter\CodeIgniter->handleRequest(null, Object(Config\Cache), false)
 8 FCPATH\index.php(79): CodeIgniter\CodeIgniter->run()
 9 SYSTEMPATH\Commands\Server\rewrite.php(47): require_once('C:\\laragon\\www\\final_agrismart\\public\\index.php')
CRITICAL - 2024-07-29 01:48:08 --> [Caused by] CodeIgniter\Database\Exceptions\DatabaseException: Unknown column 'dis_name' in 'where clause'
in SYSTEMPATH\Database\MySQLi\Connection.php on line 311.
 1 SYSTEMPATH\Database\BaseConnection.php(693): CodeIgniter\Database\MySQLi\Connection->execute('SELECT *
FROM `pest`
WHERE `dis_name` LIKE \'%df%\' ESCAPE \'!\'
AND `user_id` = \'3\'')
 2 SYSTEMPATH\Database\BaseConnection.php(607): CodeIgniter\Database\BaseConnection->simpleQuery('SELECT *
FROM `pest`
WHERE `dis_name` LIKE \'%df%\' ESCAPE \'!\'
AND `user_id` = \'3\'')
 3 SYSTEMPATH\Database\BaseBuilder.php(1616): CodeIgniter\Database\BaseConnection->query('SELECT *
FROM `pest`
WHERE `dis_name` LIKE :dis_name: ESCAPE \'!\'
AND `user_id` = :user_id:', [...], false)
 4 SYSTEMPATH\Model.php(242): CodeIgniter\Database\BaseBuilder->get()
 5 SYSTEMPATH\BaseModel.php(638): CodeIgniter\Model->doFindAll(0, 0)
 6 APPPATH\Controllers\DashboardController.php(1265): CodeIgniter\BaseModel->findAll()
 7 SYSTEMPATH\CodeIgniter.php(941): App\Controllers\DashboardController->searchUserDisease()
 8 SYSTEMPATH\CodeIgniter.php(502): CodeIgniter\CodeIgniter->runController(Object(App\Controllers\DashboardController))
 9 SYSTEMPATH\CodeIgniter.php(361): CodeIgniter\CodeIgniter->handleRequest(null, Object(Config\Cache), false)
10 FCPATH\index.php(79): CodeIgniter\CodeIgniter->run()
11 SYSTEMPATH\Commands\Server\rewrite.php(47): require_once('C:\\laragon\\www\\final_agrismart\\public\\index.php')
CRITICAL - 2024-07-29 01:48:08 --> [Caused by] mysqli_sql_exception: Unknown column 'dis_name' in 'where clause'
in SYSTEMPATH\Database\MySQLi\Connection.php on line 306.
 1 SYSTEMPATH\Database\MySQLi\Connection.php(306): mysqli->query('SELECT *
FROM `pest`
WHERE `dis_name` LIKE \'%df%\' ESCAPE \'!\'
AND `user_id` = \'3\'', 0)
 2 SYSTEMPATH\Database\BaseConnection.php(693): CodeIgniter\Database\MySQLi\Connection->execute('SELECT *
FROM `pest`
WHERE `dis_name` LIKE \'%df%\' ESCAPE \'!\'
AND `user_id` = \'3\'')
 3 SYSTEMPATH\Database\BaseConnection.php(607): CodeIgniter\Database\BaseConnection->simpleQuery('SELECT *
FROM `pest`
WHERE `dis_name` LIKE \'%df%\' ESCAPE \'!\'
AND `user_id` = \'3\'')
 4 SYSTEMPATH\Database\BaseBuilder.php(1616): CodeIgniter\Database\BaseConnection->query('SELECT *
FROM `pest`
WHERE `dis_name` LIKE :dis_name: ESCAPE \'!\'
AND `user_id` = :user_id:', [...], false)
 5 SYSTEMPATH\Model.php(242): CodeIgniter\Database\BaseBuilder->get()
 6 SYSTEMPATH\BaseModel.php(638): CodeIgniter\Model->doFindAll(0, 0)
 7 APPPATH\Controllers\DashboardController.php(1265): CodeIgniter\BaseModel->findAll()
 8 SYSTEMPATH\CodeIgniter.php(941): App\Controllers\DashboardController->searchUserDisease()
 9 SYSTEMPATH\CodeIgniter.php(502): CodeIgniter\CodeIgniter->runController(Object(App\Controllers\DashboardController))
10 SYSTEMPATH\CodeIgniter.php(361): CodeIgniter\CodeIgniter->handleRequest(null, Object(Config\Cache), false)
11 FCPATH\index.php(79): CodeIgniter\CodeIgniter->run()
12 SYSTEMPATH\Commands\Server\rewrite.php(47): require_once('C:\\laragon\\www\\final_agrismart\\public\\index.php')
CRITICAL - 2024-07-29 02:09:43 --> ErrorException: Undefined variable $dis
in APPPATH\Views\dashboard\main-pest.php on line 42.
 1 APPPATH\Views\dashboard\main-pest.php(42): CodeIgniter\Debug\Exceptions->errorHandler(2, 'Undefined variable $dis', 'C:\\laragon\\www\\final_agrismart\\app\\Views\\dashboard\\main-pest.php', 42)
 2 SYSTEMPATH\View\View.php(228): include('C:\\laragon\\www\\final_agrismart\\app\\Views\\dashboard\\main-pest.php')
 3 SYSTEMPATH\View\View.php(231): CodeIgniter\View\View->CodeIgniter\View\{closure}()
 4 SYSTEMPATH\View\View.php(469): CodeIgniter\View\View->render('/dashboard/main-pest', null, true)
 5 APPPATH\Views\userfolder\userpest.php(6): CodeIgniter\View\View->include('/dashboard/main-pest')
 6 SYSTEMPATH\View\View.php(228): include('C:\\laragon\\www\\final_agrismart\\app\\Views\\userfolder\\userpest.php')
 7 SYSTEMPATH\View\View.php(231): CodeIgniter\View\View->CodeIgniter\View\{closure}()
 8 SYSTEMPATH\Common.php(1178): CodeIgniter\View\View->render('userfolder/userpest', [], true)
 9 APPPATH\Controllers\DashboardController.php(2357): view('userfolder/userpest', [...])
10 SYSTEMPATH\CodeIgniter.php(941): App\Controllers\DashboardController->userpest()
11 SYSTEMPATH\CodeIgniter.php(502): CodeIgniter\CodeIgniter->runController(Object(App\Controllers\DashboardController))
12 SYSTEMPATH\CodeIgniter.php(361): CodeIgniter\CodeIgniter->handleRequest(null, Object(Config\Cache), false)
13 FCPATH\index.php(79): CodeIgniter\CodeIgniter->run()
14 SYSTEMPATH\Commands\Server\rewrite.php(47): require_once('C:\\laragon\\www\\final_agrismart\\public\\index.php')
