ERROR - 2024-08-22 07:39:51 --> Failed login attempt for non-existent user: Marlon Matira
ERROR - 2024-08-22 08:32:54 --> mysqli_sql_exception: Column 'user_id' cannot be null in C:\laragon\www\final_agrismart\system\Database\MySQLi\Connection.php:306
Stack trace:
#0 C:\laragon\www\final_agrismart\system\Database\MySQLi\Connection.php(306): mysqli->query('INSERT INTO `tr...', 0)
#1 C:\laragon\www\final_agrismart\system\Database\BaseConnection.php(693): CodeIgniter\Database\MySQLi\Connection->execute('INSERT INTO `tr...')
#2 C:\laragon\www\final_agrismart\system\Database\BaseConnection.php(607): CodeIgniter\Database\BaseConnection->simpleQuery('INSERT INTO `tr...')
#3 C:\laragon\www\final_agrismart\system\Database\BaseBuilder.php(2307): CodeIgniter\Database\BaseConnection->query('INSERT INTO `tr...', Array, false)
#4 C:\laragon\www\final_agrismart\system\Model.php(326): CodeIgniter\Database\BaseBuilder->insert()
#5 C:\laragon\www\final_agrismart\system\BaseModel.php(802): CodeIgniter\Model->doInsert(Array)
#6 C:\laragon\www\final_agrismart\system\Model.php(744): CodeIgniter\BaseModel->insert(Array, false)
#7 C:\laragon\www\final_agrismart\system\BaseModel.php(713): CodeIgniter\Model->insert(Array, false)
#8 C:\laragon\www\final_agrismart\app\Controllers\DashboardController.php(2361): CodeIgniter\BaseModel->save(Array)
#9 C:\laragon\www\final_agrismart\system\CodeIgniter.php(941): App\Controllers\DashboardController->useraddnewtrivia()
#10 C:\laragon\www\final_agrismart\system\CodeIgniter.php(502): CodeIgniter\CodeIgniter->runController(Object(App\Controllers\DashboardController))
#11 C:\laragon\www\final_agrismart\system\CodeIgniter.php(361): CodeIgniter\CodeIgniter->handleRequest(NULL, Object(Config\Cache), false)
#12 C:\laragon\www\final_agrismart\public\index.php(79): CodeIgniter\CodeIgniter->run()
#13 C:\laragon\www\final_agrismart\system\Commands\Server\rewrite.php(47): require_once('C:\\laragon\\www\\...')
#14 {main}
CRITICAL - 2024-08-22 08:32:54 --> CodeIgniter\Database\Exceptions\DatabaseException: Column 'user_id' cannot be null
in SYSTEMPATH\Database\BaseConnection.php on line 647.
 1 SYSTEMPATH\Database\BaseBuilder.php(2307): CodeIgniter\Database\BaseConnection->query('INSERT INTO `trivias` (`image`, `triviatitle`, `trivia`, `user_id`) VALUES (:image:, :triviatitle:, :trivia:, :user_id:)', [...], false)
 2 SYSTEMPATH\Model.php(326): CodeIgniter\Database\BaseBuilder->insert()
 3 SYSTEMPATH\BaseModel.php(802): CodeIgniter\Model->doInsert([...])
 4 SYSTEMPATH\Model.php(744): CodeIgniter\BaseModel->insert([...], false)
 5 SYSTEMPATH\BaseModel.php(713): CodeIgniter\Model->insert([...], false)
 6 APPPATH\Controllers\DashboardController.php(2361): CodeIgniter\BaseModel->save([...])
 7 SYSTEMPATH\CodeIgniter.php(941): App\Controllers\DashboardController->useraddnewtrivia()
 8 SYSTEMPATH\CodeIgniter.php(502): CodeIgniter\CodeIgniter->runController(Object(App\Controllers\DashboardController))
 9 SYSTEMPATH\CodeIgniter.php(361): CodeIgniter\CodeIgniter->handleRequest(null, Object(Config\Cache), false)
10 FCPATH\index.php(79): CodeIgniter\CodeIgniter->run()
11 SYSTEMPATH\Commands\Server\rewrite.php(47): require_once('C:\\laragon\\www\\final_agrismart\\public\\index.php')
CRITICAL - 2024-08-22 08:32:54 --> [Caused by] CodeIgniter\Database\Exceptions\DatabaseException: Column 'user_id' cannot be null
in SYSTEMPATH\Database\MySQLi\Connection.php on line 311.
 1 SYSTEMPATH\Database\BaseConnection.php(693): CodeIgniter\Database\MySQLi\Connection->execute('INSERT INTO `trivias` (`image`, `triviatitle`, `trivia`, `user_id`) VALUES (\'uploads/trivia_img/1724315574_ff36e89b8c7ffe59ca28.webp\', \'Bayanihan\', \'rertertre\\r\\n\', NULL)')
 2 SYSTEMPATH\Database\BaseConnection.php(607): CodeIgniter\Database\BaseConnection->simpleQuery('INSERT INTO `trivias` (`image`, `triviatitle`, `trivia`, `user_id`) VALUES (\'uploads/trivia_img/1724315574_ff36e89b8c7ffe59ca28.webp\', \'Bayanihan\', \'rertertre\\r\\n\', NULL)')
 3 SYSTEMPATH\Database\BaseBuilder.php(2307): CodeIgniter\Database\BaseConnection->query('INSERT INTO `trivias` (`image`, `triviatitle`, `trivia`, `user_id`) VALUES (:image:, :triviatitle:, :trivia:, :user_id:)', [...], false)
 4 SYSTEMPATH\Model.php(326): CodeIgniter\Database\BaseBuilder->insert()
 5 SYSTEMPATH\BaseModel.php(802): CodeIgniter\Model->doInsert([...])
 6 SYSTEMPATH\Model.php(744): CodeIgniter\BaseModel->insert([...], false)
 7 SYSTEMPATH\BaseModel.php(713): CodeIgniter\Model->insert([...], false)
 8 APPPATH\Controllers\DashboardController.php(2361): CodeIgniter\BaseModel->save([...])
 9 SYSTEMPATH\CodeIgniter.php(941): App\Controllers\DashboardController->useraddnewtrivia()
10 SYSTEMPATH\CodeIgniter.php(502): CodeIgniter\CodeIgniter->runController(Object(App\Controllers\DashboardController))
11 SYSTEMPATH\CodeIgniter.php(361): CodeIgniter\CodeIgniter->handleRequest(null, Object(Config\Cache), false)
12 FCPATH\index.php(79): CodeIgniter\CodeIgniter->run()
13 SYSTEMPATH\Commands\Server\rewrite.php(47): require_once('C:\\laragon\\www\\final_agrismart\\public\\index.php')
CRITICAL - 2024-08-22 08:32:54 --> [Caused by] mysqli_sql_exception: Column 'user_id' cannot be null
in SYSTEMPATH\Database\MySQLi\Connection.php on line 306.
 1 SYSTEMPATH\Database\MySQLi\Connection.php(306): mysqli->query('INSERT INTO `trivias` (`image`, `triviatitle`, `trivia`, `user_id`) VALUES (\'uploads/trivia_img/1724315574_ff36e89b8c7ffe59ca28.webp\', \'Bayanihan\', \'rertertre\\r\\n\', NULL)', 0)
 2 SYSTEMPATH\Database\BaseConnection.php(693): CodeIgniter\Database\MySQLi\Connection->execute('INSERT INTO `trivias` (`image`, `triviatitle`, `trivia`, `user_id`) VALUES (\'uploads/trivia_img/1724315574_ff36e89b8c7ffe59ca28.webp\', \'Bayanihan\', \'rertertre\\r\\n\', NULL)')
 3 SYSTEMPATH\Database\BaseConnection.php(607): CodeIgniter\Database\BaseConnection->simpleQuery('INSERT INTO `trivias` (`image`, `triviatitle`, `trivia`, `user_id`) VALUES (\'uploads/trivia_img/1724315574_ff36e89b8c7ffe59ca28.webp\', \'Bayanihan\', \'rertertre\\r\\n\', NULL)')
 4 SYSTEMPATH\Database\BaseBuilder.php(2307): CodeIgniter\Database\BaseConnection->query('INSERT INTO `trivias` (`image`, `triviatitle`, `trivia`, `user_id`) VALUES (:image:, :triviatitle:, :trivia:, :user_id:)', [...], false)
 5 SYSTEMPATH\Model.php(326): CodeIgniter\Database\BaseBuilder->insert()
 6 SYSTEMPATH\BaseModel.php(802): CodeIgniter\Model->doInsert([...])
 7 SYSTEMPATH\Model.php(744): CodeIgniter\BaseModel->insert([...], false)
 8 SYSTEMPATH\BaseModel.php(713): CodeIgniter\Model->insert([...], false)
 9 APPPATH\Controllers\DashboardController.php(2361): CodeIgniter\BaseModel->save([...])
10 SYSTEMPATH\CodeIgniter.php(941): App\Controllers\DashboardController->useraddnewtrivia()
11 SYSTEMPATH\CodeIgniter.php(502): CodeIgniter\CodeIgniter->runController(Object(App\Controllers\DashboardController))
12 SYSTEMPATH\CodeIgniter.php(361): CodeIgniter\CodeIgniter->handleRequest(null, Object(Config\Cache), false)
13 FCPATH\index.php(79): CodeIgniter\CodeIgniter->run()
14 SYSTEMPATH\Commands\Server\rewrite.php(47): require_once('C:\\laragon\\www\\final_agrismart\\public\\index.php')
