CRITICAL - 2024-07-19 08:37:40 --> ErrorException: Undefined variable $field
in APPPATH\Views\dashboard\main-viewfields.php on line 41.
 1 APPPATH\Views\dashboard\main-viewfields.php(41): CodeIgniter\Debug\Exceptions->errorHandler(2, 'Undefined variable $field', 'C:\\laragon\\www\\final_agrismart\\app\\Views\\dashboard\\main-viewfields.php', 41)
 2 SYSTEMPATH\View\View.php(228): include('C:\\laragon\\www\\final_agrismart\\app\\Views\\dashboard\\main-viewfields.php')
 3 SYSTEMPATH\View\View.php(231): CodeIgniter\View\View->CodeIgniter\View\{closure}()
 4 SYSTEMPATH\View\View.php(469): CodeIgniter\View\View->render('/dashboard/main-viewfields', null, true)
 5 APPPATH\Views\userfolder\viewfields.php(6): CodeIgniter\View\View->include('/dashboard/main-viewfields')
 6 SYSTEMPATH\View\View.php(228): include('C:\\laragon\\www\\final_agrismart\\app\\Views\\userfolder\\viewfields.php')
 7 SYSTEMPATH\View\View.php(231): CodeIgniter\View\View->CodeIgniter\View\{closure}()
 8 SYSTEMPATH\Common.php(1178): CodeIgniter\View\View->render('userfolder/viewfields', [], true)
 9 APPPATH\Controllers\DashboardController.php(2886): view('userfolder/viewfields', [...])
10 SYSTEMPATH\CodeIgniter.php(941): App\Controllers\DashboardController->showFieldDetails('11')
11 SYSTEMPATH\CodeIgniter.php(502): CodeIgniter\CodeIgniter->runController(Object(App\Controllers\DashboardController))
12 SYSTEMPATH\CodeIgniter.php(361): CodeIgniter\CodeIgniter->handleRequest(null, Object(Config\Cache), false)
13 FCPATH\index.php(79): CodeIgniter\CodeIgniter->run()
14 SYSTEMPATH\Commands\Server\rewrite.php(47): require_once('C:\\laragon\\www\\final_agrismart\\public\\index.php')
CRITICAL - 2024-07-19 08:39:22 --> ErrorException: Undefined variable $field
in APPPATH\Views\dashboard\main-viewfields.php on line 41.
 1 APPPATH\Views\dashboard\main-viewfields.php(41): CodeIgniter\Debug\Exceptions->errorHandler(2, 'Undefined variable $field', 'C:\\laragon\\www\\final_agrismart\\app\\Views\\dashboard\\main-viewfields.php', 41)
 2 SYSTEMPATH\View\View.php(228): include('C:\\laragon\\www\\final_agrismart\\app\\Views\\dashboard\\main-viewfields.php')
 3 SYSTEMPATH\View\View.php(231): CodeIgniter\View\View->CodeIgniter\View\{closure}()
 4 SYSTEMPATH\View\View.php(469): CodeIgniter\View\View->render('/dashboard/main-viewfields', null, true)
 5 APPPATH\Views\userfolder\viewfields.php(6): CodeIgniter\View\View->include('/dashboard/main-viewfields')
 6 SYSTEMPATH\View\View.php(228): include('C:\\laragon\\www\\final_agrismart\\app\\Views\\userfolder\\viewfields.php')
 7 SYSTEMPATH\View\View.php(231): CodeIgniter\View\View->CodeIgniter\View\{closure}()
 8 SYSTEMPATH\Common.php(1178): CodeIgniter\View\View->render('userfolder/viewfields', [], true)
 9 APPPATH\Controllers\DashboardController.php(2886): view('userfolder/viewfields', [...])
10 SYSTEMPATH\CodeIgniter.php(941): App\Controllers\DashboardController->showFieldDetails('11')
11 SYSTEMPATH\CodeIgniter.php(502): CodeIgniter\CodeIgniter->runController(Object(App\Controllers\DashboardController))
12 SYSTEMPATH\CodeIgniter.php(361): CodeIgniter\CodeIgniter->handleRequest(null, Object(Config\Cache), false)
13 FCPATH\index.php(79): CodeIgniter\CodeIgniter->run()
14 SYSTEMPATH\Commands\Server\rewrite.php(47): require_once('C:\\laragon\\www\\final_agrismart\\public\\index.php')
CRITICAL - 2024-07-19 08:39:53 --> ErrorException: Undefined variable $field
in APPPATH\Views\dashboard\main-viewfields.php on line 41.
 1 APPPATH\Views\dashboard\main-viewfields.php(41): CodeIgniter\Debug\Exceptions->errorHandler(2, 'Undefined variable $field', 'C:\\laragon\\www\\final_agrismart\\app\\Views\\dashboard\\main-viewfields.php', 41)
 2 SYSTEMPATH\View\View.php(228): include('C:\\laragon\\www\\final_agrismart\\app\\Views\\dashboard\\main-viewfields.php')
 3 SYSTEMPATH\View\View.php(231): CodeIgniter\View\View->CodeIgniter\View\{closure}()
 4 SYSTEMPATH\View\View.php(469): CodeIgniter\View\View->render('/dashboard/main-viewfields', null, true)
 5 APPPATH\Views\userfolder\viewfields.php(6): CodeIgniter\View\View->include('/dashboard/main-viewfields')
 6 SYSTEMPATH\View\View.php(228): include('C:\\laragon\\www\\final_agrismart\\app\\Views\\userfolder\\viewfields.php')
 7 SYSTEMPATH\View\View.php(231): CodeIgniter\View\View->CodeIgniter\View\{closure}()
 8 SYSTEMPATH\Common.php(1178): CodeIgniter\View\View->render('userfolder/viewfields', [], true)
 9 APPPATH\Controllers\DashboardController.php(2886): view('userfolder/viewfields', [...])
10 SYSTEMPATH\CodeIgniter.php(941): App\Controllers\DashboardController->showFieldDetails('11')
11 SYSTEMPATH\CodeIgniter.php(502): CodeIgniter\CodeIgniter->runController(Object(App\Controllers\DashboardController))
12 SYSTEMPATH\CodeIgniter.php(361): CodeIgniter\CodeIgniter->handleRequest(null, Object(Config\Cache), false)
13 FCPATH\index.php(79): CodeIgniter\CodeIgniter->run()
14 SYSTEMPATH\Commands\Server\rewrite.php(47): require_once('C:\\laragon\\www\\final_agrismart\\public\\index.php')
CRITICAL - 2024-07-19 08:39:54 --> ErrorException: Undefined variable $field
in APPPATH\Views\dashboard\main-viewfields.php on line 41.
 1 APPPATH\Views\dashboard\main-viewfields.php(41): CodeIgniter\Debug\Exceptions->errorHandler(2, 'Undefined variable $field', 'C:\\laragon\\www\\final_agrismart\\app\\Views\\dashboard\\main-viewfields.php', 41)
 2 SYSTEMPATH\View\View.php(228): include('C:\\laragon\\www\\final_agrismart\\app\\Views\\dashboard\\main-viewfields.php')
 3 SYSTEMPATH\View\View.php(231): CodeIgniter\View\View->CodeIgniter\View\{closure}()
 4 SYSTEMPATH\View\View.php(469): CodeIgniter\View\View->render('/dashboard/main-viewfields', null, true)
 5 APPPATH\Views\userfolder\viewfields.php(6): CodeIgniter\View\View->include('/dashboard/main-viewfields')
 6 SYSTEMPATH\View\View.php(228): include('C:\\laragon\\www\\final_agrismart\\app\\Views\\userfolder\\viewfields.php')
 7 SYSTEMPATH\View\View.php(231): CodeIgniter\View\View->CodeIgniter\View\{closure}()
 8 SYSTEMPATH\Common.php(1178): CodeIgniter\View\View->render('userfolder/viewfields', [], true)
 9 APPPATH\Controllers\DashboardController.php(2886): view('userfolder/viewfields', [...])
10 SYSTEMPATH\CodeIgniter.php(941): App\Controllers\DashboardController->showFieldDetails('11')
11 SYSTEMPATH\CodeIgniter.php(502): CodeIgniter\CodeIgniter->runController(Object(App\Controllers\DashboardController))
12 SYSTEMPATH\CodeIgniter.php(361): CodeIgniter\CodeIgniter->handleRequest(null, Object(Config\Cache), false)
13 FCPATH\index.php(79): CodeIgniter\CodeIgniter->run()
14 SYSTEMPATH\Commands\Server\rewrite.php(47): require_once('C:\\laragon\\www\\final_agrismart\\public\\index.php')
CRITICAL - 2024-07-19 08:41:26 --> ErrorException: Undefined variable $field
in APPPATH\Views\dashboard\main-viewfields.php on line 41.
 1 APPPATH\Views\dashboard\main-viewfields.php(41): CodeIgniter\Debug\Exceptions->errorHandler(2, 'Undefined variable $field', 'C:\\laragon\\www\\final_agrismart\\app\\Views\\dashboard\\main-viewfields.php', 41)
 2 SYSTEMPATH\View\View.php(228): include('C:\\laragon\\www\\final_agrismart\\app\\Views\\dashboard\\main-viewfields.php')
 3 SYSTEMPATH\View\View.php(231): CodeIgniter\View\View->CodeIgniter\View\{closure}()
 4 SYSTEMPATH\View\View.php(469): CodeIgniter\View\View->render('/dashboard/main-viewfields', null, true)
 5 APPPATH\Views\userfolder\viewfields.php(6): CodeIgniter\View\View->include('/dashboard/main-viewfields')
 6 SYSTEMPATH\View\View.php(228): include('C:\\laragon\\www\\final_agrismart\\app\\Views\\userfolder\\viewfields.php')
 7 SYSTEMPATH\View\View.php(231): CodeIgniter\View\View->CodeIgniter\View\{closure}()
 8 SYSTEMPATH\Common.php(1178): CodeIgniter\View\View->render('userfolder/viewfields', [], true)
 9 APPPATH\Controllers\DashboardController.php(2886): view('userfolder/viewfields', [...])
10 SYSTEMPATH\CodeIgniter.php(941): App\Controllers\DashboardController->showFieldDetails('11')
11 SYSTEMPATH\CodeIgniter.php(502): CodeIgniter\CodeIgniter->runController(Object(App\Controllers\DashboardController))
12 SYSTEMPATH\CodeIgniter.php(361): CodeIgniter\CodeIgniter->handleRequest(null, Object(Config\Cache), false)
13 FCPATH\index.php(79): CodeIgniter\CodeIgniter->run()
14 SYSTEMPATH\Commands\Server\rewrite.php(47): require_once('C:\\laragon\\www\\final_agrismart\\public\\index.php')
CRITICAL - 2024-07-19 08:42:17 --> ErrorException: Undefined variable $field
in APPPATH\Views\dashboard\main-viewfields.php on line 41.
 1 APPPATH\Views\dashboard\main-viewfields.php(41): CodeIgniter\Debug\Exceptions->errorHandler(2, 'Undefined variable $field', 'C:\\laragon\\www\\final_agrismart\\app\\Views\\dashboard\\main-viewfields.php', 41)
 2 SYSTEMPATH\View\View.php(228): include('C:\\laragon\\www\\final_agrismart\\app\\Views\\dashboard\\main-viewfields.php')
 3 SYSTEMPATH\View\View.php(231): CodeIgniter\View\View->CodeIgniter\View\{closure}()
 4 SYSTEMPATH\View\View.php(469): CodeIgniter\View\View->render('/dashboard/main-viewfields', null, true)
 5 APPPATH\Views\userfolder\viewfields.php(6): CodeIgniter\View\View->include('/dashboard/main-viewfields')
 6 SYSTEMPATH\View\View.php(228): include('C:\\laragon\\www\\final_agrismart\\app\\Views\\userfolder\\viewfields.php')
 7 SYSTEMPATH\View\View.php(231): CodeIgniter\View\View->CodeIgniter\View\{closure}()
 8 SYSTEMPATH\Common.php(1178): CodeIgniter\View\View->render('userfolder/viewfields', [], true)
 9 APPPATH\Controllers\DashboardController.php(2886): view('userfolder/viewfields', [...])
10 SYSTEMPATH\CodeIgniter.php(941): App\Controllers\DashboardController->showFieldDetails('11')
11 SYSTEMPATH\CodeIgniter.php(502): CodeIgniter\CodeIgniter->runController(Object(App\Controllers\DashboardController))
12 SYSTEMPATH\CodeIgniter.php(361): CodeIgniter\CodeIgniter->handleRequest(null, Object(Config\Cache), false)
13 FCPATH\index.php(79): CodeIgniter\CodeIgniter->run()
14 SYSTEMPATH\Commands\Server\rewrite.php(47): require_once('C:\\laragon\\www\\final_agrismart\\public\\index.php')
CRITICAL - 2024-07-19 08:42:18 --> ErrorException: Undefined variable $field
in APPPATH\Views\dashboard\main-viewfields.php on line 41.
 1 APPPATH\Views\dashboard\main-viewfields.php(41): CodeIgniter\Debug\Exceptions->errorHandler(2, 'Undefined variable $field', 'C:\\laragon\\www\\final_agrismart\\app\\Views\\dashboard\\main-viewfields.php', 41)
 2 SYSTEMPATH\View\View.php(228): include('C:\\laragon\\www\\final_agrismart\\app\\Views\\dashboard\\main-viewfields.php')
 3 SYSTEMPATH\View\View.php(231): CodeIgniter\View\View->CodeIgniter\View\{closure}()
 4 SYSTEMPATH\View\View.php(469): CodeIgniter\View\View->render('/dashboard/main-viewfields', null, true)
 5 APPPATH\Views\userfolder\viewfields.php(6): CodeIgniter\View\View->include('/dashboard/main-viewfields')
 6 SYSTEMPATH\View\View.php(228): include('C:\\laragon\\www\\final_agrismart\\app\\Views\\userfolder\\viewfields.php')
 7 SYSTEMPATH\View\View.php(231): CodeIgniter\View\View->CodeIgniter\View\{closure}()
 8 SYSTEMPATH\Common.php(1178): CodeIgniter\View\View->render('userfolder/viewfields', [], true)
 9 APPPATH\Controllers\DashboardController.php(2886): view('userfolder/viewfields', [...])
10 SYSTEMPATH\CodeIgniter.php(941): App\Controllers\DashboardController->showFieldDetails('11')
11 SYSTEMPATH\CodeIgniter.php(502): CodeIgniter\CodeIgniter->runController(Object(App\Controllers\DashboardController))
12 SYSTEMPATH\CodeIgniter.php(361): CodeIgniter\CodeIgniter->handleRequest(null, Object(Config\Cache), false)
13 FCPATH\index.php(79): CodeIgniter\CodeIgniter->run()
14 SYSTEMPATH\Commands\Server\rewrite.php(47): require_once('C:\\laragon\\www\\final_agrismart\\public\\index.php')
CRITICAL - 2024-07-19 08:42:35 --> ErrorException: Undefined variable $field
in APPPATH\Views\dashboard\main-viewfields.php on line 41.
 1 APPPATH\Views\dashboard\main-viewfields.php(41): CodeIgniter\Debug\Exceptions->errorHandler(2, 'Undefined variable $field', 'C:\\laragon\\www\\final_agrismart\\app\\Views\\dashboard\\main-viewfields.php', 41)
 2 SYSTEMPATH\View\View.php(228): include('C:\\laragon\\www\\final_agrismart\\app\\Views\\dashboard\\main-viewfields.php')
 3 SYSTEMPATH\View\View.php(231): CodeIgniter\View\View->CodeIgniter\View\{closure}()
 4 SYSTEMPATH\View\View.php(469): CodeIgniter\View\View->render('/dashboard/main-viewfields', null, true)
 5 APPPATH\Views\userfolder\viewfields.php(6): CodeIgniter\View\View->include('/dashboard/main-viewfields')
 6 SYSTEMPATH\View\View.php(228): include('C:\\laragon\\www\\final_agrismart\\app\\Views\\userfolder\\viewfields.php')
 7 SYSTEMPATH\View\View.php(231): CodeIgniter\View\View->CodeIgniter\View\{closure}()
 8 SYSTEMPATH\Common.php(1178): CodeIgniter\View\View->render('userfolder/viewfields', [], true)
 9 APPPATH\Controllers\DashboardController.php(2886): view('userfolder/viewfields', [...])
10 SYSTEMPATH\CodeIgniter.php(941): App\Controllers\DashboardController->showFieldDetails('11')
11 SYSTEMPATH\CodeIgniter.php(502): CodeIgniter\CodeIgniter->runController(Object(App\Controllers\DashboardController))
12 SYSTEMPATH\CodeIgniter.php(361): CodeIgniter\CodeIgniter->handleRequest(null, Object(Config\Cache), false)
13 FCPATH\index.php(79): CodeIgniter\CodeIgniter->run()
14 SYSTEMPATH\Commands\Server\rewrite.php(47): require_once('C:\\laragon\\www\\final_agrismart\\public\\index.php')
CRITICAL - 2024-07-19 08:43:26 --> ErrorException: Undefined variable $field
in APPPATH\Views\dashboard\main-viewfields.php on line 41.
 1 APPPATH\Views\dashboard\main-viewfields.php(41): CodeIgniter\Debug\Exceptions->errorHandler(2, 'Undefined variable $field', 'C:\\laragon\\www\\final_agrismart\\app\\Views\\dashboard\\main-viewfields.php', 41)
 2 SYSTEMPATH\View\View.php(228): include('C:\\laragon\\www\\final_agrismart\\app\\Views\\dashboard\\main-viewfields.php')
 3 SYSTEMPATH\View\View.php(231): CodeIgniter\View\View->CodeIgniter\View\{closure}()
 4 SYSTEMPATH\View\View.php(469): CodeIgniter\View\View->render('/dashboard/main-viewfields', null, true)
 5 APPPATH\Views\userfolder\viewfields.php(6): CodeIgniter\View\View->include('/dashboard/main-viewfields')
 6 SYSTEMPATH\View\View.php(228): include('C:\\laragon\\www\\final_agrismart\\app\\Views\\userfolder\\viewfields.php')
 7 SYSTEMPATH\View\View.php(231): CodeIgniter\View\View->CodeIgniter\View\{closure}()
 8 SYSTEMPATH\Common.php(1178): CodeIgniter\View\View->render('userfolder/viewfields', [], true)
 9 APPPATH\Controllers\DashboardController.php(2886): view('userfolder/viewfields', [...])
10 SYSTEMPATH\CodeIgniter.php(941): App\Controllers\DashboardController->showFieldDetails('11')
11 SYSTEMPATH\CodeIgniter.php(502): CodeIgniter\CodeIgniter->runController(Object(App\Controllers\DashboardController))
12 SYSTEMPATH\CodeIgniter.php(361): CodeIgniter\CodeIgniter->handleRequest(null, Object(Config\Cache), false)
13 FCPATH\index.php(79): CodeIgniter\CodeIgniter->run()
14 SYSTEMPATH\Commands\Server\rewrite.php(47): require_once('C:\\laragon\\www\\final_agrismart\\public\\index.php')
CRITICAL - 2024-07-19 08:48:01 --> ErrorException: Undefined variable $field
in APPPATH\Views\dashboard\main-viewfields.php on line 41.
 1 APPPATH\Views\dashboard\main-viewfields.php(41): CodeIgniter\Debug\Exceptions->errorHandler(2, 'Undefined variable $field', 'C:\\laragon\\www\\final_agrismart\\app\\Views\\dashboard\\main-viewfields.php', 41)
 2 SYSTEMPATH\View\View.php(228): include('C:\\laragon\\www\\final_agrismart\\app\\Views\\dashboard\\main-viewfields.php')
 3 SYSTEMPATH\View\View.php(231): CodeIgniter\View\View->CodeIgniter\View\{closure}()
 4 SYSTEMPATH\View\View.php(469): CodeIgniter\View\View->render('/dashboard/main-viewfields', null, true)
 5 APPPATH\Views\userfolder\viewfields.php(6): CodeIgniter\View\View->include('/dashboard/main-viewfields')
 6 SYSTEMPATH\View\View.php(228): include('C:\\laragon\\www\\final_agrismart\\app\\Views\\userfolder\\viewfields.php')
 7 SYSTEMPATH\View\View.php(231): CodeIgniter\View\View->CodeIgniter\View\{closure}()
 8 SYSTEMPATH\Common.php(1178): CodeIgniter\View\View->render('userfolder/viewfields', [], true)
 9 APPPATH\Controllers\DashboardController.php(2886): view('userfolder/viewfields', [...])
10 SYSTEMPATH\CodeIgniter.php(941): App\Controllers\DashboardController->showFieldDetails('11')
11 SYSTEMPATH\CodeIgniter.php(502): CodeIgniter\CodeIgniter->runController(Object(App\Controllers\DashboardController))
12 SYSTEMPATH\CodeIgniter.php(361): CodeIgniter\CodeIgniter->handleRequest(null, Object(Config\Cache), false)
13 FCPATH\index.php(79): CodeIgniter\CodeIgniter->run()
14 SYSTEMPATH\Commands\Server\rewrite.php(47): require_once('C:\\laragon\\www\\final_agrismart\\public\\index.php')
CRITICAL - 2024-07-19 08:59:16 --> ErrorException: Undefined variable $field
in APPPATH\Views\dashboard\main-viewfields.php on line 41.
 1 APPPATH\Views\dashboard\main-viewfields.php(41): CodeIgniter\Debug\Exceptions->errorHandler(2, 'Undefined variable $field', 'C:\\laragon\\www\\final_agrismart\\app\\Views\\dashboard\\main-viewfields.php', 41)
 2 SYSTEMPATH\View\View.php(228): include('C:\\laragon\\www\\final_agrismart\\app\\Views\\dashboard\\main-viewfields.php')
 3 SYSTEMPATH\View\View.php(231): CodeIgniter\View\View->CodeIgniter\View\{closure}()
 4 SYSTEMPATH\View\View.php(469): CodeIgniter\View\View->render('/dashboard/main-viewfields', null, true)
 5 APPPATH\Views\userfolder\viewfields.php(6): CodeIgniter\View\View->include('/dashboard/main-viewfields')
 6 SYSTEMPATH\View\View.php(228): include('C:\\laragon\\www\\final_agrismart\\app\\Views\\userfolder\\viewfields.php')
 7 SYSTEMPATH\View\View.php(231): CodeIgniter\View\View->CodeIgniter\View\{closure}()
 8 SYSTEMPATH\Common.php(1178): CodeIgniter\View\View->render('userfolder/viewfields', [], true)
 9 APPPATH\Controllers\DashboardController.php(2886): view('userfolder/viewfields', [...])
10 SYSTEMPATH\CodeIgniter.php(941): App\Controllers\DashboardController->showFieldDetails('11')
11 SYSTEMPATH\CodeIgniter.php(502): CodeIgniter\CodeIgniter->runController(Object(App\Controllers\DashboardController))
12 SYSTEMPATH\CodeIgniter.php(361): CodeIgniter\CodeIgniter->handleRequest(null, Object(Config\Cache), false)
13 FCPATH\index.php(79): CodeIgniter\CodeIgniter->run()
14 SYSTEMPATH\Commands\Server\rewrite.php(47): require_once('C:\\laragon\\www\\final_agrismart\\public\\index.php')
CRITICAL - 2024-07-19 09:00:20 --> ErrorException: Undefined variable $field
in APPPATH\Views\dashboard\main-viewfields.php on line 41.
 1 APPPATH\Views\dashboard\main-viewfields.php(41): CodeIgniter\Debug\Exceptions->errorHandler(2, 'Undefined variable $field', 'C:\\laragon\\www\\final_agrismart\\app\\Views\\dashboard\\main-viewfields.php', 41)
 2 SYSTEMPATH\View\View.php(228): include('C:\\laragon\\www\\final_agrismart\\app\\Views\\dashboard\\main-viewfields.php')
 3 SYSTEMPATH\View\View.php(231): CodeIgniter\View\View->CodeIgniter\View\{closure}()
 4 SYSTEMPATH\View\View.php(469): CodeIgniter\View\View->render('/dashboard/main-viewfields', null, true)
 5 APPPATH\Views\userfolder\viewfields.php(6): CodeIgniter\View\View->include('/dashboard/main-viewfields')
 6 SYSTEMPATH\View\View.php(228): include('C:\\laragon\\www\\final_agrismart\\app\\Views\\userfolder\\viewfields.php')
 7 SYSTEMPATH\View\View.php(231): CodeIgniter\View\View->CodeIgniter\View\{closure}()
 8 SYSTEMPATH\Common.php(1178): CodeIgniter\View\View->render('userfolder/viewfields', [], true)
 9 APPPATH\Controllers\DashboardController.php(2886): view('userfolder/viewfields', [...])
10 SYSTEMPATH\CodeIgniter.php(941): App\Controllers\DashboardController->showFieldDetails('11')
11 SYSTEMPATH\CodeIgniter.php(502): CodeIgniter\CodeIgniter->runController(Object(App\Controllers\DashboardController))
12 SYSTEMPATH\CodeIgniter.php(361): CodeIgniter\CodeIgniter->handleRequest(null, Object(Config\Cache), false)
13 FCPATH\index.php(79): CodeIgniter\CodeIgniter->run()
14 SYSTEMPATH\Commands\Server\rewrite.php(47): require_once('C:\\laragon\\www\\final_agrismart\\public\\index.php')
