CRITICAL - 2024-08-27 12:59:45 --> ErrorException: Undefined variable $notificationMessage
in APPPATH\Controllers\DashboardController.php on line 3018.
 1 APPPATH\Controllers\DashboardController.php(3018): CodeIgniter\Debug\Exceptions->errorHandler(2, 'Undefined variable $notificationMessage', 'C:\\laragon\\www\\final_agrismart\\app\\Controllers\\DashboardController.php', 3018)
 2 SYSTEMPATH\CodeIgniter.php(941): App\Controllers\DashboardController->addDamage()
 3 SYSTEMPATH\CodeIgniter.php(502): CodeIgniter\CodeIgniter->runController(Object(App\Controllers\DashboardController))
 4 SYSTEMPATH\CodeIgniter.php(361): CodeIgniter\CodeIgniter->handleRequest(null, Object(Config\Cache), false)
 5 FCPATH\index.php(79): CodeIgniter\CodeIgniter->run()
 6 SYSTEMPATH\Commands\Server\rewrite.php(47): require_once('C:\\laragon\\www\\final_agrismart\\public\\index.php')
CRITICAL - 2024-08-27 13:46:48 --> ErrorException: Undefined variable $damages
in APPPATH\Views\admin_dashboard\main-damage.php on line 60.
 1 APPPATH\Views\admin_dashboard\main-damage.php(60): CodeIgniter\Debug\Exceptions->errorHandler(2, 'Undefined variable $damages', 'C:\\laragon\\www\\final_agrismart\\app\\Views\\admin_dashboard\\main-damage.php', 60)
 2 SYSTEMPATH\View\View.php(228): include('C:\\laragon\\www\\final_agrismart\\app\\Views\\admin_dashboard\\main-damage.php')
 3 SYSTEMPATH\View\View.php(231): CodeIgniter\View\View->CodeIgniter\View\{closure}()
 4 SYSTEMPATH\View\View.php(469): CodeIgniter\View\View->render('/admin_dashboard/main-damage', null, true)
 5 APPPATH\Views\adminfolder\damage.php(6): CodeIgniter\View\View->include('/admin_dashboard/main-damage')
 6 SYSTEMPATH\View\View.php(228): include('C:\\laragon\\www\\final_agrismart\\app\\Views\\adminfolder\\damage.php')
 7 SYSTEMPATH\View\View.php(231): CodeIgniter\View\View->CodeIgniter\View\{closure}()
 8 SYSTEMPATH\Common.php(1178): CodeIgniter\View\View->render('adminfolder/damage', [], true)
 9 APPPATH\Controllers\DashboardController.php(879): view('adminfolder/damage', [...])
10 SYSTEMPATH\CodeIgniter.php(941): App\Controllers\DashboardController->admindamages()
11 SYSTEMPATH\CodeIgniter.php(502): CodeIgniter\CodeIgniter->runController(Object(App\Controllers\DashboardController))
12 SYSTEMPATH\CodeIgniter.php(361): CodeIgniter\CodeIgniter->handleRequest(null, Object(Config\Cache), false)
13 FCPATH\index.php(79): CodeIgniter\CodeIgniter->run()
14 SYSTEMPATH\Commands\Server\rewrite.php(47): require_once('C:\\laragon\\www\\final_agrismart\\public\\index.php')
CRITICAL - 2024-08-27 14:23:19 --> ErrorException: Undefined variable $disease
in APPPATH\Views\admin_dashboard\main-disease.php on line 47.
 1 APPPATH\Views\admin_dashboard\main-disease.php(47): CodeIgniter\Debug\Exceptions->errorHandler(2, 'Undefined variable $disease', 'C:\\laragon\\www\\final_agrismart\\app\\Views\\admin_dashboard\\main-disease.php', 47)
 2 SYSTEMPATH\View\View.php(228): include('C:\\laragon\\www\\final_agrismart\\app\\Views\\admin_dashboard\\main-disease.php')
 3 SYSTEMPATH\View\View.php(231): CodeIgniter\View\View->CodeIgniter\View\{closure}()
 4 SYSTEMPATH\View\View.php(469): CodeIgniter\View\View->render('/admin_dashboard/main-disease', null, true)
 5 APPPATH\Views\adminfolder\addisease.php(6): CodeIgniter\View\View->include('/admin_dashboard/main-disease')
 6 SYSTEMPATH\View\View.php(228): include('C:\\laragon\\www\\final_agrismart\\app\\Views\\adminfolder\\addisease.php')
 7 SYSTEMPATH\View\View.php(231): CodeIgniter\View\View->CodeIgniter\View\{closure}()
 8 SYSTEMPATH\Common.php(1178): CodeIgniter\View\View->render('adminfolder/addisease', [], true)
 9 APPPATH\Controllers\DashboardController.php(2500): view('adminfolder/addisease', [...])
10 SYSTEMPATH\CodeIgniter.php(941): App\Controllers\DashboardController->addisease()
11 SYSTEMPATH\CodeIgniter.php(502): CodeIgniter\CodeIgniter->runController(Object(App\Controllers\DashboardController))
12 SYSTEMPATH\CodeIgniter.php(361): CodeIgniter\CodeIgniter->handleRequest(null, Object(Config\Cache), false)
13 FCPATH\index.php(79): CodeIgniter\CodeIgniter->run()
14 SYSTEMPATH\Commands\Server\rewrite.php(47): require_once('C:\\laragon\\www\\final_agrismart\\public\\index.php')
CRITICAL - 2024-08-27 14:41:39 --> ErrorException: Undefined array key "url"
in APPPATH\Views\admin_dashboard\main-dashboard.php on line 57.
 1 APPPATH\Views\admin_dashboard\main-dashboard.php(57): CodeIgniter\Debug\Exceptions->errorHandler(2, 'Undefined array key "url"', 'C:\\laragon\\www\\final_agrismart\\app\\Views\\admin_dashboard\\main-dashboard.php', 57)
 2 SYSTEMPATH\View\View.php(228): include('C:\\laragon\\www\\final_agrismart\\app\\Views\\admin_dashboard\\main-dashboard.php')
 3 SYSTEMPATH\View\View.php(231): CodeIgniter\View\View->CodeIgniter\View\{closure}()
 4 SYSTEMPATH\View\View.php(469): CodeIgniter\View\View->render('/admin_dashboard/main-dashboard', null, true)
 5 APPPATH\Views\adminfolder\dashboard.php(5): CodeIgniter\View\View->include('/admin_dashboard/main-dashboard')
 6 SYSTEMPATH\View\View.php(228): include('C:\\laragon\\www\\final_agrismart\\app\\Views\\adminfolder\\dashboard.php')
 7 SYSTEMPATH\View\View.php(231): CodeIgniter\View\View->CodeIgniter\View\{closure}()
 8 SYSTEMPATH\Common.php(1178): CodeIgniter\View\View->render('adminfolder/dashboard', [], true)
 9 APPPATH\Controllers\LoginController.php(302): view('adminfolder/dashboard', [...])
10 SYSTEMPATH\CodeIgniter.php(941): App\Controllers\LoginController->admindashboard()
11 SYSTEMPATH\CodeIgniter.php(502): CodeIgniter\CodeIgniter->runController(Object(App\Controllers\LoginController))
12 SYSTEMPATH\CodeIgniter.php(361): CodeIgniter\CodeIgniter->handleRequest(null, Object(Config\Cache), false)
13 FCPATH\index.php(79): CodeIgniter\CodeIgniter->run()
14 SYSTEMPATH\Commands\Server\rewrite.php(47): require_once('C:\\laragon\\www\\final_agrismart\\public\\index.php')
CRITICAL - 2024-08-27 14:41:56 --> ErrorException: Undefined array key "url"
in APPPATH\Views\admin_dashboard\main-dashboard.php on line 57.
 1 APPPATH\Views\admin_dashboard\main-dashboard.php(57): CodeIgniter\Debug\Exceptions->errorHandler(2, 'Undefined array key "url"', 'C:\\laragon\\www\\final_agrismart\\app\\Views\\admin_dashboard\\main-dashboard.php', 57)
 2 SYSTEMPATH\View\View.php(228): include('C:\\laragon\\www\\final_agrismart\\app\\Views\\admin_dashboard\\main-dashboard.php')
 3 SYSTEMPATH\View\View.php(231): CodeIgniter\View\View->CodeIgniter\View\{closure}()
 4 SYSTEMPATH\View\View.php(469): CodeIgniter\View\View->render('/admin_dashboard/main-dashboard', null, true)
 5 APPPATH\Views\adminfolder\dashboard.php(5): CodeIgniter\View\View->include('/admin_dashboard/main-dashboard')
 6 SYSTEMPATH\View\View.php(228): include('C:\\laragon\\www\\final_agrismart\\app\\Views\\adminfolder\\dashboard.php')
 7 SYSTEMPATH\View\View.php(231): CodeIgniter\View\View->CodeIgniter\View\{closure}()
 8 SYSTEMPATH\Common.php(1178): CodeIgniter\View\View->render('adminfolder/dashboard', [], true)
 9 APPPATH\Controllers\LoginController.php(302): view('adminfolder/dashboard', [...])
10 SYSTEMPATH\CodeIgniter.php(941): App\Controllers\LoginController->admindashboard()
11 SYSTEMPATH\CodeIgniter.php(502): CodeIgniter\CodeIgniter->runController(Object(App\Controllers\LoginController))
12 SYSTEMPATH\CodeIgniter.php(361): CodeIgniter\CodeIgniter->handleRequest(null, Object(Config\Cache), false)
13 FCPATH\index.php(79): CodeIgniter\CodeIgniter->run()
14 SYSTEMPATH\Commands\Server\rewrite.php(47): require_once('C:\\laragon\\www\\final_agrismart\\public\\index.php')
CRITICAL - 2024-08-27 14:41:57 --> ErrorException: Undefined array key "url"
in APPPATH\Views\admin_dashboard\main-dashboard.php on line 57.
 1 APPPATH\Views\admin_dashboard\main-dashboard.php(57): CodeIgniter\Debug\Exceptions->errorHandler(2, 'Undefined array key "url"', 'C:\\laragon\\www\\final_agrismart\\app\\Views\\admin_dashboard\\main-dashboard.php', 57)
 2 SYSTEMPATH\View\View.php(228): include('C:\\laragon\\www\\final_agrismart\\app\\Views\\admin_dashboard\\main-dashboard.php')
 3 SYSTEMPATH\View\View.php(231): CodeIgniter\View\View->CodeIgniter\View\{closure}()
 4 SYSTEMPATH\View\View.php(469): CodeIgniter\View\View->render('/admin_dashboard/main-dashboard', null, true)
 5 APPPATH\Views\adminfolder\dashboard.php(5): CodeIgniter\View\View->include('/admin_dashboard/main-dashboard')
 6 SYSTEMPATH\View\View.php(228): include('C:\\laragon\\www\\final_agrismart\\app\\Views\\adminfolder\\dashboard.php')
 7 SYSTEMPATH\View\View.php(231): CodeIgniter\View\View->CodeIgniter\View\{closure}()
 8 SYSTEMPATH\Common.php(1178): CodeIgniter\View\View->render('adminfolder/dashboard', [], true)
 9 APPPATH\Controllers\LoginController.php(302): view('adminfolder/dashboard', [...])
10 SYSTEMPATH\CodeIgniter.php(941): App\Controllers\LoginController->admindashboard()
11 SYSTEMPATH\CodeIgniter.php(502): CodeIgniter\CodeIgniter->runController(Object(App\Controllers\LoginController))
12 SYSTEMPATH\CodeIgniter.php(361): CodeIgniter\CodeIgniter->handleRequest(null, Object(Config\Cache), false)
13 FCPATH\index.php(79): CodeIgniter\CodeIgniter->run()
14 SYSTEMPATH\Commands\Server\rewrite.php(47): require_once('C:\\laragon\\www\\final_agrismart\\public\\index.php')
CRITICAL - 2024-08-27 14:41:58 --> ErrorException: Undefined array key "url"
in APPPATH\Views\admin_dashboard\main-dashboard.php on line 57.
 1 APPPATH\Views\admin_dashboard\main-dashboard.php(57): CodeIgniter\Debug\Exceptions->errorHandler(2, 'Undefined array key "url"', 'C:\\laragon\\www\\final_agrismart\\app\\Views\\admin_dashboard\\main-dashboard.php', 57)
 2 SYSTEMPATH\View\View.php(228): include('C:\\laragon\\www\\final_agrismart\\app\\Views\\admin_dashboard\\main-dashboard.php')
 3 SYSTEMPATH\View\View.php(231): CodeIgniter\View\View->CodeIgniter\View\{closure}()
 4 SYSTEMPATH\View\View.php(469): CodeIgniter\View\View->render('/admin_dashboard/main-dashboard', null, true)
 5 APPPATH\Views\adminfolder\dashboard.php(5): CodeIgniter\View\View->include('/admin_dashboard/main-dashboard')
 6 SYSTEMPATH\View\View.php(228): include('C:\\laragon\\www\\final_agrismart\\app\\Views\\adminfolder\\dashboard.php')
 7 SYSTEMPATH\View\View.php(231): CodeIgniter\View\View->CodeIgniter\View\{closure}()
 8 SYSTEMPATH\Common.php(1178): CodeIgniter\View\View->render('adminfolder/dashboard', [], true)
 9 APPPATH\Controllers\LoginController.php(302): view('adminfolder/dashboard', [...])
10 SYSTEMPATH\CodeIgniter.php(941): App\Controllers\LoginController->admindashboard()
11 SYSTEMPATH\CodeIgniter.php(502): CodeIgniter\CodeIgniter->runController(Object(App\Controllers\LoginController))
12 SYSTEMPATH\CodeIgniter.php(361): CodeIgniter\CodeIgniter->handleRequest(null, Object(Config\Cache), false)
13 FCPATH\index.php(79): CodeIgniter\CodeIgniter->run()
14 SYSTEMPATH\Commands\Server\rewrite.php(47): require_once('C:\\laragon\\www\\final_agrismart\\public\\index.php')
CRITICAL - 2024-08-27 14:42:46 --> ErrorException: Undefined array key "url"
in APPPATH\Views\admin_dashboard\main-dashboard.php on line 57.
 1 APPPATH\Views\admin_dashboard\main-dashboard.php(57): CodeIgniter\Debug\Exceptions->errorHandler(2, 'Undefined array key "url"', 'C:\\laragon\\www\\final_agrismart\\app\\Views\\admin_dashboard\\main-dashboard.php', 57)
 2 SYSTEMPATH\View\View.php(228): include('C:\\laragon\\www\\final_agrismart\\app\\Views\\admin_dashboard\\main-dashboard.php')
 3 SYSTEMPATH\View\View.php(231): CodeIgniter\View\View->CodeIgniter\View\{closure}()
 4 SYSTEMPATH\View\View.php(469): CodeIgniter\View\View->render('/admin_dashboard/main-dashboard', null, true)
 5 APPPATH\Views\adminfolder\dashboard.php(5): CodeIgniter\View\View->include('/admin_dashboard/main-dashboard')
 6 SYSTEMPATH\View\View.php(228): include('C:\\laragon\\www\\final_agrismart\\app\\Views\\adminfolder\\dashboard.php')
 7 SYSTEMPATH\View\View.php(231): CodeIgniter\View\View->CodeIgniter\View\{closure}()
 8 SYSTEMPATH\Common.php(1178): CodeIgniter\View\View->render('adminfolder/dashboard', [], true)
 9 APPPATH\Controllers\LoginController.php(302): view('adminfolder/dashboard', [...])
10 SYSTEMPATH\CodeIgniter.php(941): App\Controllers\LoginController->admindashboard()
11 SYSTEMPATH\CodeIgniter.php(502): CodeIgniter\CodeIgniter->runController(Object(App\Controllers\LoginController))
12 SYSTEMPATH\CodeIgniter.php(361): CodeIgniter\CodeIgniter->handleRequest(null, Object(Config\Cache), false)
13 FCPATH\index.php(79): CodeIgniter\CodeIgniter->run()
14 SYSTEMPATH\Commands\Server\rewrite.php(47): require_once('C:\\laragon\\www\\final_agrismart\\public\\index.php')
CRITICAL - 2024-08-27 14:42:48 --> ErrorException: Undefined array key "url"
in APPPATH\Views\admin_dashboard\main-dashboard.php on line 57.
 1 APPPATH\Views\admin_dashboard\main-dashboard.php(57): CodeIgniter\Debug\Exceptions->errorHandler(2, 'Undefined array key "url"', 'C:\\laragon\\www\\final_agrismart\\app\\Views\\admin_dashboard\\main-dashboard.php', 57)
 2 SYSTEMPATH\View\View.php(228): include('C:\\laragon\\www\\final_agrismart\\app\\Views\\admin_dashboard\\main-dashboard.php')
 3 SYSTEMPATH\View\View.php(231): CodeIgniter\View\View->CodeIgniter\View\{closure}()
 4 SYSTEMPATH\View\View.php(469): CodeIgniter\View\View->render('/admin_dashboard/main-dashboard', null, true)
 5 APPPATH\Views\adminfolder\dashboard.php(5): CodeIgniter\View\View->include('/admin_dashboard/main-dashboard')
 6 SYSTEMPATH\View\View.php(228): include('C:\\laragon\\www\\final_agrismart\\app\\Views\\adminfolder\\dashboard.php')
 7 SYSTEMPATH\View\View.php(231): CodeIgniter\View\View->CodeIgniter\View\{closure}()
 8 SYSTEMPATH\Common.php(1178): CodeIgniter\View\View->render('adminfolder/dashboard', [], true)
 9 APPPATH\Controllers\LoginController.php(302): view('adminfolder/dashboard', [...])
10 SYSTEMPATH\CodeIgniter.php(941): App\Controllers\LoginController->admindashboard()
11 SYSTEMPATH\CodeIgniter.php(502): CodeIgniter\CodeIgniter->runController(Object(App\Controllers\LoginController))
12 SYSTEMPATH\CodeIgniter.php(361): CodeIgniter\CodeIgniter->handleRequest(null, Object(Config\Cache), false)
13 FCPATH\index.php(79): CodeIgniter\CodeIgniter->run()
14 SYSTEMPATH\Commands\Server\rewrite.php(47): require_once('C:\\laragon\\www\\final_agrismart\\public\\index.php')
CRITICAL - 2024-08-27 14:42:49 --> ErrorException: Undefined array key "url"
in APPPATH\Views\admin_dashboard\main-dashboard.php on line 57.
 1 APPPATH\Views\admin_dashboard\main-dashboard.php(57): CodeIgniter\Debug\Exceptions->errorHandler(2, 'Undefined array key "url"', 'C:\\laragon\\www\\final_agrismart\\app\\Views\\admin_dashboard\\main-dashboard.php', 57)
 2 SYSTEMPATH\View\View.php(228): include('C:\\laragon\\www\\final_agrismart\\app\\Views\\admin_dashboard\\main-dashboard.php')
 3 SYSTEMPATH\View\View.php(231): CodeIgniter\View\View->CodeIgniter\View\{closure}()
 4 SYSTEMPATH\View\View.php(469): CodeIgniter\View\View->render('/admin_dashboard/main-dashboard', null, true)
 5 APPPATH\Views\adminfolder\dashboard.php(5): CodeIgniter\View\View->include('/admin_dashboard/main-dashboard')
 6 SYSTEMPATH\View\View.php(228): include('C:\\laragon\\www\\final_agrismart\\app\\Views\\adminfolder\\dashboard.php')
 7 SYSTEMPATH\View\View.php(231): CodeIgniter\View\View->CodeIgniter\View\{closure}()
 8 SYSTEMPATH\Common.php(1178): CodeIgniter\View\View->render('adminfolder/dashboard', [], true)
 9 APPPATH\Controllers\LoginController.php(302): view('adminfolder/dashboard', [...])
10 SYSTEMPATH\CodeIgniter.php(941): App\Controllers\LoginController->admindashboard()
11 SYSTEMPATH\CodeIgniter.php(502): CodeIgniter\CodeIgniter->runController(Object(App\Controllers\LoginController))
12 SYSTEMPATH\CodeIgniter.php(361): CodeIgniter\CodeIgniter->handleRequest(null, Object(Config\Cache), false)
13 FCPATH\index.php(79): CodeIgniter\CodeIgniter->run()
14 SYSTEMPATH\Commands\Server\rewrite.php(47): require_once('C:\\laragon\\www\\final_agrismart\\public\\index.php')
CRITICAL - 2024-08-27 14:42:50 --> ErrorException: Undefined array key "url"
in APPPATH\Views\admin_dashboard\main-dashboard.php on line 57.
 1 APPPATH\Views\admin_dashboard\main-dashboard.php(57): CodeIgniter\Debug\Exceptions->errorHandler(2, 'Undefined array key "url"', 'C:\\laragon\\www\\final_agrismart\\app\\Views\\admin_dashboard\\main-dashboard.php', 57)
 2 SYSTEMPATH\View\View.php(228): include('C:\\laragon\\www\\final_agrismart\\app\\Views\\admin_dashboard\\main-dashboard.php')
 3 SYSTEMPATH\View\View.php(231): CodeIgniter\View\View->CodeIgniter\View\{closure}()
 4 SYSTEMPATH\View\View.php(469): CodeIgniter\View\View->render('/admin_dashboard/main-dashboard', null, true)
 5 APPPATH\Views\adminfolder\dashboard.php(5): CodeIgniter\View\View->include('/admin_dashboard/main-dashboard')
 6 SYSTEMPATH\View\View.php(228): include('C:\\laragon\\www\\final_agrismart\\app\\Views\\adminfolder\\dashboard.php')
 7 SYSTEMPATH\View\View.php(231): CodeIgniter\View\View->CodeIgniter\View\{closure}()
 8 SYSTEMPATH\Common.php(1178): CodeIgniter\View\View->render('adminfolder/dashboard', [], true)
 9 APPPATH\Controllers\LoginController.php(302): view('adminfolder/dashboard', [...])
10 SYSTEMPATH\CodeIgniter.php(941): App\Controllers\LoginController->admindashboard()
11 SYSTEMPATH\CodeIgniter.php(502): CodeIgniter\CodeIgniter->runController(Object(App\Controllers\LoginController))
12 SYSTEMPATH\CodeIgniter.php(361): CodeIgniter\CodeIgniter->handleRequest(null, Object(Config\Cache), false)
13 FCPATH\index.php(79): CodeIgniter\CodeIgniter->run()
14 SYSTEMPATH\Commands\Server\rewrite.php(47): require_once('C:\\laragon\\www\\final_agrismart\\public\\index.php')
