CRITICAL - 2024-05-15 14:36:07 --> ErrorException: Undefined variable $tri
in APPPATH\Views\landing_page_inc\reports.php on line 99.
 1 APPPATH\Views\landing_page_inc\reports.php(99): CodeIgniter\Debug\Exceptions->errorHandler(2, 'Undefined variable $tri', 'C:\\laragon\\www\\final_agrismart\\app\\Views\\landing_page_inc\\reports.php', 99)
 2 SYSTEMPATH\View\View.php(228): include('C:\\laragon\\www\\final_agrismart\\app\\Views\\landing_page_inc\\reports.php')
 3 SYSTEMPATH\View\View.php(231): CodeIgniter\View\View->CodeIgniter\View\{closure}()
 4 SYSTEMPATH\View\View.php(469): CodeIgniter\View\View->render('/landing_page_inc/reports', null, true)
 5 APPPATH\Views\reports_sec.php(4): CodeIgniter\View\View->include('/landing_page_inc/reports')
 6 SYSTEMPATH\View\View.php(228): include('C:\\laragon\\www\\final_agrismart\\app\\Views\\reports_sec.php')
 7 SYSTEMPATH\View\View.php(231): CodeIgniter\View\View->CodeIgniter\View\{closure}()
 8 SYSTEMPATH\Common.php(1178): CodeIgniter\View\View->render('reports_sec', [], true)
 9 APPPATH\Controllers\LoginController.php(563): view('reports_sec', [...])
10 SYSTEMPATH\CodeIgniter.php(941): App\Controllers\LoginController->reports()
11 SYSTEMPATH\CodeIgniter.php(502): CodeIgniter\CodeIgniter->runController(Object(App\Controllers\LoginController))
12 SYSTEMPATH\CodeIgniter.php(361): CodeIgniter\CodeIgniter->handleRequest(null, Object(Config\Cache), false)
13 FCPATH\index.php(79): CodeIgniter\CodeIgniter->run()
14 SYSTEMPATH\Commands\Server\rewrite.php(47): require_once('C:\\laragon\\www\\final_agrismart\\public\\index.php')
CRITICAL - 2024-05-15 14:50:03 --> ErrorException: Undefined variable $tri
in APPPATH\Views\landing_page_inc\reports.php on line 29.
 1 APPPATH\Views\landing_page_inc\reports.php(29): CodeIgniter\Debug\Exceptions->errorHandler(2, 'Undefined variable $tri', 'C:\\laragon\\www\\final_agrismart\\app\\Views\\landing_page_inc\\reports.php', 29)
 2 SYSTEMPATH\View\View.php(228): include('C:\\laragon\\www\\final_agrismart\\app\\Views\\landing_page_inc\\reports.php')
 3 SYSTEMPATH\View\View.php(231): CodeIgniter\View\View->CodeIgniter\View\{closure}()
 4 SYSTEMPATH\View\View.php(469): CodeIgniter\View\View->render('/landing_page_inc/reports', null, true)
 5 APPPATH\Views\reports_sec.php(6): CodeIgniter\View\View->include('/landing_page_inc/reports')
 6 SYSTEMPATH\View\View.php(228): include('C:\\laragon\\www\\final_agrismart\\app\\Views\\reports_sec.php')
 7 SYSTEMPATH\View\View.php(231): CodeIgniter\View\View->CodeIgniter\View\{closure}()
 8 SYSTEMPATH\Common.php(1178): CodeIgniter\View\View->render('reports_sec', [], true)
 9 APPPATH\Controllers\LoginController.php(563): view('reports_sec', [...])
10 SYSTEMPATH\CodeIgniter.php(941): App\Controllers\LoginController->reports()
11 SYSTEMPATH\CodeIgniter.php(502): CodeIgniter\CodeIgniter->runController(Object(App\Controllers\LoginController))
12 SYSTEMPATH\CodeIgniter.php(361): CodeIgniter\CodeIgniter->handleRequest(null, Object(Config\Cache), false)
13 FCPATH\index.php(79): CodeIgniter\CodeIgniter->run()
14 SYSTEMPATH\Commands\Server\rewrite.php(47): require_once('C:\\laragon\\www\\final_agrismart\\public\\index.php')
CRITICAL - 2024-05-15 14:50:14 --> CodeIgniter\View\Exceptions\ViewException: Invalid file: "readmorereports.php"
in SYSTEMPATH\Exceptions\FrameworkException.php on line 39.
 1 SYSTEMPATH\View\View.php(216): CodeIgniter\Exceptions\FrameworkException::forInvalidFile('readmorereports.php')
 2 SYSTEMPATH\Common.php(1178): CodeIgniter\View\View->render('readmorereports', [], true)
 3 APPPATH\Controllers\LoginController.php(596): view('readmorereports', [...])
 4 SYSTEMPATH\CodeIgniter.php(941): App\Controllers\LoginController->reportsreadmore('2')
 5 SYSTEMPATH\CodeIgniter.php(502): CodeIgniter\CodeIgniter->runController(Object(App\Controllers\LoginController))
 6 SYSTEMPATH\CodeIgniter.php(361): CodeIgniter\CodeIgniter->handleRequest(null, Object(Config\Cache), false)
 7 FCPATH\index.php(79): CodeIgniter\CodeIgniter->run()
 8 SYSTEMPATH\Commands\Server\rewrite.php(47): require_once('C:\\laragon\\www\\final_agrismart\\public\\index.php')
ERROR - 2024-05-15 15:05:29 --> mysqli_sql_exception: Column 'user_id' cannot be null in C:\laragon\www\final_agrismart\system\Database\MySQLi\Connection.php:306
Stack trace:
#0 C:\laragon\www\final_agrismart\system\Database\MySQLi\Connection.php(306): mysqli->query('INSERT INTO `re...', 0)
#1 C:\laragon\www\final_agrismart\system\Database\BaseConnection.php(693): CodeIgniter\Database\MySQLi\Connection->execute('INSERT INTO `re...')
#2 C:\laragon\www\final_agrismart\system\Database\BaseConnection.php(607): CodeIgniter\Database\BaseConnection->simpleQuery('INSERT INTO `re...')
#3 C:\laragon\www\final_agrismart\system\Database\BaseBuilder.php(2307): CodeIgniter\Database\BaseConnection->query('INSERT INTO `re...', Array, false)
#4 C:\laragon\www\final_agrismart\system\Model.php(326): CodeIgniter\Database\BaseBuilder->insert()
#5 C:\laragon\www\final_agrismart\system\BaseModel.php(802): CodeIgniter\Model->doInsert(Array)
#6 C:\laragon\www\final_agrismart\system\Model.php(744): CodeIgniter\BaseModel->insert(Array, false)
#7 C:\laragon\www\final_agrismart\system\BaseModel.php(713): CodeIgniter\Model->insert(Array, false)
#8 C:\laragon\www\final_agrismart\app\Controllers\DashboardController.php(1949): CodeIgniter\BaseModel->save(Array)
#9 C:\laragon\www\final_agrismart\system\CodeIgniter.php(941): App\Controllers\DashboardController->addnewreport()
#10 C:\laragon\www\final_agrismart\system\CodeIgniter.php(502): CodeIgniter\CodeIgniter->runController(Object(App\Controllers\DashboardController))
#11 C:\laragon\www\final_agrismart\system\CodeIgniter.php(361): CodeIgniter\CodeIgniter->handleRequest(NULL, Object(Config\Cache), false)
#12 C:\laragon\www\final_agrismart\public\index.php(79): CodeIgniter\CodeIgniter->run()
#13 C:\laragon\www\final_agrismart\system\Commands\Server\rewrite.php(47): require_once('C:\\laragon\\www\\...')
#14 {main}
CRITICAL - 2024-05-15 15:05:29 --> CodeIgniter\Database\Exceptions\DatabaseException: Column 'user_id' cannot be null
in SYSTEMPATH\Database\BaseConnection.php on line 647.
 1 SYSTEMPATH\Database\BaseBuilder.php(2307): CodeIgniter\Database\BaseConnection->query('INSERT INTO `reports` (`title`, `images`, `description`, `validity`, `user_id`) VALUES (:title:, :images:, :description:, :validity:, :user_id:)', [...], false)
 2 SYSTEMPATH\Model.php(326): CodeIgniter\Database\BaseBuilder->insert()
 3 SYSTEMPATH\BaseModel.php(802): CodeIgniter\Model->doInsert([...])
 4 SYSTEMPATH\Model.php(744): CodeIgniter\BaseModel->insert([...], false)
 5 SYSTEMPATH\BaseModel.php(713): CodeIgniter\Model->insert([...], false)
 6 APPPATH\Controllers\DashboardController.php(1949): CodeIgniter\BaseModel->save([...])
 7 SYSTEMPATH\CodeIgniter.php(941): App\Controllers\DashboardController->addnewreport()
 8 SYSTEMPATH\CodeIgniter.php(502): CodeIgniter\CodeIgniter->runController(Object(App\Controllers\DashboardController))
 9 SYSTEMPATH\CodeIgniter.php(361): CodeIgniter\CodeIgniter->handleRequest(null, Object(Config\Cache), false)
10 FCPATH\index.php(79): CodeIgniter\CodeIgniter->run()
11 SYSTEMPATH\Commands\Server\rewrite.php(47): require_once('C:\\laragon\\www\\final_agrismart\\public\\index.php')
CRITICAL - 2024-05-15 15:05:29 --> [Caused by] CodeIgniter\Database\Exceptions\DatabaseException: Column 'user_id' cannot be null
in SYSTEMPATH\Database\MySQLi\Connection.php on line 311.
 1 SYSTEMPATH\Database\BaseConnection.php(693): CodeIgniter\Database\MySQLi\Connection->execute('INSERT INTO `reports` (`title`, `images`, `description`, `validity`, `user_id`) VALUES (\'PAGO Empowers Farmers Through Innovative Processing Technique\', \'uploads/report_img/1715785529_8b5dc09cd5888349c040.jpg\', \'In a proactive move to enhance the capabilities of local farmers, the Provincial Agriculturist’s Office (PAgO) conducted a comprehensive four-day training on Value Addition of Agricultural Commodities of Oriental Mindoro. The event took place from July 24 to 28, 2023, at the Agri-processing Center of the Provincial Demo Farm in Merit, Victoria.\\r\\n\\r\\nCollaborating with the Department of Science and Technology Provincial Office, PAgO aimed to empower farmers by imparting valuable skills in developing innovative products. A total of 40 participants, predominantly members of Rural Based Organizations and processors from various municipalities, were engaged in the training. The focus was on the development of value-added products, such as calamansi ginger tea, calamansi muffins, rice crispies, rice polvoron, rice coffee, coconut macaroons, banana bread, banana flour, banana peel cookies, and dehydrated mango. Additionally, participants were introduced to the intricacies of wine production using various commodities like rice, bignay, and dragon fruit.\\r\\n\\r\\nLeading the hands-on training and processing of these innovative products were Engr. Manilyn A. Joco, Engr. Honna Mae Dimapilis, and Ms. Jeziel Casapao of the Provincial Agriculturist’s Office. Complementing the practical sessions, Mr. Jesse M. Pine and Ms. Christine Caringal of the Department of Science and Technology (DOST) delivered lectures on crucial aspects such as entrepreneurship, packaging and labelling, and Good Manufacturing Practices.\\r\\n\\r\\nThe training underscored the presence of operational processing facilities, such as the Food Innovation Center in MINSCAT Calapan City and PAgO’s Agri-Processing Center in Merit, Victoria. These facilities serve as positive catalysts, encouraging farmers and entrepreneurs to explore vast opportunities in  value addition.\', \'validated\', NULL)')
 2 SYSTEMPATH\Database\BaseConnection.php(607): CodeIgniter\Database\BaseConnection->simpleQuery('INSERT INTO `reports` (`title`, `images`, `description`, `validity`, `user_id`) VALUES (\'PAGO Empowers Farmers Through Innovative Processing Technique\', \'uploads/report_img/1715785529_8b5dc09cd5888349c040.jpg\', \'In a proactive move to enhance the capabilities of local farmers, the Provincial Agriculturist’s Office (PAgO) conducted a comprehensive four-day training on Value Addition of Agricultural Commodities of Oriental Mindoro. The event took place from July 24 to 28, 2023, at the Agri-processing Center of the Provincial Demo Farm in Merit, Victoria.\\r\\n\\r\\nCollaborating with the Department of Science and Technology Provincial Office, PAgO aimed to empower farmers by imparting valuable skills in developing innovative products. A total of 40 participants, predominantly members of Rural Based Organizations and processors from various municipalities, were engaged in the training. The focus was on the development of value-added products, such as calamansi ginger tea, calamansi muffins, rice crispies, rice polvoron, rice coffee, coconut macaroons, banana bread, banana flour, banana peel cookies, and dehydrated mango. Additionally, participants were introduced to the intricacies of wine production using various commodities like rice, bignay, and dragon fruit.\\r\\n\\r\\nLeading the hands-on training and processing of these innovative products were Engr. Manilyn A. Joco, Engr. Honna Mae Dimapilis, and Ms. Jeziel Casapao of the Provincial Agriculturist’s Office. Complementing the practical sessions, Mr. Jesse M. Pine and Ms. Christine Caringal of the Department of Science and Technology (DOST) delivered lectures on crucial aspects such as entrepreneurship, packaging and labelling, and Good Manufacturing Practices.\\r\\n\\r\\nThe training underscored the presence of operational processing facilities, such as the Food Innovation Center in MINSCAT Calapan City and PAgO’s Agri-Processing Center in Merit, Victoria. These facilities serve as positive catalysts, encouraging farmers and entrepreneurs to explore vast opportunities in  value addition.\', \'validated\', NULL)')
 3 SYSTEMPATH\Database\BaseBuilder.php(2307): CodeIgniter\Database\BaseConnection->query('INSERT INTO `reports` (`title`, `images`, `description`, `validity`, `user_id`) VALUES (:title:, :images:, :description:, :validity:, :user_id:)', [...], false)
 4 SYSTEMPATH\Model.php(326): CodeIgniter\Database\BaseBuilder->insert()
 5 SYSTEMPATH\BaseModel.php(802): CodeIgniter\Model->doInsert([...])
 6 SYSTEMPATH\Model.php(744): CodeIgniter\BaseModel->insert([...], false)
 7 SYSTEMPATH\BaseModel.php(713): CodeIgniter\Model->insert([...], false)
 8 APPPATH\Controllers\DashboardController.php(1949): CodeIgniter\BaseModel->save([...])
 9 SYSTEMPATH\CodeIgniter.php(941): App\Controllers\DashboardController->addnewreport()
10 SYSTEMPATH\CodeIgniter.php(502): CodeIgniter\CodeIgniter->runController(Object(App\Controllers\DashboardController))
11 SYSTEMPATH\CodeIgniter.php(361): CodeIgniter\CodeIgniter->handleRequest(null, Object(Config\Cache), false)
12 FCPATH\index.php(79): CodeIgniter\CodeIgniter->run()
13 SYSTEMPATH\Commands\Server\rewrite.php(47): require_once('C:\\laragon\\www\\final_agrismart\\public\\index.php')
CRITICAL - 2024-05-15 15:05:29 --> [Caused by] mysqli_sql_exception: Column 'user_id' cannot be null
in SYSTEMPATH\Database\MySQLi\Connection.php on line 306.
 1 SYSTEMPATH\Database\MySQLi\Connection.php(306): mysqli->query('INSERT INTO `reports` (`title`, `images`, `description`, `validity`, `user_id`) VALUES (\'PAGO Empowers Farmers Through Innovative Processing Technique\', \'uploads/report_img/1715785529_8b5dc09cd5888349c040.jpg\', \'In a proactive move to enhance the capabilities of local farmers, the Provincial Agriculturist’s Office (PAgO) conducted a comprehensive four-day training on Value Addition of Agricultural Commodities of Oriental Mindoro. The event took place from July 24 to 28, 2023, at the Agri-processing Center of the Provincial Demo Farm in Merit, Victoria.\\r\\n\\r\\nCollaborating with the Department of Science and Technology Provincial Office, PAgO aimed to empower farmers by imparting valuable skills in developing innovative products. A total of 40 participants, predominantly members of Rural Based Organizations and processors from various municipalities, were engaged in the training. The focus was on the development of value-added products, such as calamansi ginger tea, calamansi muffins, rice crispies, rice polvoron, rice coffee, coconut macaroons, banana bread, banana flour, banana peel cookies, and dehydrated mango. Additionally, participants were introduced to the intricacies of wine production using various commodities like rice, bignay, and dragon fruit.\\r\\n\\r\\nLeading the hands-on training and processing of these innovative products were Engr. Manilyn A. Joco, Engr. Honna Mae Dimapilis, and Ms. Jeziel Casapao of the Provincial Agriculturist’s Office. Complementing the practical sessions, Mr. Jesse M. Pine and Ms. Christine Caringal of the Department of Science and Technology (DOST) delivered lectures on crucial aspects such as entrepreneurship, packaging and labelling, and Good Manufacturing Practices.\\r\\n\\r\\nThe training underscored the presence of operational processing facilities, such as the Food Innovation Center in MINSCAT Calapan City and PAgO’s Agri-Processing Center in Merit, Victoria. These facilities serve as positive catalysts, encouraging farmers and entrepreneurs to explore vast opportunities in  value addition.\', \'validated\', NULL)', 0)
 2 SYSTEMPATH\Database\BaseConnection.php(693): CodeIgniter\Database\MySQLi\Connection->execute('INSERT INTO `reports` (`title`, `images`, `description`, `validity`, `user_id`) VALUES (\'PAGO Empowers Farmers Through Innovative Processing Technique\', \'uploads/report_img/1715785529_8b5dc09cd5888349c040.jpg\', \'In a proactive move to enhance the capabilities of local farmers, the Provincial Agriculturist’s Office (PAgO) conducted a comprehensive four-day training on Value Addition of Agricultural Commodities of Oriental Mindoro. The event took place from July 24 to 28, 2023, at the Agri-processing Center of the Provincial Demo Farm in Merit, Victoria.\\r\\n\\r\\nCollaborating with the Department of Science and Technology Provincial Office, PAgO aimed to empower farmers by imparting valuable skills in developing innovative products. A total of 40 participants, predominantly members of Rural Based Organizations and processors from various municipalities, were engaged in the training. The focus was on the development of value-added products, such as calamansi ginger tea, calamansi muffins, rice crispies, rice polvoron, rice coffee, coconut macaroons, banana bread, banana flour, banana peel cookies, and dehydrated mango. Additionally, participants were introduced to the intricacies of wine production using various commodities like rice, bignay, and dragon fruit.\\r\\n\\r\\nLeading the hands-on training and processing of these innovative products were Engr. Manilyn A. Joco, Engr. Honna Mae Dimapilis, and Ms. Jeziel Casapao of the Provincial Agriculturist’s Office. Complementing the practical sessions, Mr. Jesse M. Pine and Ms. Christine Caringal of the Department of Science and Technology (DOST) delivered lectures on crucial aspects such as entrepreneurship, packaging and labelling, and Good Manufacturing Practices.\\r\\n\\r\\nThe training underscored the presence of operational processing facilities, such as the Food Innovation Center in MINSCAT Calapan City and PAgO’s Agri-Processing Center in Merit, Victoria. These facilities serve as positive catalysts, encouraging farmers and entrepreneurs to explore vast opportunities in  value addition.\', \'validated\', NULL)')
 3 SYSTEMPATH\Database\BaseConnection.php(607): CodeIgniter\Database\BaseConnection->simpleQuery('INSERT INTO `reports` (`title`, `images`, `description`, `validity`, `user_id`) VALUES (\'PAGO Empowers Farmers Through Innovative Processing Technique\', \'uploads/report_img/1715785529_8b5dc09cd5888349c040.jpg\', \'In a proactive move to enhance the capabilities of local farmers, the Provincial Agriculturist’s Office (PAgO) conducted a comprehensive four-day training on Value Addition of Agricultural Commodities of Oriental Mindoro. The event took place from July 24 to 28, 2023, at the Agri-processing Center of the Provincial Demo Farm in Merit, Victoria.\\r\\n\\r\\nCollaborating with the Department of Science and Technology Provincial Office, PAgO aimed to empower farmers by imparting valuable skills in developing innovative products. A total of 40 participants, predominantly members of Rural Based Organizations and processors from various municipalities, were engaged in the training. The focus was on the development of value-added products, such as calamansi ginger tea, calamansi muffins, rice crispies, rice polvoron, rice coffee, coconut macaroons, banana bread, banana flour, banana peel cookies, and dehydrated mango. Additionally, participants were introduced to the intricacies of wine production using various commodities like rice, bignay, and dragon fruit.\\r\\n\\r\\nLeading the hands-on training and processing of these innovative products were Engr. Manilyn A. Joco, Engr. Honna Mae Dimapilis, and Ms. Jeziel Casapao of the Provincial Agriculturist’s Office. Complementing the practical sessions, Mr. Jesse M. Pine and Ms. Christine Caringal of the Department of Science and Technology (DOST) delivered lectures on crucial aspects such as entrepreneurship, packaging and labelling, and Good Manufacturing Practices.\\r\\n\\r\\nThe training underscored the presence of operational processing facilities, such as the Food Innovation Center in MINSCAT Calapan City and PAgO’s Agri-Processing Center in Merit, Victoria. These facilities serve as positive catalysts, encouraging farmers and entrepreneurs to explore vast opportunities in  value addition.\', \'validated\', NULL)')
 4 SYSTEMPATH\Database\BaseBuilder.php(2307): CodeIgniter\Database\BaseConnection->query('INSERT INTO `reports` (`title`, `images`, `description`, `validity`, `user_id`) VALUES (:title:, :images:, :description:, :validity:, :user_id:)', [...], false)
 5 SYSTEMPATH\Model.php(326): CodeIgniter\Database\BaseBuilder->insert()
 6 SYSTEMPATH\BaseModel.php(802): CodeIgniter\Model->doInsert([...])
 7 SYSTEMPATH\Model.php(744): CodeIgniter\BaseModel->insert([...], false)
 8 SYSTEMPATH\BaseModel.php(713): CodeIgniter\Model->insert([...], false)
 9 APPPATH\Controllers\DashboardController.php(1949): CodeIgniter\BaseModel->save([...])
10 SYSTEMPATH\CodeIgniter.php(941): App\Controllers\DashboardController->addnewreport()
11 SYSTEMPATH\CodeIgniter.php(502): CodeIgniter\CodeIgniter->runController(Object(App\Controllers\DashboardController))
12 SYSTEMPATH\CodeIgniter.php(361): CodeIgniter\CodeIgniter->handleRequest(null, Object(Config\Cache), false)
13 FCPATH\index.php(79): CodeIgniter\CodeIgniter->run()
14 SYSTEMPATH\Commands\Server\rewrite.php(47): require_once('C:\\laragon\\www\\final_agrismart\\public\\index.php')
CRITICAL - 2024-05-15 16:22:58 --> ErrorException: Undefined variable $tri
in APPPATH\Views\landing_page_inc\trainings.php on line 44.
 1 APPPATH\Views\landing_page_inc\trainings.php(44): CodeIgniter\Debug\Exceptions->errorHandler(2, 'Undefined variable $tri', 'C:\\laragon\\www\\final_agrismart\\app\\Views\\landing_page_inc\\trainings.php', 44)
 2 SYSTEMPATH\View\View.php(228): include('C:\\laragon\\www\\final_agrismart\\app\\Views\\landing_page_inc\\trainings.php')
 3 SYSTEMPATH\View\View.php(231): CodeIgniter\View\View->CodeIgniter\View\{closure}()
 4 SYSTEMPATH\View\View.php(469): CodeIgniter\View\View->render('/landing_page_inc/trainings', null, true)
 5 APPPATH\Views\trainings_sec.php(56): CodeIgniter\View\View->include('/landing_page_inc/trainings')
 6 SYSTEMPATH\View\View.php(228): include('C:\\laragon\\www\\final_agrismart\\app\\Views\\trainings_sec.php')
 7 SYSTEMPATH\View\View.php(231): CodeIgniter\View\View->CodeIgniter\View\{closure}()
 8 SYSTEMPATH\Common.php(1178): CodeIgniter\View\View->render('trainings_sec', [], true)
 9 APPPATH\Controllers\LoginController.php(573): view('trainings_sec', [...])
10 SYSTEMPATH\CodeIgniter.php(941): App\Controllers\LoginController->trainings()
11 SYSTEMPATH\CodeIgniter.php(502): CodeIgniter\CodeIgniter->runController(Object(App\Controllers\LoginController))
12 SYSTEMPATH\CodeIgniter.php(361): CodeIgniter\CodeIgniter->handleRequest(null, Object(Config\Cache), false)
13 FCPATH\index.php(79): CodeIgniter\CodeIgniter->run()
14 SYSTEMPATH\Commands\Server\rewrite.php(47): require_once('C:\\laragon\\www\\final_agrismart\\public\\index.php')
