CRITICAL - 2024-05-01 10:44:41 --> CodeIgniter\View\Exceptions\ViewException: Invalid file: "adreports.php"
in SYSTEMPATH\Exceptions\FrameworkException.php on line 39.
 1 SYSTEMPATH\View\View.php(216): CodeIgniter\Exceptions\FrameworkException::forInvalidFile('adreports.php')
 2 SYSTEMPATH\Common.php(1178): CodeIgniter\View\View->render('adreports', [], true)
 3 APPPATH\Controllers\DashboardController.php(1764): view('adreports')
 4 SYSTEMPATH\CodeIgniter.php(941): App\Controllers\DashboardController->adreports()
 5 SYSTEMPATH\CodeIgniter.php(502): CodeIgniter\CodeIgniter->runController(Object(App\Controllers\DashboardController))
 6 SYSTEMPATH\CodeIgniter.php(361): CodeIgniter\CodeIgniter->handleRequest(null, Object(Config\Cache), false)
 7 FCPATH\index.php(79): CodeIgniter\CodeIgniter->run()
 8 SYSTEMPATH\Commands\Server\rewrite.php(47): require_once('D:\\laragon\\www\\agrismart_final\\public\\index.php')
CRITICAL - 2024-05-01 11:07:50 --> ErrorException: Undefined variable $trivia
in APPPATH\Views\admin_dashboard\main-trivias.php on line 35.
 1 APPPATH\Views\admin_dashboard\main-trivias.php(35): CodeIgniter\Debug\Exceptions->errorHandler(2, 'Undefined variable $trivia', 'D:\\laragon\\www\\agrismart_final\\app\\Views\\admin_dashboard\\main-trivias.php', 35)
 2 SYSTEMPATH\View\View.php(228): include('D:\\laragon\\www\\agrismart_final\\app\\Views\\admin_dashboard\\main-trivias.php')
 3 SYSTEMPATH\View\View.php(231): CodeIgniter\View\View->CodeIgniter\View\{closure}()
 4 SYSTEMPATH\View\View.php(469): CodeIgniter\View\View->render('/admin_dashboard/main-trivias', null, true)
 5 APPPATH\Views\adminfolder\adtrivias.php(6): CodeIgniter\View\View->include('/admin_dashboard/main-trivias')
 6 SYSTEMPATH\View\View.php(228): include('D:\\laragon\\www\\agrismart_final\\app\\Views\\adminfolder\\adtrivias.php')
 7 SYSTEMPATH\View\View.php(231): CodeIgniter\View\View->CodeIgniter\View\{closure}()
 8 SYSTEMPATH\Common.php(1178): CodeIgniter\View\View->render('adminfolder/adtrivias', [], true)
 9 APPPATH\Controllers\DashboardController.php(1759): view('adminfolder/adtrivias')
10 SYSTEMPATH\CodeIgniter.php(941): App\Controllers\DashboardController->adtrivias()
11 SYSTEMPATH\CodeIgniter.php(502): CodeIgniter\CodeIgniter->runController(Object(App\Controllers\DashboardController))
12 SYSTEMPATH\CodeIgniter.php(361): CodeIgniter\CodeIgniter->handleRequest(null, Object(Config\Cache), false)
13 FCPATH\index.php(79): CodeIgniter\CodeIgniter->run()
14 SYSTEMPATH\Commands\Server\rewrite.php(47): require_once('D:\\laragon\\www\\agrismart_final\\public\\index.php')
CRITICAL - 2024-05-01 13:41:28 --> ErrorException: Undefined variable $trivia
in APPPATH\Views\admin_dashboard\main-trivias.php on line 35.
 1 APPPATH\Views\admin_dashboard\main-trivias.php(35): CodeIgniter\Debug\Exceptions->errorHandler(2, 'Undefined variable $trivia', 'D:\\laragon\\www\\agrismart_final\\app\\Views\\admin_dashboard\\main-trivias.php', 35)
 2 SYSTEMPATH\View\View.php(228): include('D:\\laragon\\www\\agrismart_final\\app\\Views\\admin_dashboard\\main-trivias.php')
 3 SYSTEMPATH\View\View.php(231): CodeIgniter\View\View->CodeIgniter\View\{closure}()
 4 SYSTEMPATH\View\View.php(469): CodeIgniter\View\View->render('/admin_dashboard/main-trivias', null, true)
 5 APPPATH\Views\adminfolder\adtrivias.php(6): CodeIgniter\View\View->include('/admin_dashboard/main-trivias')
 6 SYSTEMPATH\View\View.php(228): include('D:\\laragon\\www\\agrismart_final\\app\\Views\\adminfolder\\adtrivias.php')
 7 SYSTEMPATH\View\View.php(231): CodeIgniter\View\View->CodeIgniter\View\{closure}()
 8 SYSTEMPATH\Common.php(1178): CodeIgniter\View\View->render('adminfolder/adtrivias', [], true)
 9 APPPATH\Controllers\DashboardController.php(1759): view('adminfolder/adtrivias')
10 SYSTEMPATH\CodeIgniter.php(941): App\Controllers\DashboardController->adtrivias()
11 SYSTEMPATH\CodeIgniter.php(502): CodeIgniter\CodeIgniter->runController(Object(App\Controllers\DashboardController))
12 SYSTEMPATH\CodeIgniter.php(361): CodeIgniter\CodeIgniter->handleRequest(null, Object(Config\Cache), false)
13 FCPATH\index.php(79): CodeIgniter\CodeIgniter->run()
14 SYSTEMPATH\Commands\Server\rewrite.php(47): require_once('D:\\laragon\\www\\agrismart_final\\public\\index.php')
CRITICAL - 2024-05-01 13:49:05 --> ErrorException: Undefined variable $trivia
in APPPATH\Views\admin_dashboard\main-trivias.php on line 35.
 1 APPPATH\Views\admin_dashboard\main-trivias.php(35): CodeIgniter\Debug\Exceptions->errorHandler(2, 'Undefined variable $trivia', 'D:\\laragon\\www\\agrismart_final\\app\\Views\\admin_dashboard\\main-trivias.php', 35)
 2 SYSTEMPATH\View\View.php(228): include('D:\\laragon\\www\\agrismart_final\\app\\Views\\admin_dashboard\\main-trivias.php')
 3 SYSTEMPATH\View\View.php(231): CodeIgniter\View\View->CodeIgniter\View\{closure}()
 4 SYSTEMPATH\View\View.php(469): CodeIgniter\View\View->render('/admin_dashboard/main-trivias', null, true)
 5 APPPATH\Views\adminfolder\adtrivias.php(6): CodeIgniter\View\View->include('/admin_dashboard/main-trivias')
 6 SYSTEMPATH\View\View.php(228): include('D:\\laragon\\www\\agrismart_final\\app\\Views\\adminfolder\\adtrivias.php')
 7 SYSTEMPATH\View\View.php(231): CodeIgniter\View\View->CodeIgniter\View\{closure}()
 8 SYSTEMPATH\Common.php(1178): CodeIgniter\View\View->render('adminfolder/adtrivias', [], true)
 9 APPPATH\Controllers\DashboardController.php(1760): view('adminfolder/adtrivias')
10 SYSTEMPATH\CodeIgniter.php(941): App\Controllers\DashboardController->adtrivias()
11 SYSTEMPATH\CodeIgniter.php(502): CodeIgniter\CodeIgniter->runController(Object(App\Controllers\DashboardController))
12 SYSTEMPATH\CodeIgniter.php(361): CodeIgniter\CodeIgniter->handleRequest(null, Object(Config\Cache), false)
13 FCPATH\index.php(79): CodeIgniter\CodeIgniter->run()
14 SYSTEMPATH\Commands\Server\rewrite.php(47): require_once('D:\\laragon\\www\\agrismart_final\\public\\index.php')
CRITICAL - 2024-05-01 13:51:19 --> ErrorException: Undefined variable $trivia
in APPPATH\Views\admin_dashboard\main-trivias.php on line 35.
 1 APPPATH\Views\admin_dashboard\main-trivias.php(35): CodeIgniter\Debug\Exceptions->errorHandler(2, 'Undefined variable $trivia', 'D:\\laragon\\www\\agrismart_final\\app\\Views\\admin_dashboard\\main-trivias.php', 35)
 2 SYSTEMPATH\View\View.php(228): include('D:\\laragon\\www\\agrismart_final\\app\\Views\\admin_dashboard\\main-trivias.php')
 3 SYSTEMPATH\View\View.php(231): CodeIgniter\View\View->CodeIgniter\View\{closure}()
 4 SYSTEMPATH\View\View.php(469): CodeIgniter\View\View->render('/admin_dashboard/main-trivias', null, true)
 5 APPPATH\Views\adminfolder\adtrivias.php(6): CodeIgniter\View\View->include('/admin_dashboard/main-trivias')
 6 SYSTEMPATH\View\View.php(228): include('D:\\laragon\\www\\agrismart_final\\app\\Views\\adminfolder\\adtrivias.php')
 7 SYSTEMPATH\View\View.php(231): CodeIgniter\View\View->CodeIgniter\View\{closure}()
 8 SYSTEMPATH\Common.php(1178): CodeIgniter\View\View->render('adminfolder/adtrivias', [], true)
 9 APPPATH\Controllers\DashboardController.php(1760): view('adminfolder/adtrivias')
10 SYSTEMPATH\CodeIgniter.php(941): App\Controllers\DashboardController->adtrivias()
11 SYSTEMPATH\CodeIgniter.php(502): CodeIgniter\CodeIgniter->runController(Object(App\Controllers\DashboardController))
12 SYSTEMPATH\CodeIgniter.php(361): CodeIgniter\CodeIgniter->handleRequest(null, Object(Config\Cache), false)
13 FCPATH\index.php(79): CodeIgniter\CodeIgniter->run()
14 SYSTEMPATH\Commands\Server\rewrite.php(47): require_once('D:\\laragon\\www\\agrismart_final\\public\\index.php')
CRITICAL - 2024-05-01 13:51:30 --> ErrorException: Undefined variable $trivia
in APPPATH\Views\admin_dashboard\main-trivias.php on line 35.
 1 APPPATH\Views\admin_dashboard\main-trivias.php(35): CodeIgniter\Debug\Exceptions->errorHandler(2, 'Undefined variable $trivia', 'D:\\laragon\\www\\agrismart_final\\app\\Views\\admin_dashboard\\main-trivias.php', 35)
 2 SYSTEMPATH\View\View.php(228): include('D:\\laragon\\www\\agrismart_final\\app\\Views\\admin_dashboard\\main-trivias.php')
 3 SYSTEMPATH\View\View.php(231): CodeIgniter\View\View->CodeIgniter\View\{closure}()
 4 SYSTEMPATH\View\View.php(469): CodeIgniter\View\View->render('/admin_dashboard/main-trivias', null, true)
 5 APPPATH\Views\adminfolder\adtrivias.php(6): CodeIgniter\View\View->include('/admin_dashboard/main-trivias')
 6 SYSTEMPATH\View\View.php(228): include('D:\\laragon\\www\\agrismart_final\\app\\Views\\adminfolder\\adtrivias.php')
 7 SYSTEMPATH\View\View.php(231): CodeIgniter\View\View->CodeIgniter\View\{closure}()
 8 SYSTEMPATH\Common.php(1178): CodeIgniter\View\View->render('adminfolder/adtrivias', [], true)
 9 APPPATH\Controllers\DashboardController.php(1760): view('adminfolder/adtrivias')
10 SYSTEMPATH\CodeIgniter.php(941): App\Controllers\DashboardController->adtrivias()
11 SYSTEMPATH\CodeIgniter.php(502): CodeIgniter\CodeIgniter->runController(Object(App\Controllers\DashboardController))
12 SYSTEMPATH\CodeIgniter.php(361): CodeIgniter\CodeIgniter->handleRequest(null, Object(Config\Cache), false)
13 FCPATH\index.php(79): CodeIgniter\CodeIgniter->run()
14 SYSTEMPATH\Commands\Server\rewrite.php(47): require_once('D:\\laragon\\www\\agrismart_final\\public\\index.php')
