CRITICAL - 2024-08-26 13:20:38 --> ErrorException: Undefined array key "id"
in APPPATH\Views\admin_dashboard\main-dashboard.php on line 53.
 1 APPPATH\Views\admin_dashboard\main-dashboard.php(53): CodeIgniter\Debug\Exceptions->errorHandler(2, 'Undefined array key "id"', 'C:\\laragon\\www\\final_agrismart\\app\\Views\\admin_dashboard\\main-dashboard.php', 53)
 2 SYSTEMPATH\View\View.php(228): include('C:\\laragon\\www\\final_agrismart\\app\\Views\\admin_dashboard\\main-dashboard.php')
 3 SYSTEMPATH\View\View.php(231): CodeIgniter\View\View->CodeIgniter\View\{closure}()
 4 SYSTEMPATH\View\View.php(469): CodeIgniter\View\View->render('/admin_dashboard/main-dashboard', null, true)
 5 APPPATH\Views\adminfolder\dashboard.php(5): CodeIgniter\View\View->include('/admin_dashboard/main-dashboard')
 6 SYSTEMPATH\View\View.php(228): include('C:\\laragon\\www\\final_agrismart\\app\\Views\\adminfolder\\dashboard.php')
 7 SYSTEMPATH\View\View.php(231): CodeIgniter\View\View->CodeIgniter\View\{closure}()
 8 SYSTEMPATH\Common.php(1178): CodeIgniter\View\View->render('adminfolder/dashboard', [], true)
 9 APPPATH\Controllers\LoginController.php(236): view('adminfolder/dashboard', [...])
10 SYSTEMPATH\CodeIgniter.php(941): App\Controllers\LoginController->admindashboard()
11 SYSTEMPATH\CodeIgniter.php(502): CodeIgniter\CodeIgniter->runController(Object(App\Controllers\LoginController))
12 SYSTEMPATH\CodeIgniter.php(361): CodeIgniter\CodeIgniter->handleRequest(null, Object(Config\Cache), false)
13 FCPATH\index.php(79): CodeIgniter\CodeIgniter->run()
14 SYSTEMPATH\Commands\Server\rewrite.php(47): require_once('C:\\laragon\\www\\final_agrismart\\public\\index.php')
CRITICAL - 2024-08-26 13:20:51 --> ErrorException: Undefined array key "id"
in APPPATH\Views\admin_dashboard\main-dashboard.php on line 55.
 1 APPPATH\Views\admin_dashboard\main-dashboard.php(55): CodeIgniter\Debug\Exceptions->errorHandler(2, 'Undefined array key "id"', 'C:\\laragon\\www\\final_agrismart\\app\\Views\\admin_dashboard\\main-dashboard.php', 55)
 2 SYSTEMPATH\View\View.php(228): include('C:\\laragon\\www\\final_agrismart\\app\\Views\\admin_dashboard\\main-dashboard.php')
 3 SYSTEMPATH\View\View.php(231): CodeIgniter\View\View->CodeIgniter\View\{closure}()
 4 SYSTEMPATH\View\View.php(469): CodeIgniter\View\View->render('/admin_dashboard/main-dashboard', null, true)
 5 APPPATH\Views\adminfolder\dashboard.php(5): CodeIgniter\View\View->include('/admin_dashboard/main-dashboard')
 6 SYSTEMPATH\View\View.php(228): include('C:\\laragon\\www\\final_agrismart\\app\\Views\\adminfolder\\dashboard.php')
 7 SYSTEMPATH\View\View.php(231): CodeIgniter\View\View->CodeIgniter\View\{closure}()
 8 SYSTEMPATH\Common.php(1178): CodeIgniter\View\View->render('adminfolder/dashboard', [], true)
 9 APPPATH\Controllers\LoginController.php(236): view('adminfolder/dashboard', [...])
10 SYSTEMPATH\CodeIgniter.php(941): App\Controllers\LoginController->admindashboard()
11 SYSTEMPATH\CodeIgniter.php(502): CodeIgniter\CodeIgniter->runController(Object(App\Controllers\LoginController))
12 SYSTEMPATH\CodeIgniter.php(361): CodeIgniter\CodeIgniter->handleRequest(null, Object(Config\Cache), false)
13 FCPATH\index.php(79): CodeIgniter\CodeIgniter->run()
14 SYSTEMPATH\Commands\Server\rewrite.php(47): require_once('C:\\laragon\\www\\final_agrismart\\public\\index.php')
