CRITICAL - 2024-04-09 06:59:21 --> ErrorException: Undefined array key "id"
in APPPATH\Views\admin_dashboard\main-accounts.php on line 44.
 1 APPPATH\Views\admin_dashboard\main-accounts.php(44): CodeIgniter\Debug\Exceptions->errorHandler(2, 'Undefined array key "id"', 'C:\\laragon\\www\\final_agrismart\\app\\Views\\admin_dashboard\\main-accounts.php', 44)
 2 SYSTEMPATH\View\View.php(228): include('C:\\laragon\\www\\final_agrismart\\app\\Views\\admin_dashboard\\main-accounts.php')
 3 SYSTEMPATH\View\View.php(231): CodeIgniter\View\View->CodeIgniter\View\{closure}()
 4 SYSTEMPATH\View\View.php(469): CodeIgniter\View\View->render('/admin_dashboard/main-accounts', null, true)
 5 APPPATH\Views\adminfolder\manageaccounts.php(6): CodeIgniter\View\View->include('/admin_dashboard/main-accounts')
 6 SYSTEMPATH\View\View.php(228): include('C:\\laragon\\www\\final_agrismart\\app\\Views\\adminfolder\\manageaccounts.php')
 7 SYSTEMPATH\View\View.php(231): CodeIgniter\View\View->CodeIgniter\View\{closure}()
 8 SYSTEMPATH\Common.php(1178): CodeIgniter\View\View->render('adminfolder/manageaccounts', [], true)
 9 APPPATH\Controllers\DashboardController.php(48): view('adminfolder/manageaccounts', [...])
10 SYSTEMPATH\CodeIgniter.php(941): App\Controllers\DashboardController->manageaccounts()
11 SYSTEMPATH\CodeIgniter.php(502): CodeIgniter\CodeIgniter->runController(Object(App\Controllers\DashboardController))
12 SYSTEMPATH\CodeIgniter.php(361): CodeIgniter\CodeIgniter->handleRequest(null, Object(Config\Cache), false)
13 FCPATH\index.php(79): CodeIgniter\CodeIgniter->run()
14 SYSTEMPATH\Commands\Server\rewrite.php(47): require_once('C:\\laragon\\www\\final_agrismart\\public\\index.php')
CRITICAL - 2024-04-09 06:59:59 --> ErrorException: Undefined array key "id"
in APPPATH\Views\admin_dashboard\main-accounts.php on line 44.
 1 APPPATH\Views\admin_dashboard\main-accounts.php(44): CodeIgniter\Debug\Exceptions->errorHandler(2, 'Undefined array key "id"', 'C:\\laragon\\www\\final_agrismart\\app\\Views\\admin_dashboard\\main-accounts.php', 44)
 2 SYSTEMPATH\View\View.php(228): include('C:\\laragon\\www\\final_agrismart\\app\\Views\\admin_dashboard\\main-accounts.php')
 3 SYSTEMPATH\View\View.php(231): CodeIgniter\View\View->CodeIgniter\View\{closure}()
 4 SYSTEMPATH\View\View.php(469): CodeIgniter\View\View->render('/admin_dashboard/main-accounts', null, true)
 5 APPPATH\Views\adminfolder\manageaccounts.php(6): CodeIgniter\View\View->include('/admin_dashboard/main-accounts')
 6 SYSTEMPATH\View\View.php(228): include('C:\\laragon\\www\\final_agrismart\\app\\Views\\adminfolder\\manageaccounts.php')
 7 SYSTEMPATH\View\View.php(231): CodeIgniter\View\View->CodeIgniter\View\{closure}()
 8 SYSTEMPATH\Common.php(1178): CodeIgniter\View\View->render('adminfolder/manageaccounts', [], true)
 9 APPPATH\Controllers\DashboardController.php(48): view('adminfolder/manageaccounts', [...])
10 SYSTEMPATH\CodeIgniter.php(941): App\Controllers\DashboardController->manageaccounts()
11 SYSTEMPATH\CodeIgniter.php(502): CodeIgniter\CodeIgniter->runController(Object(App\Controllers\DashboardController))
12 SYSTEMPATH\CodeIgniter.php(361): CodeIgniter\CodeIgniter->handleRequest(null, Object(Config\Cache), false)
13 FCPATH\index.php(79): CodeIgniter\CodeIgniter->run()
14 SYSTEMPATH\Commands\Server\rewrite.php(47): require_once('C:\\laragon\\www\\final_agrismart\\public\\index.php')
CRITICAL - 2024-04-09 07:18:53 --> CodeIgniter\Database\Exceptions\DataException: There is no data to update.
in SYSTEMPATH\BaseModel.php on line 970.
 1 SYSTEMPATH\BaseModel.php(970): CodeIgniter\Database\Exceptions\DataException::forEmptyDataset('update')
 2 SYSTEMPATH\Model.php(807): CodeIgniter\BaseModel->update([...], [])
 3 APPPATH\Controllers\LoginController.php(451): CodeIgniter\Model->update('3', [...])
 4 SYSTEMPATH\CodeIgniter.php(941): App\Controllers\LoginController->updatepassword()
 5 SYSTEMPATH\CodeIgniter.php(502): CodeIgniter\CodeIgniter->runController(Object(App\Controllers\LoginController))
 6 SYSTEMPATH\CodeIgniter.php(361): CodeIgniter\CodeIgniter->handleRequest(null, Object(Config\Cache), false)
 7 FCPATH\index.php(79): CodeIgniter\CodeIgniter->run()
 8 SYSTEMPATH\Commands\Server\rewrite.php(47): require_once('C:\\laragon\\www\\final_agrismart\\public\\index.php')
