ERROR - 2024-05-09 15:30:56 --> Error connecting to the database: mysqli_sql_exception: No connection could be made because the target machine actively refused it in D:\laragon\www\agrismart_final\system\Database\MySQLi\Connection.php:185
Stack trace:
#0 D:\laragon\www\agrismart_final\system\Database\MySQLi\Connection.php(185): mysqli->real_connect('localhost', 'root', '', 'final_agrismart', 3306, '', 0)
#1 D:\laragon\www\agrismart_final\system\Database\BaseConnection.php(392): CodeIgniter\Database\MySQLi\Connection->connect(false)
#2 D:\laragon\www\agrismart_final\system\Database\BaseConnection.php(575): CodeIgniter\Database\BaseConnection->initialize()
#3 D:\laragon\www\agrismart_final\system\Database\BaseBuilder.php(1616): CodeIgniter\Database\BaseConnection->query('SELECT *\nFROM `...', Array, false)
#4 D:\laragon\www\agrismart_final\system\Model.php(270): CodeIgniter\Database\BaseBuilder->get()
#5 D:\laragon\www\agrismart_final\system\BaseModel.php(676): CodeIgniter\Model->doFirst()
#6 D:\laragon\www\agrismart_final\app\Controllers\LoginController.php(200): CodeIgniter\BaseModel->first()
#7 D:\laragon\www\agrismart_final\system\CodeIgniter.php(941): App\Controllers\LoginController->adminloginauth()
#8 D:\laragon\www\agrismart_final\system\CodeIgniter.php(502): CodeIgniter\CodeIgniter->runController(Object(App\Controllers\LoginController))
#9 D:\laragon\www\agrismart_final\system\CodeIgniter.php(361): CodeIgniter\CodeIgniter->handleRequest(NULL, Object(Config\Cache), false)
#10 D:\laragon\www\agrismart_final\public\index.php(79): CodeIgniter\CodeIgniter->run()
#11 D:\laragon\www\agrismart_final\system\Commands\Server\rewrite.php(47): require_once('D:\\laragon\\www\\...')
#12 {main}

Next CodeIgniter\Database\Exceptions\DatabaseException: No connection could be made because the target machine actively refused it in D:\laragon\www\agrismart_final\system\Database\MySQLi\Connection.php:229
Stack trace:
#0 D:\laragon\www\agrismart_final\system\Database\BaseConnection.php(392): CodeIgniter\Database\MySQLi\Connection->connect(false)
#1 D:\laragon\www\agrismart_final\system\Database\BaseConnection.php(575): CodeIgniter\Database\BaseConnection->initialize()
#2 D:\laragon\www\agrismart_final\system\Database\BaseBuilder.php(1616): CodeIgniter\Database\BaseConnection->query('SELECT *\nFROM `...', Array, false)
#3 D:\laragon\www\agrismart_final\system\Model.php(270): CodeIgniter\Database\BaseBuilder->get()
#4 D:\laragon\www\agrismart_final\system\BaseModel.php(676): CodeIgniter\Model->doFirst()
#5 D:\laragon\www\agrismart_final\app\Controllers\LoginController.php(200): CodeIgniter\BaseModel->first()
#6 D:\laragon\www\agrismart_final\system\CodeIgniter.php(941): App\Controllers\LoginController->adminloginauth()
#7 D:\laragon\www\agrismart_final\system\CodeIgniter.php(502): CodeIgniter\CodeIgniter->runController(Object(App\Controllers\LoginController))
#8 D:\laragon\www\agrismart_final\system\CodeIgniter.php(361): CodeIgniter\CodeIgniter->handleRequest(NULL, Object(Config\Cache), false)
#9 D:\laragon\www\agrismart_final\public\index.php(79): CodeIgniter\CodeIgniter->run()
#10 D:\laragon\www\agrismart_final\system\Commands\Server\rewrite.php(47): require_once('D:\\laragon\\www\\...')
#11 {main}
CRITICAL - 2024-05-09 15:30:56 --> CodeIgniter\Database\Exceptions\DatabaseException: Unable to connect to the database.
Main connection [MySQLi]: No connection could be made because the target machine actively refused it
in SYSTEMPATH\Database\BaseConnection.php on line 428.
 1 SYSTEMPATH\Database\BaseConnection.php(575): CodeIgniter\Database\BaseConnection->initialize()
 2 SYSTEMPATH\Database\BaseBuilder.php(1616): CodeIgniter\Database\BaseConnection->query('SELECT *
FROM `admin`
WHERE `fullname` = :fullname:
 LIMIT 1', [...], false)
 3 SYSTEMPATH\Model.php(270): CodeIgniter\Database\BaseBuilder->get()
 4 SYSTEMPATH\BaseModel.php(676): CodeIgniter\Model->doFirst()
 5 APPPATH\Controllers\LoginController.php(200): CodeIgniter\BaseModel->first()
 6 SYSTEMPATH\CodeIgniter.php(941): App\Controllers\LoginController->adminloginauth()
 7 SYSTEMPATH\CodeIgniter.php(502): CodeIgniter\CodeIgniter->runController(Object(App\Controllers\LoginController))
 8 SYSTEMPATH\CodeIgniter.php(361): CodeIgniter\CodeIgniter->handleRequest(null, Object(Config\Cache), false)
 9 FCPATH\index.php(79): CodeIgniter\CodeIgniter->run()
10 SYSTEMPATH\Commands\Server\rewrite.php(47): require_once('D:\\laragon\\www\\agrismart_final\\public\\index.php')
