CRITICAL - 2024-08-28 12:16:06 --> BadMethodCallException: Call to undefined method App\Models\NotificationModel::getUnreadNotifications
in SYSTEMPATH\Model.php on line 874.
 1 APPPATH\Controllers\LoginController.php(284): CodeIgniter\Model->__call('getUnreadNotifications', [...])
 2 SYSTEMPATH\CodeIgniter.php(941): App\Controllers\LoginController->admindashboard()
 3 SYSTEMPATH\CodeIgniter.php(502): CodeIgniter\CodeIgniter->runController(Object(App\Controllers\LoginController))
 4 SYSTEMPATH\CodeIgniter.php(361): CodeIgniter\CodeIgniter->handleRequest(null, Object(Config\Cache), false)
 5 FCPATH\index.php(79): CodeIgniter\CodeIgniter->run()
 6 SYSTEMPATH\Commands\Server\rewrite.php(47): require_once('C:\\laragon\\www\\final_agrismart\\public\\index.php')
CRITICAL - 2024-08-28 13:41:39 --> ErrorException: Undefined variable $markerColors
in APPPATH\Views\admin_dashboard\main-map.php on line 399.
 1 APPPATH\Views\admin_dashboard\main-map.php(399): CodeIgniter\Debug\Exceptions->errorHandler(2, 'Undefined variable $markerColors', 'C:\\laragon\\www\\final_agrismart\\app\\Views\\admin_dashboard\\main-map.php', 399)
 2 SYSTEMPATH\View\View.php(228): include('C:\\laragon\\www\\final_agrismart\\app\\Views\\admin_dashboard\\main-map.php')
 3 SYSTEMPATH\View\View.php(231): CodeIgniter\View\View->CodeIgniter\View\{closure}()
 4 SYSTEMPATH\View\View.php(469): CodeIgniter\View\View->render('/admin_dashboard/main-map', null, true)
 5 APPPATH\Views\adminfolder\map.php(6): CodeIgniter\View\View->include('/admin_dashboard/main-map')
 6 SYSTEMPATH\View\View.php(228): include('C:\\laragon\\www\\final_agrismart\\app\\Views\\adminfolder\\map.php')
 7 SYSTEMPATH\View\View.php(231): CodeIgniter\View\View->CodeIgniter\View\{closure}()
 8 SYSTEMPATH\Common.php(1178): CodeIgniter\View\View->render('adminfolder/map', [], true)
 9 APPPATH\Controllers\DashboardController.php(768): view('adminfolder/map', [...])
10 SYSTEMPATH\CodeIgniter.php(941): App\Controllers\DashboardController->map()
11 SYSTEMPATH\CodeIgniter.php(502): CodeIgniter\CodeIgniter->runController(Object(App\Controllers\DashboardController))
12 SYSTEMPATH\CodeIgniter.php(361): CodeIgniter\CodeIgniter->handleRequest(null, Object(Config\Cache), false)
13 FCPATH\index.php(79): CodeIgniter\CodeIgniter->run()
14 SYSTEMPATH\Commands\Server\rewrite.php(47): require_once('C:\\laragon\\www\\final_agrismart\\public\\index.php')
CRITICAL - 2024-08-28 13:42:34 --> ErrorException: Undefined variable $markerColors
in APPPATH\Views\admin_dashboard\main-map.php on line 399.
 1 APPPATH\Views\admin_dashboard\main-map.php(399): CodeIgniter\Debug\Exceptions->errorHandler(2, 'Undefined variable $markerColors', 'C:\\laragon\\www\\final_agrismart\\app\\Views\\admin_dashboard\\main-map.php', 399)
 2 SYSTEMPATH\View\View.php(228): include('C:\\laragon\\www\\final_agrismart\\app\\Views\\admin_dashboard\\main-map.php')
 3 SYSTEMPATH\View\View.php(231): CodeIgniter\View\View->CodeIgniter\View\{closure}()
 4 SYSTEMPATH\View\View.php(469): CodeIgniter\View\View->render('/admin_dashboard/main-map', null, true)
 5 APPPATH\Views\adminfolder\map.php(6): CodeIgniter\View\View->include('/admin_dashboard/main-map')
 6 SYSTEMPATH\View\View.php(228): include('C:\\laragon\\www\\final_agrismart\\app\\Views\\adminfolder\\map.php')
 7 SYSTEMPATH\View\View.php(231): CodeIgniter\View\View->CodeIgniter\View\{closure}()
 8 SYSTEMPATH\Common.php(1178): CodeIgniter\View\View->render('adminfolder/map', [], true)
 9 APPPATH\Controllers\DashboardController.php(803): view('adminfolder/map', [...])
10 SYSTEMPATH\CodeIgniter.php(941): App\Controllers\DashboardController->map()
11 SYSTEMPATH\CodeIgniter.php(502): CodeIgniter\CodeIgniter->runController(Object(App\Controllers\DashboardController))
12 SYSTEMPATH\CodeIgniter.php(361): CodeIgniter\CodeIgniter->handleRequest(null, Object(Config\Cache), false)
13 FCPATH\index.php(79): CodeIgniter\CodeIgniter->run()
14 SYSTEMPATH\Commands\Server\rewrite.php(47): require_once('C:\\laragon\\www\\final_agrismart\\public\\index.php')
