CRITICAL - 2024-07-20 11:46:59 --> ErrorException: Undefined variable $fims_code
in APPPATH\Views\dashboard\showfielddata.php on line 16.
 1 APPPATH\Views\dashboard\showfielddata.php(16): CodeIgniter\Debug\Exceptions->errorHandler(2, 'Undefined variable $fims_code', 'C:\\laragon\\www\\final_agrismart\\app\\Views\\dashboard\\showfielddata.php', 16)
 2 SYSTEMPATH\View\View.php(228): include('C:\\laragon\\www\\final_agrismart\\app\\Views\\dashboard\\showfielddata.php')
 3 SYSTEMPATH\View\View.php(231): CodeIgniter\View\View->CodeIgniter\View\{closure}()
 4 SYSTEMPATH\View\View.php(469): CodeIgniter\View\View->render('/dashboard/showfielddata', null, true)
 5 APPPATH\Views\userfolder\showfielddata.php(6): CodeIgniter\View\View->include('/dashboard/showfielddata')
 6 SYSTEMPATH\View\View.php(228): include('C:\\laragon\\www\\final_agrismart\\app\\Views\\userfolder\\showfielddata.php')
 7 SYSTEMPATH\View\View.php(231): CodeIgniter\View\View->CodeIgniter\View\{closure}()
 8 SYSTEMPATH\Common.php(1178): CodeIgniter\View\View->render('userfolder/showfielddata', [], true)
 9 APPPATH\Controllers\DashboardController.php(2895): view('userfolder/showfielddata', [...])
10 SYSTEMPATH\CodeIgniter.php(941): App\Controllers\DashboardController->showFieldDetails('11')
11 SYSTEMPATH\CodeIgniter.php(502): CodeIgniter\CodeIgniter->runController(Object(App\Controllers\DashboardController))
12 SYSTEMPATH\CodeIgniter.php(361): CodeIgniter\CodeIgniter->handleRequest(null, Object(Config\Cache), false)
13 FCPATH\index.php(79): CodeIgniter\CodeIgniter->run()
14 SYSTEMPATH\Commands\Server\rewrite.php(47): require_once('C:\\laragon\\www\\final_agrismart\\public\\index.php')
CRITICAL - 2024-07-20 11:52:29 --> ErrorException: Undefined variable $fims_code
in APPPATH\Views\dashboard\showfielddata.php on line 17.
 1 APPPATH\Views\dashboard\showfielddata.php(17): CodeIgniter\Debug\Exceptions->errorHandler(2, 'Undefined variable $fims_code', 'C:\\laragon\\www\\final_agrismart\\app\\Views\\dashboard\\showfielddata.php', 17)
 2 SYSTEMPATH\View\View.php(228): include('C:\\laragon\\www\\final_agrismart\\app\\Views\\dashboard\\showfielddata.php')
 3 SYSTEMPATH\View\View.php(231): CodeIgniter\View\View->CodeIgniter\View\{closure}()
 4 SYSTEMPATH\View\View.php(469): CodeIgniter\View\View->render('/dashboard/showfielddata', null, true)
 5 APPPATH\Views\userfolder\showfielddata.php(6): CodeIgniter\View\View->include('/dashboard/showfielddata')
 6 SYSTEMPATH\View\View.php(228): include('C:\\laragon\\www\\final_agrismart\\app\\Views\\userfolder\\showfielddata.php')
 7 SYSTEMPATH\View\View.php(231): CodeIgniter\View\View->CodeIgniter\View\{closure}()
 8 SYSTEMPATH\Common.php(1178): CodeIgniter\View\View->render('userfolder/showfielddata', [], true)
 9 APPPATH\Controllers\DashboardController.php(2895): view('userfolder/showfielddata', [...])
10 SYSTEMPATH\CodeIgniter.php(941): App\Controllers\DashboardController->showFieldDetails('11')
11 SYSTEMPATH\CodeIgniter.php(502): CodeIgniter\CodeIgniter->runController(Object(App\Controllers\DashboardController))
12 SYSTEMPATH\CodeIgniter.php(361): CodeIgniter\CodeIgniter->handleRequest(null, Object(Config\Cache), false)
13 FCPATH\index.php(79): CodeIgniter\CodeIgniter->run()
14 SYSTEMPATH\Commands\Server\rewrite.php(47): require_once('C:\\laragon\\www\\final_agrismart\\public\\index.php')
CRITICAL - 2024-07-20 13:53:50 --> ErrorException: Undefined variable $student
in APPPATH\Views\dashboard\showfielddata.php on line 18.
 1 APPPATH\Views\dashboard\showfielddata.php(18): CodeIgniter\Debug\Exceptions->errorHandler(2, 'Undefined variable $student', 'C:\\laragon\\www\\final_agrismart\\app\\Views\\dashboard\\showfielddata.php', 18)
 2 SYSTEMPATH\View\View.php(228): include('C:\\laragon\\www\\final_agrismart\\app\\Views\\dashboard\\showfielddata.php')
 3 SYSTEMPATH\View\View.php(231): CodeIgniter\View\View->CodeIgniter\View\{closure}()
 4 SYSTEMPATH\View\View.php(469): CodeIgniter\View\View->render('/dashboard/showfielddata', null, true)
 5 APPPATH\Views\userfolder\showfielddata.php(6): CodeIgniter\View\View->include('/dashboard/showfielddata')
 6 SYSTEMPATH\View\View.php(228): include('C:\\laragon\\www\\final_agrismart\\app\\Views\\userfolder\\showfielddata.php')
 7 SYSTEMPATH\View\View.php(231): CodeIgniter\View\View->CodeIgniter\View\{closure}()
 8 SYSTEMPATH\Common.php(1178): CodeIgniter\View\View->render('userfolder/showfielddata', [], true)
 9 APPPATH\Controllers\DashboardController.php(2895): view('userfolder/showfielddata', [...])
10 SYSTEMPATH\CodeIgniter.php(941): App\Controllers\DashboardController->showFieldDetails('11')
11 SYSTEMPATH\CodeIgniter.php(502): CodeIgniter\CodeIgniter->runController(Object(App\Controllers\DashboardController))
12 SYSTEMPATH\CodeIgniter.php(361): CodeIgniter\CodeIgniter->handleRequest(null, Object(Config\Cache), false)
13 FCPATH\index.php(79): CodeIgniter\CodeIgniter->run()
14 SYSTEMPATH\Commands\Server\rewrite.php(47): require_once('C:\\laragon\\www\\final_agrismart\\public\\index.php')
