ERROR - 2024-05-13 02:57:08 --> Error connecting to the database: mysqli_sql_exception: No connection could be made because the target machine actively refused it in C:\laragon\www\final_agrismart\system\Database\MySQLi\Connection.php:185
Stack trace:
#0 C:\laragon\www\final_agrismart\system\Database\MySQLi\Connection.php(185): mysqli->real_connect('localhost', 'root', '', 'agrismart_reco', 3306, '', 0)
#1 C:\laragon\www\final_agrismart\system\Database\BaseConnection.php(392): CodeIgniter\Database\MySQLi\Connection->connect(false)
#2 C:\laragon\www\final_agrismart\system\Database\BaseConnection.php(575): CodeIgniter\Database\BaseConnection->initialize()
#3 C:\laragon\www\final_agrismart\system\Database\BaseBuilder.php(1616): CodeIgniter\Database\BaseConnection->query('SELECT *\nFROM `...', Array, false)
#4 C:\laragon\www\final_agrismart\system\Model.php(270): CodeIgniter\Database\BaseBuilder->get()
#5 C:\laragon\www\final_agrismart\system\BaseModel.php(676): CodeIgniter\Model->doFirst()
#6 C:\laragon\www\final_agrismart\app\Controllers\LoginController.php(84): CodeIgniter\BaseModel->first()
#7 C:\laragon\www\final_agrismart\system\CodeIgniter.php(941): App\Controllers\LoginController->loginauth()
#8 C:\laragon\www\final_agrismart\system\CodeIgniter.php(502): CodeIgniter\CodeIgniter->runController(Object(App\Controllers\LoginController))
#9 C:\laragon\www\final_agrismart\system\CodeIgniter.php(361): CodeIgniter\CodeIgniter->handleRequest(NULL, Object(Config\Cache), false)
#10 C:\laragon\www\final_agrismart\public\index.php(79): CodeIgniter\CodeIgniter->run()
#11 C:\laragon\www\final_agrismart\system\Commands\Server\rewrite.php(47): require_once('C:\\laragon\\www\\...')
#12 {main}

Next CodeIgniter\Database\Exceptions\DatabaseException: No connection could be made because the target machine actively refused it in C:\laragon\www\final_agrismart\system\Database\MySQLi\Connection.php:229
Stack trace:
#0 C:\laragon\www\final_agrismart\system\Database\BaseConnection.php(392): CodeIgniter\Database\MySQLi\Connection->connect(false)
#1 C:\laragon\www\final_agrismart\system\Database\BaseConnection.php(575): CodeIgniter\Database\BaseConnection->initialize()
#2 C:\laragon\www\final_agrismart\system\Database\BaseBuilder.php(1616): CodeIgniter\Database\BaseConnection->query('SELECT *\nFROM `...', Array, false)
#3 C:\laragon\www\final_agrismart\system\Model.php(270): CodeIgniter\Database\BaseBuilder->get()
#4 C:\laragon\www\final_agrismart\system\BaseModel.php(676): CodeIgniter\Model->doFirst()
#5 C:\laragon\www\final_agrismart\app\Controllers\LoginController.php(84): CodeIgniter\BaseModel->first()
#6 C:\laragon\www\final_agrismart\system\CodeIgniter.php(941): App\Controllers\LoginController->loginauth()
#7 C:\laragon\www\final_agrismart\system\CodeIgniter.php(502): CodeIgniter\CodeIgniter->runController(Object(App\Controllers\LoginController))
#8 C:\laragon\www\final_agrismart\system\CodeIgniter.php(361): CodeIgniter\CodeIgniter->handleRequest(NULL, Object(Config\Cache), false)
#9 C:\laragon\www\final_agrismart\public\index.php(79): CodeIgniter\CodeIgniter->run()
#10 C:\laragon\www\final_agrismart\system\Commands\Server\rewrite.php(47): require_once('C:\\laragon\\www\\...')
#11 {main}
CRITICAL - 2024-05-13 02:57:08 --> CodeIgniter\Database\Exceptions\DatabaseException: Unable to connect to the database.
Main connection [MySQLi]: No connection could be made because the target machine actively refused it
in SYSTEMPATH\Database\BaseConnection.php on line 428.
 1 SYSTEMPATH\Database\BaseConnection.php(575): CodeIgniter\Database\BaseConnection->initialize()
 2 SYSTEMPATH\Database\BaseBuilder.php(1616): CodeIgniter\Database\BaseConnection->query('SELECT *
FROM `users`
WHERE `leader_name` = :leader_name:
 LIMIT 1', [...], false)
 3 SYSTEMPATH\Model.php(270): CodeIgniter\Database\BaseBuilder->get()
 4 SYSTEMPATH\BaseModel.php(676): CodeIgniter\Model->doFirst()
 5 APPPATH\Controllers\LoginController.php(84): CodeIgniter\BaseModel->first()
 6 SYSTEMPATH\CodeIgniter.php(941): App\Controllers\LoginController->loginauth()
 7 SYSTEMPATH\CodeIgniter.php(502): CodeIgniter\CodeIgniter->runController(Object(App\Controllers\LoginController))
 8 SYSTEMPATH\CodeIgniter.php(361): CodeIgniter\CodeIgniter->handleRequest(null, Object(Config\Cache), false)
 9 FCPATH\index.php(79): CodeIgniter\CodeIgniter->run()
10 SYSTEMPATH\Commands\Server\rewrite.php(47): require_once('C:\\laragon\\www\\final_agrismart\\public\\index.php')
