CRITICAL - 2024-05-26 07:07:10 --> ErrorException: Undefined property: App\Controllers\LoginController::$trainings
in APPPATH\Controllers\LoginController.php on line 656.
 1 APPPATH\Controllers\LoginController.php(656): CodeIgniter\Debug\Exceptions->errorHandler(2, 'Undefined property: App\\Controllers\\LoginController::$trainings', 'D:\\laragon\\www\\agrismart_final\\app\\Controllers\\LoginController.php', 656)
 2 SYSTEMPATH\CodeIgniter.php(941): App\Controllers\LoginController->trainingreadmore('3')
 3 SYSTEMPATH\CodeIgniter.php(502): CodeIgniter\CodeIgniter->runController(Object(App\Controllers\LoginController))
 4 SYSTEMPATH\CodeIgniter.php(361): CodeIgniter\CodeIgniter->handleRequest(null, Object(Config\Cache), false)
 5 FCPATH\index.php(79): CodeIgniter\CodeIgniter->run()
 6 SYSTEMPATH\Commands\Server\rewrite.php(47): require_once('D:\\laragon\\www\\agrismart_final\\public\\index.php')
CRITICAL - 2024-05-26 07:08:29 --> CodeIgniter\View\Exceptions\ViewException: Invalid file: "readmoretraining.php"
in SYSTEMPATH\Exceptions\FrameworkException.php on line 39.
 1 SYSTEMPATH\View\View.php(216): CodeIgniter\Exceptions\FrameworkException::forInvalidFile('readmoretraining.php')
 2 SYSTEMPATH\Common.php(1178): CodeIgniter\View\View->render('readmoretraining', [], true)
 3 APPPATH\Controllers\LoginController.php(666): view('readmoretraining', [...])
 4 SYSTEMPATH\CodeIgniter.php(941): App\Controllers\LoginController->trainingreadmore('3')
 5 SYSTEMPATH\CodeIgniter.php(502): CodeIgniter\CodeIgniter->runController(Object(App\Controllers\LoginController))
 6 SYSTEMPATH\CodeIgniter.php(361): CodeIgniter\CodeIgniter->handleRequest(null, Object(Config\Cache), false)
 7 FCPATH\index.php(79): CodeIgniter\CodeIgniter->run()
 8 SYSTEMPATH\Commands\Server\rewrite.php(47): require_once('D:\\laragon\\www\\agrismart_final\\public\\index.php')
CRITICAL - 2024-05-26 07:09:25 --> CodeIgniter\View\Exceptions\ViewException: Invalid file: "trainingreadmore.php"
in SYSTEMPATH\Exceptions\FrameworkException.php on line 39.
 1 SYSTEMPATH\View\View.php(216): CodeIgniter\Exceptions\FrameworkException::forInvalidFile('trainingreadmore.php')
 2 SYSTEMPATH\Common.php(1178): CodeIgniter\View\View->render('trainingreadmore', [], true)
 3 APPPATH\Controllers\LoginController.php(666): view('trainingreadmore', [...])
 4 SYSTEMPATH\CodeIgniter.php(941): App\Controllers\LoginController->trainingreadmore('3')
 5 SYSTEMPATH\CodeIgniter.php(502): CodeIgniter\CodeIgniter->runController(Object(App\Controllers\LoginController))
 6 SYSTEMPATH\CodeIgniter.php(361): CodeIgniter\CodeIgniter->handleRequest(null, Object(Config\Cache), false)
 7 FCPATH\index.php(79): CodeIgniter\CodeIgniter->run()
 8 SYSTEMPATH\Commands\Server\rewrite.php(47): require_once('D:\\laragon\\www\\agrismart_final\\public\\index.php')
CRITICAL - 2024-05-26 08:13:19 --> ErrorException: Undefined variable $train
in APPPATH\Views\landing_page_inc\main-trainingreadmore.php on line 9.
 1 APPPATH\Views\landing_page_inc\main-trainingreadmore.php(9): CodeIgniter\Debug\Exceptions->errorHandler(2, 'Undefined variable $train', 'D:\\laragon\\www\\agrismart_final\\app\\Views\\landing_page_inc\\main-trainingreadmore.php', 9)
 2 SYSTEMPATH\View\View.php(228): include('D:\\laragon\\www\\agrismart_final\\app\\Views\\landing_page_inc\\main-trainingreadmore.php')
 3 SYSTEMPATH\View\View.php(231): CodeIgniter\View\View->CodeIgniter\View\{closure}()
 4 SYSTEMPATH\View\View.php(469): CodeIgniter\View\View->render('/landing_page_inc/main-trainingreadmore', null, true)
 5 APPPATH\Views\readmoretraining.php(5): CodeIgniter\View\View->include('/landing_page_inc/main-trainingreadmore')
 6 SYSTEMPATH\View\View.php(228): include('D:\\laragon\\www\\agrismart_final\\app\\Views\\readmoretraining.php')
 7 SYSTEMPATH\View\View.php(231): CodeIgniter\View\View->CodeIgniter\View\{closure}()
 8 SYSTEMPATH\Common.php(1178): CodeIgniter\View\View->render('readmoretraining', [], true)
 9 APPPATH\Controllers\LoginController.php(666): view('readmoretraining', [...])
10 SYSTEMPATH\CodeIgniter.php(941): App\Controllers\LoginController->trainingreadmore('3')
11 SYSTEMPATH\CodeIgniter.php(502): CodeIgniter\CodeIgniter->runController(Object(App\Controllers\LoginController))
12 SYSTEMPATH\CodeIgniter.php(361): CodeIgniter\CodeIgniter->handleRequest(null, Object(Config\Cache), false)
13 FCPATH\index.php(79): CodeIgniter\CodeIgniter->run()
14 SYSTEMPATH\Commands\Server\rewrite.php(47): require_once('D:\\laragon\\www\\agrismart_final\\public\\index.php')
CRITICAL - 2024-05-26 08:13:27 --> ErrorException: Undefined variable $train
in APPPATH\Views\landing_page_inc\main-trainingreadmore.php on line 9.
 1 APPPATH\Views\landing_page_inc\main-trainingreadmore.php(9): CodeIgniter\Debug\Exceptions->errorHandler(2, 'Undefined variable $train', 'D:\\laragon\\www\\agrismart_final\\app\\Views\\landing_page_inc\\main-trainingreadmore.php', 9)
 2 SYSTEMPATH\View\View.php(228): include('D:\\laragon\\www\\agrismart_final\\app\\Views\\landing_page_inc\\main-trainingreadmore.php')
 3 SYSTEMPATH\View\View.php(231): CodeIgniter\View\View->CodeIgniter\View\{closure}()
 4 SYSTEMPATH\View\View.php(469): CodeIgniter\View\View->render('/landing_page_inc/main-trainingreadmore', null, true)
 5 APPPATH\Views\readmoretraining.php(5): CodeIgniter\View\View->include('/landing_page_inc/main-trainingreadmore')
 6 SYSTEMPATH\View\View.php(228): include('D:\\laragon\\www\\agrismart_final\\app\\Views\\readmoretraining.php')
 7 SYSTEMPATH\View\View.php(231): CodeIgniter\View\View->CodeIgniter\View\{closure}()
 8 SYSTEMPATH\Common.php(1178): CodeIgniter\View\View->render('readmoretraining', [], true)
 9 APPPATH\Controllers\LoginController.php(666): view('readmoretraining', [...])
10 SYSTEMPATH\CodeIgniter.php(941): App\Controllers\LoginController->trainingreadmore('3')
11 SYSTEMPATH\CodeIgniter.php(502): CodeIgniter\CodeIgniter->runController(Object(App\Controllers\LoginController))
12 SYSTEMPATH\CodeIgniter.php(361): CodeIgniter\CodeIgniter->handleRequest(null, Object(Config\Cache), false)
13 FCPATH\index.php(79): CodeIgniter\CodeIgniter->run()
14 SYSTEMPATH\Commands\Server\rewrite.php(47): require_once('D:\\laragon\\www\\agrismart_final\\public\\index.php')
CRITICAL - 2024-05-26 08:22:52 --> ErrorException: Undefined variable $train
in APPPATH\Views\landing_page_inc\main-trainingreadmore.php on line 9.
 1 APPPATH\Views\landing_page_inc\main-trainingreadmore.php(9): CodeIgniter\Debug\Exceptions->errorHandler(2, 'Undefined variable $train', 'D:\\laragon\\www\\agrismart_final\\app\\Views\\landing_page_inc\\main-trainingreadmore.php', 9)
 2 SYSTEMPATH\View\View.php(228): include('D:\\laragon\\www\\agrismart_final\\app\\Views\\landing_page_inc\\main-trainingreadmore.php')
 3 SYSTEMPATH\View\View.php(231): CodeIgniter\View\View->CodeIgniter\View\{closure}()
 4 SYSTEMPATH\View\View.php(469): CodeIgniter\View\View->render('/landing_page_inc/main-trainingreadmore', null, true)
 5 APPPATH\Views\readmoretraining.php(5): CodeIgniter\View\View->include('/landing_page_inc/main-trainingreadmore')
 6 SYSTEMPATH\View\View.php(228): include('D:\\laragon\\www\\agrismart_final\\app\\Views\\readmoretraining.php')
 7 SYSTEMPATH\View\View.php(231): CodeIgniter\View\View->CodeIgniter\View\{closure}()
 8 SYSTEMPATH\Common.php(1178): CodeIgniter\View\View->render('readmoretraining', [], true)
 9 APPPATH\Controllers\LoginController.php(666): view('readmoretraining', [...])
10 SYSTEMPATH\CodeIgniter.php(941): App\Controllers\LoginController->trainingreadmore('3')
11 SYSTEMPATH\CodeIgniter.php(502): CodeIgniter\CodeIgniter->runController(Object(App\Controllers\LoginController))
12 SYSTEMPATH\CodeIgniter.php(361): CodeIgniter\CodeIgniter->handleRequest(null, Object(Config\Cache), false)
13 FCPATH\index.php(79): CodeIgniter\CodeIgniter->run()
14 SYSTEMPATH\Commands\Server\rewrite.php(47): require_once('D:\\laragon\\www\\agrismart_final\\public\\index.php')
CRITICAL - 2024-05-26 08:23:53 --> ErrorException: Undefined variable $training
in APPPATH\Views\landing_page_inc\main-trainingreadmore.php on line 9.
 1 APPPATH\Views\landing_page_inc\main-trainingreadmore.php(9): CodeIgniter\Debug\Exceptions->errorHandler(2, 'Undefined variable $training', 'D:\\laragon\\www\\agrismart_final\\app\\Views\\landing_page_inc\\main-trainingreadmore.php', 9)
 2 SYSTEMPATH\View\View.php(228): include('D:\\laragon\\www\\agrismart_final\\app\\Views\\landing_page_inc\\main-trainingreadmore.php')
 3 SYSTEMPATH\View\View.php(231): CodeIgniter\View\View->CodeIgniter\View\{closure}()
 4 SYSTEMPATH\View\View.php(469): CodeIgniter\View\View->render('/landing_page_inc/main-trainingreadmore', null, true)
 5 APPPATH\Views\readmoretraining.php(5): CodeIgniter\View\View->include('/landing_page_inc/main-trainingreadmore')
 6 SYSTEMPATH\View\View.php(228): include('D:\\laragon\\www\\agrismart_final\\app\\Views\\readmoretraining.php')
 7 SYSTEMPATH\View\View.php(231): CodeIgniter\View\View->CodeIgniter\View\{closure}()
 8 SYSTEMPATH\Common.php(1178): CodeIgniter\View\View->render('readmoretraining', [], true)
 9 APPPATH\Controllers\LoginController.php(666): view('readmoretraining', [...])
10 SYSTEMPATH\CodeIgniter.php(941): App\Controllers\LoginController->trainingreadmore('3')
11 SYSTEMPATH\CodeIgniter.php(502): CodeIgniter\CodeIgniter->runController(Object(App\Controllers\LoginController))
12 SYSTEMPATH\CodeIgniter.php(361): CodeIgniter\CodeIgniter->handleRequest(null, Object(Config\Cache), false)
13 FCPATH\index.php(79): CodeIgniter\CodeIgniter->run()
14 SYSTEMPATH\Commands\Server\rewrite.php(47): require_once('D:\\laragon\\www\\agrismart_final\\public\\index.php')
CRITICAL - 2024-05-26 08:29:56 --> ErrorException: Undefined variable $training
in APPPATH\Views\landing_page_inc\main-trainingreadmore.php on line 9.
 1 APPPATH\Views\landing_page_inc\main-trainingreadmore.php(9): CodeIgniter\Debug\Exceptions->errorHandler(2, 'Undefined variable $training', 'D:\\laragon\\www\\agrismart_final\\app\\Views\\landing_page_inc\\main-trainingreadmore.php', 9)
 2 SYSTEMPATH\View\View.php(228): include('D:\\laragon\\www\\agrismart_final\\app\\Views\\landing_page_inc\\main-trainingreadmore.php')
 3 SYSTEMPATH\View\View.php(231): CodeIgniter\View\View->CodeIgniter\View\{closure}()
 4 SYSTEMPATH\View\View.php(469): CodeIgniter\View\View->render('/landing_page_inc/main-trainingreadmore', null, true)
 5 APPPATH\Views\readmoretraining.php(5): CodeIgniter\View\View->include('/landing_page_inc/main-trainingreadmore')
 6 SYSTEMPATH\View\View.php(228): include('D:\\laragon\\www\\agrismart_final\\app\\Views\\readmoretraining.php')
 7 SYSTEMPATH\View\View.php(231): CodeIgniter\View\View->CodeIgniter\View\{closure}()
 8 SYSTEMPATH\Common.php(1178): CodeIgniter\View\View->render('readmoretraining', [], true)
 9 APPPATH\Controllers\LoginController.php(666): view('readmoretraining', [...])
10 SYSTEMPATH\CodeIgniter.php(941): App\Controllers\LoginController->trainingreadmore('3')
11 SYSTEMPATH\CodeIgniter.php(502): CodeIgniter\CodeIgniter->runController(Object(App\Controllers\LoginController))
12 SYSTEMPATH\CodeIgniter.php(361): CodeIgniter\CodeIgniter->handleRequest(null, Object(Config\Cache), false)
13 FCPATH\index.php(79): CodeIgniter\CodeIgniter->run()
14 SYSTEMPATH\Commands\Server\rewrite.php(47): require_once('D:\\laragon\\www\\agrismart_final\\public\\index.php')
CRITICAL - 2024-05-26 08:59:12 --> ErrorException: Undefined variable $training
in APPPATH\Views\landing_page_inc\main-trainingreadmore.php on line 9.
 1 APPPATH\Views\landing_page_inc\main-trainingreadmore.php(9): CodeIgniter\Debug\Exceptions->errorHandler(2, 'Undefined variable $training', 'D:\\laragon\\www\\agrismart_final\\app\\Views\\landing_page_inc\\main-trainingreadmore.php', 9)
 2 SYSTEMPATH\View\View.php(228): include('D:\\laragon\\www\\agrismart_final\\app\\Views\\landing_page_inc\\main-trainingreadmore.php')
 3 SYSTEMPATH\View\View.php(231): CodeIgniter\View\View->CodeIgniter\View\{closure}()
 4 SYSTEMPATH\View\View.php(469): CodeIgniter\View\View->render('/landing_page_inc/main-trainingreadmore', null, true)
 5 APPPATH\Views\readmoretraining.php(5): CodeIgniter\View\View->include('/landing_page_inc/main-trainingreadmore')
 6 SYSTEMPATH\View\View.php(228): include('D:\\laragon\\www\\agrismart_final\\app\\Views\\readmoretraining.php')
 7 SYSTEMPATH\View\View.php(231): CodeIgniter\View\View->CodeIgniter\View\{closure}()
 8 SYSTEMPATH\Common.php(1178): CodeIgniter\View\View->render('readmoretraining', [], true)
 9 APPPATH\Controllers\LoginController.php(666): view('readmoretraining', [...])
10 SYSTEMPATH\CodeIgniter.php(941): App\Controllers\LoginController->trainingreadmore('3')
11 SYSTEMPATH\CodeIgniter.php(502): CodeIgniter\CodeIgniter->runController(Object(App\Controllers\LoginController))
12 SYSTEMPATH\CodeIgniter.php(361): CodeIgniter\CodeIgniter->handleRequest(null, Object(Config\Cache), false)
13 FCPATH\index.php(79): CodeIgniter\CodeIgniter->run()
14 SYSTEMPATH\Commands\Server\rewrite.php(47): require_once('D:\\laragon\\www\\agrismart_final\\public\\index.php')
CRITICAL - 2024-05-26 09:09:20 --> ErrorException: Undefined variable $training
in APPPATH\Views\landing_page_inc\main-trainingreadmore.php on line 9.
 1 APPPATH\Views\landing_page_inc\main-trainingreadmore.php(9): CodeIgniter\Debug\Exceptions->errorHandler(2, 'Undefined variable $training', 'D:\\laragon\\www\\agrismart_final\\app\\Views\\landing_page_inc\\main-trainingreadmore.php', 9)
 2 SYSTEMPATH\View\View.php(228): include('D:\\laragon\\www\\agrismart_final\\app\\Views\\landing_page_inc\\main-trainingreadmore.php')
 3 SYSTEMPATH\View\View.php(231): CodeIgniter\View\View->CodeIgniter\View\{closure}()
 4 SYSTEMPATH\View\View.php(469): CodeIgniter\View\View->render('/landing_page_inc/main-trainingreadmore', null, true)
 5 APPPATH\Views\readmoretraining.php(5): CodeIgniter\View\View->include('/landing_page_inc/main-trainingreadmore')
 6 SYSTEMPATH\View\View.php(228): include('D:\\laragon\\www\\agrismart_final\\app\\Views\\readmoretraining.php')
 7 SYSTEMPATH\View\View.php(231): CodeIgniter\View\View->CodeIgniter\View\{closure}()
 8 SYSTEMPATH\Common.php(1178): CodeIgniter\View\View->render('readmoretraining', [], true)
 9 APPPATH\Controllers\LoginController.php(666): view('readmoretraining', [...])
10 SYSTEMPATH\CodeIgniter.php(941): App\Controllers\LoginController->trainingreadmore('3')
11 SYSTEMPATH\CodeIgniter.php(502): CodeIgniter\CodeIgniter->runController(Object(App\Controllers\LoginController))
12 SYSTEMPATH\CodeIgniter.php(361): CodeIgniter\CodeIgniter->handleRequest(null, Object(Config\Cache), false)
13 FCPATH\index.php(79): CodeIgniter\CodeIgniter->run()
14 SYSTEMPATH\Commands\Server\rewrite.php(47): require_once('D:\\laragon\\www\\agrismart_final\\public\\index.php')
CRITICAL - 2024-05-26 09:09:38 --> ErrorException: Undefined variable $training
in APPPATH\Views\landing_page_inc\main-trainingreadmore.php on line 9.
 1 APPPATH\Views\landing_page_inc\main-trainingreadmore.php(9): CodeIgniter\Debug\Exceptions->errorHandler(2, 'Undefined variable $training', 'D:\\laragon\\www\\agrismart_final\\app\\Views\\landing_page_inc\\main-trainingreadmore.php', 9)
 2 SYSTEMPATH\View\View.php(228): include('D:\\laragon\\www\\agrismart_final\\app\\Views\\landing_page_inc\\main-trainingreadmore.php')
 3 SYSTEMPATH\View\View.php(231): CodeIgniter\View\View->CodeIgniter\View\{closure}()
 4 SYSTEMPATH\View\View.php(469): CodeIgniter\View\View->render('/landing_page_inc/main-trainingreadmore', null, true)
 5 APPPATH\Views\readmoretraining.php(5): CodeIgniter\View\View->include('/landing_page_inc/main-trainingreadmore')
 6 SYSTEMPATH\View\View.php(228): include('D:\\laragon\\www\\agrismart_final\\app\\Views\\readmoretraining.php')
 7 SYSTEMPATH\View\View.php(231): CodeIgniter\View\View->CodeIgniter\View\{closure}()
 8 SYSTEMPATH\Common.php(1178): CodeIgniter\View\View->render('readmoretraining', [], true)
 9 APPPATH\Controllers\LoginController.php(666): view('readmoretraining', [...])
10 SYSTEMPATH\CodeIgniter.php(941): App\Controllers\LoginController->trainingreadmore('4')
11 SYSTEMPATH\CodeIgniter.php(502): CodeIgniter\CodeIgniter->runController(Object(App\Controllers\LoginController))
12 SYSTEMPATH\CodeIgniter.php(361): CodeIgniter\CodeIgniter->handleRequest(null, Object(Config\Cache), false)
13 FCPATH\index.php(79): CodeIgniter\CodeIgniter->run()
14 SYSTEMPATH\Commands\Server\rewrite.php(47): require_once('D:\\laragon\\www\\agrismart_final\\public\\index.php')
CRITICAL - 2024-05-26 09:09:46 --> ErrorException: Undefined variable $training
in APPPATH\Views\landing_page_inc\main-trainingreadmore.php on line 9.
 1 APPPATH\Views\landing_page_inc\main-trainingreadmore.php(9): CodeIgniter\Debug\Exceptions->errorHandler(2, 'Undefined variable $training', 'D:\\laragon\\www\\agrismart_final\\app\\Views\\landing_page_inc\\main-trainingreadmore.php', 9)
 2 SYSTEMPATH\View\View.php(228): include('D:\\laragon\\www\\agrismart_final\\app\\Views\\landing_page_inc\\main-trainingreadmore.php')
 3 SYSTEMPATH\View\View.php(231): CodeIgniter\View\View->CodeIgniter\View\{closure}()
 4 SYSTEMPATH\View\View.php(469): CodeIgniter\View\View->render('/landing_page_inc/main-trainingreadmore', null, true)
 5 APPPATH\Views\readmoretraining.php(5): CodeIgniter\View\View->include('/landing_page_inc/main-trainingreadmore')
 6 SYSTEMPATH\View\View.php(228): include('D:\\laragon\\www\\agrismart_final\\app\\Views\\readmoretraining.php')
 7 SYSTEMPATH\View\View.php(231): CodeIgniter\View\View->CodeIgniter\View\{closure}()
 8 SYSTEMPATH\Common.php(1178): CodeIgniter\View\View->render('readmoretraining', [], true)
 9 APPPATH\Controllers\LoginController.php(666): view('readmoretraining', [...])
10 SYSTEMPATH\CodeIgniter.php(941): App\Controllers\LoginController->trainingreadmore('4')
11 SYSTEMPATH\CodeIgniter.php(502): CodeIgniter\CodeIgniter->runController(Object(App\Controllers\LoginController))
12 SYSTEMPATH\CodeIgniter.php(361): CodeIgniter\CodeIgniter->handleRequest(null, Object(Config\Cache), false)
13 FCPATH\index.php(79): CodeIgniter\CodeIgniter->run()
14 SYSTEMPATH\Commands\Server\rewrite.php(47): require_once('D:\\laragon\\www\\agrismart_final\\public\\index.php')
CRITICAL - 2024-05-26 13:28:18 --> ErrorException: Undefined array key "farmer_name"
in APPPATH\Controllers\DashboardController.php on line 272.
 1 APPPATH\Controllers\DashboardController.php(272): CodeIgniter\Debug\Exceptions->errorHandler(2, 'Undefined array key "farmer_name"', 'D:\\laragon\\www\\agrismart_final\\app\\Controllers\\DashboardController.php', 272)
 2 SYSTEMPATH\CodeIgniter.php(941): App\Controllers\DashboardController->addnewplanting()
 3 SYSTEMPATH\CodeIgniter.php(502): CodeIgniter\CodeIgniter->runController(Object(App\Controllers\DashboardController))
 4 SYSTEMPATH\CodeIgniter.php(361): CodeIgniter\CodeIgniter->handleRequest(null, Object(Config\Cache), false)
 5 FCPATH\index.php(79): CodeIgniter\CodeIgniter->run()
 6 SYSTEMPATH\Commands\Server\rewrite.php(47): require_once('D:\\laragon\\www\\agrismart_final\\public\\index.php')
