CRITICAL - 2024-08-25 13:26:49 --> BadMethodCallException: Call to undefined method App\Models\NotificationModel::getUserNotifications
in SYSTEMPATH\Model.php on line 874.
 1 APPPATH\Controllers\LoginController.php(229): CodeIgniter\Model->__call('getUserNotifications', [...])
 2 SYSTEMPATH\CodeIgniter.php(941): App\Controllers\LoginController->admindashboard()
 3 SYSTEMPATH\CodeIgniter.php(502): CodeIgniter\CodeIgniter->runController(Object(App\Controllers\LoginController))
 4 SYSTEMPATH\CodeIgniter.php(361): CodeIgniter\CodeIgniter->handleRequest(null, Object(Config\Cache), false)
 5 FCPATH\index.php(79): CodeIgniter\CodeIgniter->run()
 6 SYSTEMPATH\Commands\Server\rewrite.php(47): require_once('C:\\laragon\\www\\final_agrismart\\public\\index.php')
ERROR - 2024-08-25 13:30:27 --> mysqli_sql_exception: Unknown column 'status' in 'where clause' in C:\laragon\www\final_agrismart\system\Database\MySQLi\Connection.php:306
Stack trace:
#0 C:\laragon\www\final_agrismart\system\Database\MySQLi\Connection.php(306): mysqli->query('SELECT *\nFROM `...', 0)
#1 C:\laragon\www\final_agrismart\system\Database\BaseConnection.php(693): CodeIgniter\Database\MySQLi\Connection->execute('SELECT *\nFROM `...')
#2 C:\laragon\www\final_agrismart\system\Database\BaseConnection.php(607): CodeIgniter\Database\BaseConnection->simpleQuery('SELECT *\nFROM `...')
#3 C:\laragon\www\final_agrismart\system\Database\BaseBuilder.php(1616): CodeIgniter\Database\BaseConnection->query('SELECT *\nFROM `...', Array, false)
#4 C:\laragon\www\final_agrismart\system\Model.php(242): CodeIgniter\Database\BaseBuilder->get()
#5 C:\laragon\www\final_agrismart\system\BaseModel.php(638): CodeIgniter\Model->doFindAll(0, 0)
#6 C:\laragon\www\final_agrismart\app\Models\NotificationModel.php(21): CodeIgniter\BaseModel->findAll()
#7 C:\laragon\www\final_agrismart\app\Controllers\LoginController.php(229): App\Models\NotificationModel->getUserNotifications(NULL)
#8 C:\laragon\www\final_agrismart\system\CodeIgniter.php(941): App\Controllers\LoginController->admindashboard()
#9 C:\laragon\www\final_agrismart\system\CodeIgniter.php(502): CodeIgniter\CodeIgniter->runController(Object(App\Controllers\LoginController))
#10 C:\laragon\www\final_agrismart\system\CodeIgniter.php(361): CodeIgniter\CodeIgniter->handleRequest(NULL, Object(Config\Cache), false)
#11 C:\laragon\www\final_agrismart\public\index.php(79): CodeIgniter\CodeIgniter->run()
#12 C:\laragon\www\final_agrismart\system\Commands\Server\rewrite.php(47): require_once('C:\\laragon\\www\\...')
#13 {main}
CRITICAL - 2024-08-25 13:30:27 --> CodeIgniter\Database\Exceptions\DatabaseException: Unknown column 'status' in 'where clause'
in SYSTEMPATH\Database\BaseConnection.php on line 647.
 1 SYSTEMPATH\Database\BaseBuilder.php(1616): CodeIgniter\Database\BaseConnection->query('SELECT *
FROM `notifications`
WHERE `user_id` IS NULL
AND `status` = :status:
ORDER BY `created_at` DESC', [...], false)
 2 SYSTEMPATH\Model.php(242): CodeIgniter\Database\BaseBuilder->get()
 3 SYSTEMPATH\BaseModel.php(638): CodeIgniter\Model->doFindAll(0, 0)
 4 APPPATH\Models\NotificationModel.php(21): CodeIgniter\BaseModel->findAll()
 5 APPPATH\Controllers\LoginController.php(229): App\Models\NotificationModel->getUserNotifications(null)
 6 SYSTEMPATH\CodeIgniter.php(941): App\Controllers\LoginController->admindashboard()
 7 SYSTEMPATH\CodeIgniter.php(502): CodeIgniter\CodeIgniter->runController(Object(App\Controllers\LoginController))
 8 SYSTEMPATH\CodeIgniter.php(361): CodeIgniter\CodeIgniter->handleRequest(null, Object(Config\Cache), false)
 9 FCPATH\index.php(79): CodeIgniter\CodeIgniter->run()
10 SYSTEMPATH\Commands\Server\rewrite.php(47): require_once('C:\\laragon\\www\\final_agrismart\\public\\index.php')
CRITICAL - 2024-08-25 13:30:27 --> [Caused by] CodeIgniter\Database\Exceptions\DatabaseException: Unknown column 'status' in 'where clause'
in SYSTEMPATH\Database\MySQLi\Connection.php on line 311.
 1 SYSTEMPATH\Database\BaseConnection.php(693): CodeIgniter\Database\MySQLi\Connection->execute('SELECT *
FROM `notifications`
WHERE `user_id` IS NULL
AND `status` = \'unread\'
ORDER BY `created_at` DESC')
 2 SYSTEMPATH\Database\BaseConnection.php(607): CodeIgniter\Database\BaseConnection->simpleQuery('SELECT *
FROM `notifications`
WHERE `user_id` IS NULL
AND `status` = \'unread\'
ORDER BY `created_at` DESC')
 3 SYSTEMPATH\Database\BaseBuilder.php(1616): CodeIgniter\Database\BaseConnection->query('SELECT *
FROM `notifications`
WHERE `user_id` IS NULL
AND `status` = :status:
ORDER BY `created_at` DESC', [...], false)
 4 SYSTEMPATH\Model.php(242): CodeIgniter\Database\BaseBuilder->get()
 5 SYSTEMPATH\BaseModel.php(638): CodeIgniter\Model->doFindAll(0, 0)
 6 APPPATH\Models\NotificationModel.php(21): CodeIgniter\BaseModel->findAll()
 7 APPPATH\Controllers\LoginController.php(229): App\Models\NotificationModel->getUserNotifications(null)
 8 SYSTEMPATH\CodeIgniter.php(941): App\Controllers\LoginController->admindashboard()
 9 SYSTEMPATH\CodeIgniter.php(502): CodeIgniter\CodeIgniter->runController(Object(App\Controllers\LoginController))
10 SYSTEMPATH\CodeIgniter.php(361): CodeIgniter\CodeIgniter->handleRequest(null, Object(Config\Cache), false)
11 FCPATH\index.php(79): CodeIgniter\CodeIgniter->run()
12 SYSTEMPATH\Commands\Server\rewrite.php(47): require_once('C:\\laragon\\www\\final_agrismart\\public\\index.php')
CRITICAL - 2024-08-25 13:30:27 --> [Caused by] mysqli_sql_exception: Unknown column 'status' in 'where clause'
in SYSTEMPATH\Database\MySQLi\Connection.php on line 306.
 1 SYSTEMPATH\Database\MySQLi\Connection.php(306): mysqli->query('SELECT *
FROM `notifications`
WHERE `user_id` IS NULL
AND `status` = \'unread\'
ORDER BY `created_at` DESC', 0)
 2 SYSTEMPATH\Database\BaseConnection.php(693): CodeIgniter\Database\MySQLi\Connection->execute('SELECT *
FROM `notifications`
WHERE `user_id` IS NULL
AND `status` = \'unread\'
ORDER BY `created_at` DESC')
 3 SYSTEMPATH\Database\BaseConnection.php(607): CodeIgniter\Database\BaseConnection->simpleQuery('SELECT *
FROM `notifications`
WHERE `user_id` IS NULL
AND `status` = \'unread\'
ORDER BY `created_at` DESC')
 4 SYSTEMPATH\Database\BaseBuilder.php(1616): CodeIgniter\Database\BaseConnection->query('SELECT *
FROM `notifications`
WHERE `user_id` IS NULL
AND `status` = :status:
ORDER BY `created_at` DESC', [...], false)
 5 SYSTEMPATH\Model.php(242): CodeIgniter\Database\BaseBuilder->get()
 6 SYSTEMPATH\BaseModel.php(638): CodeIgniter\Model->doFindAll(0, 0)
 7 APPPATH\Models\NotificationModel.php(21): CodeIgniter\BaseModel->findAll()
 8 APPPATH\Controllers\LoginController.php(229): App\Models\NotificationModel->getUserNotifications(null)
 9 SYSTEMPATH\CodeIgniter.php(941): App\Controllers\LoginController->admindashboard()
10 SYSTEMPATH\CodeIgniter.php(502): CodeIgniter\CodeIgniter->runController(Object(App\Controllers\LoginController))
11 SYSTEMPATH\CodeIgniter.php(361): CodeIgniter\CodeIgniter->handleRequest(null, Object(Config\Cache), false)
12 FCPATH\index.php(79): CodeIgniter\CodeIgniter->run()
13 SYSTEMPATH\Commands\Server\rewrite.php(47): require_once('C:\\laragon\\www\\final_agrismart\\public\\index.php')
CRITICAL - 2024-08-25 15:33:28 --> ErrorException: Undefined variable $calendar
in APPPATH\Views\admin_dashboard\main-dashboard.php on line 16.
 1 APPPATH\Views\admin_dashboard\main-dashboard.php(16): CodeIgniter\Debug\Exceptions->errorHandler(2, 'Undefined variable $calendar', 'C:\\laragon\\www\\final_agrismart\\app\\Views\\admin_dashboard\\main-dashboard.php', 16)
 2 SYSTEMPATH\View\View.php(228): include('C:\\laragon\\www\\final_agrismart\\app\\Views\\admin_dashboard\\main-dashboard.php')
 3 SYSTEMPATH\View\View.php(231): CodeIgniter\View\View->CodeIgniter\View\{closure}()
 4 SYSTEMPATH\View\View.php(469): CodeIgniter\View\View->render('/admin_dashboard/main-dashboard', null, true)
 5 APPPATH\Views\adminfolder\dashboard.php(5): CodeIgniter\View\View->include('/admin_dashboard/main-dashboard')
 6 SYSTEMPATH\View\View.php(228): include('C:\\laragon\\www\\final_agrismart\\app\\Views\\adminfolder\\dashboard.php')
 7 SYSTEMPATH\View\View.php(231): CodeIgniter\View\View->CodeIgniter\View\{closure}()
 8 SYSTEMPATH\Common.php(1178): CodeIgniter\View\View->render('adminfolder/dashboard', [], true)
 9 APPPATH\Controllers\LoginController.php(226): view('adminfolder/dashboard', [...])
10 SYSTEMPATH\CodeIgniter.php(941): App\Controllers\LoginController->admindashboard()
11 SYSTEMPATH\CodeIgniter.php(502): CodeIgniter\CodeIgniter->runController(Object(App\Controllers\LoginController))
12 SYSTEMPATH\CodeIgniter.php(361): CodeIgniter\CodeIgniter->handleRequest(null, Object(Config\Cache), false)
13 FCPATH\index.php(79): CodeIgniter\CodeIgniter->run()
14 SYSTEMPATH\Commands\Server\rewrite.php(47): require_once('C:\\laragon\\www\\final_agrismart\\public\\index.php')
CRITICAL - 2024-08-25 15:34:39 --> ErrorException: Undefined variable $calendar
in APPPATH\Views\admin_dashboard\main-dashboard.php on line 16.
 1 APPPATH\Views\admin_dashboard\main-dashboard.php(16): CodeIgniter\Debug\Exceptions->errorHandler(2, 'Undefined variable $calendar', 'C:\\laragon\\www\\final_agrismart\\app\\Views\\admin_dashboard\\main-dashboard.php', 16)
 2 SYSTEMPATH\View\View.php(228): include('C:\\laragon\\www\\final_agrismart\\app\\Views\\admin_dashboard\\main-dashboard.php')
 3 SYSTEMPATH\View\View.php(231): CodeIgniter\View\View->CodeIgniter\View\{closure}()
 4 SYSTEMPATH\View\View.php(469): CodeIgniter\View\View->render('/admin_dashboard/main-dashboard', null, true)
 5 APPPATH\Views\adminfolder\dashboard.php(5): CodeIgniter\View\View->include('/admin_dashboard/main-dashboard')
 6 SYSTEMPATH\View\View.php(228): include('C:\\laragon\\www\\final_agrismart\\app\\Views\\adminfolder\\dashboard.php')
 7 SYSTEMPATH\View\View.php(231): CodeIgniter\View\View->CodeIgniter\View\{closure}()
 8 SYSTEMPATH\Common.php(1178): CodeIgniter\View\View->render('adminfolder/dashboard', [], true)
 9 APPPATH\Controllers\LoginController.php(226): view('adminfolder/dashboard', [...])
10 SYSTEMPATH\CodeIgniter.php(941): App\Controllers\LoginController->admindashboard()
11 SYSTEMPATH\CodeIgniter.php(502): CodeIgniter\CodeIgniter->runController(Object(App\Controllers\LoginController))
12 SYSTEMPATH\CodeIgniter.php(361): CodeIgniter\CodeIgniter->handleRequest(null, Object(Config\Cache), false)
13 FCPATH\index.php(79): CodeIgniter\CodeIgniter->run()
14 SYSTEMPATH\Commands\Server\rewrite.php(47): require_once('C:\\laragon\\www\\final_agrismart\\public\\index.php')
CRITICAL - 2024-08-25 15:35:48 --> ErrorException: Undefined variable $calendar
in APPPATH\Views\admin_dashboard\main-dashboard.php on line 16.
 1 APPPATH\Views\admin_dashboard\main-dashboard.php(16): CodeIgniter\Debug\Exceptions->errorHandler(2, 'Undefined variable $calendar', 'C:\\laragon\\www\\final_agrismart\\app\\Views\\admin_dashboard\\main-dashboard.php', 16)
 2 SYSTEMPATH\View\View.php(228): include('C:\\laragon\\www\\final_agrismart\\app\\Views\\admin_dashboard\\main-dashboard.php')
 3 SYSTEMPATH\View\View.php(231): CodeIgniter\View\View->CodeIgniter\View\{closure}()
 4 SYSTEMPATH\View\View.php(469): CodeIgniter\View\View->render('/admin_dashboard/main-dashboard', null, true)
 5 APPPATH\Views\adminfolder\dashboard.php(5): CodeIgniter\View\View->include('/admin_dashboard/main-dashboard')
 6 SYSTEMPATH\View\View.php(228): include('C:\\laragon\\www\\final_agrismart\\app\\Views\\adminfolder\\dashboard.php')
 7 SYSTEMPATH\View\View.php(231): CodeIgniter\View\View->CodeIgniter\View\{closure}()
 8 SYSTEMPATH\Common.php(1178): CodeIgniter\View\View->render('adminfolder/dashboard', [], true)
 9 APPPATH\Controllers\LoginController.php(226): view('adminfolder/dashboard', [...])
10 SYSTEMPATH\CodeIgniter.php(941): App\Controllers\LoginController->admindashboard()
11 SYSTEMPATH\CodeIgniter.php(502): CodeIgniter\CodeIgniter->runController(Object(App\Controllers\LoginController))
12 SYSTEMPATH\CodeIgniter.php(361): CodeIgniter\CodeIgniter->handleRequest(null, Object(Config\Cache), false)
13 FCPATH\index.php(79): CodeIgniter\CodeIgniter->run()
14 SYSTEMPATH\Commands\Server\rewrite.php(47): require_once('C:\\laragon\\www\\final_agrismart\\public\\index.php')
CRITICAL - 2024-08-25 15:35:51 --> ErrorException: Undefined variable $calendar
in APPPATH\Views\admin_dashboard\main-dashboard.php on line 16.
 1 APPPATH\Views\admin_dashboard\main-dashboard.php(16): CodeIgniter\Debug\Exceptions->errorHandler(2, 'Undefined variable $calendar', 'C:\\laragon\\www\\final_agrismart\\app\\Views\\admin_dashboard\\main-dashboard.php', 16)
 2 SYSTEMPATH\View\View.php(228): include('C:\\laragon\\www\\final_agrismart\\app\\Views\\admin_dashboard\\main-dashboard.php')
 3 SYSTEMPATH\View\View.php(231): CodeIgniter\View\View->CodeIgniter\View\{closure}()
 4 SYSTEMPATH\View\View.php(469): CodeIgniter\View\View->render('/admin_dashboard/main-dashboard', null, true)
 5 APPPATH\Views\adminfolder\dashboard.php(5): CodeIgniter\View\View->include('/admin_dashboard/main-dashboard')
 6 SYSTEMPATH\View\View.php(228): include('C:\\laragon\\www\\final_agrismart\\app\\Views\\adminfolder\\dashboard.php')
 7 SYSTEMPATH\View\View.php(231): CodeIgniter\View\View->CodeIgniter\View\{closure}()
 8 SYSTEMPATH\Common.php(1178): CodeIgniter\View\View->render('adminfolder/dashboard', [], true)
 9 APPPATH\Controllers\LoginController.php(226): view('adminfolder/dashboard', [...])
10 SYSTEMPATH\CodeIgniter.php(941): App\Controllers\LoginController->admindashboard()
11 SYSTEMPATH\CodeIgniter.php(502): CodeIgniter\CodeIgniter->runController(Object(App\Controllers\LoginController))
12 SYSTEMPATH\CodeIgniter.php(361): CodeIgniter\CodeIgniter->handleRequest(null, Object(Config\Cache), false)
13 FCPATH\index.php(79): CodeIgniter\CodeIgniter->run()
14 SYSTEMPATH\Commands\Server\rewrite.php(47): require_once('C:\\laragon\\www\\final_agrismart\\public\\index.php')
CRITICAL - 2024-08-25 15:35:53 --> ErrorException: Undefined variable $calendar
in APPPATH\Views\admin_dashboard\main-dashboard.php on line 16.
 1 APPPATH\Views\admin_dashboard\main-dashboard.php(16): CodeIgniter\Debug\Exceptions->errorHandler(2, 'Undefined variable $calendar', 'C:\\laragon\\www\\final_agrismart\\app\\Views\\admin_dashboard\\main-dashboard.php', 16)
 2 SYSTEMPATH\View\View.php(228): include('C:\\laragon\\www\\final_agrismart\\app\\Views\\admin_dashboard\\main-dashboard.php')
 3 SYSTEMPATH\View\View.php(231): CodeIgniter\View\View->CodeIgniter\View\{closure}()
 4 SYSTEMPATH\View\View.php(469): CodeIgniter\View\View->render('/admin_dashboard/main-dashboard', null, true)
 5 APPPATH\Views\adminfolder\dashboard.php(5): CodeIgniter\View\View->include('/admin_dashboard/main-dashboard')
 6 SYSTEMPATH\View\View.php(228): include('C:\\laragon\\www\\final_agrismart\\app\\Views\\adminfolder\\dashboard.php')
 7 SYSTEMPATH\View\View.php(231): CodeIgniter\View\View->CodeIgniter\View\{closure}()
 8 SYSTEMPATH\Common.php(1178): CodeIgniter\View\View->render('adminfolder/dashboard', [], true)
 9 APPPATH\Controllers\LoginController.php(226): view('adminfolder/dashboard', [...])
10 SYSTEMPATH\CodeIgniter.php(941): App\Controllers\LoginController->admindashboard()
11 SYSTEMPATH\CodeIgniter.php(502): CodeIgniter\CodeIgniter->runController(Object(App\Controllers\LoginController))
12 SYSTEMPATH\CodeIgniter.php(361): CodeIgniter\CodeIgniter->handleRequest(null, Object(Config\Cache), false)
13 FCPATH\index.php(79): CodeIgniter\CodeIgniter->run()
14 SYSTEMPATH\Commands\Server\rewrite.php(47): require_once('C:\\laragon\\www\\final_agrismart\\public\\index.php')
CRITICAL - 2024-08-25 15:37:14 --> ErrorException: Undefined variable $calendar
in APPPATH\Views\admin_dashboard\main-dashboard.php on line 16.
 1 APPPATH\Views\admin_dashboard\main-dashboard.php(16): CodeIgniter\Debug\Exceptions->errorHandler(2, 'Undefined variable $calendar', 'C:\\laragon\\www\\final_agrismart\\app\\Views\\admin_dashboard\\main-dashboard.php', 16)
 2 SYSTEMPATH\View\View.php(228): include('C:\\laragon\\www\\final_agrismart\\app\\Views\\admin_dashboard\\main-dashboard.php')
 3 SYSTEMPATH\View\View.php(231): CodeIgniter\View\View->CodeIgniter\View\{closure}()
 4 SYSTEMPATH\View\View.php(469): CodeIgniter\View\View->render('/admin_dashboard/main-dashboard', null, true)
 5 APPPATH\Views\adminfolder\dashboard.php(5): CodeIgniter\View\View->include('/admin_dashboard/main-dashboard')
 6 SYSTEMPATH\View\View.php(228): include('C:\\laragon\\www\\final_agrismart\\app\\Views\\adminfolder\\dashboard.php')
 7 SYSTEMPATH\View\View.php(231): CodeIgniter\View\View->CodeIgniter\View\{closure}()
 8 SYSTEMPATH\Common.php(1178): CodeIgniter\View\View->render('adminfolder/dashboard', [], true)
 9 APPPATH\Controllers\LoginController.php(226): view('adminfolder/dashboard', [...])
10 SYSTEMPATH\CodeIgniter.php(941): App\Controllers\LoginController->admindashboard()
11 SYSTEMPATH\CodeIgniter.php(502): CodeIgniter\CodeIgniter->runController(Object(App\Controllers\LoginController))
12 SYSTEMPATH\CodeIgniter.php(361): CodeIgniter\CodeIgniter->handleRequest(null, Object(Config\Cache), false)
13 FCPATH\index.php(79): CodeIgniter\CodeIgniter->run()
14 SYSTEMPATH\Commands\Server\rewrite.php(47): require_once('C:\\laragon\\www\\final_agrismart\\public\\index.php')
CRITICAL - 2024-08-25 15:37:16 --> ErrorException: Undefined variable $calendar
in APPPATH\Views\admin_dashboard\main-dashboard.php on line 16.
 1 APPPATH\Views\admin_dashboard\main-dashboard.php(16): CodeIgniter\Debug\Exceptions->errorHandler(2, 'Undefined variable $calendar', 'C:\\laragon\\www\\final_agrismart\\app\\Views\\admin_dashboard\\main-dashboard.php', 16)
 2 SYSTEMPATH\View\View.php(228): include('C:\\laragon\\www\\final_agrismart\\app\\Views\\admin_dashboard\\main-dashboard.php')
 3 SYSTEMPATH\View\View.php(231): CodeIgniter\View\View->CodeIgniter\View\{closure}()
 4 SYSTEMPATH\View\View.php(469): CodeIgniter\View\View->render('/admin_dashboard/main-dashboard', null, true)
 5 APPPATH\Views\adminfolder\dashboard.php(5): CodeIgniter\View\View->include('/admin_dashboard/main-dashboard')
 6 SYSTEMPATH\View\View.php(228): include('C:\\laragon\\www\\final_agrismart\\app\\Views\\adminfolder\\dashboard.php')
 7 SYSTEMPATH\View\View.php(231): CodeIgniter\View\View->CodeIgniter\View\{closure}()
 8 SYSTEMPATH\Common.php(1178): CodeIgniter\View\View->render('adminfolder/dashboard', [], true)
 9 APPPATH\Controllers\LoginController.php(226): view('adminfolder/dashboard', [...])
10 SYSTEMPATH\CodeIgniter.php(941): App\Controllers\LoginController->admindashboard()
11 SYSTEMPATH\CodeIgniter.php(502): CodeIgniter\CodeIgniter->runController(Object(App\Controllers\LoginController))
12 SYSTEMPATH\CodeIgniter.php(361): CodeIgniter\CodeIgniter->handleRequest(null, Object(Config\Cache), false)
13 FCPATH\index.php(79): CodeIgniter\CodeIgniter->run()
14 SYSTEMPATH\Commands\Server\rewrite.php(47): require_once('C:\\laragon\\www\\final_agrismart\\public\\index.php')
