CRITICAL - 2024-05-04 03:05:51 --> ErrorException: Undefined property: App\Controllers\DashboardController::$trivia
in APPPATH\Controllers\DashboardController.php on line 1792.
 1 APPPATH\Controllers\DashboardController.php(1792): CodeIgniter\Debug\Exceptions->errorHandler(2, 'Undefined property: App\\Controllers\\DashboardController::$trivia', 'D:\\laragon\\www\\agrismart_final\\app\\Controllers\\DashboardController.php', 1792)
 2 SYSTEMPATH\CodeIgniter.php(941): App\Controllers\DashboardController->adtrivias()
 3 SYSTEMPATH\CodeIgniter.php(502): CodeIgniter\CodeIgniter->runController(Object(App\Controllers\DashboardController))
 4 SYSTEMPATH\CodeIgniter.php(361): CodeIgniter\CodeIgniter->handleRequest(null, Object(Config\Cache), false)
 5 FCPATH\index.php(79): CodeIgniter\CodeIgniter->run()
 6 SYSTEMPATH\Commands\Server\rewrite.php(47): require_once('D:\\laragon\\www\\agrismart_final\\public\\index.php')
CRITICAL - 2024-05-04 03:10:54 --> ErrorException: Undefined property: App\Controllers\DashboardController::$trivia
in APPPATH\Controllers\DashboardController.php on line 1792.
 1 APPPATH\Controllers\DashboardController.php(1792): CodeIgniter\Debug\Exceptions->errorHandler(2, 'Undefined property: App\\Controllers\\DashboardController::$trivia', 'D:\\laragon\\www\\agrismart_final\\app\\Controllers\\DashboardController.php', 1792)
 2 SYSTEMPATH\CodeIgniter.php(941): App\Controllers\DashboardController->adtrivias()
 3 SYSTEMPATH\CodeIgniter.php(502): CodeIgniter\CodeIgniter->runController(Object(App\Controllers\DashboardController))
 4 SYSTEMPATH\CodeIgniter.php(361): CodeIgniter\CodeIgniter->handleRequest(null, Object(Config\Cache), false)
 5 FCPATH\index.php(79): CodeIgniter\CodeIgniter->run()
 6 SYSTEMPATH\Commands\Server\rewrite.php(47): require_once('D:\\laragon\\www\\agrismart_final\\public\\index.php')
ERROR - 2024-05-04 04:04:28 --> mysqli_sql_exception: Column 'user_id' cannot be null in D:\laragon\www\agrismart_final\system\Database\MySQLi\Connection.php:306
Stack trace:
#0 D:\laragon\www\agrismart_final\system\Database\MySQLi\Connection.php(306): mysqli->query('INSERT INTO `tr...', 0)
#1 D:\laragon\www\agrismart_final\system\Database\BaseConnection.php(693): CodeIgniter\Database\MySQLi\Connection->execute('INSERT INTO `tr...')
#2 D:\laragon\www\agrismart_final\system\Database\BaseConnection.php(607): CodeIgniter\Database\BaseConnection->simpleQuery('INSERT INTO `tr...')
#3 D:\laragon\www\agrismart_final\system\Database\BaseBuilder.php(2307): CodeIgniter\Database\BaseConnection->query('INSERT INTO `tr...', Array, false)
#4 D:\laragon\www\agrismart_final\system\Model.php(326): CodeIgniter\Database\BaseBuilder->insert()
#5 D:\laragon\www\agrismart_final\system\BaseModel.php(802): CodeIgniter\Model->doInsert(Array)
#6 D:\laragon\www\agrismart_final\system\Model.php(744): CodeIgniter\BaseModel->insert(Array, false)
#7 D:\laragon\www\agrismart_final\system\BaseModel.php(713): CodeIgniter\Model->insert(Array, false)
#8 D:\laragon\www\agrismart_final\app\Controllers\DashboardController.php(1817): CodeIgniter\BaseModel->save(Array)
#9 D:\laragon\www\agrismart_final\system\CodeIgniter.php(941): App\Controllers\DashboardController->addnewtrivia()
#10 D:\laragon\www\agrismart_final\system\CodeIgniter.php(502): CodeIgniter\CodeIgniter->runController(Object(App\Controllers\DashboardController))
#11 D:\laragon\www\agrismart_final\system\CodeIgniter.php(361): CodeIgniter\CodeIgniter->handleRequest(NULL, Object(Config\Cache), false)
#12 D:\laragon\www\agrismart_final\public\index.php(79): CodeIgniter\CodeIgniter->run()
#13 D:\laragon\www\agrismart_final\system\Commands\Server\rewrite.php(47): require_once('D:\\laragon\\www\\...')
#14 {main}
CRITICAL - 2024-05-04 04:04:28 --> CodeIgniter\Database\Exceptions\DatabaseException: Column 'user_id' cannot be null
in SYSTEMPATH\Database\BaseConnection.php on line 647.
 1 SYSTEMPATH\Database\BaseBuilder.php(2307): CodeIgniter\Database\BaseConnection->query('INSERT INTO `trivias` (`image`, `trivia`, `user_id`) VALUES (:image:, :trivia:, :user_id:)', [...], false)
 2 SYSTEMPATH\Model.php(326): CodeIgniter\Database\BaseBuilder->insert()
 3 SYSTEMPATH\BaseModel.php(802): CodeIgniter\Model->doInsert([...])
 4 SYSTEMPATH\Model.php(744): CodeIgniter\BaseModel->insert([...], false)
 5 SYSTEMPATH\BaseModel.php(713): CodeIgniter\Model->insert([...], false)
 6 APPPATH\Controllers\DashboardController.php(1817): CodeIgniter\BaseModel->save([...])
 7 SYSTEMPATH\CodeIgniter.php(941): App\Controllers\DashboardController->addnewtrivia()
 8 SYSTEMPATH\CodeIgniter.php(502): CodeIgniter\CodeIgniter->runController(Object(App\Controllers\DashboardController))
 9 SYSTEMPATH\CodeIgniter.php(361): CodeIgniter\CodeIgniter->handleRequest(null, Object(Config\Cache), false)
10 FCPATH\index.php(79): CodeIgniter\CodeIgniter->run()
11 SYSTEMPATH\Commands\Server\rewrite.php(47): require_once('D:\\laragon\\www\\agrismart_final\\public\\index.php')
CRITICAL - 2024-05-04 04:04:28 --> [Caused by] CodeIgniter\Database\Exceptions\DatabaseException: Column 'user_id' cannot be null
in SYSTEMPATH\Database\MySQLi\Connection.php on line 311.
 1 SYSTEMPATH\Database\BaseConnection.php(693): CodeIgniter\Database\MySQLi\Connection->execute('INSERT INTO `trivias` (`image`, `trivia`, `user_id`) VALUES (\'grass\', \'Ang \\"precision farming\\" ay gumagamit ng mga teknolohiya tulad ng GPS at sensor upang magbigay ng eksaktong impormasyon sa mga magsasaka tungkol sa kalidad ng lupa, pangangailangan sa tubig, at mga pesteng problema, na nagpapababa ng gastos at nagpapataas sa ani.\', NULL)')
 2 SYSTEMPATH\Database\BaseConnection.php(607): CodeIgniter\Database\BaseConnection->simpleQuery('INSERT INTO `trivias` (`image`, `trivia`, `user_id`) VALUES (\'grass\', \'Ang \\"precision farming\\" ay gumagamit ng mga teknolohiya tulad ng GPS at sensor upang magbigay ng eksaktong impormasyon sa mga magsasaka tungkol sa kalidad ng lupa, pangangailangan sa tubig, at mga pesteng problema, na nagpapababa ng gastos at nagpapataas sa ani.\', NULL)')
 3 SYSTEMPATH\Database\BaseBuilder.php(2307): CodeIgniter\Database\BaseConnection->query('INSERT INTO `trivias` (`image`, `trivia`, `user_id`) VALUES (:image:, :trivia:, :user_id:)', [...], false)
 4 SYSTEMPATH\Model.php(326): CodeIgniter\Database\BaseBuilder->insert()
 5 SYSTEMPATH\BaseModel.php(802): CodeIgniter\Model->doInsert([...])
 6 SYSTEMPATH\Model.php(744): CodeIgniter\BaseModel->insert([...], false)
 7 SYSTEMPATH\BaseModel.php(713): CodeIgniter\Model->insert([...], false)
 8 APPPATH\Controllers\DashboardController.php(1817): CodeIgniter\BaseModel->save([...])
 9 SYSTEMPATH\CodeIgniter.php(941): App\Controllers\DashboardController->addnewtrivia()
10 SYSTEMPATH\CodeIgniter.php(502): CodeIgniter\CodeIgniter->runController(Object(App\Controllers\DashboardController))
11 SYSTEMPATH\CodeIgniter.php(361): CodeIgniter\CodeIgniter->handleRequest(null, Object(Config\Cache), false)
12 FCPATH\index.php(79): CodeIgniter\CodeIgniter->run()
13 SYSTEMPATH\Commands\Server\rewrite.php(47): require_once('D:\\laragon\\www\\agrismart_final\\public\\index.php')
CRITICAL - 2024-05-04 04:04:28 --> [Caused by] mysqli_sql_exception: Column 'user_id' cannot be null
in SYSTEMPATH\Database\MySQLi\Connection.php on line 306.
 1 SYSTEMPATH\Database\MySQLi\Connection.php(306): mysqli->query('INSERT INTO `trivias` (`image`, `trivia`, `user_id`) VALUES (\'grass\', \'Ang \\"precision farming\\" ay gumagamit ng mga teknolohiya tulad ng GPS at sensor upang magbigay ng eksaktong impormasyon sa mga magsasaka tungkol sa kalidad ng lupa, pangangailangan sa tubig, at mga pesteng problema, na nagpapababa ng gastos at nagpapataas sa ani.\', NULL)', 0)
 2 SYSTEMPATH\Database\BaseConnection.php(693): CodeIgniter\Database\MySQLi\Connection->execute('INSERT INTO `trivias` (`image`, `trivia`, `user_id`) VALUES (\'grass\', \'Ang \\"precision farming\\" ay gumagamit ng mga teknolohiya tulad ng GPS at sensor upang magbigay ng eksaktong impormasyon sa mga magsasaka tungkol sa kalidad ng lupa, pangangailangan sa tubig, at mga pesteng problema, na nagpapababa ng gastos at nagpapataas sa ani.\', NULL)')
 3 SYSTEMPATH\Database\BaseConnection.php(607): CodeIgniter\Database\BaseConnection->simpleQuery('INSERT INTO `trivias` (`image`, `trivia`, `user_id`) VALUES (\'grass\', \'Ang \\"precision farming\\" ay gumagamit ng mga teknolohiya tulad ng GPS at sensor upang magbigay ng eksaktong impormasyon sa mga magsasaka tungkol sa kalidad ng lupa, pangangailangan sa tubig, at mga pesteng problema, na nagpapababa ng gastos at nagpapataas sa ani.\', NULL)')
 4 SYSTEMPATH\Database\BaseBuilder.php(2307): CodeIgniter\Database\BaseConnection->query('INSERT INTO `trivias` (`image`, `trivia`, `user_id`) VALUES (:image:, :trivia:, :user_id:)', [...], false)
 5 SYSTEMPATH\Model.php(326): CodeIgniter\Database\BaseBuilder->insert()
 6 SYSTEMPATH\BaseModel.php(802): CodeIgniter\Model->doInsert([...])
 7 SYSTEMPATH\Model.php(744): CodeIgniter\BaseModel->insert([...], false)
 8 SYSTEMPATH\BaseModel.php(713): CodeIgniter\Model->insert([...], false)
 9 APPPATH\Controllers\DashboardController.php(1817): CodeIgniter\BaseModel->save([...])
10 SYSTEMPATH\CodeIgniter.php(941): App\Controllers\DashboardController->addnewtrivia()
11 SYSTEMPATH\CodeIgniter.php(502): CodeIgniter\CodeIgniter->runController(Object(App\Controllers\DashboardController))
12 SYSTEMPATH\CodeIgniter.php(361): CodeIgniter\CodeIgniter->handleRequest(null, Object(Config\Cache), false)
13 FCPATH\index.php(79): CodeIgniter\CodeIgniter->run()
14 SYSTEMPATH\Commands\Server\rewrite.php(47): require_once('D:\\laragon\\www\\agrismart_final\\public\\index.php')
CRITICAL - 2024-05-04 07:43:57 --> ErrorException: Undefined variable $trivia
in APPPATH\Views\admin_dashboard\main-reports.php on line 35.
 1 APPPATH\Views\admin_dashboard\main-reports.php(35): CodeIgniter\Debug\Exceptions->errorHandler(2, 'Undefined variable $trivia', 'D:\\laragon\\www\\agrismart_final\\app\\Views\\admin_dashboard\\main-reports.php', 35)
 2 SYSTEMPATH\View\View.php(228): include('D:\\laragon\\www\\agrismart_final\\app\\Views\\admin_dashboard\\main-reports.php')
 3 SYSTEMPATH\View\View.php(231): CodeIgniter\View\View->CodeIgniter\View\{closure}()
 4 SYSTEMPATH\View\View.php(469): CodeIgniter\View\View->render('/admin_dashboard/main-reports', null, true)
 5 APPPATH\Views\adminfolder\adreports.php(6): CodeIgniter\View\View->include('/admin_dashboard/main-reports')
 6 SYSTEMPATH\View\View.php(228): include('D:\\laragon\\www\\agrismart_final\\app\\Views\\adminfolder\\adreports.php')
 7 SYSTEMPATH\View\View.php(231): CodeIgniter\View\View->CodeIgniter\View\{closure}()
 8 SYSTEMPATH\Common.php(1178): CodeIgniter\View\View->render('adminfolder/adreports', [], true)
 9 APPPATH\Controllers\DashboardController.php(1783): view('adminfolder/adreports')
10 SYSTEMPATH\CodeIgniter.php(941): App\Controllers\DashboardController->adreports()
11 SYSTEMPATH\CodeIgniter.php(502): CodeIgniter\CodeIgniter->runController(Object(App\Controllers\DashboardController))
12 SYSTEMPATH\CodeIgniter.php(361): CodeIgniter\CodeIgniter->handleRequest(null, Object(Config\Cache), false)
13 FCPATH\index.php(79): CodeIgniter\CodeIgniter->run()
14 SYSTEMPATH\Commands\Server\rewrite.php(47): require_once('D:\\laragon\\www\\agrismart_final\\public\\index.php')
CRITICAL - 2024-05-04 07:44:00 --> ErrorException: Undefined variable $trivia
in APPPATH\Views\admin_dashboard\main-reports.php on line 35.
 1 APPPATH\Views\admin_dashboard\main-reports.php(35): CodeIgniter\Debug\Exceptions->errorHandler(2, 'Undefined variable $trivia', 'D:\\laragon\\www\\agrismart_final\\app\\Views\\admin_dashboard\\main-reports.php', 35)
 2 SYSTEMPATH\View\View.php(228): include('D:\\laragon\\www\\agrismart_final\\app\\Views\\admin_dashboard\\main-reports.php')
 3 SYSTEMPATH\View\View.php(231): CodeIgniter\View\View->CodeIgniter\View\{closure}()
 4 SYSTEMPATH\View\View.php(469): CodeIgniter\View\View->render('/admin_dashboard/main-reports', null, true)
 5 APPPATH\Views\adminfolder\adreports.php(6): CodeIgniter\View\View->include('/admin_dashboard/main-reports')
 6 SYSTEMPATH\View\View.php(228): include('D:\\laragon\\www\\agrismart_final\\app\\Views\\adminfolder\\adreports.php')
 7 SYSTEMPATH\View\View.php(231): CodeIgniter\View\View->CodeIgniter\View\{closure}()
 8 SYSTEMPATH\Common.php(1178): CodeIgniter\View\View->render('adminfolder/adreports', [], true)
 9 APPPATH\Controllers\DashboardController.php(1783): view('adminfolder/adreports')
10 SYSTEMPATH\CodeIgniter.php(941): App\Controllers\DashboardController->adreports()
11 SYSTEMPATH\CodeIgniter.php(502): CodeIgniter\CodeIgniter->runController(Object(App\Controllers\DashboardController))
12 SYSTEMPATH\CodeIgniter.php(361): CodeIgniter\CodeIgniter->handleRequest(null, Object(Config\Cache), false)
13 FCPATH\index.php(79): CodeIgniter\CodeIgniter->run()
14 SYSTEMPATH\Commands\Server\rewrite.php(47): require_once('D:\\laragon\\www\\agrismart_final\\public\\index.php')
CRITICAL - 2024-05-04 10:48:58 --> ErrorException: Undefined variable $trivia
in APPPATH\Views\admin_dashboard\main-reports.php on line 35.
 1 APPPATH\Views\admin_dashboard\main-reports.php(35): CodeIgniter\Debug\Exceptions->errorHandler(2, 'Undefined variable $trivia', 'D:\\laragon\\www\\agrismart_final\\app\\Views\\admin_dashboard\\main-reports.php', 35)
 2 SYSTEMPATH\View\View.php(228): include('D:\\laragon\\www\\agrismart_final\\app\\Views\\admin_dashboard\\main-reports.php')
 3 SYSTEMPATH\View\View.php(231): CodeIgniter\View\View->CodeIgniter\View\{closure}()
 4 SYSTEMPATH\View\View.php(469): CodeIgniter\View\View->render('/admin_dashboard/main-reports', null, true)
 5 APPPATH\Views\adminfolder\adreports.php(6): CodeIgniter\View\View->include('/admin_dashboard/main-reports')
 6 SYSTEMPATH\View\View.php(228): include('D:\\laragon\\www\\agrismart_final\\app\\Views\\adminfolder\\adreports.php')
 7 SYSTEMPATH\View\View.php(231): CodeIgniter\View\View->CodeIgniter\View\{closure}()
 8 SYSTEMPATH\Common.php(1178): CodeIgniter\View\View->render('adminfolder/adreports', [], true)
 9 APPPATH\Controllers\DashboardController.php(1783): view('adminfolder/adreports')
10 SYSTEMPATH\CodeIgniter.php(941): App\Controllers\DashboardController->adreports()
11 SYSTEMPATH\CodeIgniter.php(502): CodeIgniter\CodeIgniter->runController(Object(App\Controllers\DashboardController))
12 SYSTEMPATH\CodeIgniter.php(361): CodeIgniter\CodeIgniter->handleRequest(null, Object(Config\Cache), false)
13 FCPATH\index.php(79): CodeIgniter\CodeIgniter->run()
14 SYSTEMPATH\Commands\Server\rewrite.php(47): require_once('D:\\laragon\\www\\agrismart_final\\public\\index.php')
CRITICAL - 2024-05-04 11:13:17 --> ErrorException: Undefined variable $report
in APPPATH\Views\admin_dashboard\main-reports.php on line 35.
 1 APPPATH\Views\admin_dashboard\main-reports.php(35): CodeIgniter\Debug\Exceptions->errorHandler(2, 'Undefined variable $report', 'D:\\laragon\\www\\agrismart_final\\app\\Views\\admin_dashboard\\main-reports.php', 35)
 2 SYSTEMPATH\View\View.php(228): include('D:\\laragon\\www\\agrismart_final\\app\\Views\\admin_dashboard\\main-reports.php')
 3 SYSTEMPATH\View\View.php(231): CodeIgniter\View\View->CodeIgniter\View\{closure}()
 4 SYSTEMPATH\View\View.php(469): CodeIgniter\View\View->render('/admin_dashboard/main-reports', null, true)
 5 APPPATH\Views\adminfolder\adreports.php(6): CodeIgniter\View\View->include('/admin_dashboard/main-reports')
 6 SYSTEMPATH\View\View.php(228): include('D:\\laragon\\www\\agrismart_final\\app\\Views\\adminfolder\\adreports.php')
 7 SYSTEMPATH\View\View.php(231): CodeIgniter\View\View->CodeIgniter\View\{closure}()
 8 SYSTEMPATH\Common.php(1178): CodeIgniter\View\View->render('adminfolder/adreports', [], true)
 9 APPPATH\Controllers\DashboardController.php(1783): view('adminfolder/adreports')
10 SYSTEMPATH\CodeIgniter.php(941): App\Controllers\DashboardController->adreports()
11 SYSTEMPATH\CodeIgniter.php(502): CodeIgniter\CodeIgniter->runController(Object(App\Controllers\DashboardController))
12 SYSTEMPATH\CodeIgniter.php(361): CodeIgniter\CodeIgniter->handleRequest(null, Object(Config\Cache), false)
13 FCPATH\index.php(79): CodeIgniter\CodeIgniter->run()
14 SYSTEMPATH\Commands\Server\rewrite.php(47): require_once('D:\\laragon\\www\\agrismart_final\\public\\index.php')
CRITICAL - 2024-05-04 12:17:01 --> ErrorException: Undefined variable $reports
in APPPATH\Views\admin_dashboard\main-reports.php on line 39.
 1 APPPATH\Views\admin_dashboard\main-reports.php(39): CodeIgniter\Debug\Exceptions->errorHandler(2, 'Undefined variable $reports', 'D:\\laragon\\www\\agrismart_final\\app\\Views\\admin_dashboard\\main-reports.php', 39)
 2 SYSTEMPATH\View\View.php(228): include('D:\\laragon\\www\\agrismart_final\\app\\Views\\admin_dashboard\\main-reports.php')
 3 SYSTEMPATH\View\View.php(231): CodeIgniter\View\View->CodeIgniter\View\{closure}()
 4 SYSTEMPATH\View\View.php(469): CodeIgniter\View\View->render('/admin_dashboard/main-reports', null, true)
 5 APPPATH\Views\adminfolder\adreports.php(6): CodeIgniter\View\View->include('/admin_dashboard/main-reports')
 6 SYSTEMPATH\View\View.php(228): include('D:\\laragon\\www\\agrismart_final\\app\\Views\\adminfolder\\adreports.php')
 7 SYSTEMPATH\View\View.php(231): CodeIgniter\View\View->CodeIgniter\View\{closure}()
 8 SYSTEMPATH\Common.php(1178): CodeIgniter\View\View->render('adminfolder/adreports', [], true)
 9 APPPATH\Controllers\DashboardController.php(1787): view('adminfolder/adreports')
10 SYSTEMPATH\CodeIgniter.php(941): App\Controllers\DashboardController->adreports()
11 SYSTEMPATH\CodeIgniter.php(502): CodeIgniter\CodeIgniter->runController(Object(App\Controllers\DashboardController))
12 SYSTEMPATH\CodeIgniter.php(361): CodeIgniter\CodeIgniter->handleRequest(null, Object(Config\Cache), false)
13 FCPATH\index.php(79): CodeIgniter\CodeIgniter->run()
14 SYSTEMPATH\Commands\Server\rewrite.php(47): require_once('D:\\laragon\\www\\agrismart_final\\public\\index.php')
CRITICAL - 2024-05-04 12:19:26 --> ErrorException: Undefined variable $reports
in APPPATH\Views\admin_dashboard\main-reports.php on line 39.
 1 APPPATH\Views\admin_dashboard\main-reports.php(39): CodeIgniter\Debug\Exceptions->errorHandler(2, 'Undefined variable $reports', 'D:\\laragon\\www\\agrismart_final\\app\\Views\\admin_dashboard\\main-reports.php', 39)
 2 SYSTEMPATH\View\View.php(228): include('D:\\laragon\\www\\agrismart_final\\app\\Views\\admin_dashboard\\main-reports.php')
 3 SYSTEMPATH\View\View.php(231): CodeIgniter\View\View->CodeIgniter\View\{closure}()
 4 SYSTEMPATH\View\View.php(469): CodeIgniter\View\View->render('/admin_dashboard/main-reports', null, true)
 5 APPPATH\Views\adminfolder\adreports.php(6): CodeIgniter\View\View->include('/admin_dashboard/main-reports')
 6 SYSTEMPATH\View\View.php(228): include('D:\\laragon\\www\\agrismart_final\\app\\Views\\adminfolder\\adreports.php')
 7 SYSTEMPATH\View\View.php(231): CodeIgniter\View\View->CodeIgniter\View\{closure}()
 8 SYSTEMPATH\Common.php(1178): CodeIgniter\View\View->render('adminfolder/adreports', [], true)
 9 APPPATH\Controllers\DashboardController.php(1787): view('adminfolder/adreports')
10 SYSTEMPATH\CodeIgniter.php(941): App\Controllers\DashboardController->adreports()
11 SYSTEMPATH\CodeIgniter.php(502): CodeIgniter\CodeIgniter->runController(Object(App\Controllers\DashboardController))
12 SYSTEMPATH\CodeIgniter.php(361): CodeIgniter\CodeIgniter->handleRequest(null, Object(Config\Cache), false)
13 FCPATH\index.php(79): CodeIgniter\CodeIgniter->run()
14 SYSTEMPATH\Commands\Server\rewrite.php(47): require_once('D:\\laragon\\www\\agrismart_final\\public\\index.php')
CRITICAL - 2024-05-04 12:19:29 --> ErrorException: Undefined variable $reports
in APPPATH\Views\admin_dashboard\main-reports.php on line 39.
 1 APPPATH\Views\admin_dashboard\main-reports.php(39): CodeIgniter\Debug\Exceptions->errorHandler(2, 'Undefined variable $reports', 'D:\\laragon\\www\\agrismart_final\\app\\Views\\admin_dashboard\\main-reports.php', 39)
 2 SYSTEMPATH\View\View.php(228): include('D:\\laragon\\www\\agrismart_final\\app\\Views\\admin_dashboard\\main-reports.php')
 3 SYSTEMPATH\View\View.php(231): CodeIgniter\View\View->CodeIgniter\View\{closure}()
 4 SYSTEMPATH\View\View.php(469): CodeIgniter\View\View->render('/admin_dashboard/main-reports', null, true)
 5 APPPATH\Views\adminfolder\adreports.php(6): CodeIgniter\View\View->include('/admin_dashboard/main-reports')
 6 SYSTEMPATH\View\View.php(228): include('D:\\laragon\\www\\agrismart_final\\app\\Views\\adminfolder\\adreports.php')
 7 SYSTEMPATH\View\View.php(231): CodeIgniter\View\View->CodeIgniter\View\{closure}()
 8 SYSTEMPATH\Common.php(1178): CodeIgniter\View\View->render('adminfolder/adreports', [], true)
 9 APPPATH\Controllers\DashboardController.php(1787): view('adminfolder/adreports')
10 SYSTEMPATH\CodeIgniter.php(941): App\Controllers\DashboardController->adreports()
11 SYSTEMPATH\CodeIgniter.php(502): CodeIgniter\CodeIgniter->runController(Object(App\Controllers\DashboardController))
12 SYSTEMPATH\CodeIgniter.php(361): CodeIgniter\CodeIgniter->handleRequest(null, Object(Config\Cache), false)
13 FCPATH\index.php(79): CodeIgniter\CodeIgniter->run()
14 SYSTEMPATH\Commands\Server\rewrite.php(47): require_once('D:\\laragon\\www\\agrismart_final\\public\\index.php')
CRITICAL - 2024-05-04 13:58:45 --> ErrorException: Undefined variable $reports
in APPPATH\Views\admin_dashboard\main-reports.php on line 38.
 1 APPPATH\Views\admin_dashboard\main-reports.php(38): CodeIgniter\Debug\Exceptions->errorHandler(2, 'Undefined variable $reports', 'D:\\laragon\\www\\agrismart_final\\app\\Views\\admin_dashboard\\main-reports.php', 38)
 2 SYSTEMPATH\View\View.php(228): include('D:\\laragon\\www\\agrismart_final\\app\\Views\\admin_dashboard\\main-reports.php')
 3 SYSTEMPATH\View\View.php(231): CodeIgniter\View\View->CodeIgniter\View\{closure}()
 4 SYSTEMPATH\View\View.php(469): CodeIgniter\View\View->render('/admin_dashboard/main-reports', null, true)
 5 APPPATH\Views\adminfolder\adreports.php(6): CodeIgniter\View\View->include('/admin_dashboard/main-reports')
 6 SYSTEMPATH\View\View.php(228): include('D:\\laragon\\www\\agrismart_final\\app\\Views\\adminfolder\\adreports.php')
 7 SYSTEMPATH\View\View.php(231): CodeIgniter\View\View->CodeIgniter\View\{closure}()
 8 SYSTEMPATH\Common.php(1178): CodeIgniter\View\View->render('adminfolder/adreports', [], true)
 9 APPPATH\Controllers\DashboardController.php(1897): view('adminfolder/adreports', [...])
10 SYSTEMPATH\CodeIgniter.php(941): App\Controllers\DashboardController->addnewreport()
11 SYSTEMPATH\CodeIgniter.php(502): CodeIgniter\CodeIgniter->runController(Object(App\Controllers\DashboardController))
12 SYSTEMPATH\CodeIgniter.php(361): CodeIgniter\CodeIgniter->handleRequest(null, Object(Config\Cache), false)
13 FCPATH\index.php(79): CodeIgniter\CodeIgniter->run()
14 SYSTEMPATH\Commands\Server\rewrite.php(47): require_once('D:\\laragon\\www\\agrismart_final\\public\\index.php')
CRITICAL - 2024-05-04 13:59:52 --> ErrorException: Undefined variable $reports
in APPPATH\Views\admin_dashboard\main-reports.php on line 38.
 1 APPPATH\Views\admin_dashboard\main-reports.php(38): CodeIgniter\Debug\Exceptions->errorHandler(2, 'Undefined variable $reports', 'D:\\laragon\\www\\agrismart_final\\app\\Views\\admin_dashboard\\main-reports.php', 38)
 2 SYSTEMPATH\View\View.php(228): include('D:\\laragon\\www\\agrismart_final\\app\\Views\\admin_dashboard\\main-reports.php')
 3 SYSTEMPATH\View\View.php(231): CodeIgniter\View\View->CodeIgniter\View\{closure}()
 4 SYSTEMPATH\View\View.php(469): CodeIgniter\View\View->render('/admin_dashboard/main-reports', null, true)
 5 APPPATH\Views\adminfolder\adreports.php(6): CodeIgniter\View\View->include('/admin_dashboard/main-reports')
 6 SYSTEMPATH\View\View.php(228): include('D:\\laragon\\www\\agrismart_final\\app\\Views\\adminfolder\\adreports.php')
 7 SYSTEMPATH\View\View.php(231): CodeIgniter\View\View->CodeIgniter\View\{closure}()
 8 SYSTEMPATH\Common.php(1178): CodeIgniter\View\View->render('adminfolder/adreports', [], true)
 9 APPPATH\Controllers\DashboardController.php(1897): view('adminfolder/adreports', [...])
10 SYSTEMPATH\CodeIgniter.php(941): App\Controllers\DashboardController->addnewreport()
11 SYSTEMPATH\CodeIgniter.php(502): CodeIgniter\CodeIgniter->runController(Object(App\Controllers\DashboardController))
12 SYSTEMPATH\CodeIgniter.php(361): CodeIgniter\CodeIgniter->handleRequest(null, Object(Config\Cache), false)
13 FCPATH\index.php(79): CodeIgniter\CodeIgniter->run()
14 SYSTEMPATH\Commands\Server\rewrite.php(47): require_once('D:\\laragon\\www\\agrismart_final\\public\\index.php')
CRITICAL - 2024-05-04 14:25:54 --> ErrorException: Undefined variable $reports
in APPPATH\Views\admin_dashboard\main-reports.php on line 38.
 1 APPPATH\Views\admin_dashboard\main-reports.php(38): CodeIgniter\Debug\Exceptions->errorHandler(2, 'Undefined variable $reports', 'D:\\laragon\\www\\agrismart_final\\app\\Views\\admin_dashboard\\main-reports.php', 38)
 2 SYSTEMPATH\View\View.php(228): include('D:\\laragon\\www\\agrismart_final\\app\\Views\\admin_dashboard\\main-reports.php')
 3 SYSTEMPATH\View\View.php(231): CodeIgniter\View\View->CodeIgniter\View\{closure}()
 4 SYSTEMPATH\View\View.php(469): CodeIgniter\View\View->render('/admin_dashboard/main-reports', null, true)
 5 APPPATH\Views\adminfolder\adreports.php(6): CodeIgniter\View\View->include('/admin_dashboard/main-reports')
 6 SYSTEMPATH\View\View.php(228): include('D:\\laragon\\www\\agrismart_final\\app\\Views\\adminfolder\\adreports.php')
 7 SYSTEMPATH\View\View.php(231): CodeIgniter\View\View->CodeIgniter\View\{closure}()
 8 SYSTEMPATH\Common.php(1178): CodeIgniter\View\View->render('adminfolder/adreports', [], true)
 9 APPPATH\Controllers\DashboardController.php(1897): view('adminfolder/adreports', [...])
10 SYSTEMPATH\CodeIgniter.php(941): App\Controllers\DashboardController->addnewreport()
11 SYSTEMPATH\CodeIgniter.php(502): CodeIgniter\CodeIgniter->runController(Object(App\Controllers\DashboardController))
12 SYSTEMPATH\CodeIgniter.php(361): CodeIgniter\CodeIgniter->handleRequest(null, Object(Config\Cache), false)
13 FCPATH\index.php(79): CodeIgniter\CodeIgniter->run()
14 SYSTEMPATH\Commands\Server\rewrite.php(47): require_once('D:\\laragon\\www\\agrismart_final\\public\\index.php')
CRITICAL - 2024-05-04 15:35:38 --> ErrorException: Undefined variable $reports
in APPPATH\Views\admin_dashboard\main-reports.php on line 38.
 1 APPPATH\Views\admin_dashboard\main-reports.php(38): CodeIgniter\Debug\Exceptions->errorHandler(2, 'Undefined variable $reports', 'D:\\laragon\\www\\agrismart_final\\app\\Views\\admin_dashboard\\main-reports.php', 38)
 2 SYSTEMPATH\View\View.php(228): include('D:\\laragon\\www\\agrismart_final\\app\\Views\\admin_dashboard\\main-reports.php')
 3 SYSTEMPATH\View\View.php(231): CodeIgniter\View\View->CodeIgniter\View\{closure}()
 4 SYSTEMPATH\View\View.php(469): CodeIgniter\View\View->render('/admin_dashboard/main-reports', null, true)
 5 APPPATH\Views\adminfolder\adreports.php(6): CodeIgniter\View\View->include('/admin_dashboard/main-reports')
 6 SYSTEMPATH\View\View.php(228): include('D:\\laragon\\www\\agrismart_final\\app\\Views\\adminfolder\\adreports.php')
 7 SYSTEMPATH\View\View.php(231): CodeIgniter\View\View->CodeIgniter\View\{closure}()
 8 SYSTEMPATH\Common.php(1178): CodeIgniter\View\View->render('adminfolder/adreports', [], true)
 9 APPPATH\Controllers\DashboardController.php(1897): view('adminfolder/adreports', [...])
10 SYSTEMPATH\CodeIgniter.php(941): App\Controllers\DashboardController->addnewreport()
11 SYSTEMPATH\CodeIgniter.php(502): CodeIgniter\CodeIgniter->runController(Object(App\Controllers\DashboardController))
12 SYSTEMPATH\CodeIgniter.php(361): CodeIgniter\CodeIgniter->handleRequest(null, Object(Config\Cache), false)
13 FCPATH\index.php(79): CodeIgniter\CodeIgniter->run()
14 SYSTEMPATH\Commands\Server\rewrite.php(47): require_once('D:\\laragon\\www\\agrismart_final\\public\\index.php')
CRITICAL - 2024-05-04 15:37:48 --> ErrorException: Undefined variable $reports
in APPPATH\Views\admin_dashboard\main-reports.php on line 38.
 1 APPPATH\Views\admin_dashboard\main-reports.php(38): CodeIgniter\Debug\Exceptions->errorHandler(2, 'Undefined variable $reports', 'D:\\laragon\\www\\agrismart_final\\app\\Views\\admin_dashboard\\main-reports.php', 38)
 2 SYSTEMPATH\View\View.php(228): include('D:\\laragon\\www\\agrismart_final\\app\\Views\\admin_dashboard\\main-reports.php')
 3 SYSTEMPATH\View\View.php(231): CodeIgniter\View\View->CodeIgniter\View\{closure}()
 4 SYSTEMPATH\View\View.php(469): CodeIgniter\View\View->render('/admin_dashboard/main-reports', null, true)
 5 APPPATH\Views\adminfolder\adreports.php(6): CodeIgniter\View\View->include('/admin_dashboard/main-reports')
 6 SYSTEMPATH\View\View.php(228): include('D:\\laragon\\www\\agrismart_final\\app\\Views\\adminfolder\\adreports.php')
 7 SYSTEMPATH\View\View.php(231): CodeIgniter\View\View->CodeIgniter\View\{closure}()
 8 SYSTEMPATH\Common.php(1178): CodeIgniter\View\View->render('adminfolder/adreports', [], true)
 9 APPPATH\Controllers\DashboardController.php(1917): view('adminfolder/adreports', [...])
10 SYSTEMPATH\CodeIgniter.php(941): App\Controllers\DashboardController->addnewreport()
11 SYSTEMPATH\CodeIgniter.php(502): CodeIgniter\CodeIgniter->runController(Object(App\Controllers\DashboardController))
12 SYSTEMPATH\CodeIgniter.php(361): CodeIgniter\CodeIgniter->handleRequest(null, Object(Config\Cache), false)
13 FCPATH\index.php(79): CodeIgniter\CodeIgniter->run()
14 SYSTEMPATH\Commands\Server\rewrite.php(47): require_once('D:\\laragon\\www\\agrismart_final\\public\\index.php')
CRITICAL - 2024-05-04 15:46:59 --> ErrorException: Undefined variable $reports
in APPPATH\Views\admin_dashboard\main-reports.php on line 38.
 1 APPPATH\Views\admin_dashboard\main-reports.php(38): CodeIgniter\Debug\Exceptions->errorHandler(2, 'Undefined variable $reports', 'D:\\laragon\\www\\agrismart_final\\app\\Views\\admin_dashboard\\main-reports.php', 38)
 2 SYSTEMPATH\View\View.php(228): include('D:\\laragon\\www\\agrismart_final\\app\\Views\\admin_dashboard\\main-reports.php')
 3 SYSTEMPATH\View\View.php(231): CodeIgniter\View\View->CodeIgniter\View\{closure}()
 4 SYSTEMPATH\View\View.php(469): CodeIgniter\View\View->render('/admin_dashboard/main-reports', null, true)
 5 APPPATH\Views\adminfolder\adreports.php(6): CodeIgniter\View\View->include('/admin_dashboard/main-reports')
 6 SYSTEMPATH\View\View.php(228): include('D:\\laragon\\www\\agrismart_final\\app\\Views\\adminfolder\\adreports.php')
 7 SYSTEMPATH\View\View.php(231): CodeIgniter\View\View->CodeIgniter\View\{closure}()
 8 SYSTEMPATH\Common.php(1178): CodeIgniter\View\View->render('adminfolder/adreports', [], true)
 9 APPPATH\Controllers\DashboardController.php(1917): view('adminfolder/adreports', [...])
10 SYSTEMPATH\CodeIgniter.php(941): App\Controllers\DashboardController->addnewreport()
11 SYSTEMPATH\CodeIgniter.php(502): CodeIgniter\CodeIgniter->runController(Object(App\Controllers\DashboardController))
12 SYSTEMPATH\CodeIgniter.php(361): CodeIgniter\CodeIgniter->handleRequest(null, Object(Config\Cache), false)
13 FCPATH\index.php(79): CodeIgniter\CodeIgniter->run()
14 SYSTEMPATH\Commands\Server\rewrite.php(47): require_once('D:\\laragon\\www\\agrismart_final\\public\\index.php')
ERROR - 2024-05-04 15:48:02 --> mysqli_sql_exception: Column 'user_id' cannot be null in D:\laragon\www\agrismart_final\system\Database\MySQLi\Connection.php:306
Stack trace:
#0 D:\laragon\www\agrismart_final\system\Database\MySQLi\Connection.php(306): mysqli->query('INSERT INTO `tr...', 0)
#1 D:\laragon\www\agrismart_final\system\Database\BaseConnection.php(693): CodeIgniter\Database\MySQLi\Connection->execute('INSERT INTO `tr...')
#2 D:\laragon\www\agrismart_final\system\Database\BaseConnection.php(607): CodeIgniter\Database\BaseConnection->simpleQuery('INSERT INTO `tr...')
#3 D:\laragon\www\agrismart_final\system\Database\BaseBuilder.php(2307): CodeIgniter\Database\BaseConnection->query('INSERT INTO `tr...', Array, false)
#4 D:\laragon\www\agrismart_final\system\Model.php(326): CodeIgniter\Database\BaseBuilder->insert()
#5 D:\laragon\www\agrismart_final\system\BaseModel.php(802): CodeIgniter\Model->doInsert(Array)
#6 D:\laragon\www\agrismart_final\system\Model.php(744): CodeIgniter\BaseModel->insert(Array, false)
#7 D:\laragon\www\agrismart_final\system\BaseModel.php(713): CodeIgniter\Model->insert(Array, false)
#8 D:\laragon\www\agrismart_final\app\Controllers\DashboardController.php(1855): CodeIgniter\BaseModel->save(Array)
#9 D:\laragon\www\agrismart_final\system\CodeIgniter.php(941): App\Controllers\DashboardController->addnewtrivia()
#10 D:\laragon\www\agrismart_final\system\CodeIgniter.php(502): CodeIgniter\CodeIgniter->runController(Object(App\Controllers\DashboardController))
#11 D:\laragon\www\agrismart_final\system\CodeIgniter.php(361): CodeIgniter\CodeIgniter->handleRequest(NULL, Object(Config\Cache), false)
#12 D:\laragon\www\agrismart_final\public\index.php(79): CodeIgniter\CodeIgniter->run()
#13 D:\laragon\www\agrismart_final\system\Commands\Server\rewrite.php(47): require_once('D:\\laragon\\www\\...')
#14 {main}
CRITICAL - 2024-05-04 15:48:02 --> CodeIgniter\Database\Exceptions\DatabaseException: Column 'user_id' cannot be null
in SYSTEMPATH\Database\BaseConnection.php on line 647.
 1 SYSTEMPATH\Database\BaseBuilder.php(2307): CodeIgniter\Database\BaseConnection->query('INSERT INTO `trivias` (`image`, `trivia`, `user_id`) VALUES (:image:, :trivia:, :user_id:)', [...], false)
 2 SYSTEMPATH\Model.php(326): CodeIgniter\Database\BaseBuilder->insert()
 3 SYSTEMPATH\BaseModel.php(802): CodeIgniter\Model->doInsert([...])
 4 SYSTEMPATH\Model.php(744): CodeIgniter\BaseModel->insert([...], false)
 5 SYSTEMPATH\BaseModel.php(713): CodeIgniter\Model->insert([...], false)
 6 APPPATH\Controllers\DashboardController.php(1855): CodeIgniter\BaseModel->save([...])
 7 SYSTEMPATH\CodeIgniter.php(941): App\Controllers\DashboardController->addnewtrivia()
 8 SYSTEMPATH\CodeIgniter.php(502): CodeIgniter\CodeIgniter->runController(Object(App\Controllers\DashboardController))
 9 SYSTEMPATH\CodeIgniter.php(361): CodeIgniter\CodeIgniter->handleRequest(null, Object(Config\Cache), false)
10 FCPATH\index.php(79): CodeIgniter\CodeIgniter->run()
11 SYSTEMPATH\Commands\Server\rewrite.php(47): require_once('D:\\laragon\\www\\agrismart_final\\public\\index.php')
CRITICAL - 2024-05-04 15:48:02 --> [Caused by] CodeIgniter\Database\Exceptions\DatabaseException: Column 'user_id' cannot be null
in SYSTEMPATH\Database\MySQLi\Connection.php on line 311.
 1 SYSTEMPATH\Database\BaseConnection.php(693): CodeIgniter\Database\MySQLi\Connection->execute('INSERT INTO `trivias` (`image`, `trivia`, `user_id`) VALUES (\'grass\', \'Ang \\"precision farming\\" ay gumagamit ng mga teknolohiya tulad ng GPS at sensor upang magbigay ng eksaktong impormasyon sa mga magsasaka tungkol sa kalidad ng lupa, pangangailangan sa tubig, at mga pesteng problema, na nagpapababa ng gastos at nagpapataas sa ani.\', NULL)')
 2 SYSTEMPATH\Database\BaseConnection.php(607): CodeIgniter\Database\BaseConnection->simpleQuery('INSERT INTO `trivias` (`image`, `trivia`, `user_id`) VALUES (\'grass\', \'Ang \\"precision farming\\" ay gumagamit ng mga teknolohiya tulad ng GPS at sensor upang magbigay ng eksaktong impormasyon sa mga magsasaka tungkol sa kalidad ng lupa, pangangailangan sa tubig, at mga pesteng problema, na nagpapababa ng gastos at nagpapataas sa ani.\', NULL)')
 3 SYSTEMPATH\Database\BaseBuilder.php(2307): CodeIgniter\Database\BaseConnection->query('INSERT INTO `trivias` (`image`, `trivia`, `user_id`) VALUES (:image:, :trivia:, :user_id:)', [...], false)
 4 SYSTEMPATH\Model.php(326): CodeIgniter\Database\BaseBuilder->insert()
 5 SYSTEMPATH\BaseModel.php(802): CodeIgniter\Model->doInsert([...])
 6 SYSTEMPATH\Model.php(744): CodeIgniter\BaseModel->insert([...], false)
 7 SYSTEMPATH\BaseModel.php(713): CodeIgniter\Model->insert([...], false)
 8 APPPATH\Controllers\DashboardController.php(1855): CodeIgniter\BaseModel->save([...])
 9 SYSTEMPATH\CodeIgniter.php(941): App\Controllers\DashboardController->addnewtrivia()
10 SYSTEMPATH\CodeIgniter.php(502): CodeIgniter\CodeIgniter->runController(Object(App\Controllers\DashboardController))
11 SYSTEMPATH\CodeIgniter.php(361): CodeIgniter\CodeIgniter->handleRequest(null, Object(Config\Cache), false)
12 FCPATH\index.php(79): CodeIgniter\CodeIgniter->run()
13 SYSTEMPATH\Commands\Server\rewrite.php(47): require_once('D:\\laragon\\www\\agrismart_final\\public\\index.php')
CRITICAL - 2024-05-04 15:48:02 --> [Caused by] mysqli_sql_exception: Column 'user_id' cannot be null
in SYSTEMPATH\Database\MySQLi\Connection.php on line 306.
 1 SYSTEMPATH\Database\MySQLi\Connection.php(306): mysqli->query('INSERT INTO `trivias` (`image`, `trivia`, `user_id`) VALUES (\'grass\', \'Ang \\"precision farming\\" ay gumagamit ng mga teknolohiya tulad ng GPS at sensor upang magbigay ng eksaktong impormasyon sa mga magsasaka tungkol sa kalidad ng lupa, pangangailangan sa tubig, at mga pesteng problema, na nagpapababa ng gastos at nagpapataas sa ani.\', NULL)', 0)
 2 SYSTEMPATH\Database\BaseConnection.php(693): CodeIgniter\Database\MySQLi\Connection->execute('INSERT INTO `trivias` (`image`, `trivia`, `user_id`) VALUES (\'grass\', \'Ang \\"precision farming\\" ay gumagamit ng mga teknolohiya tulad ng GPS at sensor upang magbigay ng eksaktong impormasyon sa mga magsasaka tungkol sa kalidad ng lupa, pangangailangan sa tubig, at mga pesteng problema, na nagpapababa ng gastos at nagpapataas sa ani.\', NULL)')
 3 SYSTEMPATH\Database\BaseConnection.php(607): CodeIgniter\Database\BaseConnection->simpleQuery('INSERT INTO `trivias` (`image`, `trivia`, `user_id`) VALUES (\'grass\', \'Ang \\"precision farming\\" ay gumagamit ng mga teknolohiya tulad ng GPS at sensor upang magbigay ng eksaktong impormasyon sa mga magsasaka tungkol sa kalidad ng lupa, pangangailangan sa tubig, at mga pesteng problema, na nagpapababa ng gastos at nagpapataas sa ani.\', NULL)')
 4 SYSTEMPATH\Database\BaseBuilder.php(2307): CodeIgniter\Database\BaseConnection->query('INSERT INTO `trivias` (`image`, `trivia`, `user_id`) VALUES (:image:, :trivia:, :user_id:)', [...], false)
 5 SYSTEMPATH\Model.php(326): CodeIgniter\Database\BaseBuilder->insert()
 6 SYSTEMPATH\BaseModel.php(802): CodeIgniter\Model->doInsert([...])
 7 SYSTEMPATH\Model.php(744): CodeIgniter\BaseModel->insert([...], false)
 8 SYSTEMPATH\BaseModel.php(713): CodeIgniter\Model->insert([...], false)
 9 APPPATH\Controllers\DashboardController.php(1855): CodeIgniter\BaseModel->save([...])
10 SYSTEMPATH\CodeIgniter.php(941): App\Controllers\DashboardController->addnewtrivia()
11 SYSTEMPATH\CodeIgniter.php(502): CodeIgniter\CodeIgniter->runController(Object(App\Controllers\DashboardController))
12 SYSTEMPATH\CodeIgniter.php(361): CodeIgniter\CodeIgniter->handleRequest(null, Object(Config\Cache), false)
13 FCPATH\index.php(79): CodeIgniter\CodeIgniter->run()
14 SYSTEMPATH\Commands\Server\rewrite.php(47): require_once('D:\\laragon\\www\\agrismart_final\\public\\index.php')
CRITICAL - 2024-05-04 15:48:48 --> ErrorException: Undefined variable $reports
in APPPATH\Views\admin_dashboard\main-reports.php on line 38.
 1 APPPATH\Views\admin_dashboard\main-reports.php(38): CodeIgniter\Debug\Exceptions->errorHandler(2, 'Undefined variable $reports', 'D:\\laragon\\www\\agrismart_final\\app\\Views\\admin_dashboard\\main-reports.php', 38)
 2 SYSTEMPATH\View\View.php(228): include('D:\\laragon\\www\\agrismart_final\\app\\Views\\admin_dashboard\\main-reports.php')
 3 SYSTEMPATH\View\View.php(231): CodeIgniter\View\View->CodeIgniter\View\{closure}()
 4 SYSTEMPATH\View\View.php(469): CodeIgniter\View\View->render('/admin_dashboard/main-reports', null, true)
 5 APPPATH\Views\adminfolder\adreports.php(6): CodeIgniter\View\View->include('/admin_dashboard/main-reports')
 6 SYSTEMPATH\View\View.php(228): include('D:\\laragon\\www\\agrismart_final\\app\\Views\\adminfolder\\adreports.php')
 7 SYSTEMPATH\View\View.php(231): CodeIgniter\View\View->CodeIgniter\View\{closure}()
 8 SYSTEMPATH\Common.php(1178): CodeIgniter\View\View->render('adminfolder/adreports', [], true)
 9 APPPATH\Controllers\DashboardController.php(1917): view('adminfolder/adreports', [...])
10 SYSTEMPATH\CodeIgniter.php(941): App\Controllers\DashboardController->addnewreport()
11 SYSTEMPATH\CodeIgniter.php(502): CodeIgniter\CodeIgniter->runController(Object(App\Controllers\DashboardController))
12 SYSTEMPATH\CodeIgniter.php(361): CodeIgniter\CodeIgniter->handleRequest(null, Object(Config\Cache), false)
13 FCPATH\index.php(79): CodeIgniter\CodeIgniter->run()
14 SYSTEMPATH\Commands\Server\rewrite.php(47): require_once('D:\\laragon\\www\\agrismart_final\\public\\index.php')
CRITICAL - 2024-05-04 15:56:40 --> ErrorException: Undefined variable $reports
in APPPATH\Views\admin_dashboard\main-reports.php on line 38.
 1 APPPATH\Views\admin_dashboard\main-reports.php(38): CodeIgniter\Debug\Exceptions->errorHandler(2, 'Undefined variable $reports', 'D:\\laragon\\www\\agrismart_final\\app\\Views\\admin_dashboard\\main-reports.php', 38)
 2 SYSTEMPATH\View\View.php(228): include('D:\\laragon\\www\\agrismart_final\\app\\Views\\admin_dashboard\\main-reports.php')
 3 SYSTEMPATH\View\View.php(231): CodeIgniter\View\View->CodeIgniter\View\{closure}()
 4 SYSTEMPATH\View\View.php(469): CodeIgniter\View\View->render('/admin_dashboard/main-reports', null, true)
 5 APPPATH\Views\adminfolder\adreports.php(6): CodeIgniter\View\View->include('/admin_dashboard/main-reports')
 6 SYSTEMPATH\View\View.php(228): include('D:\\laragon\\www\\agrismart_final\\app\\Views\\adminfolder\\adreports.php')
 7 SYSTEMPATH\View\View.php(231): CodeIgniter\View\View->CodeIgniter\View\{closure}()
 8 SYSTEMPATH\Common.php(1178): CodeIgniter\View\View->render('adminfolder/adreports', [], true)
 9 APPPATH\Controllers\DashboardController.php(1917): view('adminfolder/adreports', [...])
10 SYSTEMPATH\CodeIgniter.php(941): App\Controllers\DashboardController->addnewreport()
11 SYSTEMPATH\CodeIgniter.php(502): CodeIgniter\CodeIgniter->runController(Object(App\Controllers\DashboardController))
12 SYSTEMPATH\CodeIgniter.php(361): CodeIgniter\CodeIgniter->handleRequest(null, Object(Config\Cache), false)
13 FCPATH\index.php(79): CodeIgniter\CodeIgniter->run()
14 SYSTEMPATH\Commands\Server\rewrite.php(47): require_once('D:\\laragon\\www\\agrismart_final\\public\\index.php')
ERROR - 2024-05-04 16:15:47 --> mysqli_sql_exception: Column 'images' cannot be null in D:\laragon\www\agrismart_final\system\Database\MySQLi\Connection.php:306
Stack trace:
#0 D:\laragon\www\agrismart_final\system\Database\MySQLi\Connection.php(306): mysqli->query('INSERT INTO `re...', 0)
#1 D:\laragon\www\agrismart_final\system\Database\BaseConnection.php(693): CodeIgniter\Database\MySQLi\Connection->execute('INSERT INTO `re...')
#2 D:\laragon\www\agrismart_final\system\Database\BaseConnection.php(607): CodeIgniter\Database\BaseConnection->simpleQuery('INSERT INTO `re...')
#3 D:\laragon\www\agrismart_final\system\Database\BaseBuilder.php(2307): CodeIgniter\Database\BaseConnection->query('INSERT INTO `re...', Array, false)
#4 D:\laragon\www\agrismart_final\system\Model.php(326): CodeIgniter\Database\BaseBuilder->insert()
#5 D:\laragon\www\agrismart_final\system\BaseModel.php(802): CodeIgniter\Model->doInsert(Array)
#6 D:\laragon\www\agrismart_final\system\Model.php(744): CodeIgniter\BaseModel->insert(Array, false)
#7 D:\laragon\www\agrismart_final\system\BaseModel.php(713): CodeIgniter\Model->insert(Array, false)
#8 D:\laragon\www\agrismart_final\app\Controllers\DashboardController.php(1927): CodeIgniter\BaseModel->save(Array)
#9 D:\laragon\www\agrismart_final\system\CodeIgniter.php(941): App\Controllers\DashboardController->addnewreport()
#10 D:\laragon\www\agrismart_final\system\CodeIgniter.php(502): CodeIgniter\CodeIgniter->runController(Object(App\Controllers\DashboardController))
#11 D:\laragon\www\agrismart_final\system\CodeIgniter.php(361): CodeIgniter\CodeIgniter->handleRequest(NULL, Object(Config\Cache), false)
#12 D:\laragon\www\agrismart_final\public\index.php(79): CodeIgniter\CodeIgniter->run()
#13 D:\laragon\www\agrismart_final\system\Commands\Server\rewrite.php(47): require_once('D:\\laragon\\www\\...')
#14 {main}
CRITICAL - 2024-05-04 16:15:47 --> CodeIgniter\Database\Exceptions\DatabaseException: Column 'images' cannot be null
in SYSTEMPATH\Database\BaseConnection.php on line 647.
 1 SYSTEMPATH\Database\BaseBuilder.php(2307): CodeIgniter\Database\BaseConnection->query('INSERT INTO `reports` (`title`, `date_reported`, `images`, `description`, `validity`, `user_id`) VALUES (:title:, :date_reported:, :images:, :description:, :validity:, :user_id:)', [...], false)
 2 SYSTEMPATH\Model.php(326): CodeIgniter\Database\BaseBuilder->insert()
 3 SYSTEMPATH\BaseModel.php(802): CodeIgniter\Model->doInsert([...])
 4 SYSTEMPATH\Model.php(744): CodeIgniter\BaseModel->insert([...], false)
 5 SYSTEMPATH\BaseModel.php(713): CodeIgniter\Model->insert([...], false)
 6 APPPATH\Controllers\DashboardController.php(1927): CodeIgniter\BaseModel->save([...])
 7 SYSTEMPATH\CodeIgniter.php(941): App\Controllers\DashboardController->addnewreport()
 8 SYSTEMPATH\CodeIgniter.php(502): CodeIgniter\CodeIgniter->runController(Object(App\Controllers\DashboardController))
 9 SYSTEMPATH\CodeIgniter.php(361): CodeIgniter\CodeIgniter->handleRequest(null, Object(Config\Cache), false)
10 FCPATH\index.php(79): CodeIgniter\CodeIgniter->run()
11 SYSTEMPATH\Commands\Server\rewrite.php(47): require_once('D:\\laragon\\www\\agrismart_final\\public\\index.php')
CRITICAL - 2024-05-04 16:15:47 --> [Caused by] CodeIgniter\Database\Exceptions\DatabaseException: Column 'images' cannot be null
in SYSTEMPATH\Database\MySQLi\Connection.php on line 311.
 1 SYSTEMPATH\Database\BaseConnection.php(693): CodeIgniter\Database\MySQLi\Connection->execute('INSERT INTO `reports` (`title`, `date_reported`, `images`, `description`, `validity`, `user_id`) VALUES (\'agriculture\', \'\', NULL, \'damages to crops\', \'pending\', NULL)')
 2 SYSTEMPATH\Database\BaseConnection.php(607): CodeIgniter\Database\BaseConnection->simpleQuery('INSERT INTO `reports` (`title`, `date_reported`, `images`, `description`, `validity`, `user_id`) VALUES (\'agriculture\', \'\', NULL, \'damages to crops\', \'pending\', NULL)')
 3 SYSTEMPATH\Database\BaseBuilder.php(2307): CodeIgniter\Database\BaseConnection->query('INSERT INTO `reports` (`title`, `date_reported`, `images`, `description`, `validity`, `user_id`) VALUES (:title:, :date_reported:, :images:, :description:, :validity:, :user_id:)', [...], false)
 4 SYSTEMPATH\Model.php(326): CodeIgniter\Database\BaseBuilder->insert()
 5 SYSTEMPATH\BaseModel.php(802): CodeIgniter\Model->doInsert([...])
 6 SYSTEMPATH\Model.php(744): CodeIgniter\BaseModel->insert([...], false)
 7 SYSTEMPATH\BaseModel.php(713): CodeIgniter\Model->insert([...], false)
 8 APPPATH\Controllers\DashboardController.php(1927): CodeIgniter\BaseModel->save([...])
 9 SYSTEMPATH\CodeIgniter.php(941): App\Controllers\DashboardController->addnewreport()
10 SYSTEMPATH\CodeIgniter.php(502): CodeIgniter\CodeIgniter->runController(Object(App\Controllers\DashboardController))
11 SYSTEMPATH\CodeIgniter.php(361): CodeIgniter\CodeIgniter->handleRequest(null, Object(Config\Cache), false)
12 FCPATH\index.php(79): CodeIgniter\CodeIgniter->run()
13 SYSTEMPATH\Commands\Server\rewrite.php(47): require_once('D:\\laragon\\www\\agrismart_final\\public\\index.php')
CRITICAL - 2024-05-04 16:15:47 --> [Caused by] mysqli_sql_exception: Column 'images' cannot be null
in SYSTEMPATH\Database\MySQLi\Connection.php on line 306.
 1 SYSTEMPATH\Database\MySQLi\Connection.php(306): mysqli->query('INSERT INTO `reports` (`title`, `date_reported`, `images`, `description`, `validity`, `user_id`) VALUES (\'agriculture\', \'\', NULL, \'damages to crops\', \'pending\', NULL)', 0)
 2 SYSTEMPATH\Database\BaseConnection.php(693): CodeIgniter\Database\MySQLi\Connection->execute('INSERT INTO `reports` (`title`, `date_reported`, `images`, `description`, `validity`, `user_id`) VALUES (\'agriculture\', \'\', NULL, \'damages to crops\', \'pending\', NULL)')
 3 SYSTEMPATH\Database\BaseConnection.php(607): CodeIgniter\Database\BaseConnection->simpleQuery('INSERT INTO `reports` (`title`, `date_reported`, `images`, `description`, `validity`, `user_id`) VALUES (\'agriculture\', \'\', NULL, \'damages to crops\', \'pending\', NULL)')
 4 SYSTEMPATH\Database\BaseBuilder.php(2307): CodeIgniter\Database\BaseConnection->query('INSERT INTO `reports` (`title`, `date_reported`, `images`, `description`, `validity`, `user_id`) VALUES (:title:, :date_reported:, :images:, :description:, :validity:, :user_id:)', [...], false)
 5 SYSTEMPATH\Model.php(326): CodeIgniter\Database\BaseBuilder->insert()
 6 SYSTEMPATH\BaseModel.php(802): CodeIgniter\Model->doInsert([...])
 7 SYSTEMPATH\Model.php(744): CodeIgniter\BaseModel->insert([...], false)
 8 SYSTEMPATH\BaseModel.php(713): CodeIgniter\Model->insert([...], false)
 9 APPPATH\Controllers\DashboardController.php(1927): CodeIgniter\BaseModel->save([...])
10 SYSTEMPATH\CodeIgniter.php(941): App\Controllers\DashboardController->addnewreport()
11 SYSTEMPATH\CodeIgniter.php(502): CodeIgniter\CodeIgniter->runController(Object(App\Controllers\DashboardController))
12 SYSTEMPATH\CodeIgniter.php(361): CodeIgniter\CodeIgniter->handleRequest(null, Object(Config\Cache), false)
13 FCPATH\index.php(79): CodeIgniter\CodeIgniter->run()
14 SYSTEMPATH\Commands\Server\rewrite.php(47): require_once('D:\\laragon\\www\\agrismart_final\\public\\index.php')
ERROR - 2024-05-04 16:16:22 --> mysqli_sql_exception: Column 'images' cannot be null in D:\laragon\www\agrismart_final\system\Database\MySQLi\Connection.php:306
Stack trace:
#0 D:\laragon\www\agrismart_final\system\Database\MySQLi\Connection.php(306): mysqli->query('INSERT INTO `re...', 0)
#1 D:\laragon\www\agrismart_final\system\Database\BaseConnection.php(693): CodeIgniter\Database\MySQLi\Connection->execute('INSERT INTO `re...')
#2 D:\laragon\www\agrismart_final\system\Database\BaseConnection.php(607): CodeIgniter\Database\BaseConnection->simpleQuery('INSERT INTO `re...')
#3 D:\laragon\www\agrismart_final\system\Database\BaseBuilder.php(2307): CodeIgniter\Database\BaseConnection->query('INSERT INTO `re...', Array, false)
#4 D:\laragon\www\agrismart_final\system\Model.php(326): CodeIgniter\Database\BaseBuilder->insert()
#5 D:\laragon\www\agrismart_final\system\BaseModel.php(802): CodeIgniter\Model->doInsert(Array)
#6 D:\laragon\www\agrismart_final\system\Model.php(744): CodeIgniter\BaseModel->insert(Array, false)
#7 D:\laragon\www\agrismart_final\system\BaseModel.php(713): CodeIgniter\Model->insert(Array, false)
#8 D:\laragon\www\agrismart_final\app\Controllers\DashboardController.php(1927): CodeIgniter\BaseModel->save(Array)
#9 D:\laragon\www\agrismart_final\system\CodeIgniter.php(941): App\Controllers\DashboardController->addnewreport()
#10 D:\laragon\www\agrismart_final\system\CodeIgniter.php(502): CodeIgniter\CodeIgniter->runController(Object(App\Controllers\DashboardController))
#11 D:\laragon\www\agrismart_final\system\CodeIgniter.php(361): CodeIgniter\CodeIgniter->handleRequest(NULL, Object(Config\Cache), false)
#12 D:\laragon\www\agrismart_final\public\index.php(79): CodeIgniter\CodeIgniter->run()
#13 D:\laragon\www\agrismart_final\system\Commands\Server\rewrite.php(47): require_once('D:\\laragon\\www\\...')
#14 {main}
CRITICAL - 2024-05-04 16:16:22 --> CodeIgniter\Database\Exceptions\DatabaseException: Column 'images' cannot be null
in SYSTEMPATH\Database\BaseConnection.php on line 647.
 1 SYSTEMPATH\Database\BaseBuilder.php(2307): CodeIgniter\Database\BaseConnection->query('INSERT INTO `reports` (`title`, `date_reported`, `images`, `description`, `validity`, `user_id`) VALUES (:title:, :date_reported:, :images:, :description:, :validity:, :user_id:)', [...], false)
 2 SYSTEMPATH\Model.php(326): CodeIgniter\Database\BaseBuilder->insert()
 3 SYSTEMPATH\BaseModel.php(802): CodeIgniter\Model->doInsert([...])
 4 SYSTEMPATH\Model.php(744): CodeIgniter\BaseModel->insert([...], false)
 5 SYSTEMPATH\BaseModel.php(713): CodeIgniter\Model->insert([...], false)
 6 APPPATH\Controllers\DashboardController.php(1927): CodeIgniter\BaseModel->save([...])
 7 SYSTEMPATH\CodeIgniter.php(941): App\Controllers\DashboardController->addnewreport()
 8 SYSTEMPATH\CodeIgniter.php(502): CodeIgniter\CodeIgniter->runController(Object(App\Controllers\DashboardController))
 9 SYSTEMPATH\CodeIgniter.php(361): CodeIgniter\CodeIgniter->handleRequest(null, Object(Config\Cache), false)
10 FCPATH\index.php(79): CodeIgniter\CodeIgniter->run()
11 SYSTEMPATH\Commands\Server\rewrite.php(47): require_once('D:\\laragon\\www\\agrismart_final\\public\\index.php')
CRITICAL - 2024-05-04 16:16:22 --> [Caused by] CodeIgniter\Database\Exceptions\DatabaseException: Column 'images' cannot be null
in SYSTEMPATH\Database\MySQLi\Connection.php on line 311.
 1 SYSTEMPATH\Database\BaseConnection.php(693): CodeIgniter\Database\MySQLi\Connection->execute('INSERT INTO `reports` (`title`, `date_reported`, `images`, `description`, `validity`, `user_id`) VALUES (\'agriculture\', \'1324\', NULL, \'damages to crops\', \'pending\', NULL)')
 2 SYSTEMPATH\Database\BaseConnection.php(607): CodeIgniter\Database\BaseConnection->simpleQuery('INSERT INTO `reports` (`title`, `date_reported`, `images`, `description`, `validity`, `user_id`) VALUES (\'agriculture\', \'1324\', NULL, \'damages to crops\', \'pending\', NULL)')
 3 SYSTEMPATH\Database\BaseBuilder.php(2307): CodeIgniter\Database\BaseConnection->query('INSERT INTO `reports` (`title`, `date_reported`, `images`, `description`, `validity`, `user_id`) VALUES (:title:, :date_reported:, :images:, :description:, :validity:, :user_id:)', [...], false)
 4 SYSTEMPATH\Model.php(326): CodeIgniter\Database\BaseBuilder->insert()
 5 SYSTEMPATH\BaseModel.php(802): CodeIgniter\Model->doInsert([...])
 6 SYSTEMPATH\Model.php(744): CodeIgniter\BaseModel->insert([...], false)
 7 SYSTEMPATH\BaseModel.php(713): CodeIgniter\Model->insert([...], false)
 8 APPPATH\Controllers\DashboardController.php(1927): CodeIgniter\BaseModel->save([...])
 9 SYSTEMPATH\CodeIgniter.php(941): App\Controllers\DashboardController->addnewreport()
10 SYSTEMPATH\CodeIgniter.php(502): CodeIgniter\CodeIgniter->runController(Object(App\Controllers\DashboardController))
11 SYSTEMPATH\CodeIgniter.php(361): CodeIgniter\CodeIgniter->handleRequest(null, Object(Config\Cache), false)
12 FCPATH\index.php(79): CodeIgniter\CodeIgniter->run()
13 SYSTEMPATH\Commands\Server\rewrite.php(47): require_once('D:\\laragon\\www\\agrismart_final\\public\\index.php')
CRITICAL - 2024-05-04 16:16:22 --> [Caused by] mysqli_sql_exception: Column 'images' cannot be null
in SYSTEMPATH\Database\MySQLi\Connection.php on line 306.
 1 SYSTEMPATH\Database\MySQLi\Connection.php(306): mysqli->query('INSERT INTO `reports` (`title`, `date_reported`, `images`, `description`, `validity`, `user_id`) VALUES (\'agriculture\', \'1324\', NULL, \'damages to crops\', \'pending\', NULL)', 0)
 2 SYSTEMPATH\Database\BaseConnection.php(693): CodeIgniter\Database\MySQLi\Connection->execute('INSERT INTO `reports` (`title`, `date_reported`, `images`, `description`, `validity`, `user_id`) VALUES (\'agriculture\', \'1324\', NULL, \'damages to crops\', \'pending\', NULL)')
 3 SYSTEMPATH\Database\BaseConnection.php(607): CodeIgniter\Database\BaseConnection->simpleQuery('INSERT INTO `reports` (`title`, `date_reported`, `images`, `description`, `validity`, `user_id`) VALUES (\'agriculture\', \'1324\', NULL, \'damages to crops\', \'pending\', NULL)')
 4 SYSTEMPATH\Database\BaseBuilder.php(2307): CodeIgniter\Database\BaseConnection->query('INSERT INTO `reports` (`title`, `date_reported`, `images`, `description`, `validity`, `user_id`) VALUES (:title:, :date_reported:, :images:, :description:, :validity:, :user_id:)', [...], false)
 5 SYSTEMPATH\Model.php(326): CodeIgniter\Database\BaseBuilder->insert()
 6 SYSTEMPATH\BaseModel.php(802): CodeIgniter\Model->doInsert([...])
 7 SYSTEMPATH\Model.php(744): CodeIgniter\BaseModel->insert([...], false)
 8 SYSTEMPATH\BaseModel.php(713): CodeIgniter\Model->insert([...], false)
 9 APPPATH\Controllers\DashboardController.php(1927): CodeIgniter\BaseModel->save([...])
10 SYSTEMPATH\CodeIgniter.php(941): App\Controllers\DashboardController->addnewreport()
11 SYSTEMPATH\CodeIgniter.php(502): CodeIgniter\CodeIgniter->runController(Object(App\Controllers\DashboardController))
12 SYSTEMPATH\CodeIgniter.php(361): CodeIgniter\CodeIgniter->handleRequest(null, Object(Config\Cache), false)
13 FCPATH\index.php(79): CodeIgniter\CodeIgniter->run()
14 SYSTEMPATH\Commands\Server\rewrite.php(47): require_once('D:\\laragon\\www\\agrismart_final\\public\\index.php')
ERROR - 2024-05-04 16:17:32 --> mysqli_sql_exception: Column 'user_id' cannot be null in D:\laragon\www\agrismart_final\system\Database\MySQLi\Connection.php:306
Stack trace:
#0 D:\laragon\www\agrismart_final\system\Database\MySQLi\Connection.php(306): mysqli->query('INSERT INTO `tr...', 0)
#1 D:\laragon\www\agrismart_final\system\Database\BaseConnection.php(693): CodeIgniter\Database\MySQLi\Connection->execute('INSERT INTO `tr...')
#2 D:\laragon\www\agrismart_final\system\Database\BaseConnection.php(607): CodeIgniter\Database\BaseConnection->simpleQuery('INSERT INTO `tr...')
#3 D:\laragon\www\agrismart_final\system\Database\BaseBuilder.php(2307): CodeIgniter\Database\BaseConnection->query('INSERT INTO `tr...', Array, false)
#4 D:\laragon\www\agrismart_final\system\Model.php(326): CodeIgniter\Database\BaseBuilder->insert()
#5 D:\laragon\www\agrismart_final\system\BaseModel.php(802): CodeIgniter\Model->doInsert(Array)
#6 D:\laragon\www\agrismart_final\system\Model.php(744): CodeIgniter\BaseModel->insert(Array, false)
#7 D:\laragon\www\agrismart_final\system\BaseModel.php(713): CodeIgniter\Model->insert(Array, false)
#8 D:\laragon\www\agrismart_final\app\Controllers\DashboardController.php(1855): CodeIgniter\BaseModel->save(Array)
#9 D:\laragon\www\agrismart_final\system\CodeIgniter.php(941): App\Controllers\DashboardController->addnewtrivia()
#10 D:\laragon\www\agrismart_final\system\CodeIgniter.php(502): CodeIgniter\CodeIgniter->runController(Object(App\Controllers\DashboardController))
#11 D:\laragon\www\agrismart_final\system\CodeIgniter.php(361): CodeIgniter\CodeIgniter->handleRequest(NULL, Object(Config\Cache), false)
#12 D:\laragon\www\agrismart_final\public\index.php(79): CodeIgniter\CodeIgniter->run()
#13 D:\laragon\www\agrismart_final\system\Commands\Server\rewrite.php(47): require_once('D:\\laragon\\www\\...')
#14 {main}
CRITICAL - 2024-05-04 16:17:32 --> CodeIgniter\Database\Exceptions\DatabaseException: Column 'user_id' cannot be null
in SYSTEMPATH\Database\BaseConnection.php on line 647.
 1 SYSTEMPATH\Database\BaseBuilder.php(2307): CodeIgniter\Database\BaseConnection->query('INSERT INTO `trivias` (`image`, `trivia`, `user_id`) VALUES (:image:, :trivia:, :user_id:)', [...], false)
 2 SYSTEMPATH\Model.php(326): CodeIgniter\Database\BaseBuilder->insert()
 3 SYSTEMPATH\BaseModel.php(802): CodeIgniter\Model->doInsert([...])
 4 SYSTEMPATH\Model.php(744): CodeIgniter\BaseModel->insert([...], false)
 5 SYSTEMPATH\BaseModel.php(713): CodeIgniter\Model->insert([...], false)
 6 APPPATH\Controllers\DashboardController.php(1855): CodeIgniter\BaseModel->save([...])
 7 SYSTEMPATH\CodeIgniter.php(941): App\Controllers\DashboardController->addnewtrivia()
 8 SYSTEMPATH\CodeIgniter.php(502): CodeIgniter\CodeIgniter->runController(Object(App\Controllers\DashboardController))
 9 SYSTEMPATH\CodeIgniter.php(361): CodeIgniter\CodeIgniter->handleRequest(null, Object(Config\Cache), false)
10 FCPATH\index.php(79): CodeIgniter\CodeIgniter->run()
11 SYSTEMPATH\Commands\Server\rewrite.php(47): require_once('D:\\laragon\\www\\agrismart_final\\public\\index.php')
CRITICAL - 2024-05-04 16:17:32 --> [Caused by] CodeIgniter\Database\Exceptions\DatabaseException: Column 'user_id' cannot be null
in SYSTEMPATH\Database\MySQLi\Connection.php on line 311.
 1 SYSTEMPATH\Database\BaseConnection.php(693): CodeIgniter\Database\MySQLi\Connection->execute('INSERT INTO `trivias` (`image`, `trivia`, `user_id`) VALUES (\'dsfds\', \'Ang \\"precision farming\\" ay gumagamit ng mga teknolohiya tulad ng GPS at sensor upang magbigay ng eksaktong impormasyon sa mga magsasaka tungkol sa kalidad ng lupa, pangangailangan sa tubig, at mga pesteng problema, na nagpapababa ng gastos at nagpapataas sa ani.\', NULL)')
 2 SYSTEMPATH\Database\BaseConnection.php(607): CodeIgniter\Database\BaseConnection->simpleQuery('INSERT INTO `trivias` (`image`, `trivia`, `user_id`) VALUES (\'dsfds\', \'Ang \\"precision farming\\" ay gumagamit ng mga teknolohiya tulad ng GPS at sensor upang magbigay ng eksaktong impormasyon sa mga magsasaka tungkol sa kalidad ng lupa, pangangailangan sa tubig, at mga pesteng problema, na nagpapababa ng gastos at nagpapataas sa ani.\', NULL)')
 3 SYSTEMPATH\Database\BaseBuilder.php(2307): CodeIgniter\Database\BaseConnection->query('INSERT INTO `trivias` (`image`, `trivia`, `user_id`) VALUES (:image:, :trivia:, :user_id:)', [...], false)
 4 SYSTEMPATH\Model.php(326): CodeIgniter\Database\BaseBuilder->insert()
 5 SYSTEMPATH\BaseModel.php(802): CodeIgniter\Model->doInsert([...])
 6 SYSTEMPATH\Model.php(744): CodeIgniter\BaseModel->insert([...], false)
 7 SYSTEMPATH\BaseModel.php(713): CodeIgniter\Model->insert([...], false)
 8 APPPATH\Controllers\DashboardController.php(1855): CodeIgniter\BaseModel->save([...])
 9 SYSTEMPATH\CodeIgniter.php(941): App\Controllers\DashboardController->addnewtrivia()
10 SYSTEMPATH\CodeIgniter.php(502): CodeIgniter\CodeIgniter->runController(Object(App\Controllers\DashboardController))
11 SYSTEMPATH\CodeIgniter.php(361): CodeIgniter\CodeIgniter->handleRequest(null, Object(Config\Cache), false)
12 FCPATH\index.php(79): CodeIgniter\CodeIgniter->run()
13 SYSTEMPATH\Commands\Server\rewrite.php(47): require_once('D:\\laragon\\www\\agrismart_final\\public\\index.php')
CRITICAL - 2024-05-04 16:17:32 --> [Caused by] mysqli_sql_exception: Column 'user_id' cannot be null
in SYSTEMPATH\Database\MySQLi\Connection.php on line 306.
 1 SYSTEMPATH\Database\MySQLi\Connection.php(306): mysqli->query('INSERT INTO `trivias` (`image`, `trivia`, `user_id`) VALUES (\'dsfds\', \'Ang \\"precision farming\\" ay gumagamit ng mga teknolohiya tulad ng GPS at sensor upang magbigay ng eksaktong impormasyon sa mga magsasaka tungkol sa kalidad ng lupa, pangangailangan sa tubig, at mga pesteng problema, na nagpapababa ng gastos at nagpapataas sa ani.\', NULL)', 0)
 2 SYSTEMPATH\Database\BaseConnection.php(693): CodeIgniter\Database\MySQLi\Connection->execute('INSERT INTO `trivias` (`image`, `trivia`, `user_id`) VALUES (\'dsfds\', \'Ang \\"precision farming\\" ay gumagamit ng mga teknolohiya tulad ng GPS at sensor upang magbigay ng eksaktong impormasyon sa mga magsasaka tungkol sa kalidad ng lupa, pangangailangan sa tubig, at mga pesteng problema, na nagpapababa ng gastos at nagpapataas sa ani.\', NULL)')
 3 SYSTEMPATH\Database\BaseConnection.php(607): CodeIgniter\Database\BaseConnection->simpleQuery('INSERT INTO `trivias` (`image`, `trivia`, `user_id`) VALUES (\'dsfds\', \'Ang \\"precision farming\\" ay gumagamit ng mga teknolohiya tulad ng GPS at sensor upang magbigay ng eksaktong impormasyon sa mga magsasaka tungkol sa kalidad ng lupa, pangangailangan sa tubig, at mga pesteng problema, na nagpapababa ng gastos at nagpapataas sa ani.\', NULL)')
 4 SYSTEMPATH\Database\BaseBuilder.php(2307): CodeIgniter\Database\BaseConnection->query('INSERT INTO `trivias` (`image`, `trivia`, `user_id`) VALUES (:image:, :trivia:, :user_id:)', [...], false)
 5 SYSTEMPATH\Model.php(326): CodeIgniter\Database\BaseBuilder->insert()
 6 SYSTEMPATH\BaseModel.php(802): CodeIgniter\Model->doInsert([...])
 7 SYSTEMPATH\Model.php(744): CodeIgniter\BaseModel->insert([...], false)
 8 SYSTEMPATH\BaseModel.php(713): CodeIgniter\Model->insert([...], false)
 9 APPPATH\Controllers\DashboardController.php(1855): CodeIgniter\BaseModel->save([...])
10 SYSTEMPATH\CodeIgniter.php(941): App\Controllers\DashboardController->addnewtrivia()
11 SYSTEMPATH\CodeIgniter.php(502): CodeIgniter\CodeIgniter->runController(Object(App\Controllers\DashboardController))
12 SYSTEMPATH\CodeIgniter.php(361): CodeIgniter\CodeIgniter->handleRequest(null, Object(Config\Cache), false)
13 FCPATH\index.php(79): CodeIgniter\CodeIgniter->run()
14 SYSTEMPATH\Commands\Server\rewrite.php(47): require_once('D:\\laragon\\www\\agrismart_final\\public\\index.php')
ERROR - 2024-05-04 16:32:38 --> mysqli_sql_exception: Unknown column 'farmer_name' in 'where clause' in D:\laragon\www\agrismart_final\system\Database\MySQLi\Connection.php:306
Stack trace:
#0 D:\laragon\www\agrismart_final\system\Database\MySQLi\Connection.php(306): mysqli->query('SELECT *\nFROM `...', 0)
#1 D:\laragon\www\agrismart_final\system\Database\BaseConnection.php(693): CodeIgniter\Database\MySQLi\Connection->execute('SELECT *\nFROM `...')
#2 D:\laragon\www\agrismart_final\system\Database\BaseConnection.php(607): CodeIgniter\Database\BaseConnection->simpleQuery('SELECT *\nFROM `...')
#3 D:\laragon\www\agrismart_final\system\Database\BaseBuilder.php(1616): CodeIgniter\Database\BaseConnection->query('SELECT *\nFROM `...', Array, false)
#4 D:\laragon\www\agrismart_final\system\Model.php(242): CodeIgniter\Database\BaseBuilder->get()
#5 D:\laragon\www\agrismart_final\system\BaseModel.php(638): CodeIgniter\Model->doFindAll(0, 0)
#6 D:\laragon\www\agrismart_final\app\Controllers\DashboardController.php(1090): CodeIgniter\BaseModel->findAll()
#7 D:\laragon\www\agrismart_final\system\CodeIgniter.php(941): App\Controllers\DashboardController->searchTrivia()
#8 D:\laragon\www\agrismart_final\system\CodeIgniter.php(502): CodeIgniter\CodeIgniter->runController(Object(App\Controllers\DashboardController))
#9 D:\laragon\www\agrismart_final\system\CodeIgniter.php(361): CodeIgniter\CodeIgniter->handleRequest(NULL, Object(Config\Cache), false)
#10 D:\laragon\www\agrismart_final\public\index.php(79): CodeIgniter\CodeIgniter->run()
#11 D:\laragon\www\agrismart_final\system\Commands\Server\rewrite.php(47): require_once('D:\\laragon\\www\\...')
#12 {main}
CRITICAL - 2024-05-04 16:32:38 --> CodeIgniter\Database\Exceptions\DatabaseException: Unknown column 'farmer_name' in 'where clause'
in SYSTEMPATH\Database\BaseConnection.php on line 647.
 1 SYSTEMPATH\Database\BaseBuilder.php(1616): CodeIgniter\Database\BaseConnection->query('SELECT *
FROM `trivias`
WHERE `farmer_name` LIKE :farmer_name: ESCAPE \'!\'
AND `user_id` IS NULL', [...], false)
 2 SYSTEMPATH\Model.php(242): CodeIgniter\Database\BaseBuilder->get()
 3 SYSTEMPATH\BaseModel.php(638): CodeIgniter\Model->doFindAll(0, 0)
 4 APPPATH\Controllers\DashboardController.php(1090): CodeIgniter\BaseModel->findAll()
 5 SYSTEMPATH\CodeIgniter.php(941): App\Controllers\DashboardController->searchTrivia()
 6 SYSTEMPATH\CodeIgniter.php(502): CodeIgniter\CodeIgniter->runController(Object(App\Controllers\DashboardController))
 7 SYSTEMPATH\CodeIgniter.php(361): CodeIgniter\CodeIgniter->handleRequest(null, Object(Config\Cache), false)
 8 FCPATH\index.php(79): CodeIgniter\CodeIgniter->run()
 9 SYSTEMPATH\Commands\Server\rewrite.php(47): require_once('D:\\laragon\\www\\agrismart_final\\public\\index.php')
CRITICAL - 2024-05-04 16:32:38 --> [Caused by] CodeIgniter\Database\Exceptions\DatabaseException: Unknown column 'farmer_name' in 'where clause'
in SYSTEMPATH\Database\MySQLi\Connection.php on line 311.
 1 SYSTEMPATH\Database\BaseConnection.php(693): CodeIgniter\Database\MySQLi\Connection->execute('SELECT *
FROM `trivias`
WHERE `farmer_name` LIKE \'%farming%\' ESCAPE \'!\'
AND `user_id` IS NULL')
 2 SYSTEMPATH\Database\BaseConnection.php(607): CodeIgniter\Database\BaseConnection->simpleQuery('SELECT *
FROM `trivias`
WHERE `farmer_name` LIKE \'%farming%\' ESCAPE \'!\'
AND `user_id` IS NULL')
 3 SYSTEMPATH\Database\BaseBuilder.php(1616): CodeIgniter\Database\BaseConnection->query('SELECT *
FROM `trivias`
WHERE `farmer_name` LIKE :farmer_name: ESCAPE \'!\'
AND `user_id` IS NULL', [...], false)
 4 SYSTEMPATH\Model.php(242): CodeIgniter\Database\BaseBuilder->get()
 5 SYSTEMPATH\BaseModel.php(638): CodeIgniter\Model->doFindAll(0, 0)
 6 APPPATH\Controllers\DashboardController.php(1090): CodeIgniter\BaseModel->findAll()
 7 SYSTEMPATH\CodeIgniter.php(941): App\Controllers\DashboardController->searchTrivia()
 8 SYSTEMPATH\CodeIgniter.php(502): CodeIgniter\CodeIgniter->runController(Object(App\Controllers\DashboardController))
 9 SYSTEMPATH\CodeIgniter.php(361): CodeIgniter\CodeIgniter->handleRequest(null, Object(Config\Cache), false)
10 FCPATH\index.php(79): CodeIgniter\CodeIgniter->run()
11 SYSTEMPATH\Commands\Server\rewrite.php(47): require_once('D:\\laragon\\www\\agrismart_final\\public\\index.php')
CRITICAL - 2024-05-04 16:32:38 --> [Caused by] mysqli_sql_exception: Unknown column 'farmer_name' in 'where clause'
in SYSTEMPATH\Database\MySQLi\Connection.php on line 306.
 1 SYSTEMPATH\Database\MySQLi\Connection.php(306): mysqli->query('SELECT *
FROM `trivias`
WHERE `farmer_name` LIKE \'%farming%\' ESCAPE \'!\'
AND `user_id` IS NULL', 0)
 2 SYSTEMPATH\Database\BaseConnection.php(693): CodeIgniter\Database\MySQLi\Connection->execute('SELECT *
FROM `trivias`
WHERE `farmer_name` LIKE \'%farming%\' ESCAPE \'!\'
AND `user_id` IS NULL')
 3 SYSTEMPATH\Database\BaseConnection.php(607): CodeIgniter\Database\BaseConnection->simpleQuery('SELECT *
FROM `trivias`
WHERE `farmer_name` LIKE \'%farming%\' ESCAPE \'!\'
AND `user_id` IS NULL')
 4 SYSTEMPATH\Database\BaseBuilder.php(1616): CodeIgniter\Database\BaseConnection->query('SELECT *
FROM `trivias`
WHERE `farmer_name` LIKE :farmer_name: ESCAPE \'!\'
AND `user_id` IS NULL', [...], false)
 5 SYSTEMPATH\Model.php(242): CodeIgniter\Database\BaseBuilder->get()
 6 SYSTEMPATH\BaseModel.php(638): CodeIgniter\Model->doFindAll(0, 0)
 7 APPPATH\Controllers\DashboardController.php(1090): CodeIgniter\BaseModel->findAll()
 8 SYSTEMPATH\CodeIgniter.php(941): App\Controllers\DashboardController->searchTrivia()
 9 SYSTEMPATH\CodeIgniter.php(502): CodeIgniter\CodeIgniter->runController(Object(App\Controllers\DashboardController))
10 SYSTEMPATH\CodeIgniter.php(361): CodeIgniter\CodeIgniter->handleRequest(null, Object(Config\Cache), false)
11 FCPATH\index.php(79): CodeIgniter\CodeIgniter->run()
12 SYSTEMPATH\Commands\Server\rewrite.php(47): require_once('D:\\laragon\\www\\agrismart_final\\public\\index.php')
