CRITICAL - 2024-04-07 06:16:42 --> ErrorException: Undefined variable $profiles
in APPPATH\Views\landing_page_inc\farmerstats.php on line 148.
 1 APPPATH\Views\landing_page_inc\farmerstats.php(148): CodeIgniter\Debug\Exceptions->errorHandler(2, 'Undefined variable $profiles', 'C:\\laragon\\www\\final_agrismart\\app\\Views\\landing_page_inc\\farmerstats.php', 148)
 2 SYSTEMPATH\View\View.php(228): include('C:\\laragon\\www\\final_agrismart\\app\\Views\\landing_page_inc\\farmerstats.php')
 3 SYSTEMPATH\View\View.php(231): CodeIgniter\View\View->CodeIgniter\View\{closure}()
 4 SYSTEMPATH\Common.php(1178): CodeIgniter\View\View->render('landing_page_inc/farmerstats', [], true)
 5 APPPATH\Controllers\LoginController.php(352): view('landing_page_inc/farmerstats')
 6 SYSTEMPATH\CodeIgniter.php(941): App\Controllers\LoginController->farmerstats()
 7 SYSTEMPATH\CodeIgniter.php(502): CodeIgniter\CodeIgniter->runController(Object(App\Controllers\LoginController))
 8 SYSTEMPATH\CodeIgniter.php(361): CodeIgniter\CodeIgniter->handleRequest(null, Object(Config\Cache), false)
 9 FCPATH\index.php(79): CodeIgniter\CodeIgniter->run()
10 SYSTEMPATH\Commands\Server\rewrite.php(47): require_once('C:\\laragon\\www\\final_agrismart\\public\\index.php')
CRITICAL - 2024-04-07 07:57:50 --> ErrorException: Undefined variable $profiles
in APPPATH\Views\landing_page_inc\farmerstats.php on line 147.
 1 APPPATH\Views\landing_page_inc\farmerstats.php(147): CodeIgniter\Debug\Exceptions->errorHandler(2, 'Undefined variable $profiles', 'C:\\laragon\\www\\final_agrismart\\app\\Views\\landing_page_inc\\farmerstats.php', 147)
 2 SYSTEMPATH\View\View.php(228): include('C:\\laragon\\www\\final_agrismart\\app\\Views\\landing_page_inc\\farmerstats.php')
 3 SYSTEMPATH\View\View.php(231): CodeIgniter\View\View->CodeIgniter\View\{closure}()
 4 SYSTEMPATH\Common.php(1178): CodeIgniter\View\View->render('landing_page_inc/farmerstats', [], true)
 5 APPPATH\Controllers\LoginController.php(352): view('landing_page_inc/farmerstats')
 6 SYSTEMPATH\CodeIgniter.php(941): App\Controllers\LoginController->farmerstats()
 7 SYSTEMPATH\CodeIgniter.php(502): CodeIgniter\CodeIgniter->runController(Object(App\Controllers\LoginController))
 8 SYSTEMPATH\CodeIgniter.php(361): CodeIgniter\CodeIgniter->handleRequest(null, Object(Config\Cache), false)
 9 FCPATH\index.php(79): CodeIgniter\CodeIgniter->run()
10 SYSTEMPATH\Commands\Server\rewrite.php(47): require_once('C:\\laragon\\www\\final_agrismart\\public\\index.php')
CRITICAL - 2024-04-07 07:57:52 --> ErrorException: Undefined variable $profiles
in APPPATH\Views\landing_page_inc\farmerstats.php on line 147.
 1 APPPATH\Views\landing_page_inc\farmerstats.php(147): CodeIgniter\Debug\Exceptions->errorHandler(2, 'Undefined variable $profiles', 'C:\\laragon\\www\\final_agrismart\\app\\Views\\landing_page_inc\\farmerstats.php', 147)
 2 SYSTEMPATH\View\View.php(228): include('C:\\laragon\\www\\final_agrismart\\app\\Views\\landing_page_inc\\farmerstats.php')
 3 SYSTEMPATH\View\View.php(231): CodeIgniter\View\View->CodeIgniter\View\{closure}()
 4 SYSTEMPATH\Common.php(1178): CodeIgniter\View\View->render('landing_page_inc/farmerstats', [], true)
 5 APPPATH\Controllers\LoginController.php(352): view('landing_page_inc/farmerstats')
 6 SYSTEMPATH\CodeIgniter.php(941): App\Controllers\LoginController->farmerstats()
 7 SYSTEMPATH\CodeIgniter.php(502): CodeIgniter\CodeIgniter->runController(Object(App\Controllers\LoginController))
 8 SYSTEMPATH\CodeIgniter.php(361): CodeIgniter\CodeIgniter->handleRequest(null, Object(Config\Cache), false)
 9 FCPATH\index.php(79): CodeIgniter\CodeIgniter->run()
10 SYSTEMPATH\Commands\Server\rewrite.php(47): require_once('C:\\laragon\\www\\final_agrismart\\public\\index.php')
CRITICAL - 2024-04-07 07:57:53 --> ErrorException: Undefined variable $profiles
in APPPATH\Views\landing_page_inc\farmerstats.php on line 147.
 1 APPPATH\Views\landing_page_inc\farmerstats.php(147): CodeIgniter\Debug\Exceptions->errorHandler(2, 'Undefined variable $profiles', 'C:\\laragon\\www\\final_agrismart\\app\\Views\\landing_page_inc\\farmerstats.php', 147)
 2 SYSTEMPATH\View\View.php(228): include('C:\\laragon\\www\\final_agrismart\\app\\Views\\landing_page_inc\\farmerstats.php')
 3 SYSTEMPATH\View\View.php(231): CodeIgniter\View\View->CodeIgniter\View\{closure}()
 4 SYSTEMPATH\Common.php(1178): CodeIgniter\View\View->render('landing_page_inc/farmerstats', [], true)
 5 APPPATH\Controllers\LoginController.php(352): view('landing_page_inc/farmerstats')
 6 SYSTEMPATH\CodeIgniter.php(941): App\Controllers\LoginController->farmerstats()
 7 SYSTEMPATH\CodeIgniter.php(502): CodeIgniter\CodeIgniter->runController(Object(App\Controllers\LoginController))
 8 SYSTEMPATH\CodeIgniter.php(361): CodeIgniter\CodeIgniter->handleRequest(null, Object(Config\Cache), false)
 9 FCPATH\index.php(79): CodeIgniter\CodeIgniter->run()
10 SYSTEMPATH\Commands\Server\rewrite.php(47): require_once('C:\\laragon\\www\\final_agrismart\\public\\index.php')
CRITICAL - 2024-04-07 07:57:54 --> ErrorException: Undefined variable $profiles
in APPPATH\Views\landing_page_inc\farmerstats.php on line 147.
 1 APPPATH\Views\landing_page_inc\farmerstats.php(147): CodeIgniter\Debug\Exceptions->errorHandler(2, 'Undefined variable $profiles', 'C:\\laragon\\www\\final_agrismart\\app\\Views\\landing_page_inc\\farmerstats.php', 147)
 2 SYSTEMPATH\View\View.php(228): include('C:\\laragon\\www\\final_agrismart\\app\\Views\\landing_page_inc\\farmerstats.php')
 3 SYSTEMPATH\View\View.php(231): CodeIgniter\View\View->CodeIgniter\View\{closure}()
 4 SYSTEMPATH\Common.php(1178): CodeIgniter\View\View->render('landing_page_inc/farmerstats', [], true)
 5 APPPATH\Controllers\LoginController.php(352): view('landing_page_inc/farmerstats')
 6 SYSTEMPATH\CodeIgniter.php(941): App\Controllers\LoginController->farmerstats()
 7 SYSTEMPATH\CodeIgniter.php(502): CodeIgniter\CodeIgniter->runController(Object(App\Controllers\LoginController))
 8 SYSTEMPATH\CodeIgniter.php(361): CodeIgniter\CodeIgniter->handleRequest(null, Object(Config\Cache), false)
 9 FCPATH\index.php(79): CodeIgniter\CodeIgniter->run()
10 SYSTEMPATH\Commands\Server\rewrite.php(47): require_once('C:\\laragon\\www\\final_agrismart\\public\\index.php')
CRITICAL - 2024-04-07 07:57:54 --> ErrorException: Undefined variable $profiles
in APPPATH\Views\landing_page_inc\farmerstats.php on line 147.
 1 APPPATH\Views\landing_page_inc\farmerstats.php(147): CodeIgniter\Debug\Exceptions->errorHandler(2, 'Undefined variable $profiles', 'C:\\laragon\\www\\final_agrismart\\app\\Views\\landing_page_inc\\farmerstats.php', 147)
 2 SYSTEMPATH\View\View.php(228): include('C:\\laragon\\www\\final_agrismart\\app\\Views\\landing_page_inc\\farmerstats.php')
 3 SYSTEMPATH\View\View.php(231): CodeIgniter\View\View->CodeIgniter\View\{closure}()
 4 SYSTEMPATH\Common.php(1178): CodeIgniter\View\View->render('landing_page_inc/farmerstats', [], true)
 5 APPPATH\Controllers\LoginController.php(352): view('landing_page_inc/farmerstats')
 6 SYSTEMPATH\CodeIgniter.php(941): App\Controllers\LoginController->farmerstats()
 7 SYSTEMPATH\CodeIgniter.php(502): CodeIgniter\CodeIgniter->runController(Object(App\Controllers\LoginController))
 8 SYSTEMPATH\CodeIgniter.php(361): CodeIgniter\CodeIgniter->handleRequest(null, Object(Config\Cache), false)
 9 FCPATH\index.php(79): CodeIgniter\CodeIgniter->run()
10 SYSTEMPATH\Commands\Server\rewrite.php(47): require_once('C:\\laragon\\www\\final_agrismart\\public\\index.php')
CRITICAL - 2024-04-07 07:57:55 --> ErrorException: Undefined variable $profiles
in APPPATH\Views\landing_page_inc\farmerstats.php on line 147.
 1 APPPATH\Views\landing_page_inc\farmerstats.php(147): CodeIgniter\Debug\Exceptions->errorHandler(2, 'Undefined variable $profiles', 'C:\\laragon\\www\\final_agrismart\\app\\Views\\landing_page_inc\\farmerstats.php', 147)
 2 SYSTEMPATH\View\View.php(228): include('C:\\laragon\\www\\final_agrismart\\app\\Views\\landing_page_inc\\farmerstats.php')
 3 SYSTEMPATH\View\View.php(231): CodeIgniter\View\View->CodeIgniter\View\{closure}()
 4 SYSTEMPATH\Common.php(1178): CodeIgniter\View\View->render('landing_page_inc/farmerstats', [], true)
 5 APPPATH\Controllers\LoginController.php(352): view('landing_page_inc/farmerstats')
 6 SYSTEMPATH\CodeIgniter.php(941): App\Controllers\LoginController->farmerstats()
 7 SYSTEMPATH\CodeIgniter.php(502): CodeIgniter\CodeIgniter->runController(Object(App\Controllers\LoginController))
 8 SYSTEMPATH\CodeIgniter.php(361): CodeIgniter\CodeIgniter->handleRequest(null, Object(Config\Cache), false)
 9 FCPATH\index.php(79): CodeIgniter\CodeIgniter->run()
10 SYSTEMPATH\Commands\Server\rewrite.php(47): require_once('C:\\laragon\\www\\final_agrismart\\public\\index.php')
CRITICAL - 2024-04-07 07:57:55 --> ErrorException: Undefined variable $profiles
in APPPATH\Views\landing_page_inc\farmerstats.php on line 147.
 1 APPPATH\Views\landing_page_inc\farmerstats.php(147): CodeIgniter\Debug\Exceptions->errorHandler(2, 'Undefined variable $profiles', 'C:\\laragon\\www\\final_agrismart\\app\\Views\\landing_page_inc\\farmerstats.php', 147)
 2 SYSTEMPATH\View\View.php(228): include('C:\\laragon\\www\\final_agrismart\\app\\Views\\landing_page_inc\\farmerstats.php')
 3 SYSTEMPATH\View\View.php(231): CodeIgniter\View\View->CodeIgniter\View\{closure}()
 4 SYSTEMPATH\Common.php(1178): CodeIgniter\View\View->render('landing_page_inc/farmerstats', [], true)
 5 APPPATH\Controllers\LoginController.php(352): view('landing_page_inc/farmerstats')
 6 SYSTEMPATH\CodeIgniter.php(941): App\Controllers\LoginController->farmerstats()
 7 SYSTEMPATH\CodeIgniter.php(502): CodeIgniter\CodeIgniter->runController(Object(App\Controllers\LoginController))
 8 SYSTEMPATH\CodeIgniter.php(361): CodeIgniter\CodeIgniter->handleRequest(null, Object(Config\Cache), false)
 9 FCPATH\index.php(79): CodeIgniter\CodeIgniter->run()
10 SYSTEMPATH\Commands\Server\rewrite.php(47): require_once('C:\\laragon\\www\\final_agrismart\\public\\index.php')
CRITICAL - 2024-04-07 07:58:07 --> ErrorException: Undefined variable $profiles
in APPPATH\Views\landing_page_inc\farmerstats.php on line 147.
 1 APPPATH\Views\landing_page_inc\farmerstats.php(147): CodeIgniter\Debug\Exceptions->errorHandler(2, 'Undefined variable $profiles', 'C:\\laragon\\www\\final_agrismart\\app\\Views\\landing_page_inc\\farmerstats.php', 147)
 2 SYSTEMPATH\View\View.php(228): include('C:\\laragon\\www\\final_agrismart\\app\\Views\\landing_page_inc\\farmerstats.php')
 3 SYSTEMPATH\View\View.php(231): CodeIgniter\View\View->CodeIgniter\View\{closure}()
 4 SYSTEMPATH\Common.php(1178): CodeIgniter\View\View->render('landing_page_inc/farmerstats', [], true)
 5 APPPATH\Controllers\LoginController.php(352): view('landing_page_inc/farmerstats')
 6 SYSTEMPATH\CodeIgniter.php(941): App\Controllers\LoginController->farmerstats()
 7 SYSTEMPATH\CodeIgniter.php(502): CodeIgniter\CodeIgniter->runController(Object(App\Controllers\LoginController))
 8 SYSTEMPATH\CodeIgniter.php(361): CodeIgniter\CodeIgniter->handleRequest(null, Object(Config\Cache), false)
 9 FCPATH\index.php(79): CodeIgniter\CodeIgniter->run()
10 SYSTEMPATH\Commands\Server\rewrite.php(47): require_once('C:\\laragon\\www\\final_agrismart\\public\\index.php')
CRITICAL - 2024-04-07 07:58:54 --> ErrorException: Undefined variable $profiles
in APPPATH\Views\landing_page_inc\farmerstats.php on line 147.
 1 APPPATH\Views\landing_page_inc\farmerstats.php(147): CodeIgniter\Debug\Exceptions->errorHandler(2, 'Undefined variable $profiles', 'C:\\laragon\\www\\final_agrismart\\app\\Views\\landing_page_inc\\farmerstats.php', 147)
 2 SYSTEMPATH\View\View.php(228): include('C:\\laragon\\www\\final_agrismart\\app\\Views\\landing_page_inc\\farmerstats.php')
 3 SYSTEMPATH\View\View.php(231): CodeIgniter\View\View->CodeIgniter\View\{closure}()
 4 SYSTEMPATH\Common.php(1178): CodeIgniter\View\View->render('landing_page_inc/farmerstats', [], true)
 5 APPPATH\Controllers\LoginController.php(352): view('landing_page_inc/farmerstats')
 6 SYSTEMPATH\CodeIgniter.php(941): App\Controllers\LoginController->farmerstats()
 7 SYSTEMPATH\CodeIgniter.php(502): CodeIgniter\CodeIgniter->runController(Object(App\Controllers\LoginController))
 8 SYSTEMPATH\CodeIgniter.php(361): CodeIgniter\CodeIgniter->handleRequest(null, Object(Config\Cache), false)
 9 FCPATH\index.php(79): CodeIgniter\CodeIgniter->run()
10 SYSTEMPATH\Commands\Server\rewrite.php(47): require_once('C:\\laragon\\www\\final_agrismart\\public\\index.php')
CRITICAL - 2024-04-07 07:58:57 --> ErrorException: Undefined variable $profiles
in APPPATH\Views\landing_page_inc\farmerstats.php on line 147.
 1 APPPATH\Views\landing_page_inc\farmerstats.php(147): CodeIgniter\Debug\Exceptions->errorHandler(2, 'Undefined variable $profiles', 'C:\\laragon\\www\\final_agrismart\\app\\Views\\landing_page_inc\\farmerstats.php', 147)
 2 SYSTEMPATH\View\View.php(228): include('C:\\laragon\\www\\final_agrismart\\app\\Views\\landing_page_inc\\farmerstats.php')
 3 SYSTEMPATH\View\View.php(231): CodeIgniter\View\View->CodeIgniter\View\{closure}()
 4 SYSTEMPATH\Common.php(1178): CodeIgniter\View\View->render('landing_page_inc/farmerstats', [], true)
 5 APPPATH\Controllers\LoginController.php(352): view('landing_page_inc/farmerstats')
 6 SYSTEMPATH\CodeIgniter.php(941): App\Controllers\LoginController->farmerstats()
 7 SYSTEMPATH\CodeIgniter.php(502): CodeIgniter\CodeIgniter->runController(Object(App\Controllers\LoginController))
 8 SYSTEMPATH\CodeIgniter.php(361): CodeIgniter\CodeIgniter->handleRequest(null, Object(Config\Cache), false)
 9 FCPATH\index.php(79): CodeIgniter\CodeIgniter->run()
10 SYSTEMPATH\Commands\Server\rewrite.php(47): require_once('C:\\laragon\\www\\final_agrismart\\public\\index.php')
CRITICAL - 2024-04-07 08:00:18 --> ErrorException: Undefined variable $profiles
in APPPATH\Views\landing_page_inc\farmerstats.php on line 147.
 1 APPPATH\Views\landing_page_inc\farmerstats.php(147): CodeIgniter\Debug\Exceptions->errorHandler(2, 'Undefined variable $profiles', 'C:\\laragon\\www\\final_agrismart\\app\\Views\\landing_page_inc\\farmerstats.php', 147)
 2 SYSTEMPATH\View\View.php(228): include('C:\\laragon\\www\\final_agrismart\\app\\Views\\landing_page_inc\\farmerstats.php')
 3 SYSTEMPATH\View\View.php(231): CodeIgniter\View\View->CodeIgniter\View\{closure}()
 4 SYSTEMPATH\Common.php(1178): CodeIgniter\View\View->render('landing_page_inc/farmerstats', [], true)
 5 APPPATH\Controllers\LoginController.php(352): view('landing_page_inc/farmerstats')
 6 SYSTEMPATH\CodeIgniter.php(941): App\Controllers\LoginController->farmerstats()
 7 SYSTEMPATH\CodeIgniter.php(502): CodeIgniter\CodeIgniter->runController(Object(App\Controllers\LoginController))
 8 SYSTEMPATH\CodeIgniter.php(361): CodeIgniter\CodeIgniter->handleRequest(null, Object(Config\Cache), false)
 9 FCPATH\index.php(79): CodeIgniter\CodeIgniter->run()
10 SYSTEMPATH\Commands\Server\rewrite.php(47): require_once('C:\\laragon\\www\\final_agrismart\\public\\index.php')
CRITICAL - 2024-04-07 08:00:29 --> ErrorException: Undefined variable $profiles
in APPPATH\Views\landing_page_inc\farmerstats.php on line 147.
 1 APPPATH\Views\landing_page_inc\farmerstats.php(147): CodeIgniter\Debug\Exceptions->errorHandler(2, 'Undefined variable $profiles', 'C:\\laragon\\www\\final_agrismart\\app\\Views\\landing_page_inc\\farmerstats.php', 147)
 2 SYSTEMPATH\View\View.php(228): include('C:\\laragon\\www\\final_agrismart\\app\\Views\\landing_page_inc\\farmerstats.php')
 3 SYSTEMPATH\View\View.php(231): CodeIgniter\View\View->CodeIgniter\View\{closure}()
 4 SYSTEMPATH\Common.php(1178): CodeIgniter\View\View->render('landing_page_inc/farmerstats', [], true)
 5 APPPATH\Controllers\LoginController.php(352): view('landing_page_inc/farmerstats')
 6 SYSTEMPATH\CodeIgniter.php(941): App\Controllers\LoginController->farmerstats()
 7 SYSTEMPATH\CodeIgniter.php(502): CodeIgniter\CodeIgniter->runController(Object(App\Controllers\LoginController))
 8 SYSTEMPATH\CodeIgniter.php(361): CodeIgniter\CodeIgniter->handleRequest(null, Object(Config\Cache), false)
 9 FCPATH\index.php(79): CodeIgniter\CodeIgniter->run()
10 SYSTEMPATH\Commands\Server\rewrite.php(47): require_once('C:\\laragon\\www\\final_agrismart\\public\\index.php')
CRITICAL - 2024-04-07 08:01:14 --> ErrorException: Undefined variable $profiles
in APPPATH\Views\landing_page_inc\farmerstats.php on line 147.
 1 APPPATH\Views\landing_page_inc\farmerstats.php(147): CodeIgniter\Debug\Exceptions->errorHandler(2, 'Undefined variable $profiles', 'C:\\laragon\\www\\final_agrismart\\app\\Views\\landing_page_inc\\farmerstats.php', 147)
 2 SYSTEMPATH\View\View.php(228): include('C:\\laragon\\www\\final_agrismart\\app\\Views\\landing_page_inc\\farmerstats.php')
 3 SYSTEMPATH\View\View.php(231): CodeIgniter\View\View->CodeIgniter\View\{closure}()
 4 SYSTEMPATH\Common.php(1178): CodeIgniter\View\View->render('landing_page_inc/farmerstats', [], true)
 5 APPPATH\Controllers\LoginController.php(352): view('landing_page_inc/farmerstats')
 6 SYSTEMPATH\CodeIgniter.php(941): App\Controllers\LoginController->farmerstats()
 7 SYSTEMPATH\CodeIgniter.php(502): CodeIgniter\CodeIgniter->runController(Object(App\Controllers\LoginController))
 8 SYSTEMPATH\CodeIgniter.php(361): CodeIgniter\CodeIgniter->handleRequest(null, Object(Config\Cache), false)
 9 FCPATH\index.php(79): CodeIgniter\CodeIgniter->run()
10 SYSTEMPATH\Commands\Server\rewrite.php(47): require_once('C:\\laragon\\www\\final_agrismart\\public\\index.php')
CRITICAL - 2024-04-07 08:02:33 --> ErrorException: Undefined variable $field
in APPPATH\Views\landing_page_inc\farmerstats.php on line 179.
 1 APPPATH\Views\landing_page_inc\farmerstats.php(179): CodeIgniter\Debug\Exceptions->errorHandler(2, 'Undefined variable $field', 'C:\\laragon\\www\\final_agrismart\\app\\Views\\landing_page_inc\\farmerstats.php', 179)
 2 SYSTEMPATH\View\View.php(228): include('C:\\laragon\\www\\final_agrismart\\app\\Views\\landing_page_inc\\farmerstats.php')
 3 SYSTEMPATH\View\View.php(231): CodeIgniter\View\View->CodeIgniter\View\{closure}()
 4 SYSTEMPATH\Common.php(1178): CodeIgniter\View\View->render('landing_page_inc/farmerstats', [], true)
 5 APPPATH\Controllers\LoginController.php(368): view('landing_page_inc/farmerstats', [...])
 6 SYSTEMPATH\CodeIgniter.php(941): App\Controllers\LoginController->farmerstats()
 7 SYSTEMPATH\CodeIgniter.php(502): CodeIgniter\CodeIgniter->runController(Object(App\Controllers\LoginController))
 8 SYSTEMPATH\CodeIgniter.php(361): CodeIgniter\CodeIgniter->handleRequest(null, Object(Config\Cache), false)
 9 FCPATH\index.php(79): CodeIgniter\CodeIgniter->run()
10 SYSTEMPATH\Commands\Server\rewrite.php(47): require_once('C:\\laragon\\www\\final_agrismart\\public\\index.php')
CRITICAL - 2024-04-07 08:02:35 --> ErrorException: Undefined variable $field
in APPPATH\Views\landing_page_inc\farmerstats.php on line 179.
 1 APPPATH\Views\landing_page_inc\farmerstats.php(179): CodeIgniter\Debug\Exceptions->errorHandler(2, 'Undefined variable $field', 'C:\\laragon\\www\\final_agrismart\\app\\Views\\landing_page_inc\\farmerstats.php', 179)
 2 SYSTEMPATH\View\View.php(228): include('C:\\laragon\\www\\final_agrismart\\app\\Views\\landing_page_inc\\farmerstats.php')
 3 SYSTEMPATH\View\View.php(231): CodeIgniter\View\View->CodeIgniter\View\{closure}()
 4 SYSTEMPATH\Common.php(1178): CodeIgniter\View\View->render('landing_page_inc/farmerstats', [], true)
 5 APPPATH\Controllers\LoginController.php(368): view('landing_page_inc/farmerstats', [...])
 6 SYSTEMPATH\CodeIgniter.php(941): App\Controllers\LoginController->farmerstats()
 7 SYSTEMPATH\CodeIgniter.php(502): CodeIgniter\CodeIgniter->runController(Object(App\Controllers\LoginController))
 8 SYSTEMPATH\CodeIgniter.php(361): CodeIgniter\CodeIgniter->handleRequest(null, Object(Config\Cache), false)
 9 FCPATH\index.php(79): CodeIgniter\CodeIgniter->run()
10 SYSTEMPATH\Commands\Server\rewrite.php(47): require_once('C:\\laragon\\www\\final_agrismart\\public\\index.php')
CRITICAL - 2024-04-07 08:03:24 --> TypeError: CodeIgniter\Database\BaseBuilder::like(): Argument #2 ($match) must be of type string, null given, called in C:\laragon\www\final_agrismart\system\Model.php on line 872
in SYSTEMPATH\Database\BaseBuilder.php on line 984.
 1 SYSTEMPATH\Model.php(872): CodeIgniter\Database\BaseBuilder->like('fullname', null)
 2 APPPATH\Controllers\LoginController.php(357): CodeIgniter\Model->__call('like', [...])
 3 SYSTEMPATH\CodeIgniter.php(941): App\Controllers\LoginController->farmerstats()
 4 SYSTEMPATH\CodeIgniter.php(502): CodeIgniter\CodeIgniter->runController(Object(App\Controllers\LoginController))
 5 SYSTEMPATH\CodeIgniter.php(361): CodeIgniter\CodeIgniter->handleRequest(null, Object(Config\Cache), false)
 6 FCPATH\index.php(79): CodeIgniter\CodeIgniter->run()
 7 SYSTEMPATH\Commands\Server\rewrite.php(47): require_once('C:\\laragon\\www\\final_agrismart\\public\\index.php')
CRITICAL - 2024-04-07 08:03:25 --> TypeError: CodeIgniter\Database\BaseBuilder::like(): Argument #2 ($match) must be of type string, null given, called in C:\laragon\www\final_agrismart\system\Model.php on line 872
in SYSTEMPATH\Database\BaseBuilder.php on line 984.
 1 SYSTEMPATH\Model.php(872): CodeIgniter\Database\BaseBuilder->like('fullname', null)
 2 APPPATH\Controllers\LoginController.php(357): CodeIgniter\Model->__call('like', [...])
 3 SYSTEMPATH\CodeIgniter.php(941): App\Controllers\LoginController->farmerstats()
 4 SYSTEMPATH\CodeIgniter.php(502): CodeIgniter\CodeIgniter->runController(Object(App\Controllers\LoginController))
 5 SYSTEMPATH\CodeIgniter.php(361): CodeIgniter\CodeIgniter->handleRequest(null, Object(Config\Cache), false)
 6 FCPATH\index.php(79): CodeIgniter\CodeIgniter->run()
 7 SYSTEMPATH\Commands\Server\rewrite.php(47): require_once('C:\\laragon\\www\\final_agrismart\\public\\index.php')
CRITICAL - 2024-04-07 08:03:26 --> TypeError: CodeIgniter\Database\BaseBuilder::like(): Argument #2 ($match) must be of type string, null given, called in C:\laragon\www\final_agrismart\system\Model.php on line 872
in SYSTEMPATH\Database\BaseBuilder.php on line 984.
 1 SYSTEMPATH\Model.php(872): CodeIgniter\Database\BaseBuilder->like('fullname', null)
 2 APPPATH\Controllers\LoginController.php(357): CodeIgniter\Model->__call('like', [...])
 3 SYSTEMPATH\CodeIgniter.php(941): App\Controllers\LoginController->farmerstats()
 4 SYSTEMPATH\CodeIgniter.php(502): CodeIgniter\CodeIgniter->runController(Object(App\Controllers\LoginController))
 5 SYSTEMPATH\CodeIgniter.php(361): CodeIgniter\CodeIgniter->handleRequest(null, Object(Config\Cache), false)
 6 FCPATH\index.php(79): CodeIgniter\CodeIgniter->run()
 7 SYSTEMPATH\Commands\Server\rewrite.php(47): require_once('C:\\laragon\\www\\final_agrismart\\public\\index.php')
CRITICAL - 2024-04-07 08:03:27 --> TypeError: CodeIgniter\Database\BaseBuilder::like(): Argument #2 ($match) must be of type string, null given, called in C:\laragon\www\final_agrismart\system\Model.php on line 872
in SYSTEMPATH\Database\BaseBuilder.php on line 984.
 1 SYSTEMPATH\Model.php(872): CodeIgniter\Database\BaseBuilder->like('fullname', null)
 2 APPPATH\Controllers\LoginController.php(357): CodeIgniter\Model->__call('like', [...])
 3 SYSTEMPATH\CodeIgniter.php(941): App\Controllers\LoginController->farmerstats()
 4 SYSTEMPATH\CodeIgniter.php(502): CodeIgniter\CodeIgniter->runController(Object(App\Controllers\LoginController))
 5 SYSTEMPATH\CodeIgniter.php(361): CodeIgniter\CodeIgniter->handleRequest(null, Object(Config\Cache), false)
 6 FCPATH\index.php(79): CodeIgniter\CodeIgniter->run()
 7 SYSTEMPATH\Commands\Server\rewrite.php(47): require_once('C:\\laragon\\www\\final_agrismart\\public\\index.php')
CRITICAL - 2024-04-07 08:04:59 --> ErrorException: Undefined variable $profiles
in APPPATH\Views\landing_page_inc\farmerstats.php on line 147.
 1 APPPATH\Views\landing_page_inc\farmerstats.php(147): CodeIgniter\Debug\Exceptions->errorHandler(2, 'Undefined variable $profiles', 'C:\\laragon\\www\\final_agrismart\\app\\Views\\landing_page_inc\\farmerstats.php', 147)
 2 SYSTEMPATH\View\View.php(228): include('C:\\laragon\\www\\final_agrismart\\app\\Views\\landing_page_inc\\farmerstats.php')
 3 SYSTEMPATH\View\View.php(231): CodeIgniter\View\View->CodeIgniter\View\{closure}()
 4 SYSTEMPATH\Common.php(1178): CodeIgniter\View\View->render('landing_page_inc/farmerstats', [], true)
 5 APPPATH\Controllers\LoginController.php(352): view('landing_page_inc/farmerstats')
 6 SYSTEMPATH\CodeIgniter.php(941): App\Controllers\LoginController->farmerstats()
 7 SYSTEMPATH\CodeIgniter.php(502): CodeIgniter\CodeIgniter->runController(Object(App\Controllers\LoginController))
 8 SYSTEMPATH\CodeIgniter.php(361): CodeIgniter\CodeIgniter->handleRequest(null, Object(Config\Cache), false)
 9 FCPATH\index.php(79): CodeIgniter\CodeIgniter->run()
10 SYSTEMPATH\Commands\Server\rewrite.php(47): require_once('C:\\laragon\\www\\final_agrismart\\public\\index.php')
CRITICAL - 2024-04-07 08:05:03 --> ErrorException: Undefined variable $profiles
in APPPATH\Views\landing_page_inc\farmerstats.php on line 147.
 1 APPPATH\Views\landing_page_inc\farmerstats.php(147): CodeIgniter\Debug\Exceptions->errorHandler(2, 'Undefined variable $profiles', 'C:\\laragon\\www\\final_agrismart\\app\\Views\\landing_page_inc\\farmerstats.php', 147)
 2 SYSTEMPATH\View\View.php(228): include('C:\\laragon\\www\\final_agrismart\\app\\Views\\landing_page_inc\\farmerstats.php')
 3 SYSTEMPATH\View\View.php(231): CodeIgniter\View\View->CodeIgniter\View\{closure}()
 4 SYSTEMPATH\Common.php(1178): CodeIgniter\View\View->render('landing_page_inc/farmerstats', [], true)
 5 APPPATH\Controllers\LoginController.php(352): view('landing_page_inc/farmerstats')
 6 SYSTEMPATH\CodeIgniter.php(941): App\Controllers\LoginController->farmerstats()
 7 SYSTEMPATH\CodeIgniter.php(502): CodeIgniter\CodeIgniter->runController(Object(App\Controllers\LoginController))
 8 SYSTEMPATH\CodeIgniter.php(361): CodeIgniter\CodeIgniter->handleRequest(null, Object(Config\Cache), false)
 9 FCPATH\index.php(79): CodeIgniter\CodeIgniter->run()
10 SYSTEMPATH\Commands\Server\rewrite.php(47): require_once('C:\\laragon\\www\\final_agrismart\\public\\index.php')
CRITICAL - 2024-04-07 08:06:31 --> ErrorException: Undefined variable $field
in APPPATH\Views\landing_page_inc\farmerstats.php on line 179.
 1 APPPATH\Views\landing_page_inc\farmerstats.php(179): CodeIgniter\Debug\Exceptions->errorHandler(2, 'Undefined variable $field', 'C:\\laragon\\www\\final_agrismart\\app\\Views\\landing_page_inc\\farmerstats.php', 179)
 2 SYSTEMPATH\View\View.php(228): include('C:\\laragon\\www\\final_agrismart\\app\\Views\\landing_page_inc\\farmerstats.php')
 3 SYSTEMPATH\View\View.php(231): CodeIgniter\View\View->CodeIgniter\View\{closure}()
 4 SYSTEMPATH\Common.php(1178): CodeIgniter\View\View->render('landing_page_inc/farmerstats', [], true)
 5 APPPATH\Controllers\LoginController.php(361): view('landing_page_inc/farmerstats', [...])
 6 SYSTEMPATH\CodeIgniter.php(941): App\Controllers\LoginController->farmerstats()
 7 SYSTEMPATH\CodeIgniter.php(502): CodeIgniter\CodeIgniter->runController(Object(App\Controllers\LoginController))
 8 SYSTEMPATH\CodeIgniter.php(361): CodeIgniter\CodeIgniter->handleRequest(null, Object(Config\Cache), false)
 9 FCPATH\index.php(79): CodeIgniter\CodeIgniter->run()
10 SYSTEMPATH\Commands\Server\rewrite.php(47): require_once('C:\\laragon\\www\\final_agrismart\\public\\index.php')
CRITICAL - 2024-04-07 08:06:32 --> ErrorException: Undefined variable $field
in APPPATH\Views\landing_page_inc\farmerstats.php on line 179.
 1 APPPATH\Views\landing_page_inc\farmerstats.php(179): CodeIgniter\Debug\Exceptions->errorHandler(2, 'Undefined variable $field', 'C:\\laragon\\www\\final_agrismart\\app\\Views\\landing_page_inc\\farmerstats.php', 179)
 2 SYSTEMPATH\View\View.php(228): include('C:\\laragon\\www\\final_agrismart\\app\\Views\\landing_page_inc\\farmerstats.php')
 3 SYSTEMPATH\View\View.php(231): CodeIgniter\View\View->CodeIgniter\View\{closure}()
 4 SYSTEMPATH\Common.php(1178): CodeIgniter\View\View->render('landing_page_inc/farmerstats', [], true)
 5 APPPATH\Controllers\LoginController.php(361): view('landing_page_inc/farmerstats', [...])
 6 SYSTEMPATH\CodeIgniter.php(941): App\Controllers\LoginController->farmerstats()
 7 SYSTEMPATH\CodeIgniter.php(502): CodeIgniter\CodeIgniter->runController(Object(App\Controllers\LoginController))
 8 SYSTEMPATH\CodeIgniter.php(361): CodeIgniter\CodeIgniter->handleRequest(null, Object(Config\Cache), false)
 9 FCPATH\index.php(79): CodeIgniter\CodeIgniter->run()
10 SYSTEMPATH\Commands\Server\rewrite.php(47): require_once('C:\\laragon\\www\\final_agrismart\\public\\index.php')
CRITICAL - 2024-04-07 08:07:54 --> ErrorException: Undefined variable $field
in APPPATH\Views\landing_page_inc\farmerstats.php on line 179.
 1 APPPATH\Views\landing_page_inc\farmerstats.php(179): CodeIgniter\Debug\Exceptions->errorHandler(2, 'Undefined variable $field', 'C:\\laragon\\www\\final_agrismart\\app\\Views\\landing_page_inc\\farmerstats.php', 179)
 2 SYSTEMPATH\View\View.php(228): include('C:\\laragon\\www\\final_agrismart\\app\\Views\\landing_page_inc\\farmerstats.php')
 3 SYSTEMPATH\View\View.php(231): CodeIgniter\View\View->CodeIgniter\View\{closure}()
 4 SYSTEMPATH\Common.php(1178): CodeIgniter\View\View->render('landing_page_inc/farmerstats', [], true)
 5 APPPATH\Controllers\LoginController.php(370): view('landing_page_inc/farmerstats', [...])
 6 SYSTEMPATH\CodeIgniter.php(941): App\Controllers\LoginController->farmerstats()
 7 SYSTEMPATH\CodeIgniter.php(502): CodeIgniter\CodeIgniter->runController(Object(App\Controllers\LoginController))
 8 SYSTEMPATH\CodeIgniter.php(361): CodeIgniter\CodeIgniter->handleRequest(null, Object(Config\Cache), false)
 9 FCPATH\index.php(79): CodeIgniter\CodeIgniter->run()
10 SYSTEMPATH\Commands\Server\rewrite.php(47): require_once('C:\\laragon\\www\\final_agrismart\\public\\index.php')
CRITICAL - 2024-04-07 08:07:55 --> ErrorException: Undefined variable $field
in APPPATH\Views\landing_page_inc\farmerstats.php on line 179.
 1 APPPATH\Views\landing_page_inc\farmerstats.php(179): CodeIgniter\Debug\Exceptions->errorHandler(2, 'Undefined variable $field', 'C:\\laragon\\www\\final_agrismart\\app\\Views\\landing_page_inc\\farmerstats.php', 179)
 2 SYSTEMPATH\View\View.php(228): include('C:\\laragon\\www\\final_agrismart\\app\\Views\\landing_page_inc\\farmerstats.php')
 3 SYSTEMPATH\View\View.php(231): CodeIgniter\View\View->CodeIgniter\View\{closure}()
 4 SYSTEMPATH\Common.php(1178): CodeIgniter\View\View->render('landing_page_inc/farmerstats', [], true)
 5 APPPATH\Controllers\LoginController.php(370): view('landing_page_inc/farmerstats', [...])
 6 SYSTEMPATH\CodeIgniter.php(941): App\Controllers\LoginController->farmerstats()
 7 SYSTEMPATH\CodeIgniter.php(502): CodeIgniter\CodeIgniter->runController(Object(App\Controllers\LoginController))
 8 SYSTEMPATH\CodeIgniter.php(361): CodeIgniter\CodeIgniter->handleRequest(null, Object(Config\Cache), false)
 9 FCPATH\index.php(79): CodeIgniter\CodeIgniter->run()
10 SYSTEMPATH\Commands\Server\rewrite.php(47): require_once('C:\\laragon\\www\\final_agrismart\\public\\index.php')
CRITICAL - 2024-04-07 08:07:56 --> ErrorException: Undefined variable $field
in APPPATH\Views\landing_page_inc\farmerstats.php on line 179.
 1 APPPATH\Views\landing_page_inc\farmerstats.php(179): CodeIgniter\Debug\Exceptions->errorHandler(2, 'Undefined variable $field', 'C:\\laragon\\www\\final_agrismart\\app\\Views\\landing_page_inc\\farmerstats.php', 179)
 2 SYSTEMPATH\View\View.php(228): include('C:\\laragon\\www\\final_agrismart\\app\\Views\\landing_page_inc\\farmerstats.php')
 3 SYSTEMPATH\View\View.php(231): CodeIgniter\View\View->CodeIgniter\View\{closure}()
 4 SYSTEMPATH\Common.php(1178): CodeIgniter\View\View->render('landing_page_inc/farmerstats', [], true)
 5 APPPATH\Controllers\LoginController.php(370): view('landing_page_inc/farmerstats', [...])
 6 SYSTEMPATH\CodeIgniter.php(941): App\Controllers\LoginController->farmerstats()
 7 SYSTEMPATH\CodeIgniter.php(502): CodeIgniter\CodeIgniter->runController(Object(App\Controllers\LoginController))
 8 SYSTEMPATH\CodeIgniter.php(361): CodeIgniter\CodeIgniter->handleRequest(null, Object(Config\Cache), false)
 9 FCPATH\index.php(79): CodeIgniter\CodeIgniter->run()
10 SYSTEMPATH\Commands\Server\rewrite.php(47): require_once('C:\\laragon\\www\\final_agrismart\\public\\index.php')
CRITICAL - 2024-04-07 08:07:56 --> ErrorException: Undefined variable $field
in APPPATH\Views\landing_page_inc\farmerstats.php on line 179.
 1 APPPATH\Views\landing_page_inc\farmerstats.php(179): CodeIgniter\Debug\Exceptions->errorHandler(2, 'Undefined variable $field', 'C:\\laragon\\www\\final_agrismart\\app\\Views\\landing_page_inc\\farmerstats.php', 179)
 2 SYSTEMPATH\View\View.php(228): include('C:\\laragon\\www\\final_agrismart\\app\\Views\\landing_page_inc\\farmerstats.php')
 3 SYSTEMPATH\View\View.php(231): CodeIgniter\View\View->CodeIgniter\View\{closure}()
 4 SYSTEMPATH\Common.php(1178): CodeIgniter\View\View->render('landing_page_inc/farmerstats', [], true)
 5 APPPATH\Controllers\LoginController.php(370): view('landing_page_inc/farmerstats', [...])
 6 SYSTEMPATH\CodeIgniter.php(941): App\Controllers\LoginController->farmerstats()
 7 SYSTEMPATH\CodeIgniter.php(502): CodeIgniter\CodeIgniter->runController(Object(App\Controllers\LoginController))
 8 SYSTEMPATH\CodeIgniter.php(361): CodeIgniter\CodeIgniter->handleRequest(null, Object(Config\Cache), false)
 9 FCPATH\index.php(79): CodeIgniter\CodeIgniter->run()
10 SYSTEMPATH\Commands\Server\rewrite.php(47): require_once('C:\\laragon\\www\\final_agrismart\\public\\index.php')
CRITICAL - 2024-04-07 08:07:56 --> ErrorException: Undefined variable $field
in APPPATH\Views\landing_page_inc\farmerstats.php on line 179.
 1 APPPATH\Views\landing_page_inc\farmerstats.php(179): CodeIgniter\Debug\Exceptions->errorHandler(2, 'Undefined variable $field', 'C:\\laragon\\www\\final_agrismart\\app\\Views\\landing_page_inc\\farmerstats.php', 179)
 2 SYSTEMPATH\View\View.php(228): include('C:\\laragon\\www\\final_agrismart\\app\\Views\\landing_page_inc\\farmerstats.php')
 3 SYSTEMPATH\View\View.php(231): CodeIgniter\View\View->CodeIgniter\View\{closure}()
 4 SYSTEMPATH\Common.php(1178): CodeIgniter\View\View->render('landing_page_inc/farmerstats', [], true)
 5 APPPATH\Controllers\LoginController.php(370): view('landing_page_inc/farmerstats', [...])
 6 SYSTEMPATH\CodeIgniter.php(941): App\Controllers\LoginController->farmerstats()
 7 SYSTEMPATH\CodeIgniter.php(502): CodeIgniter\CodeIgniter->runController(Object(App\Controllers\LoginController))
 8 SYSTEMPATH\CodeIgniter.php(361): CodeIgniter\CodeIgniter->handleRequest(null, Object(Config\Cache), false)
 9 FCPATH\index.php(79): CodeIgniter\CodeIgniter->run()
10 SYSTEMPATH\Commands\Server\rewrite.php(47): require_once('C:\\laragon\\www\\final_agrismart\\public\\index.php')
CRITICAL - 2024-04-07 08:08:06 --> ErrorException: Undefined variable $field
in APPPATH\Views\landing_page_inc\farmerstats.php on line 179.
 1 APPPATH\Views\landing_page_inc\farmerstats.php(179): CodeIgniter\Debug\Exceptions->errorHandler(2, 'Undefined variable $field', 'C:\\laragon\\www\\final_agrismart\\app\\Views\\landing_page_inc\\farmerstats.php', 179)
 2 SYSTEMPATH\View\View.php(228): include('C:\\laragon\\www\\final_agrismart\\app\\Views\\landing_page_inc\\farmerstats.php')
 3 SYSTEMPATH\View\View.php(231): CodeIgniter\View\View->CodeIgniter\View\{closure}()
 4 SYSTEMPATH\Common.php(1178): CodeIgniter\View\View->render('landing_page_inc/farmerstats', [], true)
 5 APPPATH\Controllers\LoginController.php(370): view('landing_page_inc/farmerstats', [...])
 6 SYSTEMPATH\CodeIgniter.php(941): App\Controllers\LoginController->farmerstats()
 7 SYSTEMPATH\CodeIgniter.php(502): CodeIgniter\CodeIgniter->runController(Object(App\Controllers\LoginController))
 8 SYSTEMPATH\CodeIgniter.php(361): CodeIgniter\CodeIgniter->handleRequest(null, Object(Config\Cache), false)
 9 FCPATH\index.php(79): CodeIgniter\CodeIgniter->run()
10 SYSTEMPATH\Commands\Server\rewrite.php(47): require_once('C:\\laragon\\www\\final_agrismart\\public\\index.php')
CRITICAL - 2024-04-07 08:08:07 --> ErrorException: Undefined variable $field
in APPPATH\Views\landing_page_inc\farmerstats.php on line 179.
 1 APPPATH\Views\landing_page_inc\farmerstats.php(179): CodeIgniter\Debug\Exceptions->errorHandler(2, 'Undefined variable $field', 'C:\\laragon\\www\\final_agrismart\\app\\Views\\landing_page_inc\\farmerstats.php', 179)
 2 SYSTEMPATH\View\View.php(228): include('C:\\laragon\\www\\final_agrismart\\app\\Views\\landing_page_inc\\farmerstats.php')
 3 SYSTEMPATH\View\View.php(231): CodeIgniter\View\View->CodeIgniter\View\{closure}()
 4 SYSTEMPATH\Common.php(1178): CodeIgniter\View\View->render('landing_page_inc/farmerstats', [], true)
 5 APPPATH\Controllers\LoginController.php(370): view('landing_page_inc/farmerstats', [...])
 6 SYSTEMPATH\CodeIgniter.php(941): App\Controllers\LoginController->farmerstats()
 7 SYSTEMPATH\CodeIgniter.php(502): CodeIgniter\CodeIgniter->runController(Object(App\Controllers\LoginController))
 8 SYSTEMPATH\CodeIgniter.php(361): CodeIgniter\CodeIgniter->handleRequest(null, Object(Config\Cache), false)
 9 FCPATH\index.php(79): CodeIgniter\CodeIgniter->run()
10 SYSTEMPATH\Commands\Server\rewrite.php(47): require_once('C:\\laragon\\www\\final_agrismart\\public\\index.php')
CRITICAL - 2024-04-07 08:08:12 --> ErrorException: Undefined variable $field
in APPPATH\Views\landing_page_inc\farmerstats.php on line 179.
 1 APPPATH\Views\landing_page_inc\farmerstats.php(179): CodeIgniter\Debug\Exceptions->errorHandler(2, 'Undefined variable $field', 'C:\\laragon\\www\\final_agrismart\\app\\Views\\landing_page_inc\\farmerstats.php', 179)
 2 SYSTEMPATH\View\View.php(228): include('C:\\laragon\\www\\final_agrismart\\app\\Views\\landing_page_inc\\farmerstats.php')
 3 SYSTEMPATH\View\View.php(231): CodeIgniter\View\View->CodeIgniter\View\{closure}()
 4 SYSTEMPATH\Common.php(1178): CodeIgniter\View\View->render('landing_page_inc/farmerstats', [], true)
 5 APPPATH\Controllers\LoginController.php(370): view('landing_page_inc/farmerstats', [...])
 6 SYSTEMPATH\CodeIgniter.php(941): App\Controllers\LoginController->farmerstats()
 7 SYSTEMPATH\CodeIgniter.php(502): CodeIgniter\CodeIgniter->runController(Object(App\Controllers\LoginController))
 8 SYSTEMPATH\CodeIgniter.php(361): CodeIgniter\CodeIgniter->handleRequest(null, Object(Config\Cache), false)
 9 FCPATH\index.php(79): CodeIgniter\CodeIgniter->run()
10 SYSTEMPATH\Commands\Server\rewrite.php(47): require_once('C:\\laragon\\www\\final_agrismart\\public\\index.php')
ERROR - 2024-04-07 08:23:47 --> mysqli_sql_exception: Unknown column 'fims_code' in 'where clause' in C:\laragon\www\final_agrismart\system\Database\MySQLi\Connection.php:306
Stack trace:
#0 C:\laragon\www\final_agrismart\system\Database\MySQLi\Connection.php(306): mysqli->query('SELECT *\nFROM `...', 0)
#1 C:\laragon\www\final_agrismart\system\Database\BaseConnection.php(693): CodeIgniter\Database\MySQLi\Connection->execute('SELECT *\nFROM `...')
#2 C:\laragon\www\final_agrismart\system\Database\BaseConnection.php(607): CodeIgniter\Database\BaseConnection->simpleQuery('SELECT *\nFROM `...')
#3 C:\laragon\www\final_agrismart\system\Database\BaseBuilder.php(1616): CodeIgniter\Database\BaseConnection->query('SELECT *\nFROM `...', Array, false)
#4 C:\laragon\www\final_agrismart\system\Model.php(242): CodeIgniter\Database\BaseBuilder->get()
#5 C:\laragon\www\final_agrismart\system\BaseModel.php(638): CodeIgniter\Model->doFindAll(0, 0)
#6 C:\laragon\www\final_agrismart\app\Controllers\LoginController.php(384): CodeIgniter\BaseModel->findAll()
#7 C:\laragon\www\final_agrismart\system\CodeIgniter.php(941): App\Controllers\LoginController->searchFarmerProfiles()
#8 C:\laragon\www\final_agrismart\system\CodeIgniter.php(502): CodeIgniter\CodeIgniter->runController(Object(App\Controllers\LoginController))
#9 C:\laragon\www\final_agrismart\system\CodeIgniter.php(361): CodeIgniter\CodeIgniter->handleRequest(NULL, Object(Config\Cache), false)
#10 C:\laragon\www\final_agrismart\public\index.php(79): CodeIgniter\CodeIgniter->run()
#11 C:\laragon\www\final_agrismart\system\Commands\Server\rewrite.php(47): require_once('C:\\laragon\\www\\...')
#12 {main}
CRITICAL - 2024-04-07 08:23:47 --> CodeIgniter\Database\Exceptions\DatabaseException: Unknown column 'fims_code' in 'where clause'
in SYSTEMPATH\Database\BaseConnection.php on line 647.
 1 SYSTEMPATH\Database\BaseBuilder.php(1616): CodeIgniter\Database\BaseConnection->query('SELECT *
FROM `cropplanting`
WHERE `fims_code` = :fims_code:', [...], false)
 2 SYSTEMPATH\Model.php(242): CodeIgniter\Database\BaseBuilder->get()
 3 SYSTEMPATH\BaseModel.php(638): CodeIgniter\Model->doFindAll(0, 0)
 4 APPPATH\Controllers\LoginController.php(384): CodeIgniter\BaseModel->findAll()
 5 SYSTEMPATH\CodeIgniter.php(941): App\Controllers\LoginController->searchFarmerProfiles()
 6 SYSTEMPATH\CodeIgniter.php(502): CodeIgniter\CodeIgniter->runController(Object(App\Controllers\LoginController))
 7 SYSTEMPATH\CodeIgniter.php(361): CodeIgniter\CodeIgniter->handleRequest(null, Object(Config\Cache), false)
 8 FCPATH\index.php(79): CodeIgniter\CodeIgniter->run()
 9 SYSTEMPATH\Commands\Server\rewrite.php(47): require_once('C:\\laragon\\www\\final_agrismart\\public\\index.php')
CRITICAL - 2024-04-07 08:23:47 --> [Caused by] CodeIgniter\Database\Exceptions\DatabaseException: Unknown column 'fims_code' in 'where clause'
in SYSTEMPATH\Database\MySQLi\Connection.php on line 311.
 1 SYSTEMPATH\Database\BaseConnection.php(693): CodeIgniter\Database\MySQLi\Connection->execute('SELECT *
FROM `cropplanting`
WHERE `fims_code` = \'\'')
 2 SYSTEMPATH\Database\BaseConnection.php(607): CodeIgniter\Database\BaseConnection->simpleQuery('SELECT *
FROM `cropplanting`
WHERE `fims_code` = \'\'')
 3 SYSTEMPATH\Database\BaseBuilder.php(1616): CodeIgniter\Database\BaseConnection->query('SELECT *
FROM `cropplanting`
WHERE `fims_code` = :fims_code:', [...], false)
 4 SYSTEMPATH\Model.php(242): CodeIgniter\Database\BaseBuilder->get()
 5 SYSTEMPATH\BaseModel.php(638): CodeIgniter\Model->doFindAll(0, 0)
 6 APPPATH\Controllers\LoginController.php(384): CodeIgniter\BaseModel->findAll()
 7 SYSTEMPATH\CodeIgniter.php(941): App\Controllers\LoginController->searchFarmerProfiles()
 8 SYSTEMPATH\CodeIgniter.php(502): CodeIgniter\CodeIgniter->runController(Object(App\Controllers\LoginController))
 9 SYSTEMPATH\CodeIgniter.php(361): CodeIgniter\CodeIgniter->handleRequest(null, Object(Config\Cache), false)
10 FCPATH\index.php(79): CodeIgniter\CodeIgniter->run()
11 SYSTEMPATH\Commands\Server\rewrite.php(47): require_once('C:\\laragon\\www\\final_agrismart\\public\\index.php')
CRITICAL - 2024-04-07 08:23:47 --> [Caused by] mysqli_sql_exception: Unknown column 'fims_code' in 'where clause'
in SYSTEMPATH\Database\MySQLi\Connection.php on line 306.
 1 SYSTEMPATH\Database\MySQLi\Connection.php(306): mysqli->query('SELECT *
FROM `cropplanting`
WHERE `fims_code` = \'\'', 0)
 2 SYSTEMPATH\Database\BaseConnection.php(693): CodeIgniter\Database\MySQLi\Connection->execute('SELECT *
FROM `cropplanting`
WHERE `fims_code` = \'\'')
 3 SYSTEMPATH\Database\BaseConnection.php(607): CodeIgniter\Database\BaseConnection->simpleQuery('SELECT *
FROM `cropplanting`
WHERE `fims_code` = \'\'')
 4 SYSTEMPATH\Database\BaseBuilder.php(1616): CodeIgniter\Database\BaseConnection->query('SELECT *
FROM `cropplanting`
WHERE `fims_code` = :fims_code:', [...], false)
 5 SYSTEMPATH\Model.php(242): CodeIgniter\Database\BaseBuilder->get()
 6 SYSTEMPATH\BaseModel.php(638): CodeIgniter\Model->doFindAll(0, 0)
 7 APPPATH\Controllers\LoginController.php(384): CodeIgniter\BaseModel->findAll()
 8 SYSTEMPATH\CodeIgniter.php(941): App\Controllers\LoginController->searchFarmerProfiles()
 9 SYSTEMPATH\CodeIgniter.php(502): CodeIgniter\CodeIgniter->runController(Object(App\Controllers\LoginController))
10 SYSTEMPATH\CodeIgniter.php(361): CodeIgniter\CodeIgniter->handleRequest(null, Object(Config\Cache), false)
11 FCPATH\index.php(79): CodeIgniter\CodeIgniter->run()
12 SYSTEMPATH\Commands\Server\rewrite.php(47): require_once('C:\\laragon\\www\\final_agrismart\\public\\index.php')
CRITICAL - 2024-04-07 08:24:03 --> ErrorException: Undefined variable $field
in APPPATH\Views\landing_page_inc\farmerstats.php on line 179.
 1 APPPATH\Views\landing_page_inc\farmerstats.php(179): CodeIgniter\Debug\Exceptions->errorHandler(2, 'Undefined variable $field', 'C:\\laragon\\www\\final_agrismart\\app\\Views\\landing_page_inc\\farmerstats.php', 179)
 2 SYSTEMPATH\View\View.php(228): include('C:\\laragon\\www\\final_agrismart\\app\\Views\\landing_page_inc\\farmerstats.php')
 3 SYSTEMPATH\View\View.php(231): CodeIgniter\View\View->CodeIgniter\View\{closure}()
 4 SYSTEMPATH\Common.php(1178): CodeIgniter\View\View->render('landing_page_inc/farmerstats', [], true)
 5 APPPATH\Controllers\LoginController.php(385): view('landing_page_inc/farmerstats', [...])
 6 SYSTEMPATH\CodeIgniter.php(941): App\Controllers\LoginController->searchFarmerProfiles()
 7 SYSTEMPATH\CodeIgniter.php(502): CodeIgniter\CodeIgniter->runController(Object(App\Controllers\LoginController))
 8 SYSTEMPATH\CodeIgniter.php(361): CodeIgniter\CodeIgniter->handleRequest(null, Object(Config\Cache), false)
 9 FCPATH\index.php(79): CodeIgniter\CodeIgniter->run()
10 SYSTEMPATH\Commands\Server\rewrite.php(47): require_once('C:\\laragon\\www\\final_agrismart\\public\\index.php')
CRITICAL - 2024-04-07 11:51:08 --> ErrorException: Undefined variable $profiles
in APPPATH\Views\landing_page_inc\farmerstats.php on line 147.
 1 APPPATH\Views\landing_page_inc\farmerstats.php(147): CodeIgniter\Debug\Exceptions->errorHandler(2, 'Undefined variable $profiles', 'C:\\laragon\\www\\final_agrismart\\app\\Views\\landing_page_inc\\farmerstats.php', 147)
 2 SYSTEMPATH\View\View.php(228): include('C:\\laragon\\www\\final_agrismart\\app\\Views\\landing_page_inc\\farmerstats.php')
 3 SYSTEMPATH\View\View.php(231): CodeIgniter\View\View->CodeIgniter\View\{closure}()
 4 SYSTEMPATH\Common.php(1178): CodeIgniter\View\View->render('landing_page_inc/farmerstats', [], true)
 5 APPPATH\Controllers\LoginController.php(375): view('landing_page_inc/farmerstats', [...])
 6 SYSTEMPATH\CodeIgniter.php(941): App\Controllers\LoginController->searchFarmerProfiles()
 7 SYSTEMPATH\CodeIgniter.php(502): CodeIgniter\CodeIgniter->runController(Object(App\Controllers\LoginController))
 8 SYSTEMPATH\CodeIgniter.php(361): CodeIgniter\CodeIgniter->handleRequest(null, Object(Config\Cache), false)
 9 FCPATH\index.php(79): CodeIgniter\CodeIgniter->run()
10 SYSTEMPATH\Commands\Server\rewrite.php(47): require_once('C:\\laragon\\www\\final_agrismart\\public\\index.php')
CRITICAL - 2024-04-07 11:53:56 --> ErrorException: Undefined variable $profiles
in APPPATH\Views\landing_page_inc\farmerstats.php on line 147.
 1 APPPATH\Views\landing_page_inc\farmerstats.php(147): CodeIgniter\Debug\Exceptions->errorHandler(2, 'Undefined variable $profiles', 'C:\\laragon\\www\\final_agrismart\\app\\Views\\landing_page_inc\\farmerstats.php', 147)
 2 SYSTEMPATH\View\View.php(228): include('C:\\laragon\\www\\final_agrismart\\app\\Views\\landing_page_inc\\farmerstats.php')
 3 SYSTEMPATH\View\View.php(231): CodeIgniter\View\View->CodeIgniter\View\{closure}()
 4 SYSTEMPATH\Common.php(1178): CodeIgniter\View\View->render('landing_page_inc/farmerstats', [], true)
 5 APPPATH\Controllers\LoginController.php(376): view('landing_page_inc/farmerstats', [...])
 6 SYSTEMPATH\CodeIgniter.php(941): App\Controllers\LoginController->searchFarmerProfiles()
 7 SYSTEMPATH\CodeIgniter.php(502): CodeIgniter\CodeIgniter->runController(Object(App\Controllers\LoginController))
 8 SYSTEMPATH\CodeIgniter.php(361): CodeIgniter\CodeIgniter->handleRequest(null, Object(Config\Cache), false)
 9 FCPATH\index.php(79): CodeIgniter\CodeIgniter->run()
10 SYSTEMPATH\Commands\Server\rewrite.php(47): require_once('C:\\laragon\\www\\final_agrismart\\public\\index.php')
CRITICAL - 2024-04-07 11:54:50 --> ErrorException: Undefined variable $profiles
in APPPATH\Views\landing_page_inc\farmerstats.php on line 147.
 1 APPPATH\Views\landing_page_inc\farmerstats.php(147): CodeIgniter\Debug\Exceptions->errorHandler(2, 'Undefined variable $profiles', 'C:\\laragon\\www\\final_agrismart\\app\\Views\\landing_page_inc\\farmerstats.php', 147)
 2 SYSTEMPATH\View\View.php(228): include('C:\\laragon\\www\\final_agrismart\\app\\Views\\landing_page_inc\\farmerstats.php')
 3 SYSTEMPATH\View\View.php(231): CodeIgniter\View\View->CodeIgniter\View\{closure}()
 4 SYSTEMPATH\Common.php(1178): CodeIgniter\View\View->render('landing_page_inc/farmerstats', [], true)
 5 APPPATH\Controllers\LoginController.php(376): view('landing_page_inc/farmerstats', [...])
 6 SYSTEMPATH\CodeIgniter.php(941): App\Controllers\LoginController->searchFarmerProfiles()
 7 SYSTEMPATH\CodeIgniter.php(502): CodeIgniter\CodeIgniter->runController(Object(App\Controllers\LoginController))
 8 SYSTEMPATH\CodeIgniter.php(361): CodeIgniter\CodeIgniter->handleRequest(null, Object(Config\Cache), false)
 9 FCPATH\index.php(79): CodeIgniter\CodeIgniter->run()
10 SYSTEMPATH\Commands\Server\rewrite.php(47): require_once('C:\\laragon\\www\\final_agrismart\\public\\index.php')
CRITICAL - 2024-04-07 11:54:58 --> ErrorException: Undefined variable $profiles
in APPPATH\Views\landing_page_inc\farmerstats.php on line 147.
 1 APPPATH\Views\landing_page_inc\farmerstats.php(147): CodeIgniter\Debug\Exceptions->errorHandler(2, 'Undefined variable $profiles', 'C:\\laragon\\www\\final_agrismart\\app\\Views\\landing_page_inc\\farmerstats.php', 147)
 2 SYSTEMPATH\View\View.php(228): include('C:\\laragon\\www\\final_agrismart\\app\\Views\\landing_page_inc\\farmerstats.php')
 3 SYSTEMPATH\View\View.php(231): CodeIgniter\View\View->CodeIgniter\View\{closure}()
 4 SYSTEMPATH\Common.php(1178): CodeIgniter\View\View->render('landing_page_inc/farmerstats', [], true)
 5 APPPATH\Controllers\LoginController.php(376): view('landing_page_inc/farmerstats', [...])
 6 SYSTEMPATH\CodeIgniter.php(941): App\Controllers\LoginController->searchFarmerProfiles()
 7 SYSTEMPATH\CodeIgniter.php(502): CodeIgniter\CodeIgniter->runController(Object(App\Controllers\LoginController))
 8 SYSTEMPATH\CodeIgniter.php(361): CodeIgniter\CodeIgniter->handleRequest(null, Object(Config\Cache), false)
 9 FCPATH\index.php(79): CodeIgniter\CodeIgniter->run()
10 SYSTEMPATH\Commands\Server\rewrite.php(47): require_once('C:\\laragon\\www\\final_agrismart\\public\\index.php')
CRITICAL - 2024-04-07 13:58:38 --> ErrorException: Undefined variable $harvest
in APPPATH\Views\landing_page_inc\farmerstats.php on line 255.
 1 APPPATH\Views\landing_page_inc\farmerstats.php(255): CodeIgniter\Debug\Exceptions->errorHandler(2, 'Undefined variable $harvest', 'C:\\laragon\\www\\final_agrismart\\app\\Views\\landing_page_inc\\farmerstats.php', 255)
 2 SYSTEMPATH\View\View.php(228): include('C:\\laragon\\www\\final_agrismart\\app\\Views\\landing_page_inc\\farmerstats.php')
 3 SYSTEMPATH\View\View.php(231): CodeIgniter\View\View->CodeIgniter\View\{closure}()
 4 SYSTEMPATH\Common.php(1178): CodeIgniter\View\View->render('landing_page_inc/farmerstats', [], true)
 5 APPPATH\Controllers\LoginController.php(362): view('landing_page_inc/farmerstats', [...])
 6 SYSTEMPATH\CodeIgniter.php(941): App\Controllers\LoginController->farmerstats()
 7 SYSTEMPATH\CodeIgniter.php(502): CodeIgniter\CodeIgniter->runController(Object(App\Controllers\LoginController))
 8 SYSTEMPATH\CodeIgniter.php(361): CodeIgniter\CodeIgniter->handleRequest(null, Object(Config\Cache), false)
 9 FCPATH\index.php(79): CodeIgniter\CodeIgniter->run()
10 SYSTEMPATH\Commands\Server\rewrite.php(47): require_once('C:\\laragon\\www\\final_agrismart\\public\\index.php')
CRITICAL - 2024-04-07 13:58:39 --> ErrorException: Undefined variable $harvest
in APPPATH\Views\landing_page_inc\farmerstats.php on line 255.
 1 APPPATH\Views\landing_page_inc\farmerstats.php(255): CodeIgniter\Debug\Exceptions->errorHandler(2, 'Undefined variable $harvest', 'C:\\laragon\\www\\final_agrismart\\app\\Views\\landing_page_inc\\farmerstats.php', 255)
 2 SYSTEMPATH\View\View.php(228): include('C:\\laragon\\www\\final_agrismart\\app\\Views\\landing_page_inc\\farmerstats.php')
 3 SYSTEMPATH\View\View.php(231): CodeIgniter\View\View->CodeIgniter\View\{closure}()
 4 SYSTEMPATH\Common.php(1178): CodeIgniter\View\View->render('landing_page_inc/farmerstats', [], true)
 5 APPPATH\Controllers\LoginController.php(362): view('landing_page_inc/farmerstats', [...])
 6 SYSTEMPATH\CodeIgniter.php(941): App\Controllers\LoginController->farmerstats()
 7 SYSTEMPATH\CodeIgniter.php(502): CodeIgniter\CodeIgniter->runController(Object(App\Controllers\LoginController))
 8 SYSTEMPATH\CodeIgniter.php(361): CodeIgniter\CodeIgniter->handleRequest(null, Object(Config\Cache), false)
 9 FCPATH\index.php(79): CodeIgniter\CodeIgniter->run()
10 SYSTEMPATH\Commands\Server\rewrite.php(47): require_once('C:\\laragon\\www\\final_agrismart\\public\\index.php')
CRITICAL - 2024-04-07 14:00:48 --> ErrorException: Undefined variable $harvest
in APPPATH\Views\dashboard\main-harvest.php on line 36.
 1 APPPATH\Views\dashboard\main-harvest.php(36): CodeIgniter\Debug\Exceptions->errorHandler(2, 'Undefined variable $harvest', 'C:\\laragon\\www\\final_agrismart\\app\\Views\\dashboard\\main-harvest.php', 36)
 2 SYSTEMPATH\View\View.php(228): include('C:\\laragon\\www\\final_agrismart\\app\\Views\\dashboard\\main-harvest.php')
 3 SYSTEMPATH\View\View.php(231): CodeIgniter\View\View->CodeIgniter\View\{closure}()
 4 SYSTEMPATH\View\View.php(469): CodeIgniter\View\View->render('/dashboard/main-harvest', null, true)
 5 APPPATH\Views\userfolder\harvest.php(6): CodeIgniter\View\View->include('/dashboard/main-harvest')
 6 SYSTEMPATH\View\View.php(228): include('C:\\laragon\\www\\final_agrismart\\app\\Views\\userfolder\\harvest.php')
 7 SYSTEMPATH\View\View.php(231): CodeIgniter\View\View->CodeIgniter\View\{closure}()
 8 SYSTEMPATH\Common.php(1178): CodeIgniter\View\View->render('userfolder/harvest', [], true)
 9 APPPATH\Controllers\DashboardController.php(438): view('userfolder/harvest', [...])
10 SYSTEMPATH\CodeIgniter.php(941): App\Controllers\DashboardController->addnewharvest()
11 SYSTEMPATH\CodeIgniter.php(502): CodeIgniter\CodeIgniter->runController(Object(App\Controllers\DashboardController))
12 SYSTEMPATH\CodeIgniter.php(361): CodeIgniter\CodeIgniter->handleRequest(null, Object(Config\Cache), false)
13 FCPATH\index.php(79): CodeIgniter\CodeIgniter->run()
14 SYSTEMPATH\Commands\Server\rewrite.php(47): require_once('C:\\laragon\\www\\final_agrismart\\public\\index.php')
CRITICAL - 2024-04-07 14:10:29 --> ErrorException: Undefined array key "end_date"
in APPPATH\Views\landing_page_inc\farmerstats.php on line 227.
 1 APPPATH\Views\landing_page_inc\farmerstats.php(227): CodeIgniter\Debug\Exceptions->errorHandler(2, 'Undefined array key "end_date"', 'C:\\laragon\\www\\final_agrismart\\app\\Views\\landing_page_inc\\farmerstats.php', 227)
 2 SYSTEMPATH\View\View.php(228): include('C:\\laragon\\www\\final_agrismart\\app\\Views\\landing_page_inc\\farmerstats.php')
 3 SYSTEMPATH\View\View.php(231): CodeIgniter\View\View->CodeIgniter\View\{closure}()
 4 SYSTEMPATH\Common.php(1178): CodeIgniter\View\View->render('landing_page_inc/farmerstats', [], true)
 5 APPPATH\Controllers\LoginController.php(401): view('landing_page_inc/farmerstats', [...])
 6 SYSTEMPATH\CodeIgniter.php(941): App\Controllers\LoginController->searchFarmerProfiles()
 7 SYSTEMPATH\CodeIgniter.php(502): CodeIgniter\CodeIgniter->runController(Object(App\Controllers\LoginController))
 8 SYSTEMPATH\CodeIgniter.php(361): CodeIgniter\CodeIgniter->handleRequest(null, Object(Config\Cache), false)
 9 FCPATH\index.php(79): CodeIgniter\CodeIgniter->run()
10 SYSTEMPATH\Commands\Server\rewrite.php(47): require_once('C:\\laragon\\www\\final_agrismart\\public\\index.php')
CRITICAL - 2024-04-07 15:33:26 --> ErrorException: Undefined variable $monthlyLabels
in APPPATH\Views\landing_page_inc\farmerstats.php on line 303.
 1 APPPATH\Views\landing_page_inc\farmerstats.php(303): CodeIgniter\Debug\Exceptions->errorHandler(2, 'Undefined variable $monthlyLabels', 'C:\\laragon\\www\\final_agrismart\\app\\Views\\landing_page_inc\\farmerstats.php', 303)
 2 SYSTEMPATH\View\View.php(228): include('C:\\laragon\\www\\final_agrismart\\app\\Views\\landing_page_inc\\farmerstats.php')
 3 SYSTEMPATH\View\View.php(231): CodeIgniter\View\View->CodeIgniter\View\{closure}()
 4 SYSTEMPATH\Common.php(1178): CodeIgniter\View\View->render('landing_page_inc/farmerstats', [], true)
 5 APPPATH\Controllers\LoginController.php(364): view('landing_page_inc/farmerstats', [...])
 6 SYSTEMPATH\CodeIgniter.php(941): App\Controllers\LoginController->farmerstats()
 7 SYSTEMPATH\CodeIgniter.php(502): CodeIgniter\CodeIgniter->runController(Object(App\Controllers\LoginController))
 8 SYSTEMPATH\CodeIgniter.php(361): CodeIgniter\CodeIgniter->handleRequest(null, Object(Config\Cache), false)
 9 FCPATH\index.php(79): CodeIgniter\CodeIgniter->run()
10 SYSTEMPATH\Commands\Server\rewrite.php(47): require_once('C:\\laragon\\www\\final_agrismart\\public\\index.php')
CRITICAL - 2024-04-07 15:33:27 --> ErrorException: Undefined variable $monthlyLabels
in APPPATH\Views\landing_page_inc\farmerstats.php on line 303.
 1 APPPATH\Views\landing_page_inc\farmerstats.php(303): CodeIgniter\Debug\Exceptions->errorHandler(2, 'Undefined variable $monthlyLabels', 'C:\\laragon\\www\\final_agrismart\\app\\Views\\landing_page_inc\\farmerstats.php', 303)
 2 SYSTEMPATH\View\View.php(228): include('C:\\laragon\\www\\final_agrismart\\app\\Views\\landing_page_inc\\farmerstats.php')
 3 SYSTEMPATH\View\View.php(231): CodeIgniter\View\View->CodeIgniter\View\{closure}()
 4 SYSTEMPATH\Common.php(1178): CodeIgniter\View\View->render('landing_page_inc/farmerstats', [], true)
 5 APPPATH\Controllers\LoginController.php(364): view('landing_page_inc/farmerstats', [...])
 6 SYSTEMPATH\CodeIgniter.php(941): App\Controllers\LoginController->farmerstats()
 7 SYSTEMPATH\CodeIgniter.php(502): CodeIgniter\CodeIgniter->runController(Object(App\Controllers\LoginController))
 8 SYSTEMPATH\CodeIgniter.php(361): CodeIgniter\CodeIgniter->handleRequest(null, Object(Config\Cache), false)
 9 FCPATH\index.php(79): CodeIgniter\CodeIgniter->run()
10 SYSTEMPATH\Commands\Server\rewrite.php(47): require_once('C:\\laragon\\www\\final_agrismart\\public\\index.php')
CRITICAL - 2024-04-07 15:37:06 --> ErrorException: Undefined variable $monthlyLabels
in APPPATH\Views\landing_page_inc\farmerstats.php on line 303.
 1 APPPATH\Views\landing_page_inc\farmerstats.php(303): CodeIgniter\Debug\Exceptions->errorHandler(2, 'Undefined variable $monthlyLabels', 'C:\\laragon\\www\\final_agrismart\\app\\Views\\landing_page_inc\\farmerstats.php', 303)
 2 SYSTEMPATH\View\View.php(228): include('C:\\laragon\\www\\final_agrismart\\app\\Views\\landing_page_inc\\farmerstats.php')
 3 SYSTEMPATH\View\View.php(231): CodeIgniter\View\View->CodeIgniter\View\{closure}()
 4 SYSTEMPATH\Common.php(1178): CodeIgniter\View\View->render('landing_page_inc/farmerstats', [], true)
 5 APPPATH\Controllers\LoginController.php(364): view('landing_page_inc/farmerstats', [...])
 6 SYSTEMPATH\CodeIgniter.php(941): App\Controllers\LoginController->farmerstats()
 7 SYSTEMPATH\CodeIgniter.php(502): CodeIgniter\CodeIgniter->runController(Object(App\Controllers\LoginController))
 8 SYSTEMPATH\CodeIgniter.php(361): CodeIgniter\CodeIgniter->handleRequest(null, Object(Config\Cache), false)
 9 FCPATH\index.php(79): CodeIgniter\CodeIgniter->run()
10 SYSTEMPATH\Commands\Server\rewrite.php(47): require_once('C:\\laragon\\www\\final_agrismart\\public\\index.php')
CRITICAL - 2024-04-07 15:37:07 --> ErrorException: Undefined variable $monthlyLabels
in APPPATH\Views\landing_page_inc\farmerstats.php on line 303.
 1 APPPATH\Views\landing_page_inc\farmerstats.php(303): CodeIgniter\Debug\Exceptions->errorHandler(2, 'Undefined variable $monthlyLabels', 'C:\\laragon\\www\\final_agrismart\\app\\Views\\landing_page_inc\\farmerstats.php', 303)
 2 SYSTEMPATH\View\View.php(228): include('C:\\laragon\\www\\final_agrismart\\app\\Views\\landing_page_inc\\farmerstats.php')
 3 SYSTEMPATH\View\View.php(231): CodeIgniter\View\View->CodeIgniter\View\{closure}()
 4 SYSTEMPATH\Common.php(1178): CodeIgniter\View\View->render('landing_page_inc/farmerstats', [], true)
 5 APPPATH\Controllers\LoginController.php(364): view('landing_page_inc/farmerstats', [...])
 6 SYSTEMPATH\CodeIgniter.php(941): App\Controllers\LoginController->farmerstats()
 7 SYSTEMPATH\CodeIgniter.php(502): CodeIgniter\CodeIgniter->runController(Object(App\Controllers\LoginController))
 8 SYSTEMPATH\CodeIgniter.php(361): CodeIgniter\CodeIgniter->handleRequest(null, Object(Config\Cache), false)
 9 FCPATH\index.php(79): CodeIgniter\CodeIgniter->run()
10 SYSTEMPATH\Commands\Server\rewrite.php(47): require_once('C:\\laragon\\www\\final_agrismart\\public\\index.php')
CRITICAL - 2024-04-07 15:37:09 --> ErrorException: Undefined variable $monthlyLabels
in APPPATH\Views\landing_page_inc\farmerstats.php on line 303.
 1 APPPATH\Views\landing_page_inc\farmerstats.php(303): CodeIgniter\Debug\Exceptions->errorHandler(2, 'Undefined variable $monthlyLabels', 'C:\\laragon\\www\\final_agrismart\\app\\Views\\landing_page_inc\\farmerstats.php', 303)
 2 SYSTEMPATH\View\View.php(228): include('C:\\laragon\\www\\final_agrismart\\app\\Views\\landing_page_inc\\farmerstats.php')
 3 SYSTEMPATH\View\View.php(231): CodeIgniter\View\View->CodeIgniter\View\{closure}()
 4 SYSTEMPATH\Common.php(1178): CodeIgniter\View\View->render('landing_page_inc/farmerstats', [], true)
 5 APPPATH\Controllers\LoginController.php(364): view('landing_page_inc/farmerstats', [...])
 6 SYSTEMPATH\CodeIgniter.php(941): App\Controllers\LoginController->farmerstats()
 7 SYSTEMPATH\CodeIgniter.php(502): CodeIgniter\CodeIgniter->runController(Object(App\Controllers\LoginController))
 8 SYSTEMPATH\CodeIgniter.php(361): CodeIgniter\CodeIgniter->handleRequest(null, Object(Config\Cache), false)
 9 FCPATH\index.php(79): CodeIgniter\CodeIgniter->run()
10 SYSTEMPATH\Commands\Server\rewrite.php(47): require_once('C:\\laragon\\www\\final_agrismart\\public\\index.php')
CRITICAL - 2024-04-07 15:38:17 --> ErrorException: Undefined variable $monthlyLabels
in APPPATH\Views\landing_page_inc\farmerstats.php on line 303.
 1 APPPATH\Views\landing_page_inc\farmerstats.php(303): CodeIgniter\Debug\Exceptions->errorHandler(2, 'Undefined variable $monthlyLabels', 'C:\\laragon\\www\\final_agrismart\\app\\Views\\landing_page_inc\\farmerstats.php', 303)
 2 SYSTEMPATH\View\View.php(228): include('C:\\laragon\\www\\final_agrismart\\app\\Views\\landing_page_inc\\farmerstats.php')
 3 SYSTEMPATH\View\View.php(231): CodeIgniter\View\View->CodeIgniter\View\{closure}()
 4 SYSTEMPATH\Common.php(1178): CodeIgniter\View\View->render('landing_page_inc/farmerstats', [], true)
 5 APPPATH\Controllers\LoginController.php(364): view('landing_page_inc/farmerstats', [...])
 6 SYSTEMPATH\CodeIgniter.php(941): App\Controllers\LoginController->farmerstats()
 7 SYSTEMPATH\CodeIgniter.php(502): CodeIgniter\CodeIgniter->runController(Object(App\Controllers\LoginController))
 8 SYSTEMPATH\CodeIgniter.php(361): CodeIgniter\CodeIgniter->handleRequest(null, Object(Config\Cache), false)
 9 FCPATH\index.php(79): CodeIgniter\CodeIgniter->run()
10 SYSTEMPATH\Commands\Server\rewrite.php(47): require_once('C:\\laragon\\www\\final_agrismart\\public\\index.php')
CRITICAL - 2024-04-07 15:38:18 --> ErrorException: Undefined variable $monthlyLabels
in APPPATH\Views\landing_page_inc\farmerstats.php on line 303.
 1 APPPATH\Views\landing_page_inc\farmerstats.php(303): CodeIgniter\Debug\Exceptions->errorHandler(2, 'Undefined variable $monthlyLabels', 'C:\\laragon\\www\\final_agrismart\\app\\Views\\landing_page_inc\\farmerstats.php', 303)
 2 SYSTEMPATH\View\View.php(228): include('C:\\laragon\\www\\final_agrismart\\app\\Views\\landing_page_inc\\farmerstats.php')
 3 SYSTEMPATH\View\View.php(231): CodeIgniter\View\View->CodeIgniter\View\{closure}()
 4 SYSTEMPATH\Common.php(1178): CodeIgniter\View\View->render('landing_page_inc/farmerstats', [], true)
 5 APPPATH\Controllers\LoginController.php(364): view('landing_page_inc/farmerstats', [...])
 6 SYSTEMPATH\CodeIgniter.php(941): App\Controllers\LoginController->farmerstats()
 7 SYSTEMPATH\CodeIgniter.php(502): CodeIgniter\CodeIgniter->runController(Object(App\Controllers\LoginController))
 8 SYSTEMPATH\CodeIgniter.php(361): CodeIgniter\CodeIgniter->handleRequest(null, Object(Config\Cache), false)
 9 FCPATH\index.php(79): CodeIgniter\CodeIgniter->run()
10 SYSTEMPATH\Commands\Server\rewrite.php(47): require_once('C:\\laragon\\www\\final_agrismart\\public\\index.php')
CRITICAL - 2024-04-07 15:39:04 --> ErrorException: Undefined variable $monthlyLabels
in APPPATH\Views\landing_page_inc\farmerstats.php on line 300.
 1 APPPATH\Views\landing_page_inc\farmerstats.php(300): CodeIgniter\Debug\Exceptions->errorHandler(2, 'Undefined variable $monthlyLabels', 'C:\\laragon\\www\\final_agrismart\\app\\Views\\landing_page_inc\\farmerstats.php', 300)
 2 SYSTEMPATH\View\View.php(228): include('C:\\laragon\\www\\final_agrismart\\app\\Views\\landing_page_inc\\farmerstats.php')
 3 SYSTEMPATH\View\View.php(231): CodeIgniter\View\View->CodeIgniter\View\{closure}()
 4 SYSTEMPATH\Common.php(1178): CodeIgniter\View\View->render('landing_page_inc/farmerstats', [], true)
 5 APPPATH\Controllers\LoginController.php(364): view('landing_page_inc/farmerstats', [...])
 6 SYSTEMPATH\CodeIgniter.php(941): App\Controllers\LoginController->farmerstats()
 7 SYSTEMPATH\CodeIgniter.php(502): CodeIgniter\CodeIgniter->runController(Object(App\Controllers\LoginController))
 8 SYSTEMPATH\CodeIgniter.php(361): CodeIgniter\CodeIgniter->handleRequest(null, Object(Config\Cache), false)
 9 FCPATH\index.php(79): CodeIgniter\CodeIgniter->run()
10 SYSTEMPATH\Commands\Server\rewrite.php(47): require_once('C:\\laragon\\www\\final_agrismart\\public\\index.php')
CRITICAL - 2024-04-07 15:39:05 --> ErrorException: Undefined variable $monthlyLabels
in APPPATH\Views\landing_page_inc\farmerstats.php on line 300.
 1 APPPATH\Views\landing_page_inc\farmerstats.php(300): CodeIgniter\Debug\Exceptions->errorHandler(2, 'Undefined variable $monthlyLabels', 'C:\\laragon\\www\\final_agrismart\\app\\Views\\landing_page_inc\\farmerstats.php', 300)
 2 SYSTEMPATH\View\View.php(228): include('C:\\laragon\\www\\final_agrismart\\app\\Views\\landing_page_inc\\farmerstats.php')
 3 SYSTEMPATH\View\View.php(231): CodeIgniter\View\View->CodeIgniter\View\{closure}()
 4 SYSTEMPATH\Common.php(1178): CodeIgniter\View\View->render('landing_page_inc/farmerstats', [], true)
 5 APPPATH\Controllers\LoginController.php(364): view('landing_page_inc/farmerstats', [...])
 6 SYSTEMPATH\CodeIgniter.php(941): App\Controllers\LoginController->farmerstats()
 7 SYSTEMPATH\CodeIgniter.php(502): CodeIgniter\CodeIgniter->runController(Object(App\Controllers\LoginController))
 8 SYSTEMPATH\CodeIgniter.php(361): CodeIgniter\CodeIgniter->handleRequest(null, Object(Config\Cache), false)
 9 FCPATH\index.php(79): CodeIgniter\CodeIgniter->run()
10 SYSTEMPATH\Commands\Server\rewrite.php(47): require_once('C:\\laragon\\www\\final_agrismart\\public\\index.php')
CRITICAL - 2024-04-07 15:39:05 --> ErrorException: Undefined variable $monthlyLabels
in APPPATH\Views\landing_page_inc\farmerstats.php on line 300.
 1 APPPATH\Views\landing_page_inc\farmerstats.php(300): CodeIgniter\Debug\Exceptions->errorHandler(2, 'Undefined variable $monthlyLabels', 'C:\\laragon\\www\\final_agrismart\\app\\Views\\landing_page_inc\\farmerstats.php', 300)
 2 SYSTEMPATH\View\View.php(228): include('C:\\laragon\\www\\final_agrismart\\app\\Views\\landing_page_inc\\farmerstats.php')
 3 SYSTEMPATH\View\View.php(231): CodeIgniter\View\View->CodeIgniter\View\{closure}()
 4 SYSTEMPATH\Common.php(1178): CodeIgniter\View\View->render('landing_page_inc/farmerstats', [], true)
 5 APPPATH\Controllers\LoginController.php(364): view('landing_page_inc/farmerstats', [...])
 6 SYSTEMPATH\CodeIgniter.php(941): App\Controllers\LoginController->farmerstats()
 7 SYSTEMPATH\CodeIgniter.php(502): CodeIgniter\CodeIgniter->runController(Object(App\Controllers\LoginController))
 8 SYSTEMPATH\CodeIgniter.php(361): CodeIgniter\CodeIgniter->handleRequest(null, Object(Config\Cache), false)
 9 FCPATH\index.php(79): CodeIgniter\CodeIgniter->run()
10 SYSTEMPATH\Commands\Server\rewrite.php(47): require_once('C:\\laragon\\www\\final_agrismart\\public\\index.php')
CRITICAL - 2024-04-07 15:39:06 --> ErrorException: Undefined variable $monthlyLabels
in APPPATH\Views\landing_page_inc\farmerstats.php on line 300.
 1 APPPATH\Views\landing_page_inc\farmerstats.php(300): CodeIgniter\Debug\Exceptions->errorHandler(2, 'Undefined variable $monthlyLabels', 'C:\\laragon\\www\\final_agrismart\\app\\Views\\landing_page_inc\\farmerstats.php', 300)
 2 SYSTEMPATH\View\View.php(228): include('C:\\laragon\\www\\final_agrismart\\app\\Views\\landing_page_inc\\farmerstats.php')
 3 SYSTEMPATH\View\View.php(231): CodeIgniter\View\View->CodeIgniter\View\{closure}()
 4 SYSTEMPATH\Common.php(1178): CodeIgniter\View\View->render('landing_page_inc/farmerstats', [], true)
 5 APPPATH\Controllers\LoginController.php(364): view('landing_page_inc/farmerstats', [...])
 6 SYSTEMPATH\CodeIgniter.php(941): App\Controllers\LoginController->farmerstats()
 7 SYSTEMPATH\CodeIgniter.php(502): CodeIgniter\CodeIgniter->runController(Object(App\Controllers\LoginController))
 8 SYSTEMPATH\CodeIgniter.php(361): CodeIgniter\CodeIgniter->handleRequest(null, Object(Config\Cache), false)
 9 FCPATH\index.php(79): CodeIgniter\CodeIgniter->run()
10 SYSTEMPATH\Commands\Server\rewrite.php(47): require_once('C:\\laragon\\www\\final_agrismart\\public\\index.php')
CRITICAL - 2024-04-07 15:39:06 --> ErrorException: Undefined variable $monthlyLabels
in APPPATH\Views\landing_page_inc\farmerstats.php on line 300.
 1 APPPATH\Views\landing_page_inc\farmerstats.php(300): CodeIgniter\Debug\Exceptions->errorHandler(2, 'Undefined variable $monthlyLabels', 'C:\\laragon\\www\\final_agrismart\\app\\Views\\landing_page_inc\\farmerstats.php', 300)
 2 SYSTEMPATH\View\View.php(228): include('C:\\laragon\\www\\final_agrismart\\app\\Views\\landing_page_inc\\farmerstats.php')
 3 SYSTEMPATH\View\View.php(231): CodeIgniter\View\View->CodeIgniter\View\{closure}()
 4 SYSTEMPATH\Common.php(1178): CodeIgniter\View\View->render('landing_page_inc/farmerstats', [], true)
 5 APPPATH\Controllers\LoginController.php(364): view('landing_page_inc/farmerstats', [...])
 6 SYSTEMPATH\CodeIgniter.php(941): App\Controllers\LoginController->farmerstats()
 7 SYSTEMPATH\CodeIgniter.php(502): CodeIgniter\CodeIgniter->runController(Object(App\Controllers\LoginController))
 8 SYSTEMPATH\CodeIgniter.php(361): CodeIgniter\CodeIgniter->handleRequest(null, Object(Config\Cache), false)
 9 FCPATH\index.php(79): CodeIgniter\CodeIgniter->run()
10 SYSTEMPATH\Commands\Server\rewrite.php(47): require_once('C:\\laragon\\www\\final_agrismart\\public\\index.php')
CRITICAL - 2024-04-07 15:39:06 --> ErrorException: Undefined variable $monthlyLabels
in APPPATH\Views\landing_page_inc\farmerstats.php on line 300.
 1 APPPATH\Views\landing_page_inc\farmerstats.php(300): CodeIgniter\Debug\Exceptions->errorHandler(2, 'Undefined variable $monthlyLabels', 'C:\\laragon\\www\\final_agrismart\\app\\Views\\landing_page_inc\\farmerstats.php', 300)
 2 SYSTEMPATH\View\View.php(228): include('C:\\laragon\\www\\final_agrismart\\app\\Views\\landing_page_inc\\farmerstats.php')
 3 SYSTEMPATH\View\View.php(231): CodeIgniter\View\View->CodeIgniter\View\{closure}()
 4 SYSTEMPATH\Common.php(1178): CodeIgniter\View\View->render('landing_page_inc/farmerstats', [], true)
 5 APPPATH\Controllers\LoginController.php(364): view('landing_page_inc/farmerstats', [...])
 6 SYSTEMPATH\CodeIgniter.php(941): App\Controllers\LoginController->farmerstats()
 7 SYSTEMPATH\CodeIgniter.php(502): CodeIgniter\CodeIgniter->runController(Object(App\Controllers\LoginController))
 8 SYSTEMPATH\CodeIgniter.php(361): CodeIgniter\CodeIgniter->handleRequest(null, Object(Config\Cache), false)
 9 FCPATH\index.php(79): CodeIgniter\CodeIgniter->run()
10 SYSTEMPATH\Commands\Server\rewrite.php(47): require_once('C:\\laragon\\www\\final_agrismart\\public\\index.php')
CRITICAL - 2024-04-07 15:39:07 --> ErrorException: Undefined variable $monthlyLabels
in APPPATH\Views\landing_page_inc\farmerstats.php on line 300.
 1 APPPATH\Views\landing_page_inc\farmerstats.php(300): CodeIgniter\Debug\Exceptions->errorHandler(2, 'Undefined variable $monthlyLabels', 'C:\\laragon\\www\\final_agrismart\\app\\Views\\landing_page_inc\\farmerstats.php', 300)
 2 SYSTEMPATH\View\View.php(228): include('C:\\laragon\\www\\final_agrismart\\app\\Views\\landing_page_inc\\farmerstats.php')
 3 SYSTEMPATH\View\View.php(231): CodeIgniter\View\View->CodeIgniter\View\{closure}()
 4 SYSTEMPATH\Common.php(1178): CodeIgniter\View\View->render('landing_page_inc/farmerstats', [], true)
 5 APPPATH\Controllers\LoginController.php(364): view('landing_page_inc/farmerstats', [...])
 6 SYSTEMPATH\CodeIgniter.php(941): App\Controllers\LoginController->farmerstats()
 7 SYSTEMPATH\CodeIgniter.php(502): CodeIgniter\CodeIgniter->runController(Object(App\Controllers\LoginController))
 8 SYSTEMPATH\CodeIgniter.php(361): CodeIgniter\CodeIgniter->handleRequest(null, Object(Config\Cache), false)
 9 FCPATH\index.php(79): CodeIgniter\CodeIgniter->run()
10 SYSTEMPATH\Commands\Server\rewrite.php(47): require_once('C:\\laragon\\www\\final_agrismart\\public\\index.php')
CRITICAL - 2024-04-07 15:39:07 --> ErrorException: Undefined variable $monthlyLabels
in APPPATH\Views\landing_page_inc\farmerstats.php on line 300.
 1 APPPATH\Views\landing_page_inc\farmerstats.php(300): CodeIgniter\Debug\Exceptions->errorHandler(2, 'Undefined variable $monthlyLabels', 'C:\\laragon\\www\\final_agrismart\\app\\Views\\landing_page_inc\\farmerstats.php', 300)
 2 SYSTEMPATH\View\View.php(228): include('C:\\laragon\\www\\final_agrismart\\app\\Views\\landing_page_inc\\farmerstats.php')
 3 SYSTEMPATH\View\View.php(231): CodeIgniter\View\View->CodeIgniter\View\{closure}()
 4 SYSTEMPATH\Common.php(1178): CodeIgniter\View\View->render('landing_page_inc/farmerstats', [], true)
 5 APPPATH\Controllers\LoginController.php(364): view('landing_page_inc/farmerstats', [...])
 6 SYSTEMPATH\CodeIgniter.php(941): App\Controllers\LoginController->farmerstats()
 7 SYSTEMPATH\CodeIgniter.php(502): CodeIgniter\CodeIgniter->runController(Object(App\Controllers\LoginController))
 8 SYSTEMPATH\CodeIgniter.php(361): CodeIgniter\CodeIgniter->handleRequest(null, Object(Config\Cache), false)
 9 FCPATH\index.php(79): CodeIgniter\CodeIgniter->run()
10 SYSTEMPATH\Commands\Server\rewrite.php(47): require_once('C:\\laragon\\www\\final_agrismart\\public\\index.php')
CRITICAL - 2024-04-07 15:39:07 --> ErrorException: Undefined variable $monthlyLabels
in APPPATH\Views\landing_page_inc\farmerstats.php on line 300.
 1 APPPATH\Views\landing_page_inc\farmerstats.php(300): CodeIgniter\Debug\Exceptions->errorHandler(2, 'Undefined variable $monthlyLabels', 'C:\\laragon\\www\\final_agrismart\\app\\Views\\landing_page_inc\\farmerstats.php', 300)
 2 SYSTEMPATH\View\View.php(228): include('C:\\laragon\\www\\final_agrismart\\app\\Views\\landing_page_inc\\farmerstats.php')
 3 SYSTEMPATH\View\View.php(231): CodeIgniter\View\View->CodeIgniter\View\{closure}()
 4 SYSTEMPATH\Common.php(1178): CodeIgniter\View\View->render('landing_page_inc/farmerstats', [], true)
 5 APPPATH\Controllers\LoginController.php(364): view('landing_page_inc/farmerstats', [...])
 6 SYSTEMPATH\CodeIgniter.php(941): App\Controllers\LoginController->farmerstats()
 7 SYSTEMPATH\CodeIgniter.php(502): CodeIgniter\CodeIgniter->runController(Object(App\Controllers\LoginController))
 8 SYSTEMPATH\CodeIgniter.php(361): CodeIgniter\CodeIgniter->handleRequest(null, Object(Config\Cache), false)
 9 FCPATH\index.php(79): CodeIgniter\CodeIgniter->run()
10 SYSTEMPATH\Commands\Server\rewrite.php(47): require_once('C:\\laragon\\www\\final_agrismart\\public\\index.php')
CRITICAL - 2024-04-07 15:44:44 --> ErrorException: Undefined variable $monthlyLabels
in APPPATH\Views\landing_page_inc\farmerstats.php on line 300.
 1 APPPATH\Views\landing_page_inc\farmerstats.php(300): CodeIgniter\Debug\Exceptions->errorHandler(2, 'Undefined variable $monthlyLabels', 'C:\\laragon\\www\\final_agrismart\\app\\Views\\landing_page_inc\\farmerstats.php', 300)
 2 SYSTEMPATH\View\View.php(228): include('C:\\laragon\\www\\final_agrismart\\app\\Views\\landing_page_inc\\farmerstats.php')
 3 SYSTEMPATH\View\View.php(231): CodeIgniter\View\View->CodeIgniter\View\{closure}()
 4 SYSTEMPATH\Common.php(1178): CodeIgniter\View\View->render('landing_page_inc/farmerstats', [], true)
 5 APPPATH\Controllers\LoginController.php(388): view('landing_page_inc/farmerstats', [...])
 6 SYSTEMPATH\CodeIgniter.php(941): App\Controllers\LoginController->searchFarmerProfiles()
 7 SYSTEMPATH\CodeIgniter.php(502): CodeIgniter\CodeIgniter->runController(Object(App\Controllers\LoginController))
 8 SYSTEMPATH\CodeIgniter.php(361): CodeIgniter\CodeIgniter->handleRequest(null, Object(Config\Cache), false)
 9 FCPATH\index.php(79): CodeIgniter\CodeIgniter->run()
10 SYSTEMPATH\Commands\Server\rewrite.php(47): require_once('C:\\laragon\\www\\final_agrismart\\public\\index.php')
CRITICAL - 2024-04-07 15:45:28 --> ErrorException: Undefined variable $monthlyLabels
in APPPATH\Views\landing_page_inc\farmerstats.php on line 300.
 1 APPPATH\Views\landing_page_inc\farmerstats.php(300): CodeIgniter\Debug\Exceptions->errorHandler(2, 'Undefined variable $monthlyLabels', 'C:\\laragon\\www\\final_agrismart\\app\\Views\\landing_page_inc\\farmerstats.php', 300)
 2 SYSTEMPATH\View\View.php(228): include('C:\\laragon\\www\\final_agrismart\\app\\Views\\landing_page_inc\\farmerstats.php')
 3 SYSTEMPATH\View\View.php(231): CodeIgniter\View\View->CodeIgniter\View\{closure}()
 4 SYSTEMPATH\Common.php(1178): CodeIgniter\View\View->render('landing_page_inc/farmerstats', [], true)
 5 APPPATH\Controllers\LoginController.php(388): view('landing_page_inc/farmerstats', [...])
 6 SYSTEMPATH\CodeIgniter.php(941): App\Controllers\LoginController->searchFarmerProfiles()
 7 SYSTEMPATH\CodeIgniter.php(502): CodeIgniter\CodeIgniter->runController(Object(App\Controllers\LoginController))
 8 SYSTEMPATH\CodeIgniter.php(361): CodeIgniter\CodeIgniter->handleRequest(null, Object(Config\Cache), false)
 9 FCPATH\index.php(79): CodeIgniter\CodeIgniter->run()
10 SYSTEMPATH\Commands\Server\rewrite.php(47): require_once('C:\\laragon\\www\\final_agrismart\\public\\index.php')
